<?xml version="1.0" encoding="UTF-8"?>
<testsuite name="com.company.repository.UserRepositoryTests" tests="6" skipped="0" failures="0" errors="0" timestamp="2017-06-03T20:35:14" hostname="DESKTOP-CD5HDT7" time="1.004">
  <properties/>
  <testcase name="testFindUserNoUser" classname="com.company.repository.UserRepositoryTests" time="0.445"/>
  <testcase name="testGetSubmittedPapers" classname="com.company.repository.UserRepositoryTests" time="0.12"/>
  <testcase name="testUserExistsFalse" classname="com.company.repository.UserRepositoryTests" time="0.046"/>
  <testcase name="testUserExistsTrue" classname="com.company.repository.UserRepositoryTests" time="0.183"/>
  <testcase name="testFindUser" classname="com.company.repository.UserRepositoryTests" time="0.065"/>
  <testcase name="testGetBidsOfPaper" classname="com.company.repository.UserRepositoryTests" time="0.14"/>
  <system-out><![CDATA[23:35:05.662 [Test worker] DEBUG org.springframework.test.context.junit4.SpringJUnit4ClassRunner - SpringJUnit4ClassRunner constructor called with [class com.company.repository.UserRepositoryTests]
23:35:05.668 [Test worker] DEBUG org.springframework.test.context.BootstrapUtils - Instantiating CacheAwareContextLoaderDelegate from class [org.springframework.test.context.cache.DefaultCacheAwareContextLoaderDelegate]
23:35:05.674 [Test worker] DEBUG org.springframework.test.context.BootstrapUtils - Instantiating BootstrapContext using constructor [public org.springframework.test.context.support.DefaultBootstrapContext(java.lang.Class,org.springframework.test.context.CacheAwareContextLoaderDelegate)]
23:35:05.692 [Test worker] DEBUG org.springframework.test.context.BootstrapUtils - Instantiating TestContextBootstrapper for test class [com.company.repository.UserRepositoryTests] from class [org.springframework.boot.test.context.SpringBootTestContextBootstrapper]
23:35:05.703 [Test worker] INFO org.springframework.boot.test.context.SpringBootTestContextBootstrapper - Neither @ContextConfiguration nor @ContextHierarchy found for test class [com.company.repository.UserRepositoryTests], using SpringBootContextLoader
23:35:05.706 [Test worker] DEBUG org.springframework.test.context.support.AbstractContextLoader - Did not detect default resource location for test class [com.company.repository.UserRepositoryTests]: class path resource [com/company/repository/UserRepositoryTests-context.xml] does not exist
23:35:05.706 [Test worker] DEBUG org.springframework.test.context.support.AbstractContextLoader - Did not detect default resource location for test class [com.company.repository.UserRepositoryTests]: class path resource [com/company/repository/UserRepositoryTestsContext.groovy] does not exist
23:35:05.707 [Test worker] INFO org.springframework.test.context.support.AbstractContextLoader - Could not detect default resource locations for test class [com.company.repository.UserRepositoryTests]: no resource found for suffixes {-context.xml, Context.groovy}.
23:35:05.725 [Test worker] DEBUG org.springframework.test.context.support.ActiveProfilesUtils - Could not find an 'annotation declaring class' for annotation type [org.springframework.test.context.ActiveProfiles] and class [com.company.repository.UserRepositoryTests]
23:35:05.756 [Test worker] INFO org.springframework.boot.test.context.SpringBootTestContextBootstrapper - Using TestExecutionListeners: [org.springframework.test.context.support.DependencyInjectionTestExecutionListener@1752286e, org.springframework.test.context.support.DirtiesContextTestExecutionListener@5a395cc2, org.springframework.test.context.transaction.TransactionalTestExecutionListener@470c5533, com.github.springtestdbunit.DbUnitTestExecutionListener@28a1518a]
23:35:05.758 [Test worker] DEBUG org.springframework.test.annotation.ProfileValueUtils - Retrieved @ProfileValueSourceConfiguration [null] for test class [com.company.repository.UserRepositoryTests]
23:35:05.758 [Test worker] DEBUG org.springframework.test.annotation.ProfileValueUtils - Retrieved ProfileValueSource type [class org.springframework.test.annotation.SystemProfileValueSource] for class [com.company.repository.UserRepositoryTests]
23:35:05.759 [Test worker] DEBUG org.springframework.test.annotation.ProfileValueUtils - Retrieved @ProfileValueSourceConfiguration [null] for test class [com.company.repository.UserRepositoryTests]
23:35:05.759 [Test worker] DEBUG org.springframework.test.annotation.ProfileValueUtils - Retrieved ProfileValueSource type [class org.springframework.test.annotation.SystemProfileValueSource] for class [com.company.repository.UserRepositoryTests]
23:35:05.761 [Test worker] DEBUG org.springframework.test.annotation.ProfileValueUtils - Retrieved @ProfileValueSourceConfiguration [null] for test class [com.company.repository.UserRepositoryTests]
23:35:05.761 [Test worker] DEBUG org.springframework.test.annotation.ProfileValueUtils - Retrieved ProfileValueSource type [class org.springframework.test.annotation.SystemProfileValueSource] for class [com.company.repository.UserRepositoryTests]
23:35:05.764 [Test worker] DEBUG org.springframework.test.context.support.DependencyInjectionTestExecutionListener - Performing dependency injection for test context [[DefaultTestContext@2c4f3a68 testClass = UserRepositoryTests, testInstance = com.company.repository.UserRepositoryTests@658dbb15, testMethod = [null], testException = [null], mergedContextConfiguration = [WebMergedContextConfiguration@1c089640 testClass = UserRepositoryTests, locations = '{}', classes = '{class com.company.Application, class com.company.Application}', contextInitializerClasses = '[]', activeProfiles = '{}', propertySourceLocations = '{}', propertySourceProperties = '{org.springframework.boot.test.context.SpringBootTestContextBootstrapper=true, server.port=0}', contextCustomizers = set[org.springframework.boot.test.context.SpringBootTestContextCustomizer@18ed0ee3, org.springframework.boot.test.context.filter.ExcludeFilterContextCustomizer@5be10069, org.springframework.boot.test.mock.mockito.MockitoContextCustomizer@0], resourceBasePath = 'src/main/webapp', contextLoader = 'org.springframework.boot.test.context.SpringBootContextLoader', parent = [null]]]].
23:35:05.834 [Test worker] DEBUG org.springframework.core.env.StandardEnvironment - Adding [systemProperties] PropertySource with lowest search precedence
23:35:05.834 [Test worker] DEBUG org.springframework.core.env.StandardEnvironment - Adding [systemEnvironment] PropertySource with lowest search precedence
23:35:05.835 [Test worker] DEBUG org.springframework.core.env.StandardEnvironment - Initialized StandardEnvironment with PropertySources [systemProperties,systemEnvironment]
23:35:05.837 [Test worker] DEBUG org.springframework.test.context.support.TestPropertySourceUtils - Adding inlined properties to environment: {spring.jmx.enabled=false, org.springframework.boot.test.context.SpringBootTestContextBootstrapper=true, server.port=0}
23:35:05.838 [Test worker] DEBUG org.springframework.core.env.StandardEnvironment - Adding [Inlined Test Properties] PropertySource with highest search precedence

  .   ____          _            __ _ _
 /\\ / ___'_ __ _ _(_)_ __  __ _ \ \ \ \
( ( )\___ | '_ | '_| | '_ \/ _` | \ \ \ \
 \\/  ___)| |_)| | | | | || (_| |  ) ) ) )
  '  |____| .__|_| |_|_| |_\__, | / / / /
 =========|_|==============|___/=/_/_/_/
 :: Spring Boot ::        (v1.5.3.RELEASE)

2017-06-03 23:35:06.128  INFO 3896 --- [    Test worker] c.c.repository.UserRepositoryTests       : Starting UserRepositoryTests on DESKTOP-CD5HDT7 with PID 3896 (started by AlexandruD in D:\Projects\iss\software-engineering-223-1\backend-project\conference-management)
2017-06-03 23:35:06.128  INFO 3896 --- [    Test worker] c.c.repository.UserRepositoryTests       : The following profiles are active: dev
2017-06-03 23:35:06.154  INFO 3896 --- [    Test worker] ationConfigEmbeddedWebApplicationContext : Refreshing org.springframework.boot.context.embedded.AnnotationConfigEmbeddedWebApplicationContext@3f2a972e: startup date [Sat Jun 03 23:35:06 EEST 2017]; root of context hierarchy
2017-06-03 23:35:08.094  INFO 3896 --- [    Test worker] s.b.c.e.t.TomcatEmbeddedServletContainer : Tomcat initialized with port(s): 0 (http)
2017-06-03 23:35:08.110  INFO 3896 --- [    Test worker] o.apache.catalina.core.StandardService   : Starting service Tomcat
2017-06-03 23:35:08.112  INFO 3896 --- [    Test worker] org.apache.catalina.core.StandardEngine  : Starting Servlet Engine: Apache Tomcat/8.5.14
2017-06-03 23:35:08.269  INFO 3896 --- [ost-startStop-1] o.a.c.c.C.[Tomcat].[localhost].[/]       : Initializing Spring embedded WebApplicationContext
2017-06-03 23:35:08.270  INFO 3896 --- [ost-startStop-1] o.s.web.context.ContextLoader            : Root WebApplicationContext: initialization completed in 2118 ms
2017-06-03 23:35:08.471  INFO 3896 --- [ost-startStop-1] o.s.b.w.servlet.ServletRegistrationBean  : Mapping servlet: 'dispatcherServlet' to [/]
2017-06-03 23:35:08.479  INFO 3896 --- [ost-startStop-1] o.s.b.w.servlet.FilterRegistrationBean   : Mapping filter: 'characterEncodingFilter' to: [/*]
2017-06-03 23:35:08.479  INFO 3896 --- [ost-startStop-1] o.s.b.w.servlet.FilterRegistrationBean   : Mapping filter: 'hiddenHttpMethodFilter' to: [/*]
2017-06-03 23:35:08.480  INFO 3896 --- [ost-startStop-1] o.s.b.w.servlet.FilterRegistrationBean   : Mapping filter: 'httpPutFormContentFilter' to: [/*]
2017-06-03 23:35:08.480  INFO 3896 --- [ost-startStop-1] o.s.b.w.servlet.FilterRegistrationBean   : Mapping filter: 'requestContextFilter' to: [/*]
2017-06-03 23:35:08.556  INFO 3896 --- [    Test worker] com.zaxxer.hikari.HikariDataSource       : HikariPool-1 - Starting...
2017-06-03 23:35:08.899  INFO 3896 --- [    Test worker] com.zaxxer.hikari.HikariDataSource       : HikariPool-1 - Start completed.
2017-06-03 23:35:08.995  INFO 3896 --- [    Test worker] j.LocalContainerEntityManagerFactoryBean : Building JPA container EntityManagerFactory for persistence unit 'default'
2017-06-03 23:35:09.015  INFO 3896 --- [    Test worker] o.hibernate.jpa.internal.util.LogHelper  : HHH000204: Processing PersistenceUnitInfo [
	name: default
	...]
2017-06-03 23:35:09.116  INFO 3896 --- [    Test worker] org.hibernate.Version                    : HHH000412: Hibernate Core {5.2.10.Final}
2017-06-03 23:35:09.118  INFO 3896 --- [    Test worker] org.hibernate.cfg.Environment            : HHH000206: hibernate.properties not found
2017-06-03 23:35:09.178  INFO 3896 --- [    Test worker] o.hibernate.annotations.common.Version   : HCANN000001: Hibernate Commons Annotations {5.0.1.Final}
2017-06-03 23:35:09.351  INFO 3896 --- [    Test worker] org.hibernate.dialect.Dialect            : HHH000400: Using dialect: org.hibernate.dialect.SQLServerDialect
2017-06-03 23:35:12.946  INFO 3896 --- [    Test worker] j.LocalContainerEntityManagerFactoryBean : Initialized JPA EntityManagerFactory for persistence unit 'default'
2017-06-03 23:35:13.508  INFO 3896 --- [    Test worker] o.h.h.i.QueryTranslatorFactoryInitiator  : HHH000397: Using ASTQueryTranslatorFactory
2017-06-03 23:35:14.083  INFO 3896 --- [    Test worker] s.w.s.m.m.a.RequestMappingHandlerAdapter : Looking for @ControllerAdvice: org.springframework.boot.context.embedded.AnnotationConfigEmbeddedWebApplicationContext@3f2a972e: startup date [Sat Jun 03 23:35:06 EEST 2017]; root of context hierarchy
2017-06-03 23:35:14.182  INFO 3896 --- [    Test worker] s.w.s.m.m.a.RequestMappingHandlerMapping : Mapped "{[/users/{username}],methods=[POST]}" onto public void com.company.controller.UserController.updateUser(java.lang.String,com.company.domain.AppUser)
2017-06-03 23:35:14.184  INFO 3896 --- [    Test worker] s.w.s.m.m.a.RequestMappingHandlerMapping : Mapped "{[/users],methods=[GET]}" onto public java.lang.Iterable<com.company.domain.AppUser> com.company.controller.UserController.getUsers()
2017-06-03 23:35:14.187  INFO 3896 --- [    Test worker] s.w.s.m.m.a.RequestMappingHandlerMapping : Mapped "{[/error]}" onto public org.springframework.http.ResponseEntity<java.util.Map<java.lang.String, java.lang.Object>> org.springframework.boot.autoconfigure.web.BasicErrorController.error(javax.servlet.http.HttpServletRequest)
2017-06-03 23:35:14.188  INFO 3896 --- [    Test worker] s.w.s.m.m.a.RequestMappingHandlerMapping : Mapped "{[/error],produces=[text/html]}" onto public org.springframework.web.servlet.ModelAndView org.springframework.boot.autoconfigure.web.BasicErrorController.errorHtml(javax.servlet.http.HttpServletRequest,javax.servlet.http.HttpServletResponse)
2017-06-03 23:35:14.231  INFO 3896 --- [    Test worker] o.s.w.s.handler.SimpleUrlHandlerMapping  : Mapped URL path [/webjars/**] onto handler of type [class org.springframework.web.servlet.resource.ResourceHttpRequestHandler]
2017-06-03 23:35:14.231  INFO 3896 --- [    Test worker] o.s.w.s.handler.SimpleUrlHandlerMapping  : Mapped URL path [/**] onto handler of type [class org.springframework.web.servlet.resource.ResourceHttpRequestHandler]
2017-06-03 23:35:14.307  INFO 3896 --- [    Test worker] o.s.w.s.handler.SimpleUrlHandlerMapping  : Mapped URL path [/**/favicon.ico] onto handler of type [class org.springframework.web.servlet.resource.ResourceHttpRequestHandler]
2017-06-03 23:35:14.646  INFO 3896 --- [    Test worker] s.b.c.e.t.TomcatEmbeddedServletContainer : Tomcat started on port(s): 9284 (http)
2017-06-03 23:35:14.652  INFO 3896 --- [    Test worker] c.c.repository.UserRepositoryTests       : Started UserRepositoryTests in 8.812 seconds (JVM running for 9.538)
2017-06-03 23:35:14.959  WARN 3896 --- [    Test worker] o.dbunit.dataset.AbstractTableMetaData   : Potential problem found: The configured data type factory 'class org.dbunit.dataset.datatype.DefaultDataTypeFactory' might cause problems with the current database 'Microsoft SQL Server' (e.g. some datatypes may not be supported properly). In rare cases you might see this message because the list of supported database products is incomplete (list=[derby]). If so please request a java-class update via the forums.If you are using your own IDataTypeFactory extending DefaultDataTypeFactory, ensure that you override getValidDbProducts() to specify the supported database products.
2017-06-03 23:35:15.023  WARN 3896 --- [    Test worker] o.dbunit.dataset.AbstractTableMetaData   : Potential problem found: The configured data type factory 'class org.dbunit.dataset.datatype.DefaultDataTypeFactory' might cause problems with the current database 'Microsoft SQL Server' (e.g. some datatypes may not be supported properly). In rare cases you might see this message because the list of supported database products is incomplete (list=[derby]). If so please request a java-class update via the forums.If you are using your own IDataTypeFactory extending DefaultDataTypeFactory, ensure that you override getValidDbProducts() to specify the supported database products.
2017-06-03 23:35:15.030  WARN 3896 --- [    Test worker] o.dbunit.dataset.AbstractTableMetaData   : Potential problem found: The configured data type factory 'class org.dbunit.dataset.datatype.DefaultDataTypeFactory' might cause problems with the current database 'Microsoft SQL Server' (e.g. some datatypes may not be supported properly). In rare cases you might see this message because the list of supported database products is incomplete (list=[derby]). If so please request a java-class update via the forums.If you are using your own IDataTypeFactory extending DefaultDataTypeFactory, ensure that you override getValidDbProducts() to specify the supported database products.
2017-06-03 23:35:15.037  WARN 3896 --- [    Test worker] o.dbunit.dataset.AbstractTableMetaData   : Potential problem found: The configured data type factory 'class org.dbunit.dataset.datatype.DefaultDataTypeFactory' might cause problems with the current database 'Microsoft SQL Server' (e.g. some datatypes may not be supported properly). In rare cases you might see this message because the list of supported database products is incomplete (list=[derby]). If so please request a java-class update via the forums.If you are using your own IDataTypeFactory extending DefaultDataTypeFactory, ensure that you override getValidDbProducts() to specify the supported database products.
2017-06-03 23:35:15.097 DEBUG 3896 --- [    Test worker] org.hibernate.SQL                        : 
    select
        appuser0_.id as id1_0_,
        appuser0_.affiliation as affiliat2_0_,
        appuser0_.email as email3_0_,
        appuser0_.isCometeeMember as isComete4_0_,
        appuser0_.isSuperUser as isSuperU5_0_,
        appuser0_.name as name6_0_,
        appuser0_.password as password7_0_,
        appuser0_.username as username8_0_,
        appuser0_.webpage as webpage9_0_ 
    from
        AppUser appuser0_ 
    where
        appuser0_.username=?
2017-06-03 23:35:15.102 TRACE 3896 --- [    Test worker] o.h.type.descriptor.sql.BasicBinder      : binding parameter [1] as [VARCHAR] - [RANDOM]
2017-06-03 23:35:15.158  WARN 3896 --- [    Test worker] o.dbunit.dataset.AbstractTableMetaData   : Potential problem found: The configured data type factory 'class org.dbunit.dataset.datatype.DefaultDataTypeFactory' might cause problems with the current database 'Microsoft SQL Server' (e.g. some datatypes may not be supported properly). In rare cases you might see this message because the list of supported database products is incomplete (list=[derby]). If so please request a java-class update via the forums.If you are using your own IDataTypeFactory extending DefaultDataTypeFactory, ensure that you override getValidDbProducts() to specify the supported database products.
2017-06-03 23:35:15.163  WARN 3896 --- [    Test worker] o.dbunit.dataset.AbstractTableMetaData   : Potential problem found: The configured data type factory 'class org.dbunit.dataset.datatype.DefaultDataTypeFactory' might cause problems with the current database 'Microsoft SQL Server' (e.g. some datatypes may not be supported properly). In rare cases you might see this message because the list of supported database products is incomplete (list=[derby]). If so please request a java-class update via the forums.If you are using your own IDataTypeFactory extending DefaultDataTypeFactory, ensure that you override getValidDbProducts() to specify the supported database products.
2017-06-03 23:35:15.167  WARN 3896 --- [    Test worker] o.dbunit.dataset.AbstractTableMetaData   : Potential problem found: The configured data type factory 'class org.dbunit.dataset.datatype.DefaultDataTypeFactory' might cause problems with the current database 'Microsoft SQL Server' (e.g. some datatypes may not be supported properly). In rare cases you might see this message because the list of supported database products is incomplete (list=[derby]). If so please request a java-class update via the forums.If you are using your own IDataTypeFactory extending DefaultDataTypeFactory, ensure that you override getValidDbProducts() to specify the supported database products.
2017-06-03 23:35:15.172  WARN 3896 --- [    Test worker] o.dbunit.dataset.AbstractTableMetaData   : Potential problem found: The configured data type factory 'class org.dbunit.dataset.datatype.DefaultDataTypeFactory' might cause problems with the current database 'Microsoft SQL Server' (e.g. some datatypes may not be supported properly). In rare cases you might see this message because the list of supported database products is incomplete (list=[derby]). If so please request a java-class update via the forums.If you are using your own IDataTypeFactory extending DefaultDataTypeFactory, ensure that you override getValidDbProducts() to specify the supported database products.
2017-06-03 23:35:15.192 DEBUG 3896 --- [    Test worker] org.hibernate.SQL                        : 
    select
        paper2_.id as id1_5_,
        paper2_.nume as nume2_5_,
        paper2_.status as status3_5_ 
    from
        AppUser appuser0_ 
    inner join
        SubmittedPapers submittedp1_ 
            on appuser0_.id=submittedp1_.authors_id 
    inner join
        Paper paper2_ 
            on submittedp1_.submittedPapers_id=paper2_.id 
    where
        appuser0_.username=?
2017-06-03 23:35:15.193 TRACE 3896 --- [    Test worker] o.h.type.descriptor.sql.BasicBinder      : binding parameter [1] as [VARCHAR] - [Alex-D-TC]
2017-06-03 23:35:15.212 DEBUG 3896 --- [    Test worker] org.hibernate.SQL                        : 
    select
        uploadedfi0_.id as id1_11_8_,
        uploadedfi0_.dateUploaded as dateUplo2_11_8_,
        uploadedfi0_.filePath as filePath3_11_8_,
        uploadedfi0_.nume as nume4_11_8_,
        uploadedfi0_.PaperID_Abstract as PaperID_5_11_8_,
        uploadedfi0_.PaperID_FullPaper as PaperID_6_11_8_,
        uploadedfi0_.PaperID_Presentation as PaperID_7_11_8_,
        paper1_.id as id1_5_0_,
        paper1_.nume as nume2_5_0_,
        paper1_.status as status3_5_0_,
        uploadedfi2_.id as id1_11_1_,
        uploadedfi2_.dateUploaded as dateUplo2_11_1_,
        uploadedfi2_.filePath as filePath3_11_1_,
        uploadedfi2_.nume as nume4_11_1_,
        uploadedfi2_.PaperID_Abstract as PaperID_5_11_1_,
        uploadedfi2_.PaperID_FullPaper as PaperID_6_11_1_,
        uploadedfi2_.PaperID_Presentation as PaperID_7_11_1_,
        paper3_.id as id1_5_2_,
        paper3_.nume as nume2_5_2_,
        paper3_.status as status3_5_2_,
        sessionsch4_.id as id1_9_3_,
        sessionsch4_.PaperID as PaperID3_9_3_,
        sessionsch4_.presentationTime as presenta2_9_3_,
        sessionsch4_.sesionID as sesionID4_9_3_,
        sessionsch4_.speakerID as speakerI5_9_3_,
        session5_.id as id1_8_4_,
        session5_.conf_ID as conf_ID3_8_4_,
        session5_.name as name2_8_4_,
        session5_.sessionChairID as sessionC4_8_4_,
        conference6_.conf_id as conf_id1_3_5_,
        conference6_.biddingDeadline as biddingD2_3_5_,
        conference6_.callForAbstractDeadline as callForA3_3_5_,
        conference6_.callForProposalsDeadline as callForP4_3_5_,
        conference6_.eventEndDate as eventEnd5_3_5_,
        conference6_.eventStartDate as eventSta6_3_5_,
        conference6_.name as name7_3_5_,
        appuser7_.id as id1_0_6_,
        appuser7_.affiliation as affiliat2_0_6_,
        appuser7_.email as email3_0_6_,
        appuser7_.isCometeeMember as isComete4_0_6_,
        appuser7_.isSuperUser as isSuperU5_0_6_,
        appuser7_.name as name6_0_6_,
        appuser7_.password as password7_0_6_,
        appuser7_.username as username8_0_6_,
        appuser7_.webpage as webpage9_0_6_,
        appuser8_.id as id1_0_7_,
        appuser8_.affiliation as affiliat2_0_7_,
        appuser8_.email as email3_0_7_,
        appuser8_.isCometeeMember as isComete4_0_7_,
        appuser8_.isSuperUser as isSuperU5_0_7_,
        appuser8_.name as name6_0_7_,
        appuser8_.password as password7_0_7_,
        appuser8_.username as username8_0_7_,
        appuser8_.webpage as webpage9_0_7_ 
    from
        UploadedFile uploadedfi0_ 
    left outer join
        Paper paper1_ 
            on uploadedfi0_.PaperID_Abstract=paper1_.id 
    left outer join
        UploadedFile uploadedfi2_ 
            on paper1_.id=uploadedfi2_.PaperID_Presentation 
    left outer join
        Paper paper3_ 
            on uploadedfi2_.PaperID_FullPaper=paper3_.id 
    left outer join
        SessionSchedule sessionsch4_ 
            on paper3_.id=sessionsch4_.PaperID 
    left outer join
        Sesion session5_ 
            on sessionsch4_.sesionID=session5_.id 
    left outer join
        Conference conference6_ 
            on session5_.conf_ID=conference6_.conf_id 
    left outer join
        AppUser appuser7_ 
            on session5_.sessionChairID=appuser7_.id 
    left outer join
        AppUser appuser8_ 
            on sessionsch4_.speakerID=appuser8_.id 
    where
        uploadedfi0_.PaperID_Presentation=?
2017-06-03 23:35:15.214 TRACE 3896 --- [    Test worker] o.h.type.descriptor.sql.BasicBinder      : binding parameter [1] as [INTEGER] - [1]
2017-06-03 23:35:15.223 DEBUG 3896 --- [    Test worker] org.hibernate.SQL                        : 
    select
        sessionsch0_.id as id1_9_8_,
        sessionsch0_.PaperID as PaperID3_9_8_,
        sessionsch0_.presentationTime as presenta2_9_8_,
        sessionsch0_.sesionID as sesionID4_9_8_,
        sessionsch0_.speakerID as speakerI5_9_8_,
        paper1_.id as id1_5_0_,
        paper1_.nume as nume2_5_0_,
        paper1_.status as status3_5_0_,
        uploadedfi2_.id as id1_11_1_,
        uploadedfi2_.dateUploaded as dateUplo2_11_1_,
        uploadedfi2_.filePath as filePath3_11_1_,
        uploadedfi2_.nume as nume4_11_1_,
        uploadedfi2_.PaperID_Abstract as PaperID_5_11_1_,
        uploadedfi2_.PaperID_FullPaper as PaperID_6_11_1_,
        uploadedfi2_.PaperID_Presentation as PaperID_7_11_1_,
        paper3_.id as id1_5_2_,
        paper3_.nume as nume2_5_2_,
        paper3_.status as status3_5_2_,
        paper4_.id as id1_5_3_,
        paper4_.nume as nume2_5_3_,
        paper4_.status as status3_5_3_,
        session5_.id as id1_8_4_,
        session5_.conf_ID as conf_ID3_8_4_,
        session5_.name as name2_8_4_,
        session5_.sessionChairID as sessionC4_8_4_,
        conference6_.conf_id as conf_id1_3_5_,
        conference6_.biddingDeadline as biddingD2_3_5_,
        conference6_.callForAbstractDeadline as callForA3_3_5_,
        conference6_.callForProposalsDeadline as callForP4_3_5_,
        conference6_.eventEndDate as eventEnd5_3_5_,
        conference6_.eventStartDate as eventSta6_3_5_,
        conference6_.name as name7_3_5_,
        appuser7_.id as id1_0_6_,
        appuser7_.affiliation as affiliat2_0_6_,
        appuser7_.email as email3_0_6_,
        appuser7_.isCometeeMember as isComete4_0_6_,
        appuser7_.isSuperUser as isSuperU5_0_6_,
        appuser7_.name as name6_0_6_,
        appuser7_.password as password7_0_6_,
        appuser7_.username as username8_0_6_,
        appuser7_.webpage as webpage9_0_6_,
        appuser8_.id as id1_0_7_,
        appuser8_.affiliation as affiliat2_0_7_,
        appuser8_.email as email3_0_7_,
        appuser8_.isCometeeMember as isComete4_0_7_,
        appuser8_.isSuperUser as isSuperU5_0_7_,
        appuser8_.name as name6_0_7_,
        appuser8_.password as password7_0_7_,
        appuser8_.username as username8_0_7_,
        appuser8_.webpage as webpage9_0_7_ 
    from
        SessionSchedule sessionsch0_ 
    left outer join
        Paper paper1_ 
            on sessionsch0_.PaperID=paper1_.id 
    left outer join
        UploadedFile uploadedfi2_ 
            on paper1_.id=uploadedfi2_.PaperID_Presentation 
    left outer join
        Paper paper3_ 
            on uploadedfi2_.PaperID_Abstract=paper3_.id 
    left outer join
        Paper paper4_ 
            on uploadedfi2_.PaperID_FullPaper=paper4_.id 
    inner join
        Sesion session5_ 
            on sessionsch0_.sesionID=session5_.id 
    left outer join
        Conference conference6_ 
            on session5_.conf_ID=conference6_.conf_id 
    left outer join
        AppUser appuser7_ 
            on session5_.sessionChairID=appuser7_.id 
    inner join
        AppUser appuser8_ 
            on sessionsch0_.speakerID=appuser8_.id 
    where
        sessionsch0_.PaperID=?
2017-06-03 23:35:15.225 TRACE 3896 --- [    Test worker] o.h.type.descriptor.sql.BasicBinder      : binding parameter [1] as [INTEGER] - [1]
2017-06-03 23:35:15.236 DEBUG 3896 --- [    Test worker] org.hibernate.SQL                        : 
    select
        uploadedfi0_.id as id1_11_8_,
        uploadedfi0_.dateUploaded as dateUplo2_11_8_,
        uploadedfi0_.filePath as filePath3_11_8_,
        uploadedfi0_.nume as nume4_11_8_,
        uploadedfi0_.PaperID_Abstract as PaperID_5_11_8_,
        uploadedfi0_.PaperID_FullPaper as PaperID_6_11_8_,
        uploadedfi0_.PaperID_Presentation as PaperID_7_11_8_,
        paper1_.id as id1_5_0_,
        paper1_.nume as nume2_5_0_,
        paper1_.status as status3_5_0_,
        uploadedfi2_.id as id1_11_1_,
        uploadedfi2_.dateUploaded as dateUplo2_11_1_,
        uploadedfi2_.filePath as filePath3_11_1_,
        uploadedfi2_.nume as nume4_11_1_,
        uploadedfi2_.PaperID_Abstract as PaperID_5_11_1_,
        uploadedfi2_.PaperID_FullPaper as PaperID_6_11_1_,
        uploadedfi2_.PaperID_Presentation as PaperID_7_11_1_,
        paper3_.id as id1_5_2_,
        paper3_.nume as nume2_5_2_,
        paper3_.status as status3_5_2_,
        sessionsch4_.id as id1_9_3_,
        sessionsch4_.PaperID as PaperID3_9_3_,
        sessionsch4_.presentationTime as presenta2_9_3_,
        sessionsch4_.sesionID as sesionID4_9_3_,
        sessionsch4_.speakerID as speakerI5_9_3_,
        session5_.id as id1_8_4_,
        session5_.conf_ID as conf_ID3_8_4_,
        session5_.name as name2_8_4_,
        session5_.sessionChairID as sessionC4_8_4_,
        conference6_.conf_id as conf_id1_3_5_,
        conference6_.biddingDeadline as biddingD2_3_5_,
        conference6_.callForAbstractDeadline as callForA3_3_5_,
        conference6_.callForProposalsDeadline as callForP4_3_5_,
        conference6_.eventEndDate as eventEnd5_3_5_,
        conference6_.eventStartDate as eventSta6_3_5_,
        conference6_.name as name7_3_5_,
        appuser7_.id as id1_0_6_,
        appuser7_.affiliation as affiliat2_0_6_,
        appuser7_.email as email3_0_6_,
        appuser7_.isCometeeMember as isComete4_0_6_,
        appuser7_.isSuperUser as isSuperU5_0_6_,
        appuser7_.name as name6_0_6_,
        appuser7_.password as password7_0_6_,
        appuser7_.username as username8_0_6_,
        appuser7_.webpage as webpage9_0_6_,
        appuser8_.id as id1_0_7_,
        appuser8_.affiliation as affiliat2_0_7_,
        appuser8_.email as email3_0_7_,
        appuser8_.isCometeeMember as isComete4_0_7_,
        appuser8_.isSuperUser as isSuperU5_0_7_,
        appuser8_.name as name6_0_7_,
        appuser8_.password as password7_0_7_,
        appuser8_.username as username8_0_7_,
        appuser8_.webpage as webpage9_0_7_ 
    from
        UploadedFile uploadedfi0_ 
    left outer join
        Paper paper1_ 
            on uploadedfi0_.PaperID_Abstract=paper1_.id 
    left outer join
        UploadedFile uploadedfi2_ 
            on paper1_.id=uploadedfi2_.PaperID_Presentation 
    left outer join
        Paper paper3_ 
            on uploadedfi2_.PaperID_FullPaper=paper3_.id 
    left outer join
        SessionSchedule sessionsch4_ 
            on paper3_.id=sessionsch4_.PaperID 
    left outer join
        Sesion session5_ 
            on sessionsch4_.sesionID=session5_.id 
    left outer join
        Conference conference6_ 
            on session5_.conf_ID=conference6_.conf_id 
    left outer join
        AppUser appuser7_ 
            on session5_.sessionChairID=appuser7_.id 
    left outer join
        AppUser appuser8_ 
            on sessionsch4_.speakerID=appuser8_.id 
    where
        uploadedfi0_.PaperID_Presentation=?
2017-06-03 23:35:15.237 TRACE 3896 --- [    Test worker] o.h.type.descriptor.sql.BasicBinder      : binding parameter [1] as [INTEGER] - [3]
2017-06-03 23:35:15.239 DEBUG 3896 --- [    Test worker] org.hibernate.SQL                        : 
    select
        sessionsch0_.id as id1_9_8_,
        sessionsch0_.PaperID as PaperID3_9_8_,
        sessionsch0_.presentationTime as presenta2_9_8_,
        sessionsch0_.sesionID as sesionID4_9_8_,
        sessionsch0_.speakerID as speakerI5_9_8_,
        paper1_.id as id1_5_0_,
        paper1_.nume as nume2_5_0_,
        paper1_.status as status3_5_0_,
        uploadedfi2_.id as id1_11_1_,
        uploadedfi2_.dateUploaded as dateUplo2_11_1_,
        uploadedfi2_.filePath as filePath3_11_1_,
        uploadedfi2_.nume as nume4_11_1_,
        uploadedfi2_.PaperID_Abstract as PaperID_5_11_1_,
        uploadedfi2_.PaperID_FullPaper as PaperID_6_11_1_,
        uploadedfi2_.PaperID_Presentation as PaperID_7_11_1_,
        paper3_.id as id1_5_2_,
        paper3_.nume as nume2_5_2_,
        paper3_.status as status3_5_2_,
        paper4_.id as id1_5_3_,
        paper4_.nume as nume2_5_3_,
        paper4_.status as status3_5_3_,
        session5_.id as id1_8_4_,
        session5_.conf_ID as conf_ID3_8_4_,
        session5_.name as name2_8_4_,
        session5_.sessionChairID as sessionC4_8_4_,
        conference6_.conf_id as conf_id1_3_5_,
        conference6_.biddingDeadline as biddingD2_3_5_,
        conference6_.callForAbstractDeadline as callForA3_3_5_,
        conference6_.callForProposalsDeadline as callForP4_3_5_,
        conference6_.eventEndDate as eventEnd5_3_5_,
        conference6_.eventStartDate as eventSta6_3_5_,
        conference6_.name as name7_3_5_,
        appuser7_.id as id1_0_6_,
        appuser7_.affiliation as affiliat2_0_6_,
        appuser7_.email as email3_0_6_,
        appuser7_.isCometeeMember as isComete4_0_6_,
        appuser7_.isSuperUser as isSuperU5_0_6_,
        appuser7_.name as name6_0_6_,
        appuser7_.password as password7_0_6_,
        appuser7_.username as username8_0_6_,
        appuser7_.webpage as webpage9_0_6_,
        appuser8_.id as id1_0_7_,
        appuser8_.affiliation as affiliat2_0_7_,
        appuser8_.email as email3_0_7_,
        appuser8_.isCometeeMember as isComete4_0_7_,
        appuser8_.isSuperUser as isSuperU5_0_7_,
        appuser8_.name as name6_0_7_,
        appuser8_.password as password7_0_7_,
        appuser8_.username as username8_0_7_,
        appuser8_.webpage as webpage9_0_7_ 
    from
        SessionSchedule sessionsch0_ 
    left outer join
        Paper paper1_ 
            on sessionsch0_.PaperID=paper1_.id 
    left outer join
        UploadedFile uploadedfi2_ 
            on paper1_.id=uploadedfi2_.PaperID_Presentation 
    left outer join
        Paper paper3_ 
            on uploadedfi2_.PaperID_Abstract=paper3_.id 
    left outer join
        Paper paper4_ 
            on uploadedfi2_.PaperID_FullPaper=paper4_.id 
    inner join
        Sesion session5_ 
            on sessionsch0_.sesionID=session5_.id 
    left outer join
        Conference conference6_ 
            on session5_.conf_ID=conference6_.conf_id 
    left outer join
        AppUser appuser7_ 
            on session5_.sessionChairID=appuser7_.id 
    inner join
        AppUser appuser8_ 
            on sessionsch0_.speakerID=appuser8_.id 
    where
        sessionsch0_.PaperID=?
2017-06-03 23:35:15.240 TRACE 3896 --- [    Test worker] o.h.type.descriptor.sql.BasicBinder      : binding parameter [1] as [INTEGER] - [3]
2017-06-03 23:35:15.270  WARN 3896 --- [    Test worker] o.dbunit.dataset.AbstractTableMetaData   : Potential problem found: The configured data type factory 'class org.dbunit.dataset.datatype.DefaultDataTypeFactory' might cause problems with the current database 'Microsoft SQL Server' (e.g. some datatypes may not be supported properly). In rare cases you might see this message because the list of supported database products is incomplete (list=[derby]). If so please request a java-class update via the forums.If you are using your own IDataTypeFactory extending DefaultDataTypeFactory, ensure that you override getValidDbProducts() to specify the supported database products.
2017-06-03 23:35:15.276  WARN 3896 --- [    Test worker] o.dbunit.dataset.AbstractTableMetaData   : Potential problem found: The configured data type factory 'class org.dbunit.dataset.datatype.DefaultDataTypeFactory' might cause problems with the current database 'Microsoft SQL Server' (e.g. some datatypes may not be supported properly). In rare cases you might see this message because the list of supported database products is incomplete (list=[derby]). If so please request a java-class update via the forums.If you are using your own IDataTypeFactory extending DefaultDataTypeFactory, ensure that you override getValidDbProducts() to specify the supported database products.
2017-06-03 23:35:15.280  WARN 3896 --- [    Test worker] o.dbunit.dataset.AbstractTableMetaData   : Potential problem found: The configured data type factory 'class org.dbunit.dataset.datatype.DefaultDataTypeFactory' might cause problems with the current database 'Microsoft SQL Server' (e.g. some datatypes may not be supported properly). In rare cases you might see this message because the list of supported database products is incomplete (list=[derby]). If so please request a java-class update via the forums.If you are using your own IDataTypeFactory extending DefaultDataTypeFactory, ensure that you override getValidDbProducts() to specify the supported database products.
2017-06-03 23:35:15.285  WARN 3896 --- [    Test worker] o.dbunit.dataset.AbstractTableMetaData   : Potential problem found: The configured data type factory 'class org.dbunit.dataset.datatype.DefaultDataTypeFactory' might cause problems with the current database 'Microsoft SQL Server' (e.g. some datatypes may not be supported properly). In rare cases you might see this message because the list of supported database products is incomplete (list=[derby]). If so please request a java-class update via the forums.If you are using your own IDataTypeFactory extending DefaultDataTypeFactory, ensure that you override getValidDbProducts() to specify the supported database products.
2017-06-03 23:35:15.290 DEBUG 3896 --- [    Test worker] org.hibernate.SQL                        : 
    select
        case 
            when count(*)>0 then 1 
            else 0 
        end as col_0_0_ 
    from
        AppUser appuser0_ 
    where
        appuser0_.username=?
2017-06-03 23:35:15.290 TRACE 3896 --- [    Test worker] o.h.type.descriptor.sql.BasicBinder      : binding parameter [1] as [VARCHAR] - [RANDOM]
2017-06-03 23:35:15.318  WARN 3896 --- [    Test worker] o.dbunit.dataset.AbstractTableMetaData   : Potential problem found: The configured data type factory 'class org.dbunit.dataset.datatype.DefaultDataTypeFactory' might cause problems with the current database 'Microsoft SQL Server' (e.g. some datatypes may not be supported properly). In rare cases you might see this message because the list of supported database products is incomplete (list=[derby]). If so please request a java-class update via the forums.If you are using your own IDataTypeFactory extending DefaultDataTypeFactory, ensure that you override getValidDbProducts() to specify the supported database products.
2017-06-03 23:35:15.323  WARN 3896 --- [    Test worker] o.dbunit.dataset.AbstractTableMetaData   : Potential problem found: The configured data type factory 'class org.dbunit.dataset.datatype.DefaultDataTypeFactory' might cause problems with the current database 'Microsoft SQL Server' (e.g. some datatypes may not be supported properly). In rare cases you might see this message because the list of supported database products is incomplete (list=[derby]). If so please request a java-class update via the forums.If you are using your own IDataTypeFactory extending DefaultDataTypeFactory, ensure that you override getValidDbProducts() to specify the supported database products.
2017-06-03 23:35:15.327  WARN 3896 --- [    Test worker] o.dbunit.dataset.AbstractTableMetaData   : Potential problem found: The configured data type factory 'class org.dbunit.dataset.datatype.DefaultDataTypeFactory' might cause problems with the current database 'Microsoft SQL Server' (e.g. some datatypes may not be supported properly). In rare cases you might see this message because the list of supported database products is incomplete (list=[derby]). If so please request a java-class update via the forums.If you are using your own IDataTypeFactory extending DefaultDataTypeFactory, ensure that you override getValidDbProducts() to specify the supported database products.
2017-06-03 23:35:15.331  WARN 3896 --- [    Test worker] o.dbunit.dataset.AbstractTableMetaData   : Potential problem found: The configured data type factory 'class org.dbunit.dataset.datatype.DefaultDataTypeFactory' might cause problems with the current database 'Microsoft SQL Server' (e.g. some datatypes may not be supported properly). In rare cases you might see this message because the list of supported database products is incomplete (list=[derby]). If so please request a java-class update via the forums.If you are using your own IDataTypeFactory extending DefaultDataTypeFactory, ensure that you override getValidDbProducts() to specify the supported database products.
2017-06-03 23:35:15.336 DEBUG 3896 --- [    Test worker] org.hibernate.SQL                        : 
    select
        case 
            when count(*)>0 then 1 
            else 0 
        end as col_0_0_ 
    from
        AppUser appuser0_ 
    where
        appuser0_.username=?
2017-06-03 23:35:15.336 TRACE 3896 --- [    Test worker] o.h.type.descriptor.sql.BasicBinder      : binding parameter [1] as [VARCHAR] - [Alex-D-TC]
2017-06-03 23:35:15.510  WARN 3896 --- [    Test worker] o.dbunit.dataset.AbstractTableMetaData   : Potential problem found: The configured data type factory 'class org.dbunit.dataset.datatype.DefaultDataTypeFactory' might cause problems with the current database 'Microsoft SQL Server' (e.g. some datatypes may not be supported properly). In rare cases you might see this message because the list of supported database products is incomplete (list=[derby]). If so please request a java-class update via the forums.If you are using your own IDataTypeFactory extending DefaultDataTypeFactory, ensure that you override getValidDbProducts() to specify the supported database products.
2017-06-03 23:35:15.517  WARN 3896 --- [    Test worker] o.dbunit.dataset.AbstractTableMetaData   : Potential problem found: The configured data type factory 'class org.dbunit.dataset.datatype.DefaultDataTypeFactory' might cause problems with the current database 'Microsoft SQL Server' (e.g. some datatypes may not be supported properly). In rare cases you might see this message because the list of supported database products is incomplete (list=[derby]). If so please request a java-class update via the forums.If you are using your own IDataTypeFactory extending DefaultDataTypeFactory, ensure that you override getValidDbProducts() to specify the supported database products.
2017-06-03 23:35:15.521  WARN 3896 --- [    Test worker] o.dbunit.dataset.AbstractTableMetaData   : Potential problem found: The configured data type factory 'class org.dbunit.dataset.datatype.DefaultDataTypeFactory' might cause problems with the current database 'Microsoft SQL Server' (e.g. some datatypes may not be supported properly). In rare cases you might see this message because the list of supported database products is incomplete (list=[derby]). If so please request a java-class update via the forums.If you are using your own IDataTypeFactory extending DefaultDataTypeFactory, ensure that you override getValidDbProducts() to specify the supported database products.
2017-06-03 23:35:15.527  WARN 3896 --- [    Test worker] o.dbunit.dataset.AbstractTableMetaData   : Potential problem found: The configured data type factory 'class org.dbunit.dataset.datatype.DefaultDataTypeFactory' might cause problems with the current database 'Microsoft SQL Server' (e.g. some datatypes may not be supported properly). In rare cases you might see this message because the list of supported database products is incomplete (list=[derby]). If so please request a java-class update via the forums.If you are using your own IDataTypeFactory extending DefaultDataTypeFactory, ensure that you override getValidDbProducts() to specify the supported database products.
2017-06-03 23:35:15.532 DEBUG 3896 --- [    Test worker] org.hibernate.SQL                        : 
    select
        appuser0_.id as id1_0_,
        appuser0_.affiliation as affiliat2_0_,
        appuser0_.email as email3_0_,
        appuser0_.isCometeeMember as isComete4_0_,
        appuser0_.isSuperUser as isSuperU5_0_,
        appuser0_.name as name6_0_,
        appuser0_.password as password7_0_,
        appuser0_.username as username8_0_,
        appuser0_.webpage as webpage9_0_ 
    from
        AppUser appuser0_ 
    where
        appuser0_.username=?
2017-06-03 23:35:15.534 TRACE 3896 --- [    Test worker] o.h.type.descriptor.sql.BasicBinder      : binding parameter [1] as [VARCHAR] - [Alex-D-TC]
2017-06-03 23:35:15.535 DEBUG 3896 --- [    Test worker] org.hibernate.SQL                        : 
    select
        session0_.id as id1_8_2_,
        session0_.conf_ID as conf_ID3_8_2_,
        session0_.name as name2_8_2_,
        session0_.sessionChairID as sessionC4_8_2_,
        conference1_.conf_id as conf_id1_3_0_,
        conference1_.biddingDeadline as biddingD2_3_0_,
        conference1_.callForAbstractDeadline as callForA3_3_0_,
        conference1_.callForProposalsDeadline as callForP4_3_0_,
        conference1_.eventEndDate as eventEnd5_3_0_,
        conference1_.eventStartDate as eventSta6_3_0_,
        conference1_.name as name7_3_0_,
        appuser2_.id as id1_0_1_,
        appuser2_.affiliation as affiliat2_0_1_,
        appuser2_.email as email3_0_1_,
        appuser2_.isCometeeMember as isComete4_0_1_,
        appuser2_.isSuperUser as isSuperU5_0_1_,
        appuser2_.name as name6_0_1_,
        appuser2_.password as password7_0_1_,
        appuser2_.username as username8_0_1_,
        appuser2_.webpage as webpage9_0_1_ 
    from
        Sesion session0_ 
    inner join
        Conference conference1_ 
            on session0_.conf_ID=conference1_.conf_id 
    left outer join
        AppUser appuser2_ 
            on session0_.sessionChairID=appuser2_.id 
    where
        session0_.sessionChairID=?
2017-06-03 23:35:15.536 TRACE 3896 --- [    Test worker] o.h.type.descriptor.sql.BasicBinder      : binding parameter [1] as [INTEGER] - [1]
2017-06-03 23:35:15.580  WARN 3896 --- [    Test worker] o.dbunit.dataset.AbstractTableMetaData   : Potential problem found: The configured data type factory 'class org.dbunit.dataset.datatype.DefaultDataTypeFactory' might cause problems with the current database 'Microsoft SQL Server' (e.g. some datatypes may not be supported properly). In rare cases you might see this message because the list of supported database products is incomplete (list=[derby]). If so please request a java-class update via the forums.If you are using your own IDataTypeFactory extending DefaultDataTypeFactory, ensure that you override getValidDbProducts() to specify the supported database products.
2017-06-03 23:35:15.587  WARN 3896 --- [    Test worker] o.dbunit.dataset.AbstractTableMetaData   : Potential problem found: The configured data type factory 'class org.dbunit.dataset.datatype.DefaultDataTypeFactory' might cause problems with the current database 'Microsoft SQL Server' (e.g. some datatypes may not be supported properly). In rare cases you might see this message because the list of supported database products is incomplete (list=[derby]). If so please request a java-class update via the forums.If you are using your own IDataTypeFactory extending DefaultDataTypeFactory, ensure that you override getValidDbProducts() to specify the supported database products.
2017-06-03 23:35:15.592  WARN 3896 --- [    Test worker] o.dbunit.dataset.AbstractTableMetaData   : Potential problem found: The configured data type factory 'class org.dbunit.dataset.datatype.DefaultDataTypeFactory' might cause problems with the current database 'Microsoft SQL Server' (e.g. some datatypes may not be supported properly). In rare cases you might see this message because the list of supported database products is incomplete (list=[derby]). If so please request a java-class update via the forums.If you are using your own IDataTypeFactory extending DefaultDataTypeFactory, ensure that you override getValidDbProducts() to specify the supported database products.
2017-06-03 23:35:15.605  WARN 3896 --- [    Test worker] o.dbunit.dataset.AbstractTableMetaData   : Potential problem found: The configured data type factory 'class org.dbunit.dataset.datatype.DefaultDataTypeFactory' might cause problems with the current database 'Microsoft SQL Server' (e.g. some datatypes may not be supported properly). In rare cases you might see this message because the list of supported database products is incomplete (list=[derby]). If so please request a java-class update via the forums.If you are using your own IDataTypeFactory extending DefaultDataTypeFactory, ensure that you override getValidDbProducts() to specify the supported database products.
2017-06-03 23:35:15.611 DEBUG 3896 --- [    Test worker] org.hibernate.SQL                        : 
    select
        bids1_.id as id1_2_,
        bids1_.BidderID as BidderID3_2_,
        bids1_.PaperID as PaperID4_2_,
        bids1_.status as status2_2_ 
    from
        AppUser appuser0_ 
    inner join
        Bid bids1_ 
            on appuser0_.id=bids1_.BidderID 
    where
        appuser0_.username=? 
        and bids1_.PaperID=?
2017-06-03 23:35:15.611 TRACE 3896 --- [    Test worker] o.h.type.descriptor.sql.BasicBinder      : binding parameter [1] as [VARCHAR] - [Alex-D-TC]
2017-06-03 23:35:15.611 TRACE 3896 --- [    Test worker] o.h.type.descriptor.sql.BasicBinder      : binding parameter [2] as [INTEGER] - [1]
2017-06-03 23:35:15.616 DEBUG 3896 --- [    Test worker] org.hibernate.SQL                        : 
    select
        bids1_.id as id1_2_,
        bids1_.BidderID as BidderID3_2_,
        bids1_.PaperID as PaperID4_2_,
        bids1_.status as status2_2_ 
    from
        AppUser appuser0_ 
    inner join
        Bid bids1_ 
            on appuser0_.id=bids1_.BidderID 
    where
        appuser0_.username=? 
        and bids1_.PaperID=?
2017-06-03 23:35:15.617 TRACE 3896 --- [    Test worker] o.h.type.descriptor.sql.BasicBinder      : binding parameter [1] as [VARCHAR] - [Alex-D-TC]
2017-06-03 23:35:15.617 TRACE 3896 --- [    Test worker] o.h.type.descriptor.sql.BasicBinder      : binding parameter [2] as [INTEGER] - [3]
2017-06-03 23:35:15.620 DEBUG 3896 --- [    Test worker] org.hibernate.SQL                        : 
    select
        bids1_.id as id1_2_,
        bids1_.BidderID as BidderID3_2_,
        bids1_.PaperID as PaperID4_2_,
        bids1_.status as status2_2_ 
    from
        AppUser appuser0_ 
    inner join
        Bid bids1_ 
            on appuser0_.id=bids1_.BidderID 
    where
        appuser0_.username=? 
        and bids1_.PaperID=?
2017-06-03 23:35:15.621 TRACE 3896 --- [    Test worker] o.h.type.descriptor.sql.BasicBinder      : binding parameter [1] as [VARCHAR] - [alex-trs]
2017-06-03 23:35:15.621 TRACE 3896 --- [    Test worker] o.h.type.descriptor.sql.BasicBinder      : binding parameter [2] as [INTEGER] - [2]
2017-06-03 23:35:15.623 DEBUG 3896 --- [    Test worker] org.hibernate.SQL                        : 
    select
        bids1_.id as id1_2_,
        bids1_.BidderID as BidderID3_2_,
        bids1_.PaperID as PaperID4_2_,
        bids1_.status as status2_2_ 
    from
        AppUser appuser0_ 
    inner join
        Bid bids1_ 
            on appuser0_.id=bids1_.BidderID 
    where
        appuser0_.username=? 
        and bids1_.PaperID=?
2017-06-03 23:35:15.624 TRACE 3896 --- [    Test worker] o.h.type.descriptor.sql.BasicBinder      : binding parameter [1] as [VARCHAR] - [Alex-D-TC]
2017-06-03 23:35:15.624 TRACE 3896 --- [    Test worker] o.h.type.descriptor.sql.BasicBinder      : binding parameter [2] as [INTEGER] - [2]
2017-06-03 23:35:15.629 DEBUG 3896 --- [    Test worker] org.hibernate.SQL                        : 
    select
        appuser0_.id as id1_0_0_,
        appuser0_.affiliation as affiliat2_0_0_,
        appuser0_.email as email3_0_0_,
        appuser0_.isCometeeMember as isComete4_0_0_,
        appuser0_.isSuperUser as isSuperU5_0_0_,
        appuser0_.name as name6_0_0_,
        appuser0_.password as password7_0_0_,
        appuser0_.username as username8_0_0_,
        appuser0_.webpage as webpage9_0_0_,
        session1_.id as id1_8_1_,
        session1_.conf_ID as conf_ID3_8_1_,
        session1_.name as name2_8_1_,
        session1_.sessionChairID as sessionC4_8_1_,
        conference2_.conf_id as conf_id1_3_2_,
        conference2_.biddingDeadline as biddingD2_3_2_,
        conference2_.callForAbstractDeadline as callForA3_3_2_,
        conference2_.callForProposalsDeadline as callForP4_3_2_,
        conference2_.eventEndDate as eventEnd5_3_2_,
        conference2_.eventStartDate as eventSta6_3_2_,
        conference2_.name as name7_3_2_ 
    from
        AppUser appuser0_ 
    left outer join
        Sesion session1_ 
            on appuser0_.id=session1_.sessionChairID 
    left outer join
        Conference conference2_ 
            on session1_.conf_ID=conference2_.conf_id 
    where
        appuser0_.id=?
2017-06-03 23:35:15.629 TRACE 3896 --- [    Test worker] o.h.type.descriptor.sql.BasicBinder      : binding parameter [1] as [INTEGER] - [1]
2017-06-03 23:35:15.641 DEBUG 3896 --- [    Test worker] org.hibernate.SQL                        : 
    select
        paper0_.id as id1_5_0_,
        paper0_.nume as nume2_5_0_,
        paper0_.status as status3_5_0_,
        uploadedfi1_.id as id1_11_1_,
        uploadedfi1_.dateUploaded as dateUplo2_11_1_,
        uploadedfi1_.filePath as filePath3_11_1_,
        uploadedfi1_.nume as nume4_11_1_,
        uploadedfi1_.PaperID_Abstract as PaperID_5_11_1_,
        uploadedfi1_.PaperID_FullPaper as PaperID_6_11_1_,
        uploadedfi1_.PaperID_Presentation as PaperID_7_11_1_,
        paper2_.id as id1_5_2_,
        paper2_.nume as nume2_5_2_,
        paper2_.status as status3_5_2_,
        sessionsch3_.id as id1_9_3_,
        sessionsch3_.PaperID as PaperID3_9_3_,
        sessionsch3_.presentationTime as presenta2_9_3_,
        sessionsch3_.sesionID as sesionID4_9_3_,
        sessionsch3_.speakerID as speakerI5_9_3_,
        session4_.id as id1_8_4_,
        session4_.conf_ID as conf_ID3_8_4_,
        session4_.name as name2_8_4_,
        session4_.sessionChairID as sessionC4_8_4_,
        conference5_.conf_id as conf_id1_3_5_,
        conference5_.biddingDeadline as biddingD2_3_5_,
        conference5_.callForAbstractDeadline as callForA3_3_5_,
        conference5_.callForProposalsDeadline as callForP4_3_5_,
        conference5_.eventEndDate as eventEnd5_3_5_,
        conference5_.eventStartDate as eventSta6_3_5_,
        conference5_.name as name7_3_5_,
        appuser6_.id as id1_0_6_,
        appuser6_.affiliation as affiliat2_0_6_,
        appuser6_.email as email3_0_6_,
        appuser6_.isCometeeMember as isComete4_0_6_,
        appuser6_.isSuperUser as isSuperU5_0_6_,
        appuser6_.name as name6_0_6_,
        appuser6_.password as password7_0_6_,
        appuser6_.username as username8_0_6_,
        appuser6_.webpage as webpage9_0_6_,
        appuser7_.id as id1_0_7_,
        appuser7_.affiliation as affiliat2_0_7_,
        appuser7_.email as email3_0_7_,
        appuser7_.isCometeeMember as isComete4_0_7_,
        appuser7_.isSuperUser as isSuperU5_0_7_,
        appuser7_.name as name6_0_7_,
        appuser7_.password as password7_0_7_,
        appuser7_.username as username8_0_7_,
        appuser7_.webpage as webpage9_0_7_,
        paper8_.id as id1_5_8_,
        paper8_.nume as nume2_5_8_,
        paper8_.status as status3_5_8_ 
    from
        Paper paper0_ 
    left outer join
        UploadedFile uploadedfi1_ 
            on paper0_.id=uploadedfi1_.PaperID_Presentation 
    left outer join
        Paper paper2_ 
            on uploadedfi1_.PaperID_Abstract=paper2_.id 
    left outer join
        SessionSchedule sessionsch3_ 
            on paper2_.id=sessionsch3_.PaperID 
    left outer join
        Sesion session4_ 
            on sessionsch3_.sesionID=session4_.id 
    left outer join
        Conference conference5_ 
            on session4_.conf_ID=conference5_.conf_id 
    left outer join
        AppUser appuser6_ 
            on session4_.sessionChairID=appuser6_.id 
    left outer join
        AppUser appuser7_ 
            on sessionsch3_.speakerID=appuser7_.id 
    left outer join
        Paper paper8_ 
            on uploadedfi1_.PaperID_FullPaper=paper8_.id 
    where
        paper0_.id=?
2017-06-03 23:35:15.642 TRACE 3896 --- [    Test worker] o.h.type.descriptor.sql.BasicBinder      : binding parameter [1] as [INTEGER] - [2]
2017-06-03 23:35:15.656 DEBUG 3896 --- [    Test worker] org.hibernate.SQL                        : 
    select
        sessionsch0_.id as id1_9_8_,
        sessionsch0_.PaperID as PaperID3_9_8_,
        sessionsch0_.presentationTime as presenta2_9_8_,
        sessionsch0_.sesionID as sesionID4_9_8_,
        sessionsch0_.speakerID as speakerI5_9_8_,
        paper1_.id as id1_5_0_,
        paper1_.nume as nume2_5_0_,
        paper1_.status as status3_5_0_,
        uploadedfi2_.id as id1_11_1_,
        uploadedfi2_.dateUploaded as dateUplo2_11_1_,
        uploadedfi2_.filePath as filePath3_11_1_,
        uploadedfi2_.nume as nume4_11_1_,
        uploadedfi2_.PaperID_Abstract as PaperID_5_11_1_,
        uploadedfi2_.PaperID_FullPaper as PaperID_6_11_1_,
        uploadedfi2_.PaperID_Presentation as PaperID_7_11_1_,
        paper3_.id as id1_5_2_,
        paper3_.nume as nume2_5_2_,
        paper3_.status as status3_5_2_,
        paper4_.id as id1_5_3_,
        paper4_.nume as nume2_5_3_,
        paper4_.status as status3_5_3_,
        session5_.id as id1_8_4_,
        session5_.conf_ID as conf_ID3_8_4_,
        session5_.name as name2_8_4_,
        session5_.sessionChairID as sessionC4_8_4_,
        conference6_.conf_id as conf_id1_3_5_,
        conference6_.biddingDeadline as biddingD2_3_5_,
        conference6_.callForAbstractDeadline as callForA3_3_5_,
        conference6_.callForProposalsDeadline as callForP4_3_5_,
        conference6_.eventEndDate as eventEnd5_3_5_,
        conference6_.eventStartDate as eventSta6_3_5_,
        conference6_.name as name7_3_5_,
        appuser7_.id as id1_0_6_,
        appuser7_.affiliation as affiliat2_0_6_,
        appuser7_.email as email3_0_6_,
        appuser7_.isCometeeMember as isComete4_0_6_,
        appuser7_.isSuperUser as isSuperU5_0_6_,
        appuser7_.name as name6_0_6_,
        appuser7_.password as password7_0_6_,
        appuser7_.username as username8_0_6_,
        appuser7_.webpage as webpage9_0_6_,
        appuser8_.id as id1_0_7_,
        appuser8_.affiliation as affiliat2_0_7_,
        appuser8_.email as email3_0_7_,
        appuser8_.isCometeeMember as isComete4_0_7_,
        appuser8_.isSuperUser as isSuperU5_0_7_,
        appuser8_.name as name6_0_7_,
        appuser8_.password as password7_0_7_,
        appuser8_.username as username8_0_7_,
        appuser8_.webpage as webpage9_0_7_ 
    from
        SessionSchedule sessionsch0_ 
    left outer join
        Paper paper1_ 
            on sessionsch0_.PaperID=paper1_.id 
    left outer join
        UploadedFile uploadedfi2_ 
            on paper1_.id=uploadedfi2_.PaperID_Presentation 
    left outer join
        Paper paper3_ 
            on uploadedfi2_.PaperID_Abstract=paper3_.id 
    left outer join
        Paper paper4_ 
            on uploadedfi2_.PaperID_FullPaper=paper4_.id 
    inner join
        Sesion session5_ 
            on sessionsch0_.sesionID=session5_.id 
    left outer join
        Conference conference6_ 
            on session5_.conf_ID=conference6_.conf_id 
    left outer join
        AppUser appuser7_ 
            on session5_.sessionChairID=appuser7_.id 
    inner join
        AppUser appuser8_ 
            on sessionsch0_.speakerID=appuser8_.id 
    where
        sessionsch0_.PaperID=?
2017-06-03 23:35:15.657 TRACE 3896 --- [    Test worker] o.h.type.descriptor.sql.BasicBinder      : binding parameter [1] as [INTEGER] - [2]
2017-06-03 23:35:15.661 DEBUG 3896 --- [    Test worker] org.hibernate.SQL                        : 
    select
        bids1_.id as id1_2_,
        bids1_.BidderID as BidderID3_2_,
        bids1_.PaperID as PaperID4_2_,
        bids1_.status as status2_2_ 
    from
        AppUser appuser0_ 
    inner join
        Bid bids1_ 
            on appuser0_.id=bids1_.BidderID 
    where
        appuser0_.username=? 
        and bids1_.PaperID=?
2017-06-03 23:35:15.661 TRACE 3896 --- [    Test worker] o.h.type.descriptor.sql.BasicBinder      : binding parameter [1] as [VARCHAR] - [alex-trs]
2017-06-03 23:35:15.662 TRACE 3896 --- [    Test worker] o.h.type.descriptor.sql.BasicBinder      : binding parameter [2] as [INTEGER] - [1]
2017-06-03 23:35:15.664 DEBUG 3896 --- [    Test worker] org.hibernate.SQL                        : 
    select
        appuser0_.id as id1_0_0_,
        appuser0_.affiliation as affiliat2_0_0_,
        appuser0_.email as email3_0_0_,
        appuser0_.isCometeeMember as isComete4_0_0_,
        appuser0_.isSuperUser as isSuperU5_0_0_,
        appuser0_.name as name6_0_0_,
        appuser0_.password as password7_0_0_,
        appuser0_.username as username8_0_0_,
        appuser0_.webpage as webpage9_0_0_,
        session1_.id as id1_8_1_,
        session1_.conf_ID as conf_ID3_8_1_,
        session1_.name as name2_8_1_,
        session1_.sessionChairID as sessionC4_8_1_,
        conference2_.conf_id as conf_id1_3_2_,
        conference2_.biddingDeadline as biddingD2_3_2_,
        conference2_.callForAbstractDeadline as callForA3_3_2_,
        conference2_.callForProposalsDeadline as callForP4_3_2_,
        conference2_.eventEndDate as eventEnd5_3_2_,
        conference2_.eventStartDate as eventSta6_3_2_,
        conference2_.name as name7_3_2_ 
    from
        AppUser appuser0_ 
    left outer join
        Sesion session1_ 
            on appuser0_.id=session1_.sessionChairID 
    left outer join
        Conference conference2_ 
            on session1_.conf_ID=conference2_.conf_id 
    where
        appuser0_.id=?
2017-06-03 23:35:15.664 TRACE 3896 --- [    Test worker] o.h.type.descriptor.sql.BasicBinder      : binding parameter [1] as [INTEGER] - [2]
2017-06-03 23:35:15.667 DEBUG 3896 --- [    Test worker] org.hibernate.SQL                        : 
    select
        paper0_.id as id1_5_0_,
        paper0_.nume as nume2_5_0_,
        paper0_.status as status3_5_0_,
        uploadedfi1_.id as id1_11_1_,
        uploadedfi1_.dateUploaded as dateUplo2_11_1_,
        uploadedfi1_.filePath as filePath3_11_1_,
        uploadedfi1_.nume as nume4_11_1_,
        uploadedfi1_.PaperID_Abstract as PaperID_5_11_1_,
        uploadedfi1_.PaperID_FullPaper as PaperID_6_11_1_,
        uploadedfi1_.PaperID_Presentation as PaperID_7_11_1_,
        paper2_.id as id1_5_2_,
        paper2_.nume as nume2_5_2_,
        paper2_.status as status3_5_2_,
        sessionsch3_.id as id1_9_3_,
        sessionsch3_.PaperID as PaperID3_9_3_,
        sessionsch3_.presentationTime as presenta2_9_3_,
        sessionsch3_.sesionID as sesionID4_9_3_,
        sessionsch3_.speakerID as speakerI5_9_3_,
        session4_.id as id1_8_4_,
        session4_.conf_ID as conf_ID3_8_4_,
        session4_.name as name2_8_4_,
        session4_.sessionChairID as sessionC4_8_4_,
        conference5_.conf_id as conf_id1_3_5_,
        conference5_.biddingDeadline as biddingD2_3_5_,
        conference5_.callForAbstractDeadline as callForA3_3_5_,
        conference5_.callForProposalsDeadline as callForP4_3_5_,
        conference5_.eventEndDate as eventEnd5_3_5_,
        conference5_.eventStartDate as eventSta6_3_5_,
        conference5_.name as name7_3_5_,
        appuser6_.id as id1_0_6_,
        appuser6_.affiliation as affiliat2_0_6_,
        appuser6_.email as email3_0_6_,
        appuser6_.isCometeeMember as isComete4_0_6_,
        appuser6_.isSuperUser as isSuperU5_0_6_,
        appuser6_.name as name6_0_6_,
        appuser6_.password as password7_0_6_,
        appuser6_.username as username8_0_6_,
        appuser6_.webpage as webpage9_0_6_,
        appuser7_.id as id1_0_7_,
        appuser7_.affiliation as affiliat2_0_7_,
        appuser7_.email as email3_0_7_,
        appuser7_.isCometeeMember as isComete4_0_7_,
        appuser7_.isSuperUser as isSuperU5_0_7_,
        appuser7_.name as name6_0_7_,
        appuser7_.password as password7_0_7_,
        appuser7_.username as username8_0_7_,
        appuser7_.webpage as webpage9_0_7_,
        paper8_.id as id1_5_8_,
        paper8_.nume as nume2_5_8_,
        paper8_.status as status3_5_8_ 
    from
        Paper paper0_ 
    left outer join
        UploadedFile uploadedfi1_ 
            on paper0_.id=uploadedfi1_.PaperID_Presentation 
    left outer join
        Paper paper2_ 
            on uploadedfi1_.PaperID_Abstract=paper2_.id 
    left outer join
        SessionSchedule sessionsch3_ 
            on paper2_.id=sessionsch3_.PaperID 
    left outer join
        Sesion session4_ 
            on sessionsch3_.sesionID=session4_.id 
    left outer join
        Conference conference5_ 
            on session4_.conf_ID=conference5_.conf_id 
    left outer join
        AppUser appuser6_ 
            on session4_.sessionChairID=appuser6_.id 
    left outer join
        AppUser appuser7_ 
            on sessionsch3_.speakerID=appuser7_.id 
    left outer join
        Paper paper8_ 
            on uploadedfi1_.PaperID_FullPaper=paper8_.id 
    where
        paper0_.id=?
2017-06-03 23:35:15.668 TRACE 3896 --- [    Test worker] o.h.type.descriptor.sql.BasicBinder      : binding parameter [1] as [INTEGER] - [1]
2017-06-03 23:35:15.670 DEBUG 3896 --- [    Test worker] org.hibernate.SQL                        : 
    select
        sessionsch0_.id as id1_9_8_,
        sessionsch0_.PaperID as PaperID3_9_8_,
        sessionsch0_.presentationTime as presenta2_9_8_,
        sessionsch0_.sesionID as sesionID4_9_8_,
        sessionsch0_.speakerID as speakerI5_9_8_,
        paper1_.id as id1_5_0_,
        paper1_.nume as nume2_5_0_,
        paper1_.status as status3_5_0_,
        uploadedfi2_.id as id1_11_1_,
        uploadedfi2_.dateUploaded as dateUplo2_11_1_,
        uploadedfi2_.filePath as filePath3_11_1_,
        uploadedfi2_.nume as nume4_11_1_,
        uploadedfi2_.PaperID_Abstract as PaperID_5_11_1_,
        uploadedfi2_.PaperID_FullPaper as PaperID_6_11_1_,
        uploadedfi2_.PaperID_Presentation as PaperID_7_11_1_,
        paper3_.id as id1_5_2_,
        paper3_.nume as nume2_5_2_,
        paper3_.status as status3_5_2_,
        paper4_.id as id1_5_3_,
        paper4_.nume as nume2_5_3_,
        paper4_.status as status3_5_3_,
        session5_.id as id1_8_4_,
        session5_.conf_ID as conf_ID3_8_4_,
        session5_.name as name2_8_4_,
        session5_.sessionChairID as sessionC4_8_4_,
        conference6_.conf_id as conf_id1_3_5_,
        conference6_.biddingDeadline as biddingD2_3_5_,
        conference6_.callForAbstractDeadline as callForA3_3_5_,
        conference6_.callForProposalsDeadline as callForP4_3_5_,
        conference6_.eventEndDate as eventEnd5_3_5_,
        conference6_.eventStartDate as eventSta6_3_5_,
        conference6_.name as name7_3_5_,
        appuser7_.id as id1_0_6_,
        appuser7_.affiliation as affiliat2_0_6_,
        appuser7_.email as email3_0_6_,
        appuser7_.isCometeeMember as isComete4_0_6_,
        appuser7_.isSuperUser as isSuperU5_0_6_,
        appuser7_.name as name6_0_6_,
        appuser7_.password as password7_0_6_,
        appuser7_.username as username8_0_6_,
        appuser7_.webpage as webpage9_0_6_,
        appuser8_.id as id1_0_7_,
        appuser8_.affiliation as affiliat2_0_7_,
        appuser8_.email as email3_0_7_,
        appuser8_.isCometeeMember as isComete4_0_7_,
        appuser8_.isSuperUser as isSuperU5_0_7_,
        appuser8_.name as name6_0_7_,
        appuser8_.password as password7_0_7_,
        appuser8_.username as username8_0_7_,
        appuser8_.webpage as webpage9_0_7_ 
    from
        SessionSchedule sessionsch0_ 
    left outer join
        Paper paper1_ 
            on sessionsch0_.PaperID=paper1_.id 
    left outer join
        UploadedFile uploadedfi2_ 
            on paper1_.id=uploadedfi2_.PaperID_Presentation 
    left outer join
        Paper paper3_ 
            on uploadedfi2_.PaperID_Abstract=paper3_.id 
    left outer join
        Paper paper4_ 
            on uploadedfi2_.PaperID_FullPaper=paper4_.id 
    inner join
        Sesion session5_ 
            on sessionsch0_.sesionID=session5_.id 
    left outer join
        Conference conference6_ 
            on session5_.conf_ID=conference6_.conf_id 
    left outer join
        AppUser appuser7_ 
            on session5_.sessionChairID=appuser7_.id 
    inner join
        AppUser appuser8_ 
            on sessionsch0_.speakerID=appuser8_.id 
    where
        sessionsch0_.PaperID=?
2017-06-03 23:35:15.671 TRACE 3896 --- [    Test worker] o.h.type.descriptor.sql.BasicBinder      : binding parameter [1] as [INTEGER] - [1]
2017-06-03 23:35:15.674 DEBUG 3896 --- [    Test worker] org.hibernate.SQL                        : 
    select
        bids1_.id as id1_2_,
        bids1_.BidderID as BidderID3_2_,
        bids1_.PaperID as PaperID4_2_,
        bids1_.status as status2_2_ 
    from
        AppUser appuser0_ 
    inner join
        Bid bids1_ 
            on appuser0_.id=bids1_.BidderID 
    where
        appuser0_.username=? 
        and bids1_.PaperID=?
2017-06-03 23:35:15.674 TRACE 3896 --- [    Test worker] o.h.type.descriptor.sql.BasicBinder      : binding parameter [1] as [VARCHAR] - [alex-trs]
2017-06-03 23:35:15.674 TRACE 3896 --- [    Test worker] o.h.type.descriptor.sql.BasicBinder      : binding parameter [2] as [INTEGER] - [3]
2017-06-03 23:35:15.676 DEBUG 3896 --- [    Test worker] org.hibernate.SQL                        : 
    select
        appuser0_.id as id1_0_0_,
        appuser0_.affiliation as affiliat2_0_0_,
        appuser0_.email as email3_0_0_,
        appuser0_.isCometeeMember as isComete4_0_0_,
        appuser0_.isSuperUser as isSuperU5_0_0_,
        appuser0_.name as name6_0_0_,
        appuser0_.password as password7_0_0_,
        appuser0_.username as username8_0_0_,
        appuser0_.webpage as webpage9_0_0_,
        session1_.id as id1_8_1_,
        session1_.conf_ID as conf_ID3_8_1_,
        session1_.name as name2_8_1_,
        session1_.sessionChairID as sessionC4_8_1_,
        conference2_.conf_id as conf_id1_3_2_,
        conference2_.biddingDeadline as biddingD2_3_2_,
        conference2_.callForAbstractDeadline as callForA3_3_2_,
        conference2_.callForProposalsDeadline as callForP4_3_2_,
        conference2_.eventEndDate as eventEnd5_3_2_,
        conference2_.eventStartDate as eventSta6_3_2_,
        conference2_.name as name7_3_2_ 
    from
        AppUser appuser0_ 
    left outer join
        Sesion session1_ 
            on appuser0_.id=session1_.sessionChairID 
    left outer join
        Conference conference2_ 
            on session1_.conf_ID=conference2_.conf_id 
    where
        appuser0_.id=?
2017-06-03 23:35:15.676 TRACE 3896 --- [    Test worker] o.h.type.descriptor.sql.BasicBinder      : binding parameter [1] as [INTEGER] - [2]
2017-06-03 23:35:15.678 DEBUG 3896 --- [    Test worker] org.hibernate.SQL                        : 
    select
        paper0_.id as id1_5_0_,
        paper0_.nume as nume2_5_0_,
        paper0_.status as status3_5_0_,
        uploadedfi1_.id as id1_11_1_,
        uploadedfi1_.dateUploaded as dateUplo2_11_1_,
        uploadedfi1_.filePath as filePath3_11_1_,
        uploadedfi1_.nume as nume4_11_1_,
        uploadedfi1_.PaperID_Abstract as PaperID_5_11_1_,
        uploadedfi1_.PaperID_FullPaper as PaperID_6_11_1_,
        uploadedfi1_.PaperID_Presentation as PaperID_7_11_1_,
        paper2_.id as id1_5_2_,
        paper2_.nume as nume2_5_2_,
        paper2_.status as status3_5_2_,
        sessionsch3_.id as id1_9_3_,
        sessionsch3_.PaperID as PaperID3_9_3_,
        sessionsch3_.presentationTime as presenta2_9_3_,
        sessionsch3_.sesionID as sesionID4_9_3_,
        sessionsch3_.speakerID as speakerI5_9_3_,
        session4_.id as id1_8_4_,
        session4_.conf_ID as conf_ID3_8_4_,
        session4_.name as name2_8_4_,
        session4_.sessionChairID as sessionC4_8_4_,
        conference5_.conf_id as conf_id1_3_5_,
        conference5_.biddingDeadline as biddingD2_3_5_,
        conference5_.callForAbstractDeadline as callForA3_3_5_,
        conference5_.callForProposalsDeadline as callForP4_3_5_,
        conference5_.eventEndDate as eventEnd5_3_5_,
        conference5_.eventStartDate as eventSta6_3_5_,
        conference5_.name as name7_3_5_,
        appuser6_.id as id1_0_6_,
        appuser6_.affiliation as affiliat2_0_6_,
        appuser6_.email as email3_0_6_,
        appuser6_.isCometeeMember as isComete4_0_6_,
        appuser6_.isSuperUser as isSuperU5_0_6_,
        appuser6_.name as name6_0_6_,
        appuser6_.password as password7_0_6_,
        appuser6_.username as username8_0_6_,
        appuser6_.webpage as webpage9_0_6_,
        appuser7_.id as id1_0_7_,
        appuser7_.affiliation as affiliat2_0_7_,
        appuser7_.email as email3_0_7_,
        appuser7_.isCometeeMember as isComete4_0_7_,
        appuser7_.isSuperUser as isSuperU5_0_7_,
        appuser7_.name as name6_0_7_,
        appuser7_.password as password7_0_7_,
        appuser7_.username as username8_0_7_,
        appuser7_.webpage as webpage9_0_7_,
        paper8_.id as id1_5_8_,
        paper8_.nume as nume2_5_8_,
        paper8_.status as status3_5_8_ 
    from
        Paper paper0_ 
    left outer join
        UploadedFile uploadedfi1_ 
            on paper0_.id=uploadedfi1_.PaperID_Presentation 
    left outer join
        Paper paper2_ 
            on uploadedfi1_.PaperID_Abstract=paper2_.id 
    left outer join
        SessionSchedule sessionsch3_ 
            on paper2_.id=sessionsch3_.PaperID 
    left outer join
        Sesion session4_ 
            on sessionsch3_.sesionID=session4_.id 
    left outer join
        Conference conference5_ 
            on session4_.conf_ID=conference5_.conf_id 
    left outer join
        AppUser appuser6_ 
            on session4_.sessionChairID=appuser6_.id 
    left outer join
        AppUser appuser7_ 
            on sessionsch3_.speakerID=appuser7_.id 
    left outer join
        Paper paper8_ 
            on uploadedfi1_.PaperID_FullPaper=paper8_.id 
    where
        paper0_.id=?
2017-06-03 23:35:15.679 TRACE 3896 --- [    Test worker] o.h.type.descriptor.sql.BasicBinder      : binding parameter [1] as [INTEGER] - [3]
2017-06-03 23:35:15.681 DEBUG 3896 --- [    Test worker] org.hibernate.SQL                        : 
    select
        sessionsch0_.id as id1_9_8_,
        sessionsch0_.PaperID as PaperID3_9_8_,
        sessionsch0_.presentationTime as presenta2_9_8_,
        sessionsch0_.sesionID as sesionID4_9_8_,
        sessionsch0_.speakerID as speakerI5_9_8_,
        paper1_.id as id1_5_0_,
        paper1_.nume as nume2_5_0_,
        paper1_.status as status3_5_0_,
        uploadedfi2_.id as id1_11_1_,
        uploadedfi2_.dateUploaded as dateUplo2_11_1_,
        uploadedfi2_.filePath as filePath3_11_1_,
        uploadedfi2_.nume as nume4_11_1_,
        uploadedfi2_.PaperID_Abstract as PaperID_5_11_1_,
        uploadedfi2_.PaperID_FullPaper as PaperID_6_11_1_,
        uploadedfi2_.PaperID_Presentation as PaperID_7_11_1_,
        paper3_.id as id1_5_2_,
        paper3_.nume as nume2_5_2_,
        paper3_.status as status3_5_2_,
        paper4_.id as id1_5_3_,
        paper4_.nume as nume2_5_3_,
        paper4_.status as status3_5_3_,
        session5_.id as id1_8_4_,
        session5_.conf_ID as conf_ID3_8_4_,
        session5_.name as name2_8_4_,
        session5_.sessionChairID as sessionC4_8_4_,
        conference6_.conf_id as conf_id1_3_5_,
        conference6_.biddingDeadline as biddingD2_3_5_,
        conference6_.callForAbstractDeadline as callForA3_3_5_,
        conference6_.callForProposalsDeadline as callForP4_3_5_,
        conference6_.eventEndDate as eventEnd5_3_5_,
        conference6_.eventStartDate as eventSta6_3_5_,
        conference6_.name as name7_3_5_,
        appuser7_.id as id1_0_6_,
        appuser7_.affiliation as affiliat2_0_6_,
        appuser7_.email as email3_0_6_,
        appuser7_.isCometeeMember as isComete4_0_6_,
        appuser7_.isSuperUser as isSuperU5_0_6_,
        appuser7_.name as name6_0_6_,
        appuser7_.password as password7_0_6_,
        appuser7_.username as username8_0_6_,
        appuser7_.webpage as webpage9_0_6_,
        appuser8_.id as id1_0_7_,
        appuser8_.affiliation as affiliat2_0_7_,
        appuser8_.email as email3_0_7_,
        appuser8_.isCometeeMember as isComete4_0_7_,
        appuser8_.isSuperUser as isSuperU5_0_7_,
        appuser8_.name as name6_0_7_,
        appuser8_.password as password7_0_7_,
        appuser8_.username as username8_0_7_,
        appuser8_.webpage as webpage9_0_7_ 
    from
        SessionSchedule sessionsch0_ 
    left outer join
        Paper paper1_ 
            on sessionsch0_.PaperID=paper1_.id 
    left outer join
        UploadedFile uploadedfi2_ 
            on paper1_.id=uploadedfi2_.PaperID_Presentation 
    left outer join
        Paper paper3_ 
            on uploadedfi2_.PaperID_Abstract=paper3_.id 
    left outer join
        Paper paper4_ 
            on uploadedfi2_.PaperID_FullPaper=paper4_.id 
    inner join
        Sesion session5_ 
            on sessionsch0_.sesionID=session5_.id 
    left outer join
        Conference conference6_ 
            on session5_.conf_ID=conference6_.conf_id 
    left outer join
        AppUser appuser7_ 
            on session5_.sessionChairID=appuser7_.id 
    inner join
        AppUser appuser8_ 
            on sessionsch0_.speakerID=appuser8_.id 
    where
        sessionsch0_.PaperID=?
2017-06-03 23:35:15.681 TRACE 3896 --- [    Test worker] o.h.type.descriptor.sql.BasicBinder      : binding parameter [1] as [INTEGER] - [3]
2017-06-03 23:35:15.688  INFO 3896 --- [    Test worker] ationConfigEmbeddedWebApplicationContext : Closing org.springframework.boot.context.embedded.AnnotationConfigEmbeddedWebApplicationContext@3f2a972e: startup date [Sat Jun 03 23:35:06 EEST 2017]; root of context hierarchy
2017-06-03 23:35:15.692  INFO 3896 --- [    Test worker] j.LocalContainerEntityManagerFactoryBean : Closing JPA EntityManagerFactory for persistence unit 'default'
2017-06-03 23:35:15.692  INFO 3896 --- [    Test worker] com.zaxxer.hikari.HikariDataSource       : HikariPool-1 - Shutdown initiated...
2017-06-03 23:35:15.698  INFO 3896 --- [    Test worker] com.zaxxer.hikari.HikariDataSource       : HikariPool-1 - Shutdown completed.
]]></system-out>
  <system-err><![CDATA[]]></system-err>
</testsuite>
