<?xml version="1.0" encoding="UTF-8"?>
<testsuite name="dropbox.DropboxManagerTest" tests="1" skipped="0" failures="0" errors="0" timestamp="2017-06-05T22:52:06" hostname="DESKTOP-CD5HDT7" time="0.101">
  <properties/>
  <testcase name="testTrueIsTrue" classname="dropbox.DropboxManagerTest" time="0.101"/>
  <system-out><![CDATA[01:51:59.490 [Test worker] DEBUG org.springframework.test.context.junit4.SpringJUnit4ClassRunner - SpringJUnit4ClassRunner constructor called with [class dropbox.DropboxManagerTest]
01:51:59.495 [Test worker] DEBUG org.springframework.test.context.BootstrapUtils - Instantiating CacheAwareContextLoaderDelegate from class [org.springframework.test.context.cache.DefaultCacheAwareContextLoaderDelegate]
01:51:59.501 [Test worker] DEBUG org.springframework.test.context.BootstrapUtils - Instantiating BootstrapContext using constructor [public org.springframework.test.context.support.DefaultBootstrapContext(java.lang.Class,org.springframework.test.context.CacheAwareContextLoaderDelegate)]
01:51:59.516 [Test worker] DEBUG org.springframework.test.context.BootstrapUtils - Instantiating TestContextBootstrapper for test class [dropbox.DropboxManagerTest] from class [org.springframework.boot.test.context.SpringBootTestContextBootstrapper]
01:51:59.539 [Test worker] INFO org.springframework.boot.test.context.SpringBootTestContextBootstrapper - Neither @ContextConfiguration nor @ContextHierarchy found for test class [dropbox.DropboxManagerTest], using SpringBootContextLoader
01:51:59.544 [Test worker] DEBUG org.springframework.test.context.support.AbstractContextLoader - Did not detect default resource location for test class [dropbox.DropboxManagerTest]: class path resource [dropbox/DropboxManagerTest-context.xml] does not exist
01:51:59.544 [Test worker] DEBUG org.springframework.test.context.support.AbstractContextLoader - Did not detect default resource location for test class [dropbox.DropboxManagerTest]: class path resource [dropbox/DropboxManagerTestContext.groovy] does not exist
01:51:59.545 [Test worker] INFO org.springframework.test.context.support.AbstractContextLoader - Could not detect default resource locations for test class [dropbox.DropboxManagerTest]: no resource found for suffixes {-context.xml, Context.groovy}.
01:51:59.566 [Test worker] DEBUG org.springframework.test.context.support.ActiveProfilesUtils - Could not find an 'annotation declaring class' for annotation type [org.springframework.test.context.ActiveProfiles] and class [dropbox.DropboxManagerTest]
01:51:59.590 [Test worker] DEBUG org.springframework.boot.test.context.SpringBootTestContextBootstrapper - @TestExecutionListeners is not present for class [dropbox.DropboxManagerTest]: using defaults.
01:51:59.594 [Test worker] INFO org.springframework.boot.test.context.SpringBootTestContextBootstrapper - Loaded default TestExecutionListener class names from location [META-INF/spring.factories]: [org.springframework.boot.test.mock.mockito.MockitoTestExecutionListener, org.springframework.boot.test.mock.mockito.ResetMocksTestExecutionListener, org.springframework.test.context.web.ServletTestExecutionListener, org.springframework.test.context.support.DirtiesContextBeforeModesTestExecutionListener, org.springframework.test.context.support.DependencyInjectionTestExecutionListener, org.springframework.test.context.support.DirtiesContextTestExecutionListener, org.springframework.test.context.transaction.TransactionalTestExecutionListener, org.springframework.test.context.jdbc.SqlScriptsTestExecutionListener]
01:51:59.609 [Test worker] INFO org.springframework.boot.test.context.SpringBootTestContextBootstrapper - Using TestExecutionListeners: [org.springframework.test.context.web.ServletTestExecutionListener@4122ab81, org.springframework.test.context.support.DirtiesContextBeforeModesTestExecutionListener@755a6eb1, org.springframework.test.context.support.DependencyInjectionTestExecutionListener@6cb3357e, org.springframework.test.context.support.DirtiesContextTestExecutionListener@1ca470ff, org.springframework.test.context.transaction.TransactionalTestExecutionListener@488eae49, org.springframework.test.context.jdbc.SqlScriptsTestExecutionListener@6e876e0f, org.springframework.boot.test.mock.mockito.MockitoTestExecutionListener@1b6abe64, org.springframework.boot.test.mock.mockito.ResetMocksTestExecutionListener@2476067e]
01:51:59.611 [Test worker] DEBUG org.springframework.test.annotation.ProfileValueUtils - Retrieved @ProfileValueSourceConfiguration [null] for test class [dropbox.DropboxManagerTest]
01:51:59.612 [Test worker] DEBUG org.springframework.test.annotation.ProfileValueUtils - Retrieved ProfileValueSource type [class org.springframework.test.annotation.SystemProfileValueSource] for class [dropbox.DropboxManagerTest]
01:51:59.612 [Test worker] DEBUG org.springframework.test.annotation.ProfileValueUtils - Retrieved @ProfileValueSourceConfiguration [null] for test class [dropbox.DropboxManagerTest]
01:51:59.612 [Test worker] DEBUG org.springframework.test.annotation.ProfileValueUtils - Retrieved ProfileValueSource type [class org.springframework.test.annotation.SystemProfileValueSource] for class [dropbox.DropboxManagerTest]
01:51:59.616 [Test worker] DEBUG org.springframework.test.context.support.AbstractDirtiesContextTestExecutionListener - Before test class: context [DefaultTestContext@7909ca52 testClass = DropboxManagerTest, testInstance = [null], testMethod = [null], testException = [null], mergedContextConfiguration = [WebMergedContextConfiguration@7f480b5f testClass = DropboxManagerTest, locations = '{}', classes = '{class com.company.Application, class com.company.Application}', contextInitializerClasses = '[]', activeProfiles = '{}', propertySourceLocations = '{}', propertySourceProperties = '{org.springframework.boot.test.context.SpringBootTestContextBootstrapper=true, server.port=0}', contextCustomizers = set[org.springframework.boot.test.context.SpringBootTestContextCustomizer@ff2b489, org.springframework.boot.test.context.filter.ExcludeFilterContextCustomizer@16e300b5, org.springframework.boot.test.mock.mockito.MockitoContextCustomizer@0], resourceBasePath = 'src/main/webapp', contextLoader = 'org.springframework.boot.test.context.SpringBootContextLoader', parent = [null]]], class annotated with @DirtiesContext [false] with mode [null].
01:51:59.617 [Test worker] DEBUG org.springframework.test.annotation.ProfileValueUtils - Retrieved @ProfileValueSourceConfiguration [null] for test class [dropbox.DropboxManagerTest]
01:51:59.617 [Test worker] DEBUG org.springframework.test.annotation.ProfileValueUtils - Retrieved ProfileValueSource type [class org.springframework.test.annotation.SystemProfileValueSource] for class [dropbox.DropboxManagerTest]
01:51:59.618 [Test worker] DEBUG org.springframework.test.context.support.DependencyInjectionTestExecutionListener - Performing dependency injection for test context [[DefaultTestContext@7909ca52 testClass = DropboxManagerTest, testInstance = dropbox.DropboxManagerTest@b617dd7, testMethod = [null], testException = [null], mergedContextConfiguration = [WebMergedContextConfiguration@7f480b5f testClass = DropboxManagerTest, locations = '{}', classes = '{class com.company.Application, class com.company.Application}', contextInitializerClasses = '[]', activeProfiles = '{}', propertySourceLocations = '{}', propertySourceProperties = '{org.springframework.boot.test.context.SpringBootTestContextBootstrapper=true, server.port=0}', contextCustomizers = set[org.springframework.boot.test.context.SpringBootTestContextCustomizer@ff2b489, org.springframework.boot.test.context.filter.ExcludeFilterContextCustomizer@16e300b5, org.springframework.boot.test.mock.mockito.MockitoContextCustomizer@0], resourceBasePath = 'src/main/webapp', contextLoader = 'org.springframework.boot.test.context.SpringBootContextLoader', parent = [null]]]].
01:51:59.673 [Test worker] DEBUG org.springframework.core.env.StandardEnvironment - Adding [systemProperties] PropertySource with lowest search precedence
01:51:59.673 [Test worker] DEBUG org.springframework.core.env.StandardEnvironment - Adding [systemEnvironment] PropertySource with lowest search precedence
01:51:59.674 [Test worker] DEBUG org.springframework.core.env.StandardEnvironment - Initialized StandardEnvironment with PropertySources [systemProperties,systemEnvironment]
01:51:59.675 [Test worker] DEBUG org.springframework.test.context.support.TestPropertySourceUtils - Adding inlined properties to environment: {spring.jmx.enabled=false, org.springframework.boot.test.context.SpringBootTestContextBootstrapper=true, server.port=0}
01:51:59.675 [Test worker] DEBUG org.springframework.core.env.StandardEnvironment - Adding [Inlined Test Properties] PropertySource with highest search precedence

  .   ____          _            __ _ _
 /\\ / ___'_ __ _ _(_)_ __  __ _ \ \ \ \
( ( )\___ | '_ | '_| | '_ \/ _` | \ \ \ \
 \\/  ___)| |_)| | | | | || (_| |  ) ) ) )
  '  |____| .__|_| |_|_| |_\__, | / / / /
 =========|_|==============|___/=/_/_/_/
 :: Spring Boot ::        (v1.5.3.RELEASE)

2017-06-06 01:51:59.949  INFO 10672 --- [    Test worker] dropbox.DropboxManagerTest               : Starting DropboxManagerTest on DESKTOP-CD5HDT7 with PID 10672 (started by AlexandruD in D:\Projects\iss\software-engineering-223-1\backend-project\conference-management)
2017-06-06 01:51:59.950  INFO 10672 --- [    Test worker] dropbox.DropboxManagerTest               : The following profiles are active: dev
2017-06-06 01:51:59.973  INFO 10672 --- [    Test worker] ationConfigEmbeddedWebApplicationContext : Refreshing org.springframework.boot.context.embedded.AnnotationConfigEmbeddedWebApplicationContext@790cd917: startup date [Tue Jun 06 01:51:59 EEST 2017]; root of context hierarchy
2017-06-06 01:52:01.813  INFO 10672 --- [    Test worker] s.b.c.e.t.TomcatEmbeddedServletContainer : Tomcat initialized with port(s): 0 (http)
2017-06-06 01:52:01.825  INFO 10672 --- [    Test worker] o.apache.catalina.core.StandardService   : Starting service Tomcat
2017-06-06 01:52:01.826  INFO 10672 --- [    Test worker] org.apache.catalina.core.StandardEngine  : Starting Servlet Engine: Apache Tomcat/8.5.14
2017-06-06 01:52:01.970  INFO 10672 --- [ost-startStop-1] o.a.c.c.C.[Tomcat].[localhost].[/]       : Initializing Spring embedded WebApplicationContext
2017-06-06 01:52:01.970  INFO 10672 --- [ost-startStop-1] o.s.web.context.ContextLoader            : Root WebApplicationContext: initialization completed in 2000 ms
2017-06-06 01:52:02.162  INFO 10672 --- [ost-startStop-1] o.s.b.w.servlet.ServletRegistrationBean  : Mapping servlet: 'dispatcherServlet' to [/]
2017-06-06 01:52:02.166  INFO 10672 --- [ost-startStop-1] o.s.b.w.servlet.FilterRegistrationBean   : Mapping filter: 'characterEncodingFilter' to: [/*]
2017-06-06 01:52:02.167  INFO 10672 --- [ost-startStop-1] o.s.b.w.servlet.FilterRegistrationBean   : Mapping filter: 'hiddenHttpMethodFilter' to: [/*]
2017-06-06 01:52:02.167  INFO 10672 --- [ost-startStop-1] o.s.b.w.servlet.FilterRegistrationBean   : Mapping filter: 'httpPutFormContentFilter' to: [/*]
2017-06-06 01:52:02.167  INFO 10672 --- [ost-startStop-1] o.s.b.w.servlet.FilterRegistrationBean   : Mapping filter: 'requestContextFilter' to: [/*]
2017-06-06 01:52:02.242  INFO 10672 --- [    Test worker] com.zaxxer.hikari.HikariDataSource       : HikariPool-1 - Starting...
2017-06-06 01:52:02.673  INFO 10672 --- [    Test worker] com.zaxxer.hikari.HikariDataSource       : HikariPool-1 - Start completed.
2017-06-06 01:52:02.844  INFO 10672 --- [    Test worker] j.LocalContainerEntityManagerFactoryBean : Building JPA container EntityManagerFactory for persistence unit 'default'
2017-06-06 01:52:02.866  INFO 10672 --- [    Test worker] o.hibernate.jpa.internal.util.LogHelper  : HHH000204: Processing PersistenceUnitInfo [
	name: default
	...]
2017-06-06 01:52:02.939  INFO 10672 --- [    Test worker] org.hibernate.Version                    : HHH000412: Hibernate Core {5.2.10.Final}
2017-06-06 01:52:02.940  INFO 10672 --- [    Test worker] org.hibernate.cfg.Environment            : HHH000206: hibernate.properties not found
2017-06-06 01:52:02.976  INFO 10672 --- [    Test worker] o.hibernate.annotations.common.Version   : HCANN000001: Hibernate Commons Annotations {5.0.1.Final}
2017-06-06 01:52:03.130  INFO 10672 --- [    Test worker] org.hibernate.dialect.Dialect            : HHH000400: Using dialect: org.hibernate.dialect.SQLServerDialect
2017-06-06 01:52:04.396  INFO 10672 --- [    Test worker] j.LocalContainerEntityManagerFactoryBean : Initialized JPA EntityManagerFactory for persistence unit 'default'
2017-06-06 01:52:05.023  INFO 10672 --- [    Test worker] o.h.h.i.QueryTranslatorFactoryInitiator  : HHH000397: Using ASTQueryTranslatorFactory
2017-06-06 01:52:05.641  INFO 10672 --- [    Test worker] s.w.s.m.m.a.RequestMappingHandlerAdapter : Looking for @ControllerAdvice: org.springframework.boot.context.embedded.AnnotationConfigEmbeddedWebApplicationContext@790cd917: startup date [Tue Jun 06 01:51:59 EEST 2017]; root of context hierarchy
2017-06-06 01:52:05.729  INFO 10672 --- [    Test worker] s.w.s.m.m.a.RequestMappingHandlerMapping : Mapped "{[/users/login],methods=[POST]}" onto public org.springframework.http.ResponseEntity<com.company.utils.ResponseJSON<java.lang.String>> com.company.controller.UserController.login(com.company.controller.loginRequest,javax.servlet.http.HttpServletResponse)
2017-06-06 01:52:05.730  INFO 10672 --- [    Test worker] s.w.s.m.m.a.RequestMappingHandlerMapping : Mapped "{[/users],methods=[GET]}" onto public java.lang.Iterable<com.company.domain.AppUser> com.company.controller.UserController.getUsers()
2017-06-06 01:52:05.731  INFO 10672 --- [    Test worker] s.w.s.m.m.a.RequestMappingHandlerMapping : Mapped "{[/users/],methods=[GET]}" onto public org.springframework.http.ResponseEntity<com.company.utils.ResponseJSON<java.lang.Iterable<com.company.controller.UserResponse>>> com.company.controller.UserController.handle_get_all()
2017-06-06 01:52:05.731  INFO 10672 --- [    Test worker] s.w.s.m.m.a.RequestMappingHandlerMapping : Mapped "{[/users/{username}],methods=[POST]}" onto public void com.company.controller.UserController.updateUser(java.lang.String,com.company.domain.AppUser)
2017-06-06 01:52:05.731  INFO 10672 --- [    Test worker] s.w.s.m.m.a.RequestMappingHandlerMapping : Mapped "{[/users/loggedIn],methods=[GET]}" onto public org.springframework.http.ResponseEntity<com.company.utils.ResponseJSON<com.company.controller.loggedInResponse>> com.company.controller.UserController.handle_loggedIn(java.lang.String,java.lang.String)
2017-06-06 01:52:05.732  INFO 10672 --- [    Test worker] s.w.s.m.m.a.RequestMappingHandlerMapping : Mapped "{[/users/mine],methods=[GET]}" onto public org.springframework.http.ResponseEntity<com.company.utils.ResponseJSON<com.company.controller.UserResponse>> com.company.controller.UserController.handle_get_mine(java.lang.String,java.lang.String)
2017-06-06 01:52:05.732  INFO 10672 --- [    Test worker] s.w.s.m.m.a.RequestMappingHandlerMapping : Mapped "{[/users/privileges],methods=[GET]}" onto public org.springframework.http.ResponseEntity<com.company.utils.ResponseJSON<com.company.controller.ConferencePrivileges>> com.company.controller.UserController.handle_getConferencePrivileges(java.lang.String,java.lang.String,java.lang.Integer)
2017-06-06 01:52:05.732  INFO 10672 --- [    Test worker] s.w.s.m.m.a.RequestMappingHandlerMapping : Mapped "{[/users/{username}],methods=[PUT]}" onto public org.springframework.http.ResponseEntity<com.company.utils.ResponseJSON<java.lang.String>> com.company.controller.UserController.handle_update_user(java.lang.String,com.company.controller.updateUserRequest,java.lang.String,java.lang.String,javax.servlet.http.HttpServletResponse)
2017-06-06 01:52:05.733  INFO 10672 --- [    Test worker] s.w.s.m.m.a.RequestMappingHandlerMapping : Mapped "{[/users/{username}/{conferenceId}],methods=[PUT]}" onto public org.springframework.http.ResponseEntity<com.company.utils.ResponseJSON<java.lang.String>> com.company.controller.UserController.handle_grant_permissions(java.lang.String,java.lang.Integer,com.company.controller.grantPermissionsRequest,java.lang.String,java.lang.String)
2017-06-06 01:52:05.733  INFO 10672 --- [    Test worker] s.w.s.m.m.a.RequestMappingHandlerMapping : Mapped "{[/users/submittedPapers],methods=[GET]}" onto public org.springframework.http.ResponseEntity<com.company.utils.ResponseJSON<java.util.List<com.company.controller.submittedPaperResponse>>> com.company.controller.UserController.handle_get_submitted_papers(java.lang.String,java.lang.String,java.lang.String)
2017-06-06 01:52:05.733  INFO 10672 --- [    Test worker] s.w.s.m.m.a.RequestMappingHandlerMapping : Mapped "{[/users/submittedPapers/{idPaper}/reviews],methods=[GET]}" onto public org.springframework.http.ResponseEntity<com.company.utils.ResponseJSON<java.util.List<com.company.controller.reviewResponse>>> com.company.controller.UserController.handle_get_paper_reviews(java.lang.String,java.lang.String,int)
2017-06-06 01:52:05.733  INFO 10672 --- [    Test worker] s.w.s.m.m.a.RequestMappingHandlerMapping : Mapped "{[/users/bids/{idPaper}],methods=[PUT]}" onto public org.springframework.http.ResponseEntity<com.company.utils.ResponseJSON<java.lang.String>> com.company.controller.UserController.handle_put_my_bid_for_paper(java.lang.String,java.lang.String,int,com.company.controller.bidResponse)
2017-06-06 01:52:05.734  INFO 10672 --- [    Test worker] s.w.s.m.m.a.RequestMappingHandlerMapping : Mapped "{[/users/assignedForReview],methods=[GET]}" onto public org.springframework.http.ResponseEntity<com.company.utils.ResponseJSON<java.lang.Iterable<com.company.controller.submittedPaperResponse>>> com.company.controller.UserController.handle_get_assigned(java.lang.String,java.lang.String)
2017-06-06 01:52:05.734  INFO 10672 --- [    Test worker] s.w.s.m.m.a.RequestMappingHandlerMapping : Mapped "{[/users/reviews/{paperId}],methods=[GET]}" onto public org.springframework.http.ResponseEntity<com.company.utils.ResponseJSON<com.company.controller.reviewResponse>> com.company.controller.UserController.handle_get_review(java.lang.String,java.lang.String,int)
2017-06-06 01:52:05.734  INFO 10672 --- [    Test worker] s.w.s.m.m.a.RequestMappingHandlerMapping : Mapped "{[/users/],methods=[POST]}" onto public org.springframework.http.ResponseEntity<com.company.utils.ResponseJSON<java.lang.String>> com.company.controller.UserController.handle_create_user(com.company.controller.updateUserRequest)
2017-06-06 01:52:05.735  INFO 10672 --- [    Test worker] s.w.s.m.m.a.RequestMappingHandlerMapping : Mapped "{[/users/bids/{idPaper}],methods=[GET]}" onto public org.springframework.http.ResponseEntity<com.company.utils.ResponseJSON<com.company.controller.bidResponse>> com.company.controller.UserController.handle_get_my_bid_for_paper(java.lang.String,java.lang.String,int)
2017-06-06 01:52:05.735  INFO 10672 --- [    Test worker] s.w.s.m.m.a.RequestMappingHandlerMapping : Mapped "{[/users/reviews/{idPaper}],methods=[PUT]}" onto public org.springframework.http.ResponseEntity<com.company.utils.ResponseJSON<java.lang.String>> com.company.controller.UserController.handle_put_my_review_for_paper(java.lang.String,java.lang.String,int,com.company.controller.reviewResponse)
2017-06-06 01:52:05.735  INFO 10672 --- [    Test worker] s.w.s.m.m.a.RequestMappingHandlerMapping : Mapped "{[/users/submittedPapers/{paperId}/presentation],methods=[POST]}" onto public org.springframework.http.ResponseEntity<com.company.utils.ResponseJSON<java.lang.String>> com.company.controller.UserController.uploadPresentation(java.lang.String,java.lang.String,java.lang.Integer,com.company.controller.PresentationPostDTO)
2017-06-06 01:52:05.736  INFO 10672 --- [    Test worker] s.w.s.m.m.a.RequestMappingHandlerMapping : Mapped "{[/users/{id}/assignPaper/{paperId}],methods=[PUT]}" onto public org.springframework.http.ResponseEntity<com.company.utils.ResponseJSON<java.lang.String>> com.company.controller.UserController.handle_assign_paper(java.lang.String,java.lang.String,java.lang.String,int)
2017-06-06 01:52:05.738  INFO 10672 --- [    Test worker] s.w.s.m.m.a.RequestMappingHandlerMapping : Mapped "{[/error]}" onto public org.springframework.http.ResponseEntity<java.util.Map<java.lang.String, java.lang.Object>> org.springframework.boot.autoconfigure.web.BasicErrorController.error(javax.servlet.http.HttpServletRequest)
2017-06-06 01:52:05.739  INFO 10672 --- [    Test worker] s.w.s.m.m.a.RequestMappingHandlerMapping : Mapped "{[/error],produces=[text/html]}" onto public org.springframework.web.servlet.ModelAndView org.springframework.boot.autoconfigure.web.BasicErrorController.errorHtml(javax.servlet.http.HttpServletRequest,javax.servlet.http.HttpServletResponse)
2017-06-06 01:52:05.773  INFO 10672 --- [    Test worker] o.s.w.s.handler.SimpleUrlHandlerMapping  : Mapped URL path [/webjars/**] onto handler of type [class org.springframework.web.servlet.resource.ResourceHttpRequestHandler]
2017-06-06 01:52:05.773  INFO 10672 --- [    Test worker] o.s.w.s.handler.SimpleUrlHandlerMapping  : Mapped URL path [/**] onto handler of type [class org.springframework.web.servlet.resource.ResourceHttpRequestHandler]
2017-06-06 01:52:05.825  INFO 10672 --- [    Test worker] o.s.w.s.handler.SimpleUrlHandlerMapping  : Mapped URL path [/**/favicon.ico] onto handler of type [class org.springframework.web.servlet.resource.ResourceHttpRequestHandler]
2017-06-06 01:52:06.184  INFO 10672 --- [    Test worker] s.b.c.e.t.TomcatEmbeddedServletContainer : Tomcat started on port(s): 15306 (http)
2017-06-06 01:52:06.190  INFO 10672 --- [    Test worker] dropbox.DropboxManagerTest               : Started DropboxManagerTest in 6.512 seconds (JVM running for 7.246)
]]></system-out>
  <system-err><![CDATA[]]></system-err>
</testsuite>
