<?xml version="1.0" encoding="UTF-8"?>
<testsuite name="dropbox.DropboxManagerTest" tests="1" skipped="0" failures="0" errors="0" timestamp="2017-06-04T14:25:01" hostname="DESKTOP-CD5HDT7" time="0.108">
  <properties/>
  <testcase name="testTrueIsTrue" classname="dropbox.DropboxManagerTest" time="0.108"/>
  <system-out><![CDATA[17:24:54.917 [Test worker] DEBUG org.springframework.test.context.junit4.SpringJUnit4ClassRunner - SpringJUnit4ClassRunner constructor called with [class dropbox.DropboxManagerTest]
17:24:54.922 [Test worker] DEBUG org.springframework.test.context.BootstrapUtils - Instantiating CacheAwareContextLoaderDelegate from class [org.springframework.test.context.cache.DefaultCacheAwareContextLoaderDelegate]
17:24:54.928 [Test worker] DEBUG org.springframework.test.context.BootstrapUtils - Instantiating BootstrapContext using constructor [public org.springframework.test.context.support.DefaultBootstrapContext(java.lang.Class,org.springframework.test.context.CacheAwareContextLoaderDelegate)]
17:24:54.940 [Test worker] DEBUG org.springframework.test.context.BootstrapUtils - Instantiating TestContextBootstrapper for test class [dropbox.DropboxManagerTest] from class [org.springframework.boot.test.context.SpringBootTestContextBootstrapper]
17:24:54.955 [Test worker] INFO org.springframework.boot.test.context.SpringBootTestContextBootstrapper - Neither @ContextConfiguration nor @ContextHierarchy found for test class [dropbox.DropboxManagerTest], using SpringBootContextLoader
17:24:54.959 [Test worker] DEBUG org.springframework.test.context.support.AbstractContextLoader - Did not detect default resource location for test class [dropbox.DropboxManagerTest]: class path resource [dropbox/DropboxManagerTest-context.xml] does not exist
17:24:54.959 [Test worker] DEBUG org.springframework.test.context.support.AbstractContextLoader - Did not detect default resource location for test class [dropbox.DropboxManagerTest]: class path resource [dropbox/DropboxManagerTestContext.groovy] does not exist
17:24:54.960 [Test worker] INFO org.springframework.test.context.support.AbstractContextLoader - Could not detect default resource locations for test class [dropbox.DropboxManagerTest]: no resource found for suffixes {-context.xml, Context.groovy}.
17:24:54.978 [Test worker] DEBUG org.springframework.test.context.support.ActiveProfilesUtils - Could not find an 'annotation declaring class' for annotation type [org.springframework.test.context.ActiveProfiles] and class [dropbox.DropboxManagerTest]
17:24:54.998 [Test worker] DEBUG org.springframework.boot.test.context.SpringBootTestContextBootstrapper - @TestExecutionListeners is not present for class [dropbox.DropboxManagerTest]: using defaults.
17:24:55.001 [Test worker] INFO org.springframework.boot.test.context.SpringBootTestContextBootstrapper - Loaded default TestExecutionListener class names from location [META-INF/spring.factories]: [org.springframework.boot.test.mock.mockito.MockitoTestExecutionListener, org.springframework.boot.test.mock.mockito.ResetMocksTestExecutionListener, org.springframework.test.context.web.ServletTestExecutionListener, org.springframework.test.context.support.DirtiesContextBeforeModesTestExecutionListener, org.springframework.test.context.support.DependencyInjectionTestExecutionListener, org.springframework.test.context.support.DirtiesContextTestExecutionListener, org.springframework.test.context.transaction.TransactionalTestExecutionListener, org.springframework.test.context.jdbc.SqlScriptsTestExecutionListener]
17:24:55.016 [Test worker] INFO org.springframework.boot.test.context.SpringBootTestContextBootstrapper - Using TestExecutionListeners: [org.springframework.test.context.web.ServletTestExecutionListener@4122ab81, org.springframework.test.context.support.DirtiesContextBeforeModesTestExecutionListener@755a6eb1, org.springframework.test.context.support.DependencyInjectionTestExecutionListener@6cb3357e, org.springframework.test.context.support.DirtiesContextTestExecutionListener@1ca470ff, org.springframework.test.context.transaction.TransactionalTestExecutionListener@488eae49, org.springframework.test.context.jdbc.SqlScriptsTestExecutionListener@6e876e0f, org.springframework.boot.test.mock.mockito.MockitoTestExecutionListener@1b6abe64, org.springframework.boot.test.mock.mockito.ResetMocksTestExecutionListener@2476067e]
17:24:55.018 [Test worker] DEBUG org.springframework.test.annotation.ProfileValueUtils - Retrieved @ProfileValueSourceConfiguration [null] for test class [dropbox.DropboxManagerTest]
17:24:55.018 [Test worker] DEBUG org.springframework.test.annotation.ProfileValueUtils - Retrieved ProfileValueSource type [class org.springframework.test.annotation.SystemProfileValueSource] for class [dropbox.DropboxManagerTest]
17:24:55.019 [Test worker] DEBUG org.springframework.test.annotation.ProfileValueUtils - Retrieved @ProfileValueSourceConfiguration [null] for test class [dropbox.DropboxManagerTest]
17:24:55.019 [Test worker] DEBUG org.springframework.test.annotation.ProfileValueUtils - Retrieved ProfileValueSource type [class org.springframework.test.annotation.SystemProfileValueSource] for class [dropbox.DropboxManagerTest]
17:24:55.023 [Test worker] DEBUG org.springframework.test.context.support.AbstractDirtiesContextTestExecutionListener - Before test class: context [DefaultTestContext@7909ca52 testClass = DropboxManagerTest, testInstance = [null], testMethod = [null], testException = [null], mergedContextConfiguration = [WebMergedContextConfiguration@7f480b5f testClass = DropboxManagerTest, locations = '{}', classes = '{class com.company.Application, class com.company.Application}', contextInitializerClasses = '[]', activeProfiles = '{}', propertySourceLocations = '{}', propertySourceProperties = '{org.springframework.boot.test.context.SpringBootTestContextBootstrapper=true, server.port=0}', contextCustomizers = set[org.springframework.boot.test.context.SpringBootTestContextCustomizer@ff2b489, org.springframework.boot.test.context.filter.ExcludeFilterContextCustomizer@16e300b5, org.springframework.boot.test.mock.mockito.MockitoContextCustomizer@0], resourceBasePath = 'src/main/webapp', contextLoader = 'org.springframework.boot.test.context.SpringBootContextLoader', parent = [null]]], class annotated with @DirtiesContext [false] with mode [null].
17:24:55.023 [Test worker] DEBUG org.springframework.test.annotation.ProfileValueUtils - Retrieved @ProfileValueSourceConfiguration [null] for test class [dropbox.DropboxManagerTest]
17:24:55.024 [Test worker] DEBUG org.springframework.test.annotation.ProfileValueUtils - Retrieved ProfileValueSource type [class org.springframework.test.annotation.SystemProfileValueSource] for class [dropbox.DropboxManagerTest]
17:24:55.025 [Test worker] DEBUG org.springframework.test.context.support.DependencyInjectionTestExecutionListener - Performing dependency injection for test context [[DefaultTestContext@7909ca52 testClass = DropboxManagerTest, testInstance = dropbox.DropboxManagerTest@b617dd7, testMethod = [null], testException = [null], mergedContextConfiguration = [WebMergedContextConfiguration@7f480b5f testClass = DropboxManagerTest, locations = '{}', classes = '{class com.company.Application, class com.company.Application}', contextInitializerClasses = '[]', activeProfiles = '{}', propertySourceLocations = '{}', propertySourceProperties = '{org.springframework.boot.test.context.SpringBootTestContextBootstrapper=true, server.port=0}', contextCustomizers = set[org.springframework.boot.test.context.SpringBootTestContextCustomizer@ff2b489, org.springframework.boot.test.context.filter.ExcludeFilterContextCustomizer@16e300b5, org.springframework.boot.test.mock.mockito.MockitoContextCustomizer@0], resourceBasePath = 'src/main/webapp', contextLoader = 'org.springframework.boot.test.context.SpringBootContextLoader', parent = [null]]]].
17:24:55.093 [Test worker] DEBUG org.springframework.core.env.StandardEnvironment - Adding [systemProperties] PropertySource with lowest search precedence
17:24:55.093 [Test worker] DEBUG org.springframework.core.env.StandardEnvironment - Adding [systemEnvironment] PropertySource with lowest search precedence
17:24:55.094 [Test worker] DEBUG org.springframework.core.env.StandardEnvironment - Initialized StandardEnvironment with PropertySources [systemProperties,systemEnvironment]
17:24:55.095 [Test worker] DEBUG org.springframework.test.context.support.TestPropertySourceUtils - Adding inlined properties to environment: {spring.jmx.enabled=false, org.springframework.boot.test.context.SpringBootTestContextBootstrapper=true, server.port=0}
17:24:55.095 [Test worker] DEBUG org.springframework.core.env.StandardEnvironment - Adding [Inlined Test Properties] PropertySource with highest search precedence

  .   ____          _            __ _ _
 /\\ / ___'_ __ _ _(_)_ __  __ _ \ \ \ \
( ( )\___ | '_ | '_| | '_ \/ _` | \ \ \ \
 \\/  ___)| |_)| | | | | || (_| |  ) ) ) )
  '  |____| .__|_| |_|_| |_\__, | / / / /
 =========|_|==============|___/=/_/_/_/
 :: Spring Boot ::        (v1.5.3.RELEASE)

2017-06-04 17:24:55.357  INFO 8532 --- [    Test worker] dropbox.DropboxManagerTest               : Starting DropboxManagerTest on DESKTOP-CD5HDT7 with PID 8532 (started by AlexandruD in D:\Projects\iss\software-engineering-223-1\backend-project\conference-management)
2017-06-04 17:24:55.359  INFO 8532 --- [    Test worker] dropbox.DropboxManagerTest               : The following profiles are active: dev
2017-06-04 17:24:55.388  INFO 8532 --- [    Test worker] ationConfigEmbeddedWebApplicationContext : Refreshing org.springframework.boot.context.embedded.AnnotationConfigEmbeddedWebApplicationContext@790cd917: startup date [Sun Jun 04 17:24:55 EEST 2017]; root of context hierarchy
2017-06-04 17:24:57.211  INFO 8532 --- [    Test worker] s.b.c.e.t.TomcatEmbeddedServletContainer : Tomcat initialized with port(s): 0 (http)
2017-06-04 17:24:57.225  INFO 8532 --- [    Test worker] o.apache.catalina.core.StandardService   : Starting service Tomcat
2017-06-04 17:24:57.226  INFO 8532 --- [    Test worker] org.apache.catalina.core.StandardEngine  : Starting Servlet Engine: Apache Tomcat/8.5.14
2017-06-04 17:24:57.368  INFO 8532 --- [ost-startStop-1] o.a.c.c.C.[Tomcat].[localhost].[/]       : Initializing Spring embedded WebApplicationContext
2017-06-04 17:24:57.368  INFO 8532 --- [ost-startStop-1] o.s.web.context.ContextLoader            : Root WebApplicationContext: initialization completed in 1982 ms
2017-06-04 17:24:57.571  INFO 8532 --- [ost-startStop-1] o.s.b.w.servlet.ServletRegistrationBean  : Mapping servlet: 'dispatcherServlet' to [/]
2017-06-04 17:24:57.576  INFO 8532 --- [ost-startStop-1] o.s.b.w.servlet.FilterRegistrationBean   : Mapping filter: 'characterEncodingFilter' to: [/*]
2017-06-04 17:24:57.576  INFO 8532 --- [ost-startStop-1] o.s.b.w.servlet.FilterRegistrationBean   : Mapping filter: 'hiddenHttpMethodFilter' to: [/*]
2017-06-04 17:24:57.577  INFO 8532 --- [ost-startStop-1] o.s.b.w.servlet.FilterRegistrationBean   : Mapping filter: 'httpPutFormContentFilter' to: [/*]
2017-06-04 17:24:57.577  INFO 8532 --- [ost-startStop-1] o.s.b.w.servlet.FilterRegistrationBean   : Mapping filter: 'requestContextFilter' to: [/*]
2017-06-04 17:24:57.642  INFO 8532 --- [    Test worker] com.zaxxer.hikari.HikariDataSource       : HikariPool-1 - Starting...
2017-06-04 17:24:58.178  INFO 8532 --- [    Test worker] com.zaxxer.hikari.HikariDataSource       : HikariPool-1 - Start completed.
2017-06-04 17:24:58.454  INFO 8532 --- [    Test worker] j.LocalContainerEntityManagerFactoryBean : Building JPA container EntityManagerFactory for persistence unit 'default'
2017-06-04 17:24:58.485  INFO 8532 --- [    Test worker] o.hibernate.jpa.internal.util.LogHelper  : HHH000204: Processing PersistenceUnitInfo [
	name: default
	...]
2017-06-04 17:24:58.586  INFO 8532 --- [    Test worker] org.hibernate.Version                    : HHH000412: Hibernate Core {5.2.10.Final}
2017-06-04 17:24:58.588  INFO 8532 --- [    Test worker] org.hibernate.cfg.Environment            : HHH000206: hibernate.properties not found
2017-06-04 17:24:58.636  INFO 8532 --- [    Test worker] o.hibernate.annotations.common.Version   : HCANN000001: Hibernate Commons Annotations {5.0.1.Final}
2017-06-04 17:24:58.818  INFO 8532 --- [    Test worker] org.hibernate.dialect.Dialect            : HHH000400: Using dialect: org.hibernate.dialect.SQLServerDialect
2017-06-04 17:24:59.956  INFO 8532 --- [    Test worker] j.LocalContainerEntityManagerFactoryBean : Initialized JPA EntityManagerFactory for persistence unit 'default'
2017-06-04 17:25:00.515  INFO 8532 --- [    Test worker] o.h.h.i.QueryTranslatorFactoryInitiator  : HHH000397: Using ASTQueryTranslatorFactory
2017-06-04 17:25:01.088  INFO 8532 --- [    Test worker] s.w.s.m.m.a.RequestMappingHandlerAdapter : Looking for @ControllerAdvice: org.springframework.boot.context.embedded.AnnotationConfigEmbeddedWebApplicationContext@790cd917: startup date [Sun Jun 04 17:24:55 EEST 2017]; root of context hierarchy
2017-06-04 17:25:01.164  INFO 8532 --- [    Test worker] s.w.s.m.m.a.RequestMappingHandlerMapping : Mapped "{[/users/{username}/submittedPapers/{paperId}/presentation],methods=[POST]}" onto public void com.company.controller.UserController.uploadPresentation(java.lang.String,java.lang.Integer,com.company.controller.UserController$PresentationPostDTO)
2017-06-04 17:25:01.165  INFO 8532 --- [    Test worker] s.w.s.m.m.a.RequestMappingHandlerMapping : Mapped "{[/users],methods=[GET]}" onto public java.lang.Iterable<com.company.domain.AppUser> com.company.controller.UserController.getUsers()
2017-06-04 17:25:01.166  INFO 8532 --- [    Test worker] s.w.s.m.m.a.RequestMappingHandlerMapping : Mapped "{[/users/{username}],methods=[POST]}" onto public void com.company.controller.UserController.updateUser(java.lang.String,com.company.domain.AppUser)
2017-06-04 17:25:01.168  INFO 8532 --- [    Test worker] s.w.s.m.m.a.RequestMappingHandlerMapping : Mapped "{[/error]}" onto public org.springframework.http.ResponseEntity<java.util.Map<java.lang.String, java.lang.Object>> org.springframework.boot.autoconfigure.web.BasicErrorController.error(javax.servlet.http.HttpServletRequest)
2017-06-04 17:25:01.168  INFO 8532 --- [    Test worker] s.w.s.m.m.a.RequestMappingHandlerMapping : Mapped "{[/error],produces=[text/html]}" onto public org.springframework.web.servlet.ModelAndView org.springframework.boot.autoconfigure.web.BasicErrorController.errorHtml(javax.servlet.http.HttpServletRequest,javax.servlet.http.HttpServletResponse)
2017-06-04 17:25:01.199  INFO 8532 --- [    Test worker] o.s.w.s.handler.SimpleUrlHandlerMapping  : Mapped URL path [/webjars/**] onto handler of type [class org.springframework.web.servlet.resource.ResourceHttpRequestHandler]
2017-06-04 17:25:01.200  INFO 8532 --- [    Test worker] o.s.w.s.handler.SimpleUrlHandlerMapping  : Mapped URL path [/**] onto handler of type [class org.springframework.web.servlet.resource.ResourceHttpRequestHandler]
2017-06-04 17:25:01.253  INFO 8532 --- [    Test worker] o.s.w.s.handler.SimpleUrlHandlerMapping  : Mapped URL path [/**/favicon.ico] onto handler of type [class org.springframework.web.servlet.resource.ResourceHttpRequestHandler]
2017-06-04 17:25:01.575  INFO 8532 --- [    Test worker] s.b.c.e.t.TomcatEmbeddedServletContainer : Tomcat started on port(s): 5497 (http)
2017-06-04 17:25:01.581  INFO 8532 --- [    Test worker] dropbox.DropboxManagerTest               : Started DropboxManagerTest in 6.481 seconds (JVM running for 7.262)
]]></system-out>
  <system-err><![CDATA[]]></system-err>
</testsuite>
