<?xml version="1.0" encoding="UTF-8"?>
<testsuite name="dropbox.DropboxManagerTest" tests="1" skipped="0" failures="0" errors="0" timestamp="2017-06-08T21:46:13" hostname="DESKTOP-CD5HDT7" time="0.088">
  <properties/>
  <testcase name="testTrueIsTrue" classname="dropbox.DropboxManagerTest" time="0.088"/>
  <system-out><![CDATA[00:46:07.213 [Test worker] DEBUG org.springframework.test.context.junit4.SpringJUnit4ClassRunner - SpringJUnit4ClassRunner constructor called with [class dropbox.DropboxManagerTest]
00:46:07.218 [Test worker] DEBUG org.springframework.test.context.BootstrapUtils - Instantiating CacheAwareContextLoaderDelegate from class [org.springframework.test.context.cache.DefaultCacheAwareContextLoaderDelegate]
00:46:07.223 [Test worker] DEBUG org.springframework.test.context.BootstrapUtils - Instantiating BootstrapContext using constructor [public org.springframework.test.context.support.DefaultBootstrapContext(java.lang.Class,org.springframework.test.context.CacheAwareContextLoaderDelegate)]
00:46:07.236 [Test worker] DEBUG org.springframework.test.context.BootstrapUtils - Instantiating TestContextBootstrapper for test class [dropbox.DropboxManagerTest] from class [org.springframework.boot.test.context.SpringBootTestContextBootstrapper]
00:46:07.253 [Test worker] INFO org.springframework.boot.test.context.SpringBootTestContextBootstrapper - Neither @ContextConfiguration nor @ContextHierarchy found for test class [dropbox.DropboxManagerTest], using SpringBootContextLoader
00:46:07.256 [Test worker] DEBUG org.springframework.test.context.support.AbstractContextLoader - Did not detect default resource location for test class [dropbox.DropboxManagerTest]: class path resource [dropbox/DropboxManagerTest-context.xml] does not exist
00:46:07.256 [Test worker] DEBUG org.springframework.test.context.support.AbstractContextLoader - Did not detect default resource location for test class [dropbox.DropboxManagerTest]: class path resource [dropbox/DropboxManagerTestContext.groovy] does not exist
00:46:07.256 [Test worker] INFO org.springframework.test.context.support.AbstractContextLoader - Could not detect default resource locations for test class [dropbox.DropboxManagerTest]: no resource found for suffixes {-context.xml, Context.groovy}.
00:46:07.275 [Test worker] DEBUG org.springframework.test.context.support.ActiveProfilesUtils - Could not find an 'annotation declaring class' for annotation type [org.springframework.test.context.ActiveProfiles] and class [dropbox.DropboxManagerTest]
00:46:07.296 [Test worker] DEBUG org.springframework.boot.test.context.SpringBootTestContextBootstrapper - @TestExecutionListeners is not present for class [dropbox.DropboxManagerTest]: using defaults.
00:46:07.299 [Test worker] INFO org.springframework.boot.test.context.SpringBootTestContextBootstrapper - Loaded default TestExecutionListener class names from location [META-INF/spring.factories]: [org.springframework.boot.test.mock.mockito.MockitoTestExecutionListener, org.springframework.boot.test.mock.mockito.ResetMocksTestExecutionListener, org.springframework.test.context.web.ServletTestExecutionListener, org.springframework.test.context.support.DirtiesContextBeforeModesTestExecutionListener, org.springframework.test.context.support.DependencyInjectionTestExecutionListener, org.springframework.test.context.support.DirtiesContextTestExecutionListener, org.springframework.test.context.transaction.TransactionalTestExecutionListener, org.springframework.test.context.jdbc.SqlScriptsTestExecutionListener]
00:46:07.316 [Test worker] INFO org.springframework.boot.test.context.SpringBootTestContextBootstrapper - Using TestExecutionListeners: [org.springframework.test.context.web.ServletTestExecutionListener@11f98105, org.springframework.test.context.support.DirtiesContextBeforeModesTestExecutionListener@7a30b43a, org.springframework.test.context.support.DependencyInjectionTestExecutionListener@7fe65ad0, org.springframework.test.context.support.DirtiesContextTestExecutionListener@50028e9f, org.springframework.test.context.transaction.TransactionalTestExecutionListener@d2ecc33, org.springframework.test.context.jdbc.SqlScriptsTestExecutionListener@72c038c8, org.springframework.boot.test.mock.mockito.ResetMocksTestExecutionListener@3fbddc9a, org.springframework.boot.test.mock.mockito.MockitoTestExecutionListener@7b0fdb84]
00:46:07.317 [Test worker] DEBUG org.springframework.test.annotation.ProfileValueUtils - Retrieved @ProfileValueSourceConfiguration [null] for test class [dropbox.DropboxManagerTest]
00:46:07.318 [Test worker] DEBUG org.springframework.test.annotation.ProfileValueUtils - Retrieved ProfileValueSource type [class org.springframework.test.annotation.SystemProfileValueSource] for class [dropbox.DropboxManagerTest]
00:46:07.318 [Test worker] DEBUG org.springframework.test.annotation.ProfileValueUtils - Retrieved @ProfileValueSourceConfiguration [null] for test class [dropbox.DropboxManagerTest]
00:46:07.318 [Test worker] DEBUG org.springframework.test.annotation.ProfileValueUtils - Retrieved ProfileValueSource type [class org.springframework.test.annotation.SystemProfileValueSource] for class [dropbox.DropboxManagerTest]
00:46:07.321 [Test worker] DEBUG org.springframework.test.context.support.AbstractDirtiesContextTestExecutionListener - Before test class: context [DefaultTestContext@70063a10 testClass = DropboxManagerTest, testInstance = [null], testMethod = [null], testException = [null], mergedContextConfiguration = [WebMergedContextConfiguration@6da4f97c testClass = DropboxManagerTest, locations = '{}', classes = '{class com.company.Application, class com.company.Application}', contextInitializerClasses = '[]', activeProfiles = '{}', propertySourceLocations = '{}', propertySourceProperties = '{org.springframework.boot.test.context.SpringBootTestContextBootstrapper=true, server.port=0}', contextCustomizers = set[org.springframework.boot.test.context.SpringBootTestContextCustomizer@2ec40429, org.springframework.boot.test.context.filter.ExcludeFilterContextCustomizer@5a6e93f5, org.springframework.boot.test.mock.mockito.MockitoContextCustomizer@0], resourceBasePath = 'src/main/webapp', contextLoader = 'org.springframework.boot.test.context.SpringBootContextLoader', parent = [null]]], class annotated with @DirtiesContext [false] with mode [null].
00:46:07.321 [Test worker] DEBUG org.springframework.test.annotation.ProfileValueUtils - Retrieved @ProfileValueSourceConfiguration [null] for test class [dropbox.DropboxManagerTest]
00:46:07.322 [Test worker] DEBUG org.springframework.test.annotation.ProfileValueUtils - Retrieved ProfileValueSource type [class org.springframework.test.annotation.SystemProfileValueSource] for class [dropbox.DropboxManagerTest]
00:46:07.323 [Test worker] DEBUG org.springframework.test.context.support.DependencyInjectionTestExecutionListener - Performing dependency injection for test context [[DefaultTestContext@70063a10 testClass = DropboxManagerTest, testInstance = dropbox.DropboxManagerTest@1250cb81, testMethod = [null], testException = [null], mergedContextConfiguration = [WebMergedContextConfiguration@6da4f97c testClass = DropboxManagerTest, locations = '{}', classes = '{class com.company.Application, class com.company.Application}', contextInitializerClasses = '[]', activeProfiles = '{}', propertySourceLocations = '{}', propertySourceProperties = '{org.springframework.boot.test.context.SpringBootTestContextBootstrapper=true, server.port=0}', contextCustomizers = set[org.springframework.boot.test.context.SpringBootTestContextCustomizer@2ec40429, org.springframework.boot.test.context.filter.ExcludeFilterContextCustomizer@5a6e93f5, org.springframework.boot.test.mock.mockito.MockitoContextCustomizer@0], resourceBasePath = 'src/main/webapp', contextLoader = 'org.springframework.boot.test.context.SpringBootContextLoader', parent = [null]]]].
00:46:07.396 [Test worker] DEBUG org.springframework.core.env.StandardEnvironment - Adding [systemProperties] PropertySource with lowest search precedence
00:46:07.396 [Test worker] DEBUG org.springframework.core.env.StandardEnvironment - Adding [systemEnvironment] PropertySource with lowest search precedence
00:46:07.396 [Test worker] DEBUG org.springframework.core.env.StandardEnvironment - Initialized StandardEnvironment with PropertySources [systemProperties,systemEnvironment]
00:46:07.397 [Test worker] DEBUG org.springframework.test.context.support.TestPropertySourceUtils - Adding inlined properties to environment: {spring.jmx.enabled=false, org.springframework.boot.test.context.SpringBootTestContextBootstrapper=true, server.port=0}
00:46:07.398 [Test worker] DEBUG org.springframework.core.env.StandardEnvironment - Adding [Inlined Test Properties] PropertySource with highest search precedence

  .   ____          _            __ _ _
 /\\ / ___'_ __ _ _(_)_ __  __ _ \ \ \ \
( ( )\___ | '_ | '_| | '_ \/ _` | \ \ \ \
 \\/  ___)| |_)| | | | | || (_| |  ) ) ) )
  '  |____| .__|_| |_|_| |_\__, | / / / /
 =========|_|==============|___/=/_/_/_/
 :: Spring Boot ::        (v1.5.3.RELEASE)

2017-06-09 00:46:07.694  INFO 13656 --- [    Test worker] dropbox.DropboxManagerTest               : Starting DropboxManagerTest on DESKTOP-CD5HDT7 with PID 13656 (started by AlexandruD in D:\Projects\iss\software-engineering-223-1\backend-project\conference-management)
2017-06-09 00:46:07.695  INFO 13656 --- [    Test worker] dropbox.DropboxManagerTest               : The following profiles are active: dev
2017-06-09 00:46:07.721  INFO 13656 --- [    Test worker] ationConfigEmbeddedWebApplicationContext : Refreshing org.springframework.boot.context.embedded.AnnotationConfigEmbeddedWebApplicationContext@12009e08: startup date [Fri Jun 09 00:46:07 EEST 2017]; root of context hierarchy
2017-06-09 00:46:09.622  INFO 13656 --- [    Test worker] s.b.c.e.t.TomcatEmbeddedServletContainer : Tomcat initialized with port(s): 0 (http)
2017-06-09 00:46:09.633  INFO 13656 --- [    Test worker] o.apache.catalina.core.StandardService   : Starting service Tomcat
2017-06-09 00:46:09.634  INFO 13656 --- [    Test worker] org.apache.catalina.core.StandardEngine  : Starting Servlet Engine: Apache Tomcat/8.5.14
2017-06-09 00:46:09.774  INFO 13656 --- [ost-startStop-1] o.a.c.c.C.[Tomcat].[localhost].[/]       : Initializing Spring embedded WebApplicationContext
2017-06-09 00:46:09.774  INFO 13656 --- [ost-startStop-1] o.s.web.context.ContextLoader            : Root WebApplicationContext: initialization completed in 2055 ms
2017-06-09 00:46:09.992  INFO 13656 --- [ost-startStop-1] o.s.b.w.servlet.ServletRegistrationBean  : Mapping servlet: 'dispatcherServlet' to [/]
2017-06-09 00:46:09.998  INFO 13656 --- [ost-startStop-1] o.s.b.w.servlet.FilterRegistrationBean   : Mapping filter: 'characterEncodingFilter' to: [/*]
2017-06-09 00:46:09.999  INFO 13656 --- [ost-startStop-1] o.s.b.w.servlet.FilterRegistrationBean   : Mapping filter: 'hiddenHttpMethodFilter' to: [/*]
2017-06-09 00:46:09.999  INFO 13656 --- [ost-startStop-1] o.s.b.w.servlet.FilterRegistrationBean   : Mapping filter: 'httpPutFormContentFilter' to: [/*]
2017-06-09 00:46:09.999  INFO 13656 --- [ost-startStop-1] o.s.b.w.servlet.FilterRegistrationBean   : Mapping filter: 'requestContextFilter' to: [/*]
2017-06-09 00:46:10.055  INFO 13656 --- [    Test worker] com.zaxxer.hikari.HikariDataSource       : HikariPool-1 - Starting...
2017-06-09 00:46:10.526  INFO 13656 --- [    Test worker] com.zaxxer.hikari.HikariDataSource       : HikariPool-1 - Start completed.
2017-06-09 00:46:10.621  INFO 13656 --- [    Test worker] j.LocalContainerEntityManagerFactoryBean : Building JPA container EntityManagerFactory for persistence unit 'default'
2017-06-09 00:46:10.639  INFO 13656 --- [    Test worker] o.hibernate.jpa.internal.util.LogHelper  : HHH000204: Processing PersistenceUnitInfo [
	name: default
	...]
2017-06-09 00:46:10.723  INFO 13656 --- [    Test worker] org.hibernate.Version                    : HHH000412: Hibernate Core {5.2.10.Final}
2017-06-09 00:46:10.725  INFO 13656 --- [    Test worker] org.hibernate.cfg.Environment            : HHH000206: hibernate.properties not found
2017-06-09 00:46:10.775  INFO 13656 --- [    Test worker] o.hibernate.annotations.common.Version   : HCANN000001: Hibernate Commons Annotations {5.0.1.Final}
2017-06-09 00:46:10.931  INFO 13656 --- [    Test worker] org.hibernate.dialect.Dialect            : HHH000400: Using dialect: org.hibernate.dialect.SQLServerDialect
2017-06-09 00:46:12.047  INFO 13656 --- [    Test worker] j.LocalContainerEntityManagerFactoryBean : Initialized JPA EntityManagerFactory for persistence unit 'default'
2017-06-09 00:46:12.627  INFO 13656 --- [    Test worker] o.h.h.i.QueryTranslatorFactoryInitiator  : HHH000397: Using ASTQueryTranslatorFactory
2017-06-09 00:46:13.293  INFO 13656 --- [    Test worker] s.w.s.m.m.a.RequestMappingHandlerAdapter : Looking for @ControllerAdvice: org.springframework.boot.context.embedded.AnnotationConfigEmbeddedWebApplicationContext@12009e08: startup date [Fri Jun 09 00:46:07 EEST 2017]; root of context hierarchy
2017-06-09 00:46:13.398  INFO 13656 --- [    Test worker] s.w.s.m.m.a.RequestMappingHandlerMapping : Mapped "{[/conferences/],methods=[GET]}" onto public org.springframework.http.ResponseEntity<com.company.utils.ResponseJSON<java.lang.Iterable<com.company.controller.DTOs.ConferenceDTO>>> com.company.controller.ConferenceController.handle_get_all()
2017-06-09 00:46:13.400  INFO 13656 --- [    Test worker] s.w.s.m.m.a.RequestMappingHandlerMapping : Mapped "{[/conferences/{conferenceId}/sessions],methods=[GET]}" onto public org.springframework.http.ResponseEntity<com.company.utils.ResponseJSON<java.lang.Iterable<com.company.controller.DTOs.SessionDTO>>> com.company.controller.ConferenceController.hanlde_get_sessions(int)
2017-06-09 00:46:13.400  INFO 13656 --- [    Test worker] s.w.s.m.m.a.RequestMappingHandlerMapping : Mapped "{[/conferences/],methods=[POST]}" onto public org.springframework.http.ResponseEntity<com.company.utils.ResponseJSON<java.lang.String>> com.company.controller.ConferenceController.hendle_post_conference(com.company.controller.DTOs.ConferenceDTO)
2017-06-09 00:46:13.401  INFO 13656 --- [    Test worker] s.w.s.m.m.a.RequestMappingHandlerMapping : Mapped "{[/conferences/{conferenceId}],methods=[PUT]}" onto public org.springframework.http.ResponseEntity<com.company.utils.ResponseJSON<java.lang.String>> com.company.controller.ConferenceController.handle_put_conference(com.company.controller.DTOs.ConferenceDTO,int)
2017-06-09 00:46:13.401  INFO 13656 --- [    Test worker] s.w.s.m.m.a.RequestMappingHandlerMapping : Mapped "{[/conferences/{conferenceId}],methods=[GET]}" onto public org.springframework.http.ResponseEntity<com.company.utils.ResponseJSON<com.company.controller.DTOs.ConferenceDTO>> com.company.controller.ConferenceController.handle_get_conference(java.lang.Integer)
2017-06-09 00:46:13.401  INFO 13656 --- [    Test worker] s.w.s.m.m.a.RequestMappingHandlerMapping : Mapped "{[/conferences/{conferenceId}/PCMembers],methods=[GET]}" onto public org.springframework.http.ResponseEntity<com.company.utils.ResponseJSON<java.lang.Iterable<com.company.controller.DTOs.UserResponse>>> com.company.controller.ConferenceController.handle_get_pc_memgers(java.lang.Integer)
2017-06-09 00:46:13.409  INFO 13656 --- [    Test worker] s.w.s.m.m.a.RequestMappingHandlerMapping : Mapped "{[/papers],methods=[GET]}" onto public org.springframework.http.ResponseEntity<com.company.utils.ResponseJSON<java.lang.Iterable<com.company.controller.DTOs.submittedPaperDTO>>> com.company.controller.PaperController.handle_get_all()
2017-06-09 00:46:13.409  INFO 13656 --- [    Test worker] s.w.s.m.m.a.RequestMappingHandlerMapping : Mapped "{[/papers/{paperID}],methods=[PUT]}" onto public org.springframework.http.ResponseEntity<com.company.utils.ResponseJSON<java.lang.String>> com.company.controller.PaperController.handle_put_paper(com.company.controller.DTOs.submittedPaperDTO,int)
2017-06-09 00:46:13.410  INFO 13656 --- [    Test worker] s.w.s.m.m.a.RequestMappingHandlerMapping : Mapped "{[/papers/{paperId}/bids],methods=[GET]}" onto public org.springframework.http.ResponseEntity<com.company.utils.ResponseJSON<java.lang.Iterable<com.company.controller.DTOs.bidDTO>>> com.company.controller.PaperController.handle_get_bids(int)
2017-06-09 00:46:13.410  INFO 13656 --- [    Test worker] s.w.s.m.m.a.RequestMappingHandlerMapping : Mapped "{[/papers/{paperId}/finalEvaluator/{userId}],methods=[PUT]}" onto public org.springframework.http.ResponseEntity<com.company.utils.ResponseJSON<java.lang.Void>> com.company.controller.PaperController.handle_finalEvaluator(int,java.lang.String)
2017-06-09 00:46:13.411  INFO 13656 --- [    Test worker] s.w.s.m.m.a.RequestMappingHandlerMapping : Mapped "{[/papers],methods=[POST]}" onto public org.springframework.http.ResponseEntity<com.company.utils.ResponseJSON<java.lang.String>> com.company.controller.PaperController.handle_post_paper(com.company.controller.DTOs.firstPaperSubmissionDTO)
2017-06-09 00:46:13.411  INFO 13656 --- [    Test worker] s.w.s.m.m.a.RequestMappingHandlerMapping : Mapped "{[/papers/{paperId}/potentialReviewers],methods=[GET]}" onto public org.springframework.http.ResponseEntity<com.company.utils.ResponseJSON<java.lang.Iterable<com.company.controller.DTOs.updateUserRequest>>> com.company.controller.PaperController.handle_get_potentialReviewers(int)
2017-06-09 00:46:13.412  INFO 13656 --- [    Test worker] s.w.s.m.m.a.RequestMappingHandlerMapping : Mapped "{[/papers/{paperId}/reviews],methods=[GET]}" onto public org.springframework.http.ResponseEntity<com.company.utils.ResponseJSON<java.lang.Iterable<com.company.controller.DTOs.reviewDTO>>> com.company.controller.PaperController.handle_get_reviews(int)
2017-06-09 00:46:13.413  INFO 13656 --- [    Test worker] s.w.s.m.m.a.RequestMappingHandlerMapping : Mapped "{[/papers/{paperId}/reevaluate],methods=[PUT]}" onto public org.springframework.http.ResponseEntity<com.company.utils.ResponseJSON<java.lang.Void>> com.company.controller.PaperController.handle_reevaluate(int)
2017-06-09 00:46:13.414  INFO 13656 --- [    Test worker] s.w.s.m.m.a.RequestMappingHandlerMapping : Mapped "{[/papers/{paperId}/presentation],methods=[POST]}" onto public org.springframework.http.ResponseEntity<com.company.utils.ResponseJSON<java.lang.String>> com.company.controller.PaperController.uploadPresentation(java.lang.Integer,java.lang.String,org.springframework.web.multipart.MultipartFile)
2017-06-09 00:46:13.414  INFO 13656 --- [    Test worker] s.w.s.m.m.a.RequestMappingHandlerMapping : Mapped "{[/papers/acceptedProposals],methods=[GET]}" onto public org.springframework.http.ResponseEntity<com.company.utils.ResponseJSON<java.lang.Iterable<com.company.controller.DTOs.submittedPaperDTO>>> com.company.controller.PaperController.handle_get_accepted()
2017-06-09 00:46:13.414  INFO 13656 --- [    Test worker] s.w.s.m.m.a.RequestMappingHandlerMapping : Mapped "{[/papers/{paperId}/assignedReviewers],methods=[GET]}" onto public org.springframework.http.ResponseEntity<com.company.utils.ResponseJSON<java.lang.Iterable<com.company.controller.DTOs.updateUserRequest>>> com.company.controller.PaperController.handle_get_assignedReviewers(int)
2017-06-09 00:46:13.415  INFO 13656 --- [    Test worker] s.w.s.m.m.a.RequestMappingHandlerMapping : Mapped "{[/papers/{paperId}/abstract],methods=[GET]}" onto public org.springframework.http.ResponseEntity<com.company.utils.ResponseJSON<com.company.controller.DTOs.FileGetDTO>> com.company.controller.PaperController.getAbstractFile(java.lang.Integer)
2017-06-09 00:46:13.415  INFO 13656 --- [    Test worker] s.w.s.m.m.a.RequestMappingHandlerMapping : Mapped "{[/papers/{paperId}/full],methods=[POST]}" onto public org.springframework.http.ResponseEntity<com.company.utils.ResponseJSON<java.lang.String>> com.company.controller.PaperController.uploadFullFile(java.lang.Integer,java.lang.String,org.springframework.web.multipart.MultipartFile)
2017-06-09 00:46:13.416  INFO 13656 --- [    Test worker] s.w.s.m.m.a.RequestMappingHandlerMapping : Mapped "{[/papers/{paperId}/presentation],methods=[GET]}" onto public org.springframework.http.ResponseEntity<com.company.utils.ResponseJSON<com.company.controller.DTOs.FileGetDTO>> com.company.controller.PaperController.getPresentation(java.lang.Integer)
2017-06-09 00:46:13.416  INFO 13656 --- [    Test worker] s.w.s.m.m.a.RequestMappingHandlerMapping : Mapped "{[/papers/{paperId}/abstract],methods=[POST]}" onto public org.springframework.http.ResponseEntity<com.company.utils.ResponseJSON<java.lang.String>> com.company.controller.PaperController.uploadAbstract(java.lang.Integer,java.lang.String,org.springframework.web.multipart.MultipartFile)
2017-06-09 00:46:13.416  INFO 13656 --- [    Test worker] s.w.s.m.m.a.RequestMappingHandlerMapping : Mapped "{[/papers/{paperId}/full],methods=[GET]}" onto public org.springframework.http.ResponseEntity<com.company.utils.ResponseJSON<com.company.controller.DTOs.FileGetDTO>> com.company.controller.PaperController.getFullFile(java.lang.Integer)
2017-06-09 00:46:13.418  INFO 13656 --- [    Test worker] s.w.s.m.m.a.RequestMappingHandlerMapping : Mapped "{[/sessions/],methods=[GET]}" onto public org.springframework.http.ResponseEntity<com.company.utils.ResponseJSON<java.lang.Iterable<com.company.controller.DTOs.SessionDTO>>> com.company.controller.SessionController.handle_get_all()
2017-06-09 00:46:13.419  INFO 13656 --- [    Test worker] s.w.s.m.m.a.RequestMappingHandlerMapping : Mapped "{[/sessions/{sessionId}],methods=[GET]}" onto public org.springframework.http.ResponseEntity<com.company.utils.ResponseJSON<com.company.controller.DTOs.SessionDTO>> com.company.controller.SessionController.handle_get_session(java.lang.Integer)
2017-06-09 00:46:13.419  INFO 13656 --- [    Test worker] s.w.s.m.m.a.RequestMappingHandlerMapping : Mapped "{[/sessions/{sessionId}/sessionChair],methods=[PUT]}" onto public org.springframework.http.ResponseEntity<com.company.utils.ResponseJSON<java.lang.String>> com.company.controller.SessionController.handle_put_sessionChair(com.company.controller.DTOs.UserIdRequest,int)
2017-06-09 00:46:13.420  INFO 13656 --- [    Test worker] s.w.s.m.m.a.RequestMappingHandlerMapping : Mapped "{[/sessions/],methods=[POST]}" onto public org.springframework.http.ResponseEntity<com.company.utils.ResponseJSON<java.lang.String>> com.company.controller.SessionController.handle_post_session(com.company.domain.Session)
2017-06-09 00:46:13.420  INFO 13656 --- [    Test worker] s.w.s.m.m.a.RequestMappingHandlerMapping : Mapped "{[/sessions/{sessionId}],methods=[PUT]}" onto public org.springframework.http.ResponseEntity<com.company.utils.ResponseJSON<java.lang.String>> com.company.controller.SessionController.handle_put_session(com.company.domain.Session,int)
2017-06-09 00:46:13.425  INFO 13656 --- [    Test worker] s.w.s.m.m.a.RequestMappingHandlerMapping : Mapped "{[/users],methods=[GET]}" onto public org.springframework.http.ResponseEntity<com.company.utils.ResponseJSON<java.lang.Iterable<com.company.controller.DTOs.UserResponse>>> com.company.controller.UserController.handle_get_all()
2017-06-09 00:46:13.425  INFO 13656 --- [    Test worker] s.w.s.m.m.a.RequestMappingHandlerMapping : Mapped "{[/users/logout],methods=[POST]}" onto public org.springframework.http.ResponseEntity<com.company.utils.ResponseJSON<java.lang.String>> com.company.controller.UserController.logout(javax.servlet.http.HttpServletResponse)
2017-06-09 00:46:13.426  INFO 13656 --- [    Test worker] s.w.s.m.m.a.RequestMappingHandlerMapping : Mapped "{[/users/login],methods=[POST]}" onto public org.springframework.http.ResponseEntity<com.company.utils.ResponseJSON<java.lang.String>> com.company.controller.UserController.login(com.company.controller.DTOs.loginRequest,javax.servlet.http.HttpServletResponse)
2017-06-09 00:46:13.426  INFO 13656 --- [    Test worker] s.w.s.m.m.a.RequestMappingHandlerMapping : Mapped "{[/users/{username}],methods=[PUT]}" onto public org.springframework.http.ResponseEntity<com.company.utils.ResponseJSON<java.lang.String>> com.company.controller.UserController.handle_update_user(java.lang.String,com.company.controller.DTOs.updateUserRequest,java.lang.String,java.lang.String,javax.servlet.http.HttpServletResponse)
2017-06-09 00:46:13.426  INFO 13656 --- [    Test worker] s.w.s.m.m.a.RequestMappingHandlerMapping : Mapped "{[/users/{username}/bids/{idPaper}],methods=[GET]}" onto public org.springframework.http.ResponseEntity<com.company.utils.ResponseJSON<com.company.controller.DTOs.bidDTO>> com.company.controller.UserController.handle_get_my_bid_for_paper(java.lang.String,java.lang.String,java.lang.String,int)
2017-06-09 00:46:13.427  INFO 13656 --- [    Test worker] s.w.s.m.m.a.RequestMappingHandlerMapping : Mapped "{[/users/{username}/privileges],methods=[GET]}" onto public org.springframework.http.ResponseEntity<com.company.utils.ResponseJSON<com.company.controller.DTOs.ConferencePrivilegesDTO>> com.company.controller.UserController.handle_getConferencePrivileges(java.lang.String,java.lang.String,java.lang.String,java.lang.Integer)
2017-06-09 00:46:13.427  INFO 13656 --- [    Test worker] s.w.s.m.m.a.RequestMappingHandlerMapping : Mapped "{[/users],methods=[POST]}" onto public org.springframework.http.ResponseEntity<com.company.utils.ResponseJSON<java.lang.String>> com.company.controller.UserController.handle_create_user(com.company.controller.DTOs.updateUserRequest)
2017-06-09 00:46:13.428  INFO 13656 --- [    Test worker] s.w.s.m.m.a.RequestMappingHandlerMapping : Mapped "{[/users/{username}/bids/{idPaper}],methods=[PUT]}" onto public org.springframework.http.ResponseEntity<com.company.utils.ResponseJSON<java.lang.String>> com.company.controller.UserController.handle_put_my_bid_for_paper(java.lang.String,java.lang.String,java.lang.String,int,com.company.controller.DTOs.bidDTO)
2017-06-09 00:46:13.428  INFO 13656 --- [    Test worker] s.w.s.m.m.a.RequestMappingHandlerMapping : Mapped "{[/users/{username}/assignedForReview],methods=[GET]}" onto public org.springframework.http.ResponseEntity<com.company.utils.ResponseJSON<java.lang.Iterable<com.company.controller.DTOs.submittedPaperDTO>>> com.company.controller.UserController.handle_get_assigned(java.lang.String,java.lang.String,java.lang.String)
2017-06-09 00:46:13.428  INFO 13656 --- [    Test worker] s.w.s.m.m.a.RequestMappingHandlerMapping : Mapped "{[/users/{username}/reviews/{paperId}],methods=[GET]}" onto public org.springframework.http.ResponseEntity<com.company.utils.ResponseJSON<com.company.controller.DTOs.reviewDTO>> com.company.controller.UserController.handle_get_review(java.lang.String,java.lang.String,java.lang.String,int)
2017-06-09 00:46:13.429  INFO 13656 --- [    Test worker] s.w.s.m.m.a.RequestMappingHandlerMapping : Mapped "{[/users/{username}/{conferenceId}],methods=[PUT]}" onto public org.springframework.http.ResponseEntity<com.company.utils.ResponseJSON<java.lang.String>> com.company.controller.UserController.handle_grant_permissions(java.lang.String,java.lang.Integer,com.company.controller.DTOs.grantPermissionsDTO,java.lang.String,java.lang.String)
2017-06-09 00:46:13.430  INFO 13656 --- [    Test worker] s.w.s.m.m.a.RequestMappingHandlerMapping : Mapped "{[/users/{username}/reviews/{idPaper}],methods=[PUT]}" onto public org.springframework.http.ResponseEntity<com.company.utils.ResponseJSON<java.lang.String>> com.company.controller.UserController.handle_put_my_review_for_paper(java.lang.String,java.lang.String,java.lang.String,int,com.company.controller.DTOs.reviewDTO)
2017-06-09 00:46:13.430  INFO 13656 --- [    Test worker] s.w.s.m.m.a.RequestMappingHandlerMapping : Mapped "{[/users/{username}/submittedPapers],methods=[GET]}" onto public org.springframework.http.ResponseEntity<com.company.utils.ResponseJSON<java.util.List<com.company.controller.DTOs.submittedPaperDTO>>> com.company.controller.UserController.handle_get_submitted_papers(java.lang.String,java.lang.String,java.lang.String,java.lang.String)
2017-06-09 00:46:13.431  INFO 13656 --- [    Test worker] s.w.s.m.m.a.RequestMappingHandlerMapping : Mapped "{[/users/{username}/submittedPapers/{idPaper}/reviews],methods=[GET]}" onto public org.springframework.http.ResponseEntity<com.company.utils.ResponseJSON<java.util.List<com.company.controller.DTOs.reviewDTO>>> com.company.controller.UserController.handle_get_paper_reviews(java.lang.String,java.lang.String,java.lang.String,int)
2017-06-09 00:46:13.431  INFO 13656 --- [    Test worker] s.w.s.m.m.a.RequestMappingHandlerMapping : Mapped "{[/users/{id}/assignPaper/{paperId}],methods=[PUT]}" onto public org.springframework.http.ResponseEntity<com.company.utils.ResponseJSON<java.lang.String>> com.company.controller.UserController.handle_assign_paper(java.lang.String,java.lang.String,java.lang.String,int)
2017-06-09 00:46:13.431  INFO 13656 --- [    Test worker] s.w.s.m.m.a.RequestMappingHandlerMapping : Mapped "{[/users/submittedPapers/{paperId}/presentation],methods=[POST]}" onto public org.springframework.http.ResponseEntity<com.company.utils.ResponseJSON<java.lang.String>> com.company.controller.UserController.uploadPresentation(java.lang.String,java.lang.String,java.lang.Integer,java.lang.String,org.springframework.web.multipart.MultipartFile)
2017-06-09 00:46:13.432  INFO 13656 --- [    Test worker] s.w.s.m.m.a.RequestMappingHandlerMapping : Mapped "{[/users/loggedIn],methods=[GET]}" onto public org.springframework.http.ResponseEntity<com.company.utils.ResponseJSON<com.company.controller.DTOs.loggedInResponse>> com.company.controller.UserController.handle_loggedIn(java.lang.String,java.lang.String)
2017-06-09 00:46:13.432  INFO 13656 --- [    Test worker] s.w.s.m.m.a.RequestMappingHandlerMapping : Mapped "{[/users/{username}],methods=[GET]}" onto public org.springframework.http.ResponseEntity<com.company.utils.ResponseJSON<com.company.controller.DTOs.UserResponse>> com.company.controller.UserController.handle_get_mine(java.lang.String,java.lang.String,java.lang.String)
2017-06-09 00:46:13.435  INFO 13656 --- [    Test worker] s.w.s.m.m.a.RequestMappingHandlerMapping : Mapped "{[/error]}" onto public org.springframework.http.ResponseEntity<java.util.Map<java.lang.String, java.lang.Object>> org.springframework.boot.autoconfigure.web.BasicErrorController.error(javax.servlet.http.HttpServletRequest)
2017-06-09 00:46:13.436  INFO 13656 --- [    Test worker] s.w.s.m.m.a.RequestMappingHandlerMapping : Mapped "{[/error],produces=[text/html]}" onto public org.springframework.web.servlet.ModelAndView org.springframework.boot.autoconfigure.web.BasicErrorController.errorHtml(javax.servlet.http.HttpServletRequest,javax.servlet.http.HttpServletResponse)
2017-06-09 00:46:13.469  INFO 13656 --- [    Test worker] o.s.w.s.handler.SimpleUrlHandlerMapping  : Mapped URL path [/webjars/**] onto handler of type [class org.springframework.web.servlet.resource.ResourceHttpRequestHandler]
2017-06-09 00:46:13.470  INFO 13656 --- [    Test worker] o.s.w.s.handler.SimpleUrlHandlerMapping  : Mapped URL path [/**] onto handler of type [class org.springframework.web.servlet.resource.ResourceHttpRequestHandler]
2017-06-09 00:46:13.520  INFO 13656 --- [    Test worker] o.s.w.s.handler.SimpleUrlHandlerMapping  : Mapped URL path [/**/favicon.ico] onto handler of type [class org.springframework.web.servlet.resource.ResourceHttpRequestHandler]
2017-06-09 00:46:13.547  INFO 13656 --- [    Test worker] oConfiguration$WelcomePageHandlerMapping : Adding welcome page: class path resource [public/index.html]
2017-06-09 00:46:13.908  INFO 13656 --- [    Test worker] s.b.c.e.t.TomcatEmbeddedServletContainer : Tomcat started on port(s): 56108 (http)
2017-06-09 00:46:13.914  INFO 13656 --- [    Test worker] dropbox.DropboxManagerTest               : Started DropboxManagerTest in 6.513 seconds (JVM running for 7.25)
]]></system-out>
  <system-err><![CDATA[]]></system-err>
</testsuite>
