<?xml version="1.0" encoding="UTF-8"?>
<testsuite name="service.UserServiceTests" tests="14" skipped="0" failures="0" errors="0" timestamp="2017-06-04T13:54:25" hostname="DESKTOP-CD5HDT7" time="1.357">
  <properties/>
  <testcase name="getReviewsOvPaperPaperNotSubmittedByUser" classname="service.UserServiceTests" time="0.087"/>
  <testcase name="getReviewsOfPaperNoPaper" classname="service.UserServiceTests" time="0.051"/>
  <testcase name="getSubmittedPapersTest" classname="service.UserServiceTests" time="0.069"/>
  <testcase name="getReviewsOfPaperNoUser" classname="service.UserServiceTests" time="0.05"/>
  <testcase name="testAddUser" classname="service.UserServiceTests" time="0.347"/>
  <testcase name="getPapersOfStatusTestNoneOfStatus" classname="service.UserServiceTests" time="0.077"/>
  <testcase name="testUpdateUser" classname="service.UserServiceTests" time="0.1"/>
  <testcase name="testBidOnPaper" classname="service.UserServiceTests" time="0.248"/>
  <testcase name="getPaperOfStatusTest" classname="service.UserServiceTests" time="0.066"/>
  <testcase name="getSubmittedPapersNoUser" classname="service.UserServiceTests" time="0.042"/>
  <testcase name="testUpdatePrivilegesOfConference" classname="service.UserServiceTests" time="0.058"/>
  <testcase name="getReviewsOfPaper" classname="service.UserServiceTests" time="0.047"/>
  <testcase name="getPapersOfSTatusTestNoUser" classname="service.UserServiceTests" time="0.033"/>
  <testcase name="testAssignPaper" classname="service.UserServiceTests" time="0.072"/>
  <system-out><![CDATA[2017-06-04 16:54:23.677  INFO 1012 --- [    Test worker] .b.t.c.SpringBootTestContextBootstrapper : Neither @ContextConfiguration nor @ContextHierarchy found for test class [service.UserServiceTests], using SpringBootContextLoader
2017-06-04 16:54:23.678  INFO 1012 --- [    Test worker] o.s.t.c.support.AbstractContextLoader    : Could not detect default resource locations for test class [service.UserServiceTests]: no resource found for suffixes {-context.xml, Context.groovy}.
2017-06-04 16:54:23.683  INFO 1012 --- [    Test worker] .b.t.c.SpringBootTestContextBootstrapper : Using TestExecutionListeners: [org.springframework.test.context.support.DependencyInjectionTestExecutionListener@5c5a52bb, org.springframework.test.context.support.DirtiesContextTestExecutionListener@5ef7b26f, org.springframework.test.context.transaction.TransactionalTestExecutionListener@32215b8d, com.github.springtestdbunit.DbUnitTestExecutionListener@565d9839]

  .   ____          _            __ _ _
 /\\ / ___'_ __ _ _(_)_ __  __ _ \ \ \ \
( ( )\___ | '_ | '_| | '_ \/ _` | \ \ \ \
 \\/  ___)| |_)| | | | | || (_| |  ) ) ) )
  '  |____| .__|_| |_|_| |_\__, | / / / /
 =========|_|==============|___/=/_/_/_/
 :: Spring Boot ::        (v1.5.3.RELEASE)

2017-06-04 16:54:23.731  INFO 1012 --- [    Test worker] service.UserServiceTests                 : Starting UserServiceTests on DESKTOP-CD5HDT7 with PID 1012 (started by AlexandruD in D:\Projects\iss\software-engineering-223-1\backend-project\conference-management)
2017-06-04 16:54:23.731  INFO 1012 --- [    Test worker] service.UserServiceTests                 : The following profiles are active: dev
2017-06-04 16:54:23.732  INFO 1012 --- [    Test worker] ationConfigEmbeddedWebApplicationContext : Refreshing org.springframework.boot.context.embedded.AnnotationConfigEmbeddedWebApplicationContext@4d188ef2: startup date [Sun Jun 04 16:54:23 EEST 2017]; root of context hierarchy
2017-06-04 16:54:24.354  INFO 1012 --- [    Test worker] s.b.c.e.t.TomcatEmbeddedServletContainer : Tomcat initialized with port(s): 0 (http)
2017-06-04 16:54:24.356  INFO 1012 --- [    Test worker] o.apache.catalina.core.StandardService   : Starting service Tomcat
2017-06-04 16:54:24.356  INFO 1012 --- [    Test worker] org.apache.catalina.core.StandardEngine  : Starting Servlet Engine: Apache Tomcat/8.5.14
2017-06-04 16:54:24.445  INFO 1012 --- [ost-startStop-1] o.a.c.c.C.[Tomcat].[localhost].[/]       : Initializing Spring embedded WebApplicationContext
2017-06-04 16:54:24.445  INFO 1012 --- [ost-startStop-1] o.s.web.context.ContextLoader            : Root WebApplicationContext: initialization completed in 713 ms
2017-06-04 16:54:24.608  INFO 1012 --- [ost-startStop-1] o.s.b.w.servlet.ServletRegistrationBean  : Mapping servlet: 'dispatcherServlet' to [/]
2017-06-04 16:54:24.608  INFO 1012 --- [ost-startStop-1] o.s.b.w.servlet.FilterRegistrationBean   : Mapping filter: 'characterEncodingFilter' to: [/*]
2017-06-04 16:54:24.609  INFO 1012 --- [ost-startStop-1] o.s.b.w.servlet.FilterRegistrationBean   : Mapping filter: 'hiddenHttpMethodFilter' to: [/*]
2017-06-04 16:54:24.609  INFO 1012 --- [ost-startStop-1] o.s.b.w.servlet.FilterRegistrationBean   : Mapping filter: 'httpPutFormContentFilter' to: [/*]
2017-06-04 16:54:24.609  INFO 1012 --- [ost-startStop-1] o.s.b.w.servlet.FilterRegistrationBean   : Mapping filter: 'requestContextFilter' to: [/*]
2017-06-04 16:54:24.619  INFO 1012 --- [    Test worker] com.zaxxer.hikari.HikariDataSource       : HikariPool-2 - Starting...
2017-06-04 16:54:24.636  INFO 1012 --- [    Test worker] com.zaxxer.hikari.HikariDataSource       : HikariPool-2 - Start completed.
2017-06-04 16:54:24.685  INFO 1012 --- [    Test worker] j.LocalContainerEntityManagerFactoryBean : Building JPA container EntityManagerFactory for persistence unit 'default'
2017-06-04 16:54:24.685  INFO 1012 --- [    Test worker] o.hibernate.jpa.internal.util.LogHelper  : HHH000204: Processing PersistenceUnitInfo [
	name: default
	...]
2017-06-04 16:54:24.693  INFO 1012 --- [    Test worker] org.hibernate.dialect.Dialect            : HHH000400: Using dialect: org.hibernate.dialect.SQLServerDialect
2017-06-04 16:54:24.884  INFO 1012 --- [    Test worker] j.LocalContainerEntityManagerFactoryBean : Initialized JPA EntityManagerFactory for persistence unit 'default'
2017-06-04 16:54:25.086  INFO 1012 --- [    Test worker] o.h.h.i.QueryTranslatorFactoryInitiator  : HHH000397: Using ASTQueryTranslatorFactory
2017-06-04 16:54:25.312  INFO 1012 --- [    Test worker] s.w.s.m.m.a.RequestMappingHandlerAdapter : Looking for @ControllerAdvice: org.springframework.boot.context.embedded.AnnotationConfigEmbeddedWebApplicationContext@4d188ef2: startup date [Sun Jun 04 16:54:23 EEST 2017]; root of context hierarchy
2017-06-04 16:54:25.340  INFO 1012 --- [    Test worker] s.w.s.m.m.a.RequestMappingHandlerMapping : Mapped "{[/users/{username}],methods=[POST]}" onto public void com.company.controller.UserController.updateUser(java.lang.String,com.company.domain.AppUser)
2017-06-04 16:54:25.341  INFO 1012 --- [    Test worker] s.w.s.m.m.a.RequestMappingHandlerMapping : Mapped "{[/users],methods=[GET]}" onto public java.lang.Iterable<com.company.domain.AppUser> com.company.controller.UserController.getUsers()
2017-06-04 16:54:25.341  INFO 1012 --- [    Test worker] s.w.s.m.m.a.RequestMappingHandlerMapping : Mapped "{[/users/{username}/submittedPapers/{paperId}/presentation],methods=[POST]}" onto public void com.company.controller.UserController.uploadPresentation(java.lang.String,java.lang.Integer,com.company.controller.UserController$PresentationPostDTO)
2017-06-04 16:54:25.343  INFO 1012 --- [    Test worker] s.w.s.m.m.a.RequestMappingHandlerMapping : Mapped "{[/error]}" onto public org.springframework.http.ResponseEntity<java.util.Map<java.lang.String, java.lang.Object>> org.springframework.boot.autoconfigure.web.BasicErrorController.error(javax.servlet.http.HttpServletRequest)
2017-06-04 16:54:25.343  INFO 1012 --- [    Test worker] s.w.s.m.m.a.RequestMappingHandlerMapping : Mapped "{[/error],produces=[text/html]}" onto public org.springframework.web.servlet.ModelAndView org.springframework.boot.autoconfigure.web.BasicErrorController.errorHtml(javax.servlet.http.HttpServletRequest,javax.servlet.http.HttpServletResponse)
2017-06-04 16:54:25.370  INFO 1012 --- [    Test worker] o.s.w.s.handler.SimpleUrlHandlerMapping  : Mapped URL path [/webjars/**] onto handler of type [class org.springframework.web.servlet.resource.ResourceHttpRequestHandler]
2017-06-04 16:54:25.370  INFO 1012 --- [    Test worker] o.s.w.s.handler.SimpleUrlHandlerMapping  : Mapped URL path [/**] onto handler of type [class org.springframework.web.servlet.resource.ResourceHttpRequestHandler]
2017-06-04 16:54:25.410  INFO 1012 --- [    Test worker] o.s.w.s.handler.SimpleUrlHandlerMapping  : Mapped URL path [/**/favicon.ico] onto handler of type [class org.springframework.web.servlet.resource.ResourceHttpRequestHandler]
2017-06-04 16:54:25.654  INFO 1012 --- [    Test worker] s.b.c.e.t.TomcatEmbeddedServletContainer : Tomcat started on port(s): 4759 (http)
2017-06-04 16:54:25.657  INFO 1012 --- [    Test worker] service.UserServiceTests                 : Started UserServiceTests in 1.965 seconds (JVM running for 11.527)
2017-06-04 16:54:25.677  WARN 1012 --- [    Test worker] o.dbunit.dataset.AbstractTableMetaData   : Potential problem found: The configured data type factory 'class org.dbunit.dataset.datatype.DefaultDataTypeFactory' might cause problems with the current database 'Microsoft SQL Server' (e.g. some datatypes may not be supported properly). In rare cases you might see this message because the list of supported database products is incomplete (list=[derby]). If so please request a java-class update via the forums.If you are using your own IDataTypeFactory extending DefaultDataTypeFactory, ensure that you override getValidDbProducts() to specify the supported database products.
2017-06-04 16:54:25.682  WARN 1012 --- [    Test worker] o.dbunit.dataset.AbstractTableMetaData   : Potential problem found: The configured data type factory 'class org.dbunit.dataset.datatype.DefaultDataTypeFactory' might cause problems with the current database 'Microsoft SQL Server' (e.g. some datatypes may not be supported properly). In rare cases you might see this message because the list of supported database products is incomplete (list=[derby]). If so please request a java-class update via the forums.If you are using your own IDataTypeFactory extending DefaultDataTypeFactory, ensure that you override getValidDbProducts() to specify the supported database products.
2017-06-04 16:54:25.687  WARN 1012 --- [    Test worker] o.dbunit.dataset.AbstractTableMetaData   : Potential problem found: The configured data type factory 'class org.dbunit.dataset.datatype.DefaultDataTypeFactory' might cause problems with the current database 'Microsoft SQL Server' (e.g. some datatypes may not be supported properly). In rare cases you might see this message because the list of supported database products is incomplete (list=[derby]). If so please request a java-class update via the forums.If you are using your own IDataTypeFactory extending DefaultDataTypeFactory, ensure that you override getValidDbProducts() to specify the supported database products.
2017-06-04 16:54:25.691  WARN 1012 --- [    Test worker] o.dbunit.dataset.AbstractTableMetaData   : Potential problem found: The configured data type factory 'class org.dbunit.dataset.datatype.DefaultDataTypeFactory' might cause problems with the current database 'Microsoft SQL Server' (e.g. some datatypes may not be supported properly). In rare cases you might see this message because the list of supported database products is incomplete (list=[derby]). If so please request a java-class update via the forums.If you are using your own IDataTypeFactory extending DefaultDataTypeFactory, ensure that you override getValidDbProducts() to specify the supported database products.
2017-06-04 16:54:25.695  WARN 1012 --- [    Test worker] o.dbunit.dataset.AbstractTableMetaData   : Potential problem found: The configured data type factory 'class org.dbunit.dataset.datatype.DefaultDataTypeFactory' might cause problems with the current database 'Microsoft SQL Server' (e.g. some datatypes may not be supported properly). In rare cases you might see this message because the list of supported database products is incomplete (list=[derby]). If so please request a java-class update via the forums.If you are using your own IDataTypeFactory extending DefaultDataTypeFactory, ensure that you override getValidDbProducts() to specify the supported database products.
2017-06-04 16:54:25.698  WARN 1012 --- [    Test worker] o.dbunit.dataset.AbstractTableMetaData   : Potential problem found: The configured data type factory 'class org.dbunit.dataset.datatype.DefaultDataTypeFactory' might cause problems with the current database 'Microsoft SQL Server' (e.g. some datatypes may not be supported properly). In rare cases you might see this message because the list of supported database products is incomplete (list=[derby]). If so please request a java-class update via the forums.If you are using your own IDataTypeFactory extending DefaultDataTypeFactory, ensure that you override getValidDbProducts() to specify the supported database products.
2017-06-04 16:54:25.701  WARN 1012 --- [    Test worker] o.dbunit.dataset.AbstractTableMetaData   : Potential problem found: The configured data type factory 'class org.dbunit.dataset.datatype.DefaultDataTypeFactory' might cause problems with the current database 'Microsoft SQL Server' (e.g. some datatypes may not be supported properly). In rare cases you might see this message because the list of supported database products is incomplete (list=[derby]). If so please request a java-class update via the forums.If you are using your own IDataTypeFactory extending DefaultDataTypeFactory, ensure that you override getValidDbProducts() to specify the supported database products.
2017-06-04 16:54:25.703  WARN 1012 --- [    Test worker] o.dbunit.dataset.AbstractTableMetaData   : Potential problem found: The configured data type factory 'class org.dbunit.dataset.datatype.DefaultDataTypeFactory' might cause problems with the current database 'Microsoft SQL Server' (e.g. some datatypes may not be supported properly). In rare cases you might see this message because the list of supported database products is incomplete (list=[derby]). If so please request a java-class update via the forums.If you are using your own IDataTypeFactory extending DefaultDataTypeFactory, ensure that you override getValidDbProducts() to specify the supported database products.
2017-06-04 16:54:25.713 DEBUG 1012 --- [    Test worker] org.hibernate.SQL                        : 
    select
        appuser0_.id as id1_0_,
        appuser0_.affiliation as affiliat2_0_,
        appuser0_.email as email3_0_,
        appuser0_.isCometeeMember as isComete4_0_,
        appuser0_.isSuperUser as isSuperU5_0_,
        appuser0_.name as name6_0_,
        appuser0_.password as password7_0_,
        appuser0_.username as username8_0_,
        appuser0_.webpage as webpage9_0_ 
    from
        AppUser appuser0_ 
    where
        appuser0_.username=?
2017-06-04 16:54:25.713 TRACE 1012 --- [    Test worker] o.h.type.descriptor.sql.BasicBinder      : binding parameter [1] as [VARCHAR] - [Alex-D-TC]
2017-06-04 16:54:25.714 DEBUG 1012 --- [    Test worker] org.hibernate.SQL                        : 
    select
        session0_.id as id1_8_2_,
        session0_.conf_ID as conf_ID3_8_2_,
        session0_.name as name2_8_2_,
        session0_.sessionChairID as sessionC4_8_2_,
        conference1_.conf_id as conf_id1_3_0_,
        conference1_.biddingDeadline as biddingD2_3_0_,
        conference1_.callForAbstractDeadline as callForA3_3_0_,
        conference1_.callForProposalsDeadline as callForP4_3_0_,
        conference1_.eventEndDate as eventEnd5_3_0_,
        conference1_.eventStartDate as eventSta6_3_0_,
        conference1_.name as name7_3_0_,
        appuser2_.id as id1_0_1_,
        appuser2_.affiliation as affiliat2_0_1_,
        appuser2_.email as email3_0_1_,
        appuser2_.isCometeeMember as isComete4_0_1_,
        appuser2_.isSuperUser as isSuperU5_0_1_,
        appuser2_.name as name6_0_1_,
        appuser2_.password as password7_0_1_,
        appuser2_.username as username8_0_1_,
        appuser2_.webpage as webpage9_0_1_ 
    from
        Sesion session0_ 
    inner join
        Conference conference1_ 
            on session0_.conf_ID=conference1_.conf_id 
    left outer join
        AppUser appuser2_ 
            on session0_.sessionChairID=appuser2_.id 
    where
        session0_.sessionChairID=?
2017-06-04 16:54:25.714 TRACE 1012 --- [    Test worker] o.h.type.descriptor.sql.BasicBinder      : binding parameter [1] as [INTEGER] - [1]
2017-06-04 16:54:25.718 DEBUG 1012 --- [    Test worker] org.hibernate.SQL                        : 
    select
        submittedp0_.authors_id as authors_1_10_0_,
        submittedp0_.submittedPapers_id as submitte2_10_0_,
        paper1_.id as id1_5_1_,
        paper1_.nume as nume2_5_1_,
        paper1_.status as status3_5_1_,
        uploadedfi2_.id as id1_11_2_,
        uploadedfi2_.dateUploaded as dateUplo2_11_2_,
        uploadedfi2_.filePath as filePath3_11_2_,
        uploadedfi2_.nume as nume4_11_2_,
        uploadedfi2_.PaperID_Abstract as PaperID_5_11_2_,
        uploadedfi2_.PaperID_FullPaper as PaperID_6_11_2_,
        uploadedfi2_.PaperID_Presentation as PaperID_7_11_2_,
        paper3_.id as id1_5_3_,
        paper3_.nume as nume2_5_3_,
        paper3_.status as status3_5_3_,
        sessionsch4_.id as id1_9_4_,
        sessionsch4_.PaperID as PaperID3_9_4_,
        sessionsch4_.presentationTime as presenta2_9_4_,
        sessionsch4_.sesionID as sesionID4_9_4_,
        sessionsch4_.speakerID as speakerI5_9_4_,
        session5_.id as id1_8_5_,
        session5_.conf_ID as conf_ID3_8_5_,
        session5_.name as name2_8_5_,
        session5_.sessionChairID as sessionC4_8_5_,
        conference6_.conf_id as conf_id1_3_6_,
        conference6_.biddingDeadline as biddingD2_3_6_,
        conference6_.callForAbstractDeadline as callForA3_3_6_,
        conference6_.callForProposalsDeadline as callForP4_3_6_,
        conference6_.eventEndDate as eventEnd5_3_6_,
        conference6_.eventStartDate as eventSta6_3_6_,
        conference6_.name as name7_3_6_,
        appuser7_.id as id1_0_7_,
        appuser7_.affiliation as affiliat2_0_7_,
        appuser7_.email as email3_0_7_,
        appuser7_.isCometeeMember as isComete4_0_7_,
        appuser7_.isSuperUser as isSuperU5_0_7_,
        appuser7_.name as name6_0_7_,
        appuser7_.password as password7_0_7_,
        appuser7_.username as username8_0_7_,
        appuser7_.webpage as webpage9_0_7_,
        appuser8_.id as id1_0_8_,
        appuser8_.affiliation as affiliat2_0_8_,
        appuser8_.email as email3_0_8_,
        appuser8_.isCometeeMember as isComete4_0_8_,
        appuser8_.isSuperUser as isSuperU5_0_8_,
        appuser8_.name as name6_0_8_,
        appuser8_.password as password7_0_8_,
        appuser8_.username as username8_0_8_,
        appuser8_.webpage as webpage9_0_8_,
        paper9_.id as id1_5_9_,
        paper9_.nume as nume2_5_9_,
        paper9_.status as status3_5_9_ 
    from
        SubmittedPapers submittedp0_ 
    inner join
        Paper paper1_ 
            on submittedp0_.submittedPapers_id=paper1_.id 
    left outer join
        UploadedFile uploadedfi2_ 
            on paper1_.id=uploadedfi2_.PaperID_Presentation 
    left outer join
        Paper paper3_ 
            on uploadedfi2_.PaperID_Abstract=paper3_.id 
    left outer join
        SessionSchedule sessionsch4_ 
            on paper3_.id=sessionsch4_.PaperID 
    left outer join
        Sesion session5_ 
            on sessionsch4_.sesionID=session5_.id 
    left outer join
        Conference conference6_ 
            on session5_.conf_ID=conference6_.conf_id 
    left outer join
        AppUser appuser7_ 
            on session5_.sessionChairID=appuser7_.id 
    left outer join
        AppUser appuser8_ 
            on sessionsch4_.speakerID=appuser8_.id 
    left outer join
        Paper paper9_ 
            on uploadedfi2_.PaperID_FullPaper=paper9_.id 
    where
        submittedp0_.authors_id=?
2017-06-04 16:54:25.718 TRACE 1012 --- [    Test worker] o.h.type.descriptor.sql.BasicBinder      : binding parameter [1] as [INTEGER] - [1]
2017-06-04 16:54:25.728 DEBUG 1012 --- [    Test worker] org.hibernate.SQL                        : 
    select
        sessionsch0_.id as id1_9_8_,
        sessionsch0_.PaperID as PaperID3_9_8_,
        sessionsch0_.presentationTime as presenta2_9_8_,
        sessionsch0_.sesionID as sesionID4_9_8_,
        sessionsch0_.speakerID as speakerI5_9_8_,
        paper1_.id as id1_5_0_,
        paper1_.nume as nume2_5_0_,
        paper1_.status as status3_5_0_,
        uploadedfi2_.id as id1_11_1_,
        uploadedfi2_.dateUploaded as dateUplo2_11_1_,
        uploadedfi2_.filePath as filePath3_11_1_,
        uploadedfi2_.nume as nume4_11_1_,
        uploadedfi2_.PaperID_Abstract as PaperID_5_11_1_,
        uploadedfi2_.PaperID_FullPaper as PaperID_6_11_1_,
        uploadedfi2_.PaperID_Presentation as PaperID_7_11_1_,
        paper3_.id as id1_5_2_,
        paper3_.nume as nume2_5_2_,
        paper3_.status as status3_5_2_,
        paper4_.id as id1_5_3_,
        paper4_.nume as nume2_5_3_,
        paper4_.status as status3_5_3_,
        session5_.id as id1_8_4_,
        session5_.conf_ID as conf_ID3_8_4_,
        session5_.name as name2_8_4_,
        session5_.sessionChairID as sessionC4_8_4_,
        conference6_.conf_id as conf_id1_3_5_,
        conference6_.biddingDeadline as biddingD2_3_5_,
        conference6_.callForAbstractDeadline as callForA3_3_5_,
        conference6_.callForProposalsDeadline as callForP4_3_5_,
        conference6_.eventEndDate as eventEnd5_3_5_,
        conference6_.eventStartDate as eventSta6_3_5_,
        conference6_.name as name7_3_5_,
        appuser7_.id as id1_0_6_,
        appuser7_.affiliation as affiliat2_0_6_,
        appuser7_.email as email3_0_6_,
        appuser7_.isCometeeMember as isComete4_0_6_,
        appuser7_.isSuperUser as isSuperU5_0_6_,
        appuser7_.name as name6_0_6_,
        appuser7_.password as password7_0_6_,
        appuser7_.username as username8_0_6_,
        appuser7_.webpage as webpage9_0_6_,
        appuser8_.id as id1_0_7_,
        appuser8_.affiliation as affiliat2_0_7_,
        appuser8_.email as email3_0_7_,
        appuser8_.isCometeeMember as isComete4_0_7_,
        appuser8_.isSuperUser as isSuperU5_0_7_,
        appuser8_.name as name6_0_7_,
        appuser8_.password as password7_0_7_,
        appuser8_.username as username8_0_7_,
        appuser8_.webpage as webpage9_0_7_ 
    from
        SessionSchedule sessionsch0_ 
    left outer join
        Paper paper1_ 
            on sessionsch0_.PaperID=paper1_.id 
    left outer join
        UploadedFile uploadedfi2_ 
            on paper1_.id=uploadedfi2_.PaperID_Presentation 
    left outer join
        Paper paper3_ 
            on uploadedfi2_.PaperID_Abstract=paper3_.id 
    left outer join
        Paper paper4_ 
            on uploadedfi2_.PaperID_FullPaper=paper4_.id 
    inner join
        Sesion session5_ 
            on sessionsch0_.sesionID=session5_.id 
    left outer join
        Conference conference6_ 
            on session5_.conf_ID=conference6_.conf_id 
    left outer join
        AppUser appuser7_ 
            on session5_.sessionChairID=appuser7_.id 
    inner join
        AppUser appuser8_ 
            on sessionsch0_.speakerID=appuser8_.id 
    where
        sessionsch0_.PaperID=?
2017-06-04 16:54:25.729 TRACE 1012 --- [    Test worker] o.h.type.descriptor.sql.BasicBinder      : binding parameter [1] as [INTEGER] - [1]
2017-06-04 16:54:25.730 DEBUG 1012 --- [    Test worker] org.hibernate.SQL                        : 
    select
        sessionsch0_.id as id1_9_8_,
        sessionsch0_.PaperID as PaperID3_9_8_,
        sessionsch0_.presentationTime as presenta2_9_8_,
        sessionsch0_.sesionID as sesionID4_9_8_,
        sessionsch0_.speakerID as speakerI5_9_8_,
        paper1_.id as id1_5_0_,
        paper1_.nume as nume2_5_0_,
        paper1_.status as status3_5_0_,
        uploadedfi2_.id as id1_11_1_,
        uploadedfi2_.dateUploaded as dateUplo2_11_1_,
        uploadedfi2_.filePath as filePath3_11_1_,
        uploadedfi2_.nume as nume4_11_1_,
        uploadedfi2_.PaperID_Abstract as PaperID_5_11_1_,
        uploadedfi2_.PaperID_FullPaper as PaperID_6_11_1_,
        uploadedfi2_.PaperID_Presentation as PaperID_7_11_1_,
        paper3_.id as id1_5_2_,
        paper3_.nume as nume2_5_2_,
        paper3_.status as status3_5_2_,
        paper4_.id as id1_5_3_,
        paper4_.nume as nume2_5_3_,
        paper4_.status as status3_5_3_,
        session5_.id as id1_8_4_,
        session5_.conf_ID as conf_ID3_8_4_,
        session5_.name as name2_8_4_,
        session5_.sessionChairID as sessionC4_8_4_,
        conference6_.conf_id as conf_id1_3_5_,
        conference6_.biddingDeadline as biddingD2_3_5_,
        conference6_.callForAbstractDeadline as callForA3_3_5_,
        conference6_.callForProposalsDeadline as callForP4_3_5_,
        conference6_.eventEndDate as eventEnd5_3_5_,
        conference6_.eventStartDate as eventSta6_3_5_,
        conference6_.name as name7_3_5_,
        appuser7_.id as id1_0_6_,
        appuser7_.affiliation as affiliat2_0_6_,
        appuser7_.email as email3_0_6_,
        appuser7_.isCometeeMember as isComete4_0_6_,
        appuser7_.isSuperUser as isSuperU5_0_6_,
        appuser7_.name as name6_0_6_,
        appuser7_.password as password7_0_6_,
        appuser7_.username as username8_0_6_,
        appuser7_.webpage as webpage9_0_6_,
        appuser8_.id as id1_0_7_,
        appuser8_.affiliation as affiliat2_0_7_,
        appuser8_.email as email3_0_7_,
        appuser8_.isCometeeMember as isComete4_0_7_,
        appuser8_.isSuperUser as isSuperU5_0_7_,
        appuser8_.name as name6_0_7_,
        appuser8_.password as password7_0_7_,
        appuser8_.username as username8_0_7_,
        appuser8_.webpage as webpage9_0_7_ 
    from
        SessionSchedule sessionsch0_ 
    left outer join
        Paper paper1_ 
            on sessionsch0_.PaperID=paper1_.id 
    left outer join
        UploadedFile uploadedfi2_ 
            on paper1_.id=uploadedfi2_.PaperID_Presentation 
    left outer join
        Paper paper3_ 
            on uploadedfi2_.PaperID_Abstract=paper3_.id 
    left outer join
        Paper paper4_ 
            on uploadedfi2_.PaperID_FullPaper=paper4_.id 
    inner join
        Sesion session5_ 
            on sessionsch0_.sesionID=session5_.id 
    left outer join
        Conference conference6_ 
            on session5_.conf_ID=conference6_.conf_id 
    left outer join
        AppUser appuser7_ 
            on session5_.sessionChairID=appuser7_.id 
    inner join
        AppUser appuser8_ 
            on sessionsch0_.speakerID=appuser8_.id 
    where
        sessionsch0_.PaperID=?
2017-06-04 16:54:25.730 TRACE 1012 --- [    Test worker] o.h.type.descriptor.sql.BasicBinder      : binding parameter [1] as [INTEGER] - [3]
2017-06-04 16:54:25.760  WARN 1012 --- [    Test worker] o.dbunit.dataset.AbstractTableMetaData   : Potential problem found: The configured data type factory 'class org.dbunit.dataset.datatype.DefaultDataTypeFactory' might cause problems with the current database 'Microsoft SQL Server' (e.g. some datatypes may not be supported properly). In rare cases you might see this message because the list of supported database products is incomplete (list=[derby]). If so please request a java-class update via the forums.If you are using your own IDataTypeFactory extending DefaultDataTypeFactory, ensure that you override getValidDbProducts() to specify the supported database products.
2017-06-04 16:54:25.763  WARN 1012 --- [    Test worker] o.dbunit.dataset.AbstractTableMetaData   : Potential problem found: The configured data type factory 'class org.dbunit.dataset.datatype.DefaultDataTypeFactory' might cause problems with the current database 'Microsoft SQL Server' (e.g. some datatypes may not be supported properly). In rare cases you might see this message because the list of supported database products is incomplete (list=[derby]). If so please request a java-class update via the forums.If you are using your own IDataTypeFactory extending DefaultDataTypeFactory, ensure that you override getValidDbProducts() to specify the supported database products.
2017-06-04 16:54:25.766  WARN 1012 --- [    Test worker] o.dbunit.dataset.AbstractTableMetaData   : Potential problem found: The configured data type factory 'class org.dbunit.dataset.datatype.DefaultDataTypeFactory' might cause problems with the current database 'Microsoft SQL Server' (e.g. some datatypes may not be supported properly). In rare cases you might see this message because the list of supported database products is incomplete (list=[derby]). If so please request a java-class update via the forums.If you are using your own IDataTypeFactory extending DefaultDataTypeFactory, ensure that you override getValidDbProducts() to specify the supported database products.
2017-06-04 16:54:25.769  WARN 1012 --- [    Test worker] o.dbunit.dataset.AbstractTableMetaData   : Potential problem found: The configured data type factory 'class org.dbunit.dataset.datatype.DefaultDataTypeFactory' might cause problems with the current database 'Microsoft SQL Server' (e.g. some datatypes may not be supported properly). In rare cases you might see this message because the list of supported database products is incomplete (list=[derby]). If so please request a java-class update via the forums.If you are using your own IDataTypeFactory extending DefaultDataTypeFactory, ensure that you override getValidDbProducts() to specify the supported database products.
2017-06-04 16:54:25.773  WARN 1012 --- [    Test worker] o.dbunit.dataset.AbstractTableMetaData   : Potential problem found: The configured data type factory 'class org.dbunit.dataset.datatype.DefaultDataTypeFactory' might cause problems with the current database 'Microsoft SQL Server' (e.g. some datatypes may not be supported properly). In rare cases you might see this message because the list of supported database products is incomplete (list=[derby]). If so please request a java-class update via the forums.If you are using your own IDataTypeFactory extending DefaultDataTypeFactory, ensure that you override getValidDbProducts() to specify the supported database products.
2017-06-04 16:54:25.776  WARN 1012 --- [    Test worker] o.dbunit.dataset.AbstractTableMetaData   : Potential problem found: The configured data type factory 'class org.dbunit.dataset.datatype.DefaultDataTypeFactory' might cause problems with the current database 'Microsoft SQL Server' (e.g. some datatypes may not be supported properly). In rare cases you might see this message because the list of supported database products is incomplete (list=[derby]). If so please request a java-class update via the forums.If you are using your own IDataTypeFactory extending DefaultDataTypeFactory, ensure that you override getValidDbProducts() to specify the supported database products.
2017-06-04 16:54:25.778  WARN 1012 --- [    Test worker] o.dbunit.dataset.AbstractTableMetaData   : Potential problem found: The configured data type factory 'class org.dbunit.dataset.datatype.DefaultDataTypeFactory' might cause problems with the current database 'Microsoft SQL Server' (e.g. some datatypes may not be supported properly). In rare cases you might see this message because the list of supported database products is incomplete (list=[derby]). If so please request a java-class update via the forums.If you are using your own IDataTypeFactory extending DefaultDataTypeFactory, ensure that you override getValidDbProducts() to specify the supported database products.
2017-06-04 16:54:25.781  WARN 1012 --- [    Test worker] o.dbunit.dataset.AbstractTableMetaData   : Potential problem found: The configured data type factory 'class org.dbunit.dataset.datatype.DefaultDataTypeFactory' might cause problems with the current database 'Microsoft SQL Server' (e.g. some datatypes may not be supported properly). In rare cases you might see this message because the list of supported database products is incomplete (list=[derby]). If so please request a java-class update via the forums.If you are using your own IDataTypeFactory extending DefaultDataTypeFactory, ensure that you override getValidDbProducts() to specify the supported database products.
2017-06-04 16:54:25.784 DEBUG 1012 --- [    Test worker] org.hibernate.SQL                        : 
    select
        appuser0_.id as id1_0_,
        appuser0_.affiliation as affiliat2_0_,
        appuser0_.email as email3_0_,
        appuser0_.isCometeeMember as isComete4_0_,
        appuser0_.isSuperUser as isSuperU5_0_,
        appuser0_.name as name6_0_,
        appuser0_.password as password7_0_,
        appuser0_.username as username8_0_,
        appuser0_.webpage as webpage9_0_ 
    from
        AppUser appuser0_ 
    where
        appuser0_.username=?
2017-06-04 16:54:25.784 TRACE 1012 --- [    Test worker] o.h.type.descriptor.sql.BasicBinder      : binding parameter [1] as [VARCHAR] - [Alex-D-TC]
2017-06-04 16:54:25.785 DEBUG 1012 --- [    Test worker] org.hibernate.SQL                        : 
    select
        session0_.id as id1_8_2_,
        session0_.conf_ID as conf_ID3_8_2_,
        session0_.name as name2_8_2_,
        session0_.sessionChairID as sessionC4_8_2_,
        conference1_.conf_id as conf_id1_3_0_,
        conference1_.biddingDeadline as biddingD2_3_0_,
        conference1_.callForAbstractDeadline as callForA3_3_0_,
        conference1_.callForProposalsDeadline as callForP4_3_0_,
        conference1_.eventEndDate as eventEnd5_3_0_,
        conference1_.eventStartDate as eventSta6_3_0_,
        conference1_.name as name7_3_0_,
        appuser2_.id as id1_0_1_,
        appuser2_.affiliation as affiliat2_0_1_,
        appuser2_.email as email3_0_1_,
        appuser2_.isCometeeMember as isComete4_0_1_,
        appuser2_.isSuperUser as isSuperU5_0_1_,
        appuser2_.name as name6_0_1_,
        appuser2_.password as password7_0_1_,
        appuser2_.username as username8_0_1_,
        appuser2_.webpage as webpage9_0_1_ 
    from
        Sesion session0_ 
    inner join
        Conference conference1_ 
            on session0_.conf_ID=conference1_.conf_id 
    left outer join
        AppUser appuser2_ 
            on session0_.sessionChairID=appuser2_.id 
    where
        session0_.sessionChairID=?
2017-06-04 16:54:25.786 TRACE 1012 --- [    Test worker] o.h.type.descriptor.sql.BasicBinder      : binding parameter [1] as [INTEGER] - [1]
2017-06-04 16:54:25.787 DEBUG 1012 --- [    Test worker] org.hibernate.SQL                        : 
    select
        submittedp0_.authors_id as authors_1_10_0_,
        submittedp0_.submittedPapers_id as submitte2_10_0_,
        paper1_.id as id1_5_1_,
        paper1_.nume as nume2_5_1_,
        paper1_.status as status3_5_1_,
        uploadedfi2_.id as id1_11_2_,
        uploadedfi2_.dateUploaded as dateUplo2_11_2_,
        uploadedfi2_.filePath as filePath3_11_2_,
        uploadedfi2_.nume as nume4_11_2_,
        uploadedfi2_.PaperID_Abstract as PaperID_5_11_2_,
        uploadedfi2_.PaperID_FullPaper as PaperID_6_11_2_,
        uploadedfi2_.PaperID_Presentation as PaperID_7_11_2_,
        paper3_.id as id1_5_3_,
        paper3_.nume as nume2_5_3_,
        paper3_.status as status3_5_3_,
        sessionsch4_.id as id1_9_4_,
        sessionsch4_.PaperID as PaperID3_9_4_,
        sessionsch4_.presentationTime as presenta2_9_4_,
        sessionsch4_.sesionID as sesionID4_9_4_,
        sessionsch4_.speakerID as speakerI5_9_4_,
        session5_.id as id1_8_5_,
        session5_.conf_ID as conf_ID3_8_5_,
        session5_.name as name2_8_5_,
        session5_.sessionChairID as sessionC4_8_5_,
        conference6_.conf_id as conf_id1_3_6_,
        conference6_.biddingDeadline as biddingD2_3_6_,
        conference6_.callForAbstractDeadline as callForA3_3_6_,
        conference6_.callForProposalsDeadline as callForP4_3_6_,
        conference6_.eventEndDate as eventEnd5_3_6_,
        conference6_.eventStartDate as eventSta6_3_6_,
        conference6_.name as name7_3_6_,
        appuser7_.id as id1_0_7_,
        appuser7_.affiliation as affiliat2_0_7_,
        appuser7_.email as email3_0_7_,
        appuser7_.isCometeeMember as isComete4_0_7_,
        appuser7_.isSuperUser as isSuperU5_0_7_,
        appuser7_.name as name6_0_7_,
        appuser7_.password as password7_0_7_,
        appuser7_.username as username8_0_7_,
        appuser7_.webpage as webpage9_0_7_,
        appuser8_.id as id1_0_8_,
        appuser8_.affiliation as affiliat2_0_8_,
        appuser8_.email as email3_0_8_,
        appuser8_.isCometeeMember as isComete4_0_8_,
        appuser8_.isSuperUser as isSuperU5_0_8_,
        appuser8_.name as name6_0_8_,
        appuser8_.password as password7_0_8_,
        appuser8_.username as username8_0_8_,
        appuser8_.webpage as webpage9_0_8_,
        paper9_.id as id1_5_9_,
        paper9_.nume as nume2_5_9_,
        paper9_.status as status3_5_9_ 
    from
        SubmittedPapers submittedp0_ 
    inner join
        Paper paper1_ 
            on submittedp0_.submittedPapers_id=paper1_.id 
    left outer join
        UploadedFile uploadedfi2_ 
            on paper1_.id=uploadedfi2_.PaperID_Presentation 
    left outer join
        Paper paper3_ 
            on uploadedfi2_.PaperID_Abstract=paper3_.id 
    left outer join
        SessionSchedule sessionsch4_ 
            on paper3_.id=sessionsch4_.PaperID 
    left outer join
        Sesion session5_ 
            on sessionsch4_.sesionID=session5_.id 
    left outer join
        Conference conference6_ 
            on session5_.conf_ID=conference6_.conf_id 
    left outer join
        AppUser appuser7_ 
            on session5_.sessionChairID=appuser7_.id 
    left outer join
        AppUser appuser8_ 
            on sessionsch4_.speakerID=appuser8_.id 
    left outer join
        Paper paper9_ 
            on uploadedfi2_.PaperID_FullPaper=paper9_.id 
    where
        submittedp0_.authors_id=?
2017-06-04 16:54:25.788 TRACE 1012 --- [    Test worker] o.h.type.descriptor.sql.BasicBinder      : binding parameter [1] as [INTEGER] - [1]
2017-06-04 16:54:25.790 DEBUG 1012 --- [    Test worker] org.hibernate.SQL                        : 
    select
        sessionsch0_.id as id1_9_8_,
        sessionsch0_.PaperID as PaperID3_9_8_,
        sessionsch0_.presentationTime as presenta2_9_8_,
        sessionsch0_.sesionID as sesionID4_9_8_,
        sessionsch0_.speakerID as speakerI5_9_8_,
        paper1_.id as id1_5_0_,
        paper1_.nume as nume2_5_0_,
        paper1_.status as status3_5_0_,
        uploadedfi2_.id as id1_11_1_,
        uploadedfi2_.dateUploaded as dateUplo2_11_1_,
        uploadedfi2_.filePath as filePath3_11_1_,
        uploadedfi2_.nume as nume4_11_1_,
        uploadedfi2_.PaperID_Abstract as PaperID_5_11_1_,
        uploadedfi2_.PaperID_FullPaper as PaperID_6_11_1_,
        uploadedfi2_.PaperID_Presentation as PaperID_7_11_1_,
        paper3_.id as id1_5_2_,
        paper3_.nume as nume2_5_2_,
        paper3_.status as status3_5_2_,
        paper4_.id as id1_5_3_,
        paper4_.nume as nume2_5_3_,
        paper4_.status as status3_5_3_,
        session5_.id as id1_8_4_,
        session5_.conf_ID as conf_ID3_8_4_,
        session5_.name as name2_8_4_,
        session5_.sessionChairID as sessionC4_8_4_,
        conference6_.conf_id as conf_id1_3_5_,
        conference6_.biddingDeadline as biddingD2_3_5_,
        conference6_.callForAbstractDeadline as callForA3_3_5_,
        conference6_.callForProposalsDeadline as callForP4_3_5_,
        conference6_.eventEndDate as eventEnd5_3_5_,
        conference6_.eventStartDate as eventSta6_3_5_,
        conference6_.name as name7_3_5_,
        appuser7_.id as id1_0_6_,
        appuser7_.affiliation as affiliat2_0_6_,
        appuser7_.email as email3_0_6_,
        appuser7_.isCometeeMember as isComete4_0_6_,
        appuser7_.isSuperUser as isSuperU5_0_6_,
        appuser7_.name as name6_0_6_,
        appuser7_.password as password7_0_6_,
        appuser7_.username as username8_0_6_,
        appuser7_.webpage as webpage9_0_6_,
        appuser8_.id as id1_0_7_,
        appuser8_.affiliation as affiliat2_0_7_,
        appuser8_.email as email3_0_7_,
        appuser8_.isCometeeMember as isComete4_0_7_,
        appuser8_.isSuperUser as isSuperU5_0_7_,
        appuser8_.name as name6_0_7_,
        appuser8_.password as password7_0_7_,
        appuser8_.username as username8_0_7_,
        appuser8_.webpage as webpage9_0_7_ 
    from
        SessionSchedule sessionsch0_ 
    left outer join
        Paper paper1_ 
            on sessionsch0_.PaperID=paper1_.id 
    left outer join
        UploadedFile uploadedfi2_ 
            on paper1_.id=uploadedfi2_.PaperID_Presentation 
    left outer join
        Paper paper3_ 
            on uploadedfi2_.PaperID_Abstract=paper3_.id 
    left outer join
        Paper paper4_ 
            on uploadedfi2_.PaperID_FullPaper=paper4_.id 
    inner join
        Sesion session5_ 
            on sessionsch0_.sesionID=session5_.id 
    left outer join
        Conference conference6_ 
            on session5_.conf_ID=conference6_.conf_id 
    left outer join
        AppUser appuser7_ 
            on session5_.sessionChairID=appuser7_.id 
    inner join
        AppUser appuser8_ 
            on sessionsch0_.speakerID=appuser8_.id 
    where
        sessionsch0_.PaperID=?
2017-06-04 16:54:25.790 TRACE 1012 --- [    Test worker] o.h.type.descriptor.sql.BasicBinder      : binding parameter [1] as [INTEGER] - [1]
2017-06-04 16:54:25.792 DEBUG 1012 --- [    Test worker] org.hibernate.SQL                        : 
    select
        sessionsch0_.id as id1_9_8_,
        sessionsch0_.PaperID as PaperID3_9_8_,
        sessionsch0_.presentationTime as presenta2_9_8_,
        sessionsch0_.sesionID as sesionID4_9_8_,
        sessionsch0_.speakerID as speakerI5_9_8_,
        paper1_.id as id1_5_0_,
        paper1_.nume as nume2_5_0_,
        paper1_.status as status3_5_0_,
        uploadedfi2_.id as id1_11_1_,
        uploadedfi2_.dateUploaded as dateUplo2_11_1_,
        uploadedfi2_.filePath as filePath3_11_1_,
        uploadedfi2_.nume as nume4_11_1_,
        uploadedfi2_.PaperID_Abstract as PaperID_5_11_1_,
        uploadedfi2_.PaperID_FullPaper as PaperID_6_11_1_,
        uploadedfi2_.PaperID_Presentation as PaperID_7_11_1_,
        paper3_.id as id1_5_2_,
        paper3_.nume as nume2_5_2_,
        paper3_.status as status3_5_2_,
        paper4_.id as id1_5_3_,
        paper4_.nume as nume2_5_3_,
        paper4_.status as status3_5_3_,
        session5_.id as id1_8_4_,
        session5_.conf_ID as conf_ID3_8_4_,
        session5_.name as name2_8_4_,
        session5_.sessionChairID as sessionC4_8_4_,
        conference6_.conf_id as conf_id1_3_5_,
        conference6_.biddingDeadline as biddingD2_3_5_,
        conference6_.callForAbstractDeadline as callForA3_3_5_,
        conference6_.callForProposalsDeadline as callForP4_3_5_,
        conference6_.eventEndDate as eventEnd5_3_5_,
        conference6_.eventStartDate as eventSta6_3_5_,
        conference6_.name as name7_3_5_,
        appuser7_.id as id1_0_6_,
        appuser7_.affiliation as affiliat2_0_6_,
        appuser7_.email as email3_0_6_,
        appuser7_.isCometeeMember as isComete4_0_6_,
        appuser7_.isSuperUser as isSuperU5_0_6_,
        appuser7_.name as name6_0_6_,
        appuser7_.password as password7_0_6_,
        appuser7_.username as username8_0_6_,
        appuser7_.webpage as webpage9_0_6_,
        appuser8_.id as id1_0_7_,
        appuser8_.affiliation as affiliat2_0_7_,
        appuser8_.email as email3_0_7_,
        appuser8_.isCometeeMember as isComete4_0_7_,
        appuser8_.isSuperUser as isSuperU5_0_7_,
        appuser8_.name as name6_0_7_,
        appuser8_.password as password7_0_7_,
        appuser8_.username as username8_0_7_,
        appuser8_.webpage as webpage9_0_7_ 
    from
        SessionSchedule sessionsch0_ 
    left outer join
        Paper paper1_ 
            on sessionsch0_.PaperID=paper1_.id 
    left outer join
        UploadedFile uploadedfi2_ 
            on paper1_.id=uploadedfi2_.PaperID_Presentation 
    left outer join
        Paper paper3_ 
            on uploadedfi2_.PaperID_Abstract=paper3_.id 
    left outer join
        Paper paper4_ 
            on uploadedfi2_.PaperID_FullPaper=paper4_.id 
    inner join
        Sesion session5_ 
            on sessionsch0_.sesionID=session5_.id 
    left outer join
        Conference conference6_ 
            on session5_.conf_ID=conference6_.conf_id 
    left outer join
        AppUser appuser7_ 
            on session5_.sessionChairID=appuser7_.id 
    inner join
        AppUser appuser8_ 
            on sessionsch0_.speakerID=appuser8_.id 
    where
        sessionsch0_.PaperID=?
2017-06-04 16:54:25.792 TRACE 1012 --- [    Test worker] o.h.type.descriptor.sql.BasicBinder      : binding parameter [1] as [INTEGER] - [3]
2017-06-04 16:54:25.815  WARN 1012 --- [    Test worker] o.dbunit.dataset.AbstractTableMetaData   : Potential problem found: The configured data type factory 'class org.dbunit.dataset.datatype.DefaultDataTypeFactory' might cause problems with the current database 'Microsoft SQL Server' (e.g. some datatypes may not be supported properly). In rare cases you might see this message because the list of supported database products is incomplete (list=[derby]). If so please request a java-class update via the forums.If you are using your own IDataTypeFactory extending DefaultDataTypeFactory, ensure that you override getValidDbProducts() to specify the supported database products.
2017-06-04 16:54:25.821  WARN 1012 --- [    Test worker] o.dbunit.dataset.AbstractTableMetaData   : Potential problem found: The configured data type factory 'class org.dbunit.dataset.datatype.DefaultDataTypeFactory' might cause problems with the current database 'Microsoft SQL Server' (e.g. some datatypes may not be supported properly). In rare cases you might see this message because the list of supported database products is incomplete (list=[derby]). If so please request a java-class update via the forums.If you are using your own IDataTypeFactory extending DefaultDataTypeFactory, ensure that you override getValidDbProducts() to specify the supported database products.
2017-06-04 16:54:25.826  WARN 1012 --- [    Test worker] o.dbunit.dataset.AbstractTableMetaData   : Potential problem found: The configured data type factory 'class org.dbunit.dataset.datatype.DefaultDataTypeFactory' might cause problems with the current database 'Microsoft SQL Server' (e.g. some datatypes may not be supported properly). In rare cases you might see this message because the list of supported database products is incomplete (list=[derby]). If so please request a java-class update via the forums.If you are using your own IDataTypeFactory extending DefaultDataTypeFactory, ensure that you override getValidDbProducts() to specify the supported database products.
2017-06-04 16:54:25.830  WARN 1012 --- [    Test worker] o.dbunit.dataset.AbstractTableMetaData   : Potential problem found: The configured data type factory 'class org.dbunit.dataset.datatype.DefaultDataTypeFactory' might cause problems with the current database 'Microsoft SQL Server' (e.g. some datatypes may not be supported properly). In rare cases you might see this message because the list of supported database products is incomplete (list=[derby]). If so please request a java-class update via the forums.If you are using your own IDataTypeFactory extending DefaultDataTypeFactory, ensure that you override getValidDbProducts() to specify the supported database products.
2017-06-04 16:54:25.834  WARN 1012 --- [    Test worker] o.dbunit.dataset.AbstractTableMetaData   : Potential problem found: The configured data type factory 'class org.dbunit.dataset.datatype.DefaultDataTypeFactory' might cause problems with the current database 'Microsoft SQL Server' (e.g. some datatypes may not be supported properly). In rare cases you might see this message because the list of supported database products is incomplete (list=[derby]). If so please request a java-class update via the forums.If you are using your own IDataTypeFactory extending DefaultDataTypeFactory, ensure that you override getValidDbProducts() to specify the supported database products.
2017-06-04 16:54:25.837  WARN 1012 --- [    Test worker] o.dbunit.dataset.AbstractTableMetaData   : Potential problem found: The configured data type factory 'class org.dbunit.dataset.datatype.DefaultDataTypeFactory' might cause problems with the current database 'Microsoft SQL Server' (e.g. some datatypes may not be supported properly). In rare cases you might see this message because the list of supported database products is incomplete (list=[derby]). If so please request a java-class update via the forums.If you are using your own IDataTypeFactory extending DefaultDataTypeFactory, ensure that you override getValidDbProducts() to specify the supported database products.
2017-06-04 16:54:25.841  WARN 1012 --- [    Test worker] o.dbunit.dataset.AbstractTableMetaData   : Potential problem found: The configured data type factory 'class org.dbunit.dataset.datatype.DefaultDataTypeFactory' might cause problems with the current database 'Microsoft SQL Server' (e.g. some datatypes may not be supported properly). In rare cases you might see this message because the list of supported database products is incomplete (list=[derby]). If so please request a java-class update via the forums.If you are using your own IDataTypeFactory extending DefaultDataTypeFactory, ensure that you override getValidDbProducts() to specify the supported database products.
2017-06-04 16:54:25.845  WARN 1012 --- [    Test worker] o.dbunit.dataset.AbstractTableMetaData   : Potential problem found: The configured data type factory 'class org.dbunit.dataset.datatype.DefaultDataTypeFactory' might cause problems with the current database 'Microsoft SQL Server' (e.g. some datatypes may not be supported properly). In rare cases you might see this message because the list of supported database products is incomplete (list=[derby]). If so please request a java-class update via the forums.If you are using your own IDataTypeFactory extending DefaultDataTypeFactory, ensure that you override getValidDbProducts() to specify the supported database products.
2017-06-04 16:54:25.848 DEBUG 1012 --- [    Test worker] org.hibernate.SQL                        : 
    select
        paper2_.id as id1_5_,
        paper2_.nume as nume2_5_,
        paper2_.status as status3_5_ 
    from
        AppUser appuser0_ 
    inner join
        SubmittedPapers submittedp1_ 
            on appuser0_.id=submittedp1_.authors_id 
    inner join
        Paper paper2_ 
            on submittedp1_.submittedPapers_id=paper2_.id 
    where
        appuser0_.username=?
2017-06-04 16:54:25.849 TRACE 1012 --- [    Test worker] o.h.type.descriptor.sql.BasicBinder      : binding parameter [1] as [VARCHAR] - [Alex-D-TC]
2017-06-04 16:54:25.850 DEBUG 1012 --- [    Test worker] org.hibernate.SQL                        : 
    select
        uploadedfi0_.id as id1_11_8_,
        uploadedfi0_.dateUploaded as dateUplo2_11_8_,
        uploadedfi0_.filePath as filePath3_11_8_,
        uploadedfi0_.nume as nume4_11_8_,
        uploadedfi0_.PaperID_Abstract as PaperID_5_11_8_,
        uploadedfi0_.PaperID_FullPaper as PaperID_6_11_8_,
        uploadedfi0_.PaperID_Presentation as PaperID_7_11_8_,
        paper1_.id as id1_5_0_,
        paper1_.nume as nume2_5_0_,
        paper1_.status as status3_5_0_,
        uploadedfi2_.id as id1_11_1_,
        uploadedfi2_.dateUploaded as dateUplo2_11_1_,
        uploadedfi2_.filePath as filePath3_11_1_,
        uploadedfi2_.nume as nume4_11_1_,
        uploadedfi2_.PaperID_Abstract as PaperID_5_11_1_,
        uploadedfi2_.PaperID_FullPaper as PaperID_6_11_1_,
        uploadedfi2_.PaperID_Presentation as PaperID_7_11_1_,
        paper3_.id as id1_5_2_,
        paper3_.nume as nume2_5_2_,
        paper3_.status as status3_5_2_,
        sessionsch4_.id as id1_9_3_,
        sessionsch4_.PaperID as PaperID3_9_3_,
        sessionsch4_.presentationTime as presenta2_9_3_,
        sessionsch4_.sesionID as sesionID4_9_3_,
        sessionsch4_.speakerID as speakerI5_9_3_,
        session5_.id as id1_8_4_,
        session5_.conf_ID as conf_ID3_8_4_,
        session5_.name as name2_8_4_,
        session5_.sessionChairID as sessionC4_8_4_,
        conference6_.conf_id as conf_id1_3_5_,
        conference6_.biddingDeadline as biddingD2_3_5_,
        conference6_.callForAbstractDeadline as callForA3_3_5_,
        conference6_.callForProposalsDeadline as callForP4_3_5_,
        conference6_.eventEndDate as eventEnd5_3_5_,
        conference6_.eventStartDate as eventSta6_3_5_,
        conference6_.name as name7_3_5_,
        appuser7_.id as id1_0_6_,
        appuser7_.affiliation as affiliat2_0_6_,
        appuser7_.email as email3_0_6_,
        appuser7_.isCometeeMember as isComete4_0_6_,
        appuser7_.isSuperUser as isSuperU5_0_6_,
        appuser7_.name as name6_0_6_,
        appuser7_.password as password7_0_6_,
        appuser7_.username as username8_0_6_,
        appuser7_.webpage as webpage9_0_6_,
        appuser8_.id as id1_0_7_,
        appuser8_.affiliation as affiliat2_0_7_,
        appuser8_.email as email3_0_7_,
        appuser8_.isCometeeMember as isComete4_0_7_,
        appuser8_.isSuperUser as isSuperU5_0_7_,
        appuser8_.name as name6_0_7_,
        appuser8_.password as password7_0_7_,
        appuser8_.username as username8_0_7_,
        appuser8_.webpage as webpage9_0_7_ 
    from
        UploadedFile uploadedfi0_ 
    left outer join
        Paper paper1_ 
            on uploadedfi0_.PaperID_Abstract=paper1_.id 
    left outer join
        UploadedFile uploadedfi2_ 
            on paper1_.id=uploadedfi2_.PaperID_Presentation 
    left outer join
        Paper paper3_ 
            on uploadedfi2_.PaperID_FullPaper=paper3_.id 
    left outer join
        SessionSchedule sessionsch4_ 
            on paper3_.id=sessionsch4_.PaperID 
    left outer join
        Sesion session5_ 
            on sessionsch4_.sesionID=session5_.id 
    left outer join
        Conference conference6_ 
            on session5_.conf_ID=conference6_.conf_id 
    left outer join
        AppUser appuser7_ 
            on session5_.sessionChairID=appuser7_.id 
    left outer join
        AppUser appuser8_ 
            on sessionsch4_.speakerID=appuser8_.id 
    where
        uploadedfi0_.PaperID_Presentation=?
2017-06-04 16:54:25.851 TRACE 1012 --- [    Test worker] o.h.type.descriptor.sql.BasicBinder      : binding parameter [1] as [INTEGER] - [1]
2017-06-04 16:54:25.852 DEBUG 1012 --- [    Test worker] org.hibernate.SQL                        : 
    select
        sessionsch0_.id as id1_9_8_,
        sessionsch0_.PaperID as PaperID3_9_8_,
        sessionsch0_.presentationTime as presenta2_9_8_,
        sessionsch0_.sesionID as sesionID4_9_8_,
        sessionsch0_.speakerID as speakerI5_9_8_,
        paper1_.id as id1_5_0_,
        paper1_.nume as nume2_5_0_,
        paper1_.status as status3_5_0_,
        uploadedfi2_.id as id1_11_1_,
        uploadedfi2_.dateUploaded as dateUplo2_11_1_,
        uploadedfi2_.filePath as filePath3_11_1_,
        uploadedfi2_.nume as nume4_11_1_,
        uploadedfi2_.PaperID_Abstract as PaperID_5_11_1_,
        uploadedfi2_.PaperID_FullPaper as PaperID_6_11_1_,
        uploadedfi2_.PaperID_Presentation as PaperID_7_11_1_,
        paper3_.id as id1_5_2_,
        paper3_.nume as nume2_5_2_,
        paper3_.status as status3_5_2_,
        paper4_.id as id1_5_3_,
        paper4_.nume as nume2_5_3_,
        paper4_.status as status3_5_3_,
        session5_.id as id1_8_4_,
        session5_.conf_ID as conf_ID3_8_4_,
        session5_.name as name2_8_4_,
        session5_.sessionChairID as sessionC4_8_4_,
        conference6_.conf_id as conf_id1_3_5_,
        conference6_.biddingDeadline as biddingD2_3_5_,
        conference6_.callForAbstractDeadline as callForA3_3_5_,
        conference6_.callForProposalsDeadline as callForP4_3_5_,
        conference6_.eventEndDate as eventEnd5_3_5_,
        conference6_.eventStartDate as eventSta6_3_5_,
        conference6_.name as name7_3_5_,
        appuser7_.id as id1_0_6_,
        appuser7_.affiliation as affiliat2_0_6_,
        appuser7_.email as email3_0_6_,
        appuser7_.isCometeeMember as isComete4_0_6_,
        appuser7_.isSuperUser as isSuperU5_0_6_,
        appuser7_.name as name6_0_6_,
        appuser7_.password as password7_0_6_,
        appuser7_.username as username8_0_6_,
        appuser7_.webpage as webpage9_0_6_,
        appuser8_.id as id1_0_7_,
        appuser8_.affiliation as affiliat2_0_7_,
        appuser8_.email as email3_0_7_,
        appuser8_.isCometeeMember as isComete4_0_7_,
        appuser8_.isSuperUser as isSuperU5_0_7_,
        appuser8_.name as name6_0_7_,
        appuser8_.password as password7_0_7_,
        appuser8_.username as username8_0_7_,
        appuser8_.webpage as webpage9_0_7_ 
    from
        SessionSchedule sessionsch0_ 
    left outer join
        Paper paper1_ 
            on sessionsch0_.PaperID=paper1_.id 
    left outer join
        UploadedFile uploadedfi2_ 
            on paper1_.id=uploadedfi2_.PaperID_Presentation 
    left outer join
        Paper paper3_ 
            on uploadedfi2_.PaperID_Abstract=paper3_.id 
    left outer join
        Paper paper4_ 
            on uploadedfi2_.PaperID_FullPaper=paper4_.id 
    inner join
        Sesion session5_ 
            on sessionsch0_.sesionID=session5_.id 
    left outer join
        Conference conference6_ 
            on session5_.conf_ID=conference6_.conf_id 
    left outer join
        AppUser appuser7_ 
            on session5_.sessionChairID=appuser7_.id 
    inner join
        AppUser appuser8_ 
            on sessionsch0_.speakerID=appuser8_.id 
    where
        sessionsch0_.PaperID=?
2017-06-04 16:54:25.853 TRACE 1012 --- [    Test worker] o.h.type.descriptor.sql.BasicBinder      : binding parameter [1] as [INTEGER] - [1]
2017-06-04 16:54:25.854 DEBUG 1012 --- [    Test worker] org.hibernate.SQL                        : 
    select
        uploadedfi0_.id as id1_11_8_,
        uploadedfi0_.dateUploaded as dateUplo2_11_8_,
        uploadedfi0_.filePath as filePath3_11_8_,
        uploadedfi0_.nume as nume4_11_8_,
        uploadedfi0_.PaperID_Abstract as PaperID_5_11_8_,
        uploadedfi0_.PaperID_FullPaper as PaperID_6_11_8_,
        uploadedfi0_.PaperID_Presentation as PaperID_7_11_8_,
        paper1_.id as id1_5_0_,
        paper1_.nume as nume2_5_0_,
        paper1_.status as status3_5_0_,
        uploadedfi2_.id as id1_11_1_,
        uploadedfi2_.dateUploaded as dateUplo2_11_1_,
        uploadedfi2_.filePath as filePath3_11_1_,
        uploadedfi2_.nume as nume4_11_1_,
        uploadedfi2_.PaperID_Abstract as PaperID_5_11_1_,
        uploadedfi2_.PaperID_FullPaper as PaperID_6_11_1_,
        uploadedfi2_.PaperID_Presentation as PaperID_7_11_1_,
        paper3_.id as id1_5_2_,
        paper3_.nume as nume2_5_2_,
        paper3_.status as status3_5_2_,
        sessionsch4_.id as id1_9_3_,
        sessionsch4_.PaperID as PaperID3_9_3_,
        sessionsch4_.presentationTime as presenta2_9_3_,
        sessionsch4_.sesionID as sesionID4_9_3_,
        sessionsch4_.speakerID as speakerI5_9_3_,
        session5_.id as id1_8_4_,
        session5_.conf_ID as conf_ID3_8_4_,
        session5_.name as name2_8_4_,
        session5_.sessionChairID as sessionC4_8_4_,
        conference6_.conf_id as conf_id1_3_5_,
        conference6_.biddingDeadline as biddingD2_3_5_,
        conference6_.callForAbstractDeadline as callForA3_3_5_,
        conference6_.callForProposalsDeadline as callForP4_3_5_,
        conference6_.eventEndDate as eventEnd5_3_5_,
        conference6_.eventStartDate as eventSta6_3_5_,
        conference6_.name as name7_3_5_,
        appuser7_.id as id1_0_6_,
        appuser7_.affiliation as affiliat2_0_6_,
        appuser7_.email as email3_0_6_,
        appuser7_.isCometeeMember as isComete4_0_6_,
        appuser7_.isSuperUser as isSuperU5_0_6_,
        appuser7_.name as name6_0_6_,
        appuser7_.password as password7_0_6_,
        appuser7_.username as username8_0_6_,
        appuser7_.webpage as webpage9_0_6_,
        appuser8_.id as id1_0_7_,
        appuser8_.affiliation as affiliat2_0_7_,
        appuser8_.email as email3_0_7_,
        appuser8_.isCometeeMember as isComete4_0_7_,
        appuser8_.isSuperUser as isSuperU5_0_7_,
        appuser8_.name as name6_0_7_,
        appuser8_.password as password7_0_7_,
        appuser8_.username as username8_0_7_,
        appuser8_.webpage as webpage9_0_7_ 
    from
        UploadedFile uploadedfi0_ 
    left outer join
        Paper paper1_ 
            on uploadedfi0_.PaperID_Abstract=paper1_.id 
    left outer join
        UploadedFile uploadedfi2_ 
            on paper1_.id=uploadedfi2_.PaperID_Presentation 
    left outer join
        Paper paper3_ 
            on uploadedfi2_.PaperID_FullPaper=paper3_.id 
    left outer join
        SessionSchedule sessionsch4_ 
            on paper3_.id=sessionsch4_.PaperID 
    left outer join
        Sesion session5_ 
            on sessionsch4_.sesionID=session5_.id 
    left outer join
        Conference conference6_ 
            on session5_.conf_ID=conference6_.conf_id 
    left outer join
        AppUser appuser7_ 
            on session5_.sessionChairID=appuser7_.id 
    left outer join
        AppUser appuser8_ 
            on sessionsch4_.speakerID=appuser8_.id 
    where
        uploadedfi0_.PaperID_Presentation=?
2017-06-04 16:54:25.855 TRACE 1012 --- [    Test worker] o.h.type.descriptor.sql.BasicBinder      : binding parameter [1] as [INTEGER] - [3]
2017-06-04 16:54:25.857 DEBUG 1012 --- [    Test worker] org.hibernate.SQL                        : 
    select
        sessionsch0_.id as id1_9_8_,
        sessionsch0_.PaperID as PaperID3_9_8_,
        sessionsch0_.presentationTime as presenta2_9_8_,
        sessionsch0_.sesionID as sesionID4_9_8_,
        sessionsch0_.speakerID as speakerI5_9_8_,
        paper1_.id as id1_5_0_,
        paper1_.nume as nume2_5_0_,
        paper1_.status as status3_5_0_,
        uploadedfi2_.id as id1_11_1_,
        uploadedfi2_.dateUploaded as dateUplo2_11_1_,
        uploadedfi2_.filePath as filePath3_11_1_,
        uploadedfi2_.nume as nume4_11_1_,
        uploadedfi2_.PaperID_Abstract as PaperID_5_11_1_,
        uploadedfi2_.PaperID_FullPaper as PaperID_6_11_1_,
        uploadedfi2_.PaperID_Presentation as PaperID_7_11_1_,
        paper3_.id as id1_5_2_,
        paper3_.nume as nume2_5_2_,
        paper3_.status as status3_5_2_,
        paper4_.id as id1_5_3_,
        paper4_.nume as nume2_5_3_,
        paper4_.status as status3_5_3_,
        session5_.id as id1_8_4_,
        session5_.conf_ID as conf_ID3_8_4_,
        session5_.name as name2_8_4_,
        session5_.sessionChairID as sessionC4_8_4_,
        conference6_.conf_id as conf_id1_3_5_,
        conference6_.biddingDeadline as biddingD2_3_5_,
        conference6_.callForAbstractDeadline as callForA3_3_5_,
        conference6_.callForProposalsDeadline as callForP4_3_5_,
        conference6_.eventEndDate as eventEnd5_3_5_,
        conference6_.eventStartDate as eventSta6_3_5_,
        conference6_.name as name7_3_5_,
        appuser7_.id as id1_0_6_,
        appuser7_.affiliation as affiliat2_0_6_,
        appuser7_.email as email3_0_6_,
        appuser7_.isCometeeMember as isComete4_0_6_,
        appuser7_.isSuperUser as isSuperU5_0_6_,
        appuser7_.name as name6_0_6_,
        appuser7_.password as password7_0_6_,
        appuser7_.username as username8_0_6_,
        appuser7_.webpage as webpage9_0_6_,
        appuser8_.id as id1_0_7_,
        appuser8_.affiliation as affiliat2_0_7_,
        appuser8_.email as email3_0_7_,
        appuser8_.isCometeeMember as isComete4_0_7_,
        appuser8_.isSuperUser as isSuperU5_0_7_,
        appuser8_.name as name6_0_7_,
        appuser8_.password as password7_0_7_,
        appuser8_.username as username8_0_7_,
        appuser8_.webpage as webpage9_0_7_ 
    from
        SessionSchedule sessionsch0_ 
    left outer join
        Paper paper1_ 
            on sessionsch0_.PaperID=paper1_.id 
    left outer join
        UploadedFile uploadedfi2_ 
            on paper1_.id=uploadedfi2_.PaperID_Presentation 
    left outer join
        Paper paper3_ 
            on uploadedfi2_.PaperID_Abstract=paper3_.id 
    left outer join
        Paper paper4_ 
            on uploadedfi2_.PaperID_FullPaper=paper4_.id 
    inner join
        Sesion session5_ 
            on sessionsch0_.sesionID=session5_.id 
    left outer join
        Conference conference6_ 
            on session5_.conf_ID=conference6_.conf_id 
    left outer join
        AppUser appuser7_ 
            on session5_.sessionChairID=appuser7_.id 
    inner join
        AppUser appuser8_ 
            on sessionsch0_.speakerID=appuser8_.id 
    where
        sessionsch0_.PaperID=?
2017-06-04 16:54:25.858 TRACE 1012 --- [    Test worker] o.h.type.descriptor.sql.BasicBinder      : binding parameter [1] as [INTEGER] - [3]
2017-06-04 16:54:25.860 DEBUG 1012 --- [    Test worker] org.hibernate.SQL                        : 
    select
        case 
            when count(*)>0 then 1 
            else 0 
        end as col_0_0_ 
    from
        AppUser appuser0_ 
    where
        appuser0_.username=?
2017-06-04 16:54:25.860 TRACE 1012 --- [    Test worker] o.h.type.descriptor.sql.BasicBinder      : binding parameter [1] as [VARCHAR] - [Alex-D-TC]
2017-06-04 16:54:25.882  WARN 1012 --- [    Test worker] o.dbunit.dataset.AbstractTableMetaData   : Potential problem found: The configured data type factory 'class org.dbunit.dataset.datatype.DefaultDataTypeFactory' might cause problems with the current database 'Microsoft SQL Server' (e.g. some datatypes may not be supported properly). In rare cases you might see this message because the list of supported database products is incomplete (list=[derby]). If so please request a java-class update via the forums.If you are using your own IDataTypeFactory extending DefaultDataTypeFactory, ensure that you override getValidDbProducts() to specify the supported database products.
2017-06-04 16:54:25.886  WARN 1012 --- [    Test worker] o.dbunit.dataset.AbstractTableMetaData   : Potential problem found: The configured data type factory 'class org.dbunit.dataset.datatype.DefaultDataTypeFactory' might cause problems with the current database 'Microsoft SQL Server' (e.g. some datatypes may not be supported properly). In rare cases you might see this message because the list of supported database products is incomplete (list=[derby]). If so please request a java-class update via the forums.If you are using your own IDataTypeFactory extending DefaultDataTypeFactory, ensure that you override getValidDbProducts() to specify the supported database products.
2017-06-04 16:54:25.891  WARN 1012 --- [    Test worker] o.dbunit.dataset.AbstractTableMetaData   : Potential problem found: The configured data type factory 'class org.dbunit.dataset.datatype.DefaultDataTypeFactory' might cause problems with the current database 'Microsoft SQL Server' (e.g. some datatypes may not be supported properly). In rare cases you might see this message because the list of supported database products is incomplete (list=[derby]). If so please request a java-class update via the forums.If you are using your own IDataTypeFactory extending DefaultDataTypeFactory, ensure that you override getValidDbProducts() to specify the supported database products.
2017-06-04 16:54:25.895  WARN 1012 --- [    Test worker] o.dbunit.dataset.AbstractTableMetaData   : Potential problem found: The configured data type factory 'class org.dbunit.dataset.datatype.DefaultDataTypeFactory' might cause problems with the current database 'Microsoft SQL Server' (e.g. some datatypes may not be supported properly). In rare cases you might see this message because the list of supported database products is incomplete (list=[derby]). If so please request a java-class update via the forums.If you are using your own IDataTypeFactory extending DefaultDataTypeFactory, ensure that you override getValidDbProducts() to specify the supported database products.
2017-06-04 16:54:25.900  WARN 1012 --- [    Test worker] o.dbunit.dataset.AbstractTableMetaData   : Potential problem found: The configured data type factory 'class org.dbunit.dataset.datatype.DefaultDataTypeFactory' might cause problems with the current database 'Microsoft SQL Server' (e.g. some datatypes may not be supported properly). In rare cases you might see this message because the list of supported database products is incomplete (list=[derby]). If so please request a java-class update via the forums.If you are using your own IDataTypeFactory extending DefaultDataTypeFactory, ensure that you override getValidDbProducts() to specify the supported database products.
2017-06-04 16:54:25.903  WARN 1012 --- [    Test worker] o.dbunit.dataset.AbstractTableMetaData   : Potential problem found: The configured data type factory 'class org.dbunit.dataset.datatype.DefaultDataTypeFactory' might cause problems with the current database 'Microsoft SQL Server' (e.g. some datatypes may not be supported properly). In rare cases you might see this message because the list of supported database products is incomplete (list=[derby]). If so please request a java-class update via the forums.If you are using your own IDataTypeFactory extending DefaultDataTypeFactory, ensure that you override getValidDbProducts() to specify the supported database products.
2017-06-04 16:54:25.908  WARN 1012 --- [    Test worker] o.dbunit.dataset.AbstractTableMetaData   : Potential problem found: The configured data type factory 'class org.dbunit.dataset.datatype.DefaultDataTypeFactory' might cause problems with the current database 'Microsoft SQL Server' (e.g. some datatypes may not be supported properly). In rare cases you might see this message because the list of supported database products is incomplete (list=[derby]). If so please request a java-class update via the forums.If you are using your own IDataTypeFactory extending DefaultDataTypeFactory, ensure that you override getValidDbProducts() to specify the supported database products.
2017-06-04 16:54:25.911  WARN 1012 --- [    Test worker] o.dbunit.dataset.AbstractTableMetaData   : Potential problem found: The configured data type factory 'class org.dbunit.dataset.datatype.DefaultDataTypeFactory' might cause problems with the current database 'Microsoft SQL Server' (e.g. some datatypes may not be supported properly). In rare cases you might see this message because the list of supported database products is incomplete (list=[derby]). If so please request a java-class update via the forums.If you are using your own IDataTypeFactory extending DefaultDataTypeFactory, ensure that you override getValidDbProducts() to specify the supported database products.
2017-06-04 16:54:25.914 DEBUG 1012 --- [    Test worker] org.hibernate.SQL                        : 
    select
        appuser0_.id as id1_0_,
        appuser0_.affiliation as affiliat2_0_,
        appuser0_.email as email3_0_,
        appuser0_.isCometeeMember as isComete4_0_,
        appuser0_.isSuperUser as isSuperU5_0_,
        appuser0_.name as name6_0_,
        appuser0_.password as password7_0_,
        appuser0_.username as username8_0_,
        appuser0_.webpage as webpage9_0_ 
    from
        AppUser appuser0_ 
    where
        appuser0_.username=?
2017-06-04 16:54:25.915 TRACE 1012 --- [    Test worker] o.h.type.descriptor.sql.BasicBinder      : binding parameter [1] as [VARCHAR] - [RANDOM]
2017-06-04 16:54:25.932  WARN 1012 --- [    Test worker] o.dbunit.dataset.AbstractTableMetaData   : Potential problem found: The configured data type factory 'class org.dbunit.dataset.datatype.DefaultDataTypeFactory' might cause problems with the current database 'Microsoft SQL Server' (e.g. some datatypes may not be supported properly). In rare cases you might see this message because the list of supported database products is incomplete (list=[derby]). If so please request a java-class update via the forums.If you are using your own IDataTypeFactory extending DefaultDataTypeFactory, ensure that you override getValidDbProducts() to specify the supported database products.
2017-06-04 16:54:25.937  WARN 1012 --- [    Test worker] o.dbunit.dataset.AbstractTableMetaData   : Potential problem found: The configured data type factory 'class org.dbunit.dataset.datatype.DefaultDataTypeFactory' might cause problems with the current database 'Microsoft SQL Server' (e.g. some datatypes may not be supported properly). In rare cases you might see this message because the list of supported database products is incomplete (list=[derby]). If so please request a java-class update via the forums.If you are using your own IDataTypeFactory extending DefaultDataTypeFactory, ensure that you override getValidDbProducts() to specify the supported database products.
2017-06-04 16:54:25.941  WARN 1012 --- [    Test worker] o.dbunit.dataset.AbstractTableMetaData   : Potential problem found: The configured data type factory 'class org.dbunit.dataset.datatype.DefaultDataTypeFactory' might cause problems with the current database 'Microsoft SQL Server' (e.g. some datatypes may not be supported properly). In rare cases you might see this message because the list of supported database products is incomplete (list=[derby]). If so please request a java-class update via the forums.If you are using your own IDataTypeFactory extending DefaultDataTypeFactory, ensure that you override getValidDbProducts() to specify the supported database products.
2017-06-04 16:54:25.945  WARN 1012 --- [    Test worker] o.dbunit.dataset.AbstractTableMetaData   : Potential problem found: The configured data type factory 'class org.dbunit.dataset.datatype.DefaultDataTypeFactory' might cause problems with the current database 'Microsoft SQL Server' (e.g. some datatypes may not be supported properly). In rare cases you might see this message because the list of supported database products is incomplete (list=[derby]). If so please request a java-class update via the forums.If you are using your own IDataTypeFactory extending DefaultDataTypeFactory, ensure that you override getValidDbProducts() to specify the supported database products.
2017-06-04 16:54:25.950  WARN 1012 --- [    Test worker] o.dbunit.dataset.AbstractTableMetaData   : Potential problem found: The configured data type factory 'class org.dbunit.dataset.datatype.DefaultDataTypeFactory' might cause problems with the current database 'Microsoft SQL Server' (e.g. some datatypes may not be supported properly). In rare cases you might see this message because the list of supported database products is incomplete (list=[derby]). If so please request a java-class update via the forums.If you are using your own IDataTypeFactory extending DefaultDataTypeFactory, ensure that you override getValidDbProducts() to specify the supported database products.
2017-06-04 16:54:25.957  WARN 1012 --- [    Test worker] o.dbunit.dataset.AbstractTableMetaData   : Potential problem found: The configured data type factory 'class org.dbunit.dataset.datatype.DefaultDataTypeFactory' might cause problems with the current database 'Microsoft SQL Server' (e.g. some datatypes may not be supported properly). In rare cases you might see this message because the list of supported database products is incomplete (list=[derby]). If so please request a java-class update via the forums.If you are using your own IDataTypeFactory extending DefaultDataTypeFactory, ensure that you override getValidDbProducts() to specify the supported database products.
2017-06-04 16:54:25.961  WARN 1012 --- [    Test worker] o.dbunit.dataset.AbstractTableMetaData   : Potential problem found: The configured data type factory 'class org.dbunit.dataset.datatype.DefaultDataTypeFactory' might cause problems with the current database 'Microsoft SQL Server' (e.g. some datatypes may not be supported properly). In rare cases you might see this message because the list of supported database products is incomplete (list=[derby]). If so please request a java-class update via the forums.If you are using your own IDataTypeFactory extending DefaultDataTypeFactory, ensure that you override getValidDbProducts() to specify the supported database products.
2017-06-04 16:54:25.965  WARN 1012 --- [    Test worker] o.dbunit.dataset.AbstractTableMetaData   : Potential problem found: The configured data type factory 'class org.dbunit.dataset.datatype.DefaultDataTypeFactory' might cause problems with the current database 'Microsoft SQL Server' (e.g. some datatypes may not be supported properly). In rare cases you might see this message because the list of supported database products is incomplete (list=[derby]). If so please request a java-class update via the forums.If you are using your own IDataTypeFactory extending DefaultDataTypeFactory, ensure that you override getValidDbProducts() to specify the supported database products.
2017-06-04 16:54:26.095 DEBUG 1012 --- [    Test worker] org.hibernate.SQL                        : 
    select
        next_val as id_val 
    from
        hibernate_sequence with (updlock,
        rowlock)
2017-06-04 16:54:26.105 DEBUG 1012 --- [    Test worker] org.hibernate.SQL                        : 
    update
        hibernate_sequence 
    set
        next_val= ? 
    where
        next_val=?
2017-06-04 16:54:26.125 DEBUG 1012 --- [    Test worker] org.hibernate.SQL                        : 
    insert 
    into
        AppUser
        (affiliation, email, isCometeeMember, isSuperUser, name, password, username, webpage, id) 
    values
        (?, ?, ?, ?, ?, ?, ?, ?, ?)
2017-06-04 16:54:26.125 TRACE 1012 --- [    Test worker] o.h.type.descriptor.sql.BasicBinder      : binding parameter [1] as [VARCHAR] - [no affiliation]
2017-06-04 16:54:26.125 TRACE 1012 --- [    Test worker] o.h.type.descriptor.sql.BasicBinder      : binding parameter [2] as [VARCHAR] - [no-email@gmail.com]
2017-06-04 16:54:26.126 TRACE 1012 --- [    Test worker] o.h.type.descriptor.sql.BasicBinder      : binding parameter [3] as [BOOLEAN] - [false]
2017-06-04 16:54:26.126 TRACE 1012 --- [    Test worker] o.h.type.descriptor.sql.BasicBinder      : binding parameter [4] as [BOOLEAN] - [false]
2017-06-04 16:54:26.126 TRACE 1012 --- [    Test worker] o.h.type.descriptor.sql.BasicBinder      : binding parameter [5] as [VARCHAR] - [alexei]
2017-06-04 16:54:26.126 TRACE 1012 --- [    Test worker] o.h.type.descriptor.sql.BasicBinder      : binding parameter [6] as [VARCHAR] - [$2a$10$N8zYixAlkSY5HQjKoWBMfebWVcPee9XiSEV17qJN0NEsMRQfNFbuW]
2017-06-04 16:54:26.126 TRACE 1012 --- [    Test worker] o.h.type.descriptor.sql.BasicBinder      : binding parameter [7] as [VARCHAR] - [new-user]
2017-06-04 16:54:26.126 TRACE 1012 --- [    Test worker] o.h.type.descriptor.sql.BasicBinder      : binding parameter [8] as [VARCHAR] - [https://www.pornhub.com]
2017-06-04 16:54:26.126 TRACE 1012 --- [    Test worker] o.h.type.descriptor.sql.BasicBinder      : binding parameter [9] as [INTEGER] - [42]
2017-06-04 16:54:26.131 DEBUG 1012 --- [    Test worker] org.hibernate.SQL                        : 
    select
        appuser0_.id as id1_0_,
        appuser0_.affiliation as affiliat2_0_,
        appuser0_.email as email3_0_,
        appuser0_.isCometeeMember as isComete4_0_,
        appuser0_.isSuperUser as isSuperU5_0_,
        appuser0_.name as name6_0_,
        appuser0_.password as password7_0_,
        appuser0_.username as username8_0_,
        appuser0_.webpage as webpage9_0_ 
    from
        AppUser appuser0_ 
    where
        appuser0_.username=?
2017-06-04 16:54:26.132 TRACE 1012 --- [    Test worker] o.h.type.descriptor.sql.BasicBinder      : binding parameter [1] as [VARCHAR] - [new-user]
2017-06-04 16:54:26.133 DEBUG 1012 --- [    Test worker] org.hibernate.SQL                        : 
    select
        session0_.id as id1_8_2_,
        session0_.conf_ID as conf_ID3_8_2_,
        session0_.name as name2_8_2_,
        session0_.sessionChairID as sessionC4_8_2_,
        conference1_.conf_id as conf_id1_3_0_,
        conference1_.biddingDeadline as biddingD2_3_0_,
        conference1_.callForAbstractDeadline as callForA3_3_0_,
        conference1_.callForProposalsDeadline as callForP4_3_0_,
        conference1_.eventEndDate as eventEnd5_3_0_,
        conference1_.eventStartDate as eventSta6_3_0_,
        conference1_.name as name7_3_0_,
        appuser2_.id as id1_0_1_,
        appuser2_.affiliation as affiliat2_0_1_,
        appuser2_.email as email3_0_1_,
        appuser2_.isCometeeMember as isComete4_0_1_,
        appuser2_.isSuperUser as isSuperU5_0_1_,
        appuser2_.name as name6_0_1_,
        appuser2_.password as password7_0_1_,
        appuser2_.username as username8_0_1_,
        appuser2_.webpage as webpage9_0_1_ 
    from
        Sesion session0_ 
    inner join
        Conference conference1_ 
            on session0_.conf_ID=conference1_.conf_id 
    left outer join
        AppUser appuser2_ 
            on session0_.sessionChairID=appuser2_.id 
    where
        session0_.sessionChairID=?
2017-06-04 16:54:26.134 TRACE 1012 --- [    Test worker] o.h.type.descriptor.sql.BasicBinder      : binding parameter [1] as [INTEGER] - [42]
2017-06-04 16:54:26.136 DEBUG 1012 --- [    Test worker] org.hibernate.SQL                        : 
    select
        appuser0_.id as id1_0_,
        appuser0_.affiliation as affiliat2_0_,
        appuser0_.email as email3_0_,
        appuser0_.isCometeeMember as isComete4_0_,
        appuser0_.isSuperUser as isSuperU5_0_,
        appuser0_.name as name6_0_,
        appuser0_.password as password7_0_,
        appuser0_.username as username8_0_,
        appuser0_.webpage as webpage9_0_ 
    from
        AppUser appuser0_ 
    where
        appuser0_.username=?
2017-06-04 16:54:26.136 TRACE 1012 --- [    Test worker] o.h.type.descriptor.sql.BasicBinder      : binding parameter [1] as [VARCHAR] - [new-user]
2017-06-04 16:54:26.137 DEBUG 1012 --- [    Test worker] org.hibernate.SQL                        : 
    select
        session0_.id as id1_8_2_,
        session0_.conf_ID as conf_ID3_8_2_,
        session0_.name as name2_8_2_,
        session0_.sessionChairID as sessionC4_8_2_,
        conference1_.conf_id as conf_id1_3_0_,
        conference1_.biddingDeadline as biddingD2_3_0_,
        conference1_.callForAbstractDeadline as callForA3_3_0_,
        conference1_.callForProposalsDeadline as callForP4_3_0_,
        conference1_.eventEndDate as eventEnd5_3_0_,
        conference1_.eventStartDate as eventSta6_3_0_,
        conference1_.name as name7_3_0_,
        appuser2_.id as id1_0_1_,
        appuser2_.affiliation as affiliat2_0_1_,
        appuser2_.email as email3_0_1_,
        appuser2_.isCometeeMember as isComete4_0_1_,
        appuser2_.isSuperUser as isSuperU5_0_1_,
        appuser2_.name as name6_0_1_,
        appuser2_.password as password7_0_1_,
        appuser2_.username as username8_0_1_,
        appuser2_.webpage as webpage9_0_1_ 
    from
        Sesion session0_ 
    inner join
        Conference conference1_ 
            on session0_.conf_ID=conference1_.conf_id 
    left outer join
        AppUser appuser2_ 
            on session0_.sessionChairID=appuser2_.id 
    where
        session0_.sessionChairID=?
2017-06-04 16:54:26.138 TRACE 1012 --- [    Test worker] o.h.type.descriptor.sql.BasicBinder      : binding parameter [1] as [INTEGER] - [42]
2017-06-04 16:54:26.285  WARN 1012 --- [    Test worker] o.dbunit.dataset.AbstractTableMetaData   : Potential problem found: The configured data type factory 'class org.dbunit.dataset.datatype.DefaultDataTypeFactory' might cause problems with the current database 'Microsoft SQL Server' (e.g. some datatypes may not be supported properly). In rare cases you might see this message because the list of supported database products is incomplete (list=[derby]). If so please request a java-class update via the forums.If you are using your own IDataTypeFactory extending DefaultDataTypeFactory, ensure that you override getValidDbProducts() to specify the supported database products.
2017-06-04 16:54:26.292  WARN 1012 --- [    Test worker] o.dbunit.dataset.AbstractTableMetaData   : Potential problem found: The configured data type factory 'class org.dbunit.dataset.datatype.DefaultDataTypeFactory' might cause problems with the current database 'Microsoft SQL Server' (e.g. some datatypes may not be supported properly). In rare cases you might see this message because the list of supported database products is incomplete (list=[derby]). If so please request a java-class update via the forums.If you are using your own IDataTypeFactory extending DefaultDataTypeFactory, ensure that you override getValidDbProducts() to specify the supported database products.
2017-06-04 16:54:26.299  WARN 1012 --- [    Test worker] o.dbunit.dataset.AbstractTableMetaData   : Potential problem found: The configured data type factory 'class org.dbunit.dataset.datatype.DefaultDataTypeFactory' might cause problems with the current database 'Microsoft SQL Server' (e.g. some datatypes may not be supported properly). In rare cases you might see this message because the list of supported database products is incomplete (list=[derby]). If so please request a java-class update via the forums.If you are using your own IDataTypeFactory extending DefaultDataTypeFactory, ensure that you override getValidDbProducts() to specify the supported database products.
2017-06-04 16:54:26.306  WARN 1012 --- [    Test worker] o.dbunit.dataset.AbstractTableMetaData   : Potential problem found: The configured data type factory 'class org.dbunit.dataset.datatype.DefaultDataTypeFactory' might cause problems with the current database 'Microsoft SQL Server' (e.g. some datatypes may not be supported properly). In rare cases you might see this message because the list of supported database products is incomplete (list=[derby]). If so please request a java-class update via the forums.If you are using your own IDataTypeFactory extending DefaultDataTypeFactory, ensure that you override getValidDbProducts() to specify the supported database products.
2017-06-04 16:54:26.311  WARN 1012 --- [    Test worker] o.dbunit.dataset.AbstractTableMetaData   : Potential problem found: The configured data type factory 'class org.dbunit.dataset.datatype.DefaultDataTypeFactory' might cause problems with the current database 'Microsoft SQL Server' (e.g. some datatypes may not be supported properly). In rare cases you might see this message because the list of supported database products is incomplete (list=[derby]). If so please request a java-class update via the forums.If you are using your own IDataTypeFactory extending DefaultDataTypeFactory, ensure that you override getValidDbProducts() to specify the supported database products.
2017-06-04 16:54:26.316  WARN 1012 --- [    Test worker] o.dbunit.dataset.AbstractTableMetaData   : Potential problem found: The configured data type factory 'class org.dbunit.dataset.datatype.DefaultDataTypeFactory' might cause problems with the current database 'Microsoft SQL Server' (e.g. some datatypes may not be supported properly). In rare cases you might see this message because the list of supported database products is incomplete (list=[derby]). If so please request a java-class update via the forums.If you are using your own IDataTypeFactory extending DefaultDataTypeFactory, ensure that you override getValidDbProducts() to specify the supported database products.
2017-06-04 16:54:26.320  WARN 1012 --- [    Test worker] o.dbunit.dataset.AbstractTableMetaData   : Potential problem found: The configured data type factory 'class org.dbunit.dataset.datatype.DefaultDataTypeFactory' might cause problems with the current database 'Microsoft SQL Server' (e.g. some datatypes may not be supported properly). In rare cases you might see this message because the list of supported database products is incomplete (list=[derby]). If so please request a java-class update via the forums.If you are using your own IDataTypeFactory extending DefaultDataTypeFactory, ensure that you override getValidDbProducts() to specify the supported database products.
2017-06-04 16:54:26.326  WARN 1012 --- [    Test worker] o.dbunit.dataset.AbstractTableMetaData   : Potential problem found: The configured data type factory 'class org.dbunit.dataset.datatype.DefaultDataTypeFactory' might cause problems with the current database 'Microsoft SQL Server' (e.g. some datatypes may not be supported properly). In rare cases you might see this message because the list of supported database products is incomplete (list=[derby]). If so please request a java-class update via the forums.If you are using your own IDataTypeFactory extending DefaultDataTypeFactory, ensure that you override getValidDbProducts() to specify the supported database products.
2017-06-04 16:54:26.329 DEBUG 1012 --- [    Test worker] org.hibernate.SQL                        : 
    select
        appuser0_.id as id1_0_,
        appuser0_.affiliation as affiliat2_0_,
        appuser0_.email as email3_0_,
        appuser0_.isCometeeMember as isComete4_0_,
        appuser0_.isSuperUser as isSuperU5_0_,
        appuser0_.name as name6_0_,
        appuser0_.password as password7_0_,
        appuser0_.username as username8_0_,
        appuser0_.webpage as webpage9_0_ 
    from
        AppUser appuser0_ 
    where
        appuser0_.username=?
2017-06-04 16:54:26.330 TRACE 1012 --- [    Test worker] o.h.type.descriptor.sql.BasicBinder      : binding parameter [1] as [VARCHAR] - [Alex-D-TC]
2017-06-04 16:54:26.331 DEBUG 1012 --- [    Test worker] org.hibernate.SQL                        : 
    select
        session0_.id as id1_8_2_,
        session0_.conf_ID as conf_ID3_8_2_,
        session0_.name as name2_8_2_,
        session0_.sessionChairID as sessionC4_8_2_,
        conference1_.conf_id as conf_id1_3_0_,
        conference1_.biddingDeadline as biddingD2_3_0_,
        conference1_.callForAbstractDeadline as callForA3_3_0_,
        conference1_.callForProposalsDeadline as callForP4_3_0_,
        conference1_.eventEndDate as eventEnd5_3_0_,
        conference1_.eventStartDate as eventSta6_3_0_,
        conference1_.name as name7_3_0_,
        appuser2_.id as id1_0_1_,
        appuser2_.affiliation as affiliat2_0_1_,
        appuser2_.email as email3_0_1_,
        appuser2_.isCometeeMember as isComete4_0_1_,
        appuser2_.isSuperUser as isSuperU5_0_1_,
        appuser2_.name as name6_0_1_,
        appuser2_.password as password7_0_1_,
        appuser2_.username as username8_0_1_,
        appuser2_.webpage as webpage9_0_1_ 
    from
        Sesion session0_ 
    inner join
        Conference conference1_ 
            on session0_.conf_ID=conference1_.conf_id 
    left outer join
        AppUser appuser2_ 
            on session0_.sessionChairID=appuser2_.id 
    where
        session0_.sessionChairID=?
2017-06-04 16:54:26.331 TRACE 1012 --- [    Test worker] o.h.type.descriptor.sql.BasicBinder      : binding parameter [1] as [INTEGER] - [1]
2017-06-04 16:54:26.333 DEBUG 1012 --- [    Test worker] org.hibernate.SQL                        : 
    select
        submittedp0_.authors_id as authors_1_10_0_,
        submittedp0_.submittedPapers_id as submitte2_10_0_,
        paper1_.id as id1_5_1_,
        paper1_.nume as nume2_5_1_,
        paper1_.status as status3_5_1_,
        uploadedfi2_.id as id1_11_2_,
        uploadedfi2_.dateUploaded as dateUplo2_11_2_,
        uploadedfi2_.filePath as filePath3_11_2_,
        uploadedfi2_.nume as nume4_11_2_,
        uploadedfi2_.PaperID_Abstract as PaperID_5_11_2_,
        uploadedfi2_.PaperID_FullPaper as PaperID_6_11_2_,
        uploadedfi2_.PaperID_Presentation as PaperID_7_11_2_,
        paper3_.id as id1_5_3_,
        paper3_.nume as nume2_5_3_,
        paper3_.status as status3_5_3_,
        sessionsch4_.id as id1_9_4_,
        sessionsch4_.PaperID as PaperID3_9_4_,
        sessionsch4_.presentationTime as presenta2_9_4_,
        sessionsch4_.sesionID as sesionID4_9_4_,
        sessionsch4_.speakerID as speakerI5_9_4_,
        session5_.id as id1_8_5_,
        session5_.conf_ID as conf_ID3_8_5_,
        session5_.name as name2_8_5_,
        session5_.sessionChairID as sessionC4_8_5_,
        conference6_.conf_id as conf_id1_3_6_,
        conference6_.biddingDeadline as biddingD2_3_6_,
        conference6_.callForAbstractDeadline as callForA3_3_6_,
        conference6_.callForProposalsDeadline as callForP4_3_6_,
        conference6_.eventEndDate as eventEnd5_3_6_,
        conference6_.eventStartDate as eventSta6_3_6_,
        conference6_.name as name7_3_6_,
        appuser7_.id as id1_0_7_,
        appuser7_.affiliation as affiliat2_0_7_,
        appuser7_.email as email3_0_7_,
        appuser7_.isCometeeMember as isComete4_0_7_,
        appuser7_.isSuperUser as isSuperU5_0_7_,
        appuser7_.name as name6_0_7_,
        appuser7_.password as password7_0_7_,
        appuser7_.username as username8_0_7_,
        appuser7_.webpage as webpage9_0_7_,
        appuser8_.id as id1_0_8_,
        appuser8_.affiliation as affiliat2_0_8_,
        appuser8_.email as email3_0_8_,
        appuser8_.isCometeeMember as isComete4_0_8_,
        appuser8_.isSuperUser as isSuperU5_0_8_,
        appuser8_.name as name6_0_8_,
        appuser8_.password as password7_0_8_,
        appuser8_.username as username8_0_8_,
        appuser8_.webpage as webpage9_0_8_,
        paper9_.id as id1_5_9_,
        paper9_.nume as nume2_5_9_,
        paper9_.status as status3_5_9_ 
    from
        SubmittedPapers submittedp0_ 
    inner join
        Paper paper1_ 
            on submittedp0_.submittedPapers_id=paper1_.id 
    left outer join
        UploadedFile uploadedfi2_ 
            on paper1_.id=uploadedfi2_.PaperID_Presentation 
    left outer join
        Paper paper3_ 
            on uploadedfi2_.PaperID_Abstract=paper3_.id 
    left outer join
        SessionSchedule sessionsch4_ 
            on paper3_.id=sessionsch4_.PaperID 
    left outer join
        Sesion session5_ 
            on sessionsch4_.sesionID=session5_.id 
    left outer join
        Conference conference6_ 
            on session5_.conf_ID=conference6_.conf_id 
    left outer join
        AppUser appuser7_ 
            on session5_.sessionChairID=appuser7_.id 
    left outer join
        AppUser appuser8_ 
            on sessionsch4_.speakerID=appuser8_.id 
    left outer join
        Paper paper9_ 
            on uploadedfi2_.PaperID_FullPaper=paper9_.id 
    where
        submittedp0_.authors_id=?
2017-06-04 16:54:26.334 TRACE 1012 --- [    Test worker] o.h.type.descriptor.sql.BasicBinder      : binding parameter [1] as [INTEGER] - [1]
2017-06-04 16:54:26.336 DEBUG 1012 --- [    Test worker] org.hibernate.SQL                        : 
    select
        sessionsch0_.id as id1_9_8_,
        sessionsch0_.PaperID as PaperID3_9_8_,
        sessionsch0_.presentationTime as presenta2_9_8_,
        sessionsch0_.sesionID as sesionID4_9_8_,
        sessionsch0_.speakerID as speakerI5_9_8_,
        paper1_.id as id1_5_0_,
        paper1_.nume as nume2_5_0_,
        paper1_.status as status3_5_0_,
        uploadedfi2_.id as id1_11_1_,
        uploadedfi2_.dateUploaded as dateUplo2_11_1_,
        uploadedfi2_.filePath as filePath3_11_1_,
        uploadedfi2_.nume as nume4_11_1_,
        uploadedfi2_.PaperID_Abstract as PaperID_5_11_1_,
        uploadedfi2_.PaperID_FullPaper as PaperID_6_11_1_,
        uploadedfi2_.PaperID_Presentation as PaperID_7_11_1_,
        paper3_.id as id1_5_2_,
        paper3_.nume as nume2_5_2_,
        paper3_.status as status3_5_2_,
        paper4_.id as id1_5_3_,
        paper4_.nume as nume2_5_3_,
        paper4_.status as status3_5_3_,
        session5_.id as id1_8_4_,
        session5_.conf_ID as conf_ID3_8_4_,
        session5_.name as name2_8_4_,
        session5_.sessionChairID as sessionC4_8_4_,
        conference6_.conf_id as conf_id1_3_5_,
        conference6_.biddingDeadline as biddingD2_3_5_,
        conference6_.callForAbstractDeadline as callForA3_3_5_,
        conference6_.callForProposalsDeadline as callForP4_3_5_,
        conference6_.eventEndDate as eventEnd5_3_5_,
        conference6_.eventStartDate as eventSta6_3_5_,
        conference6_.name as name7_3_5_,
        appuser7_.id as id1_0_6_,
        appuser7_.affiliation as affiliat2_0_6_,
        appuser7_.email as email3_0_6_,
        appuser7_.isCometeeMember as isComete4_0_6_,
        appuser7_.isSuperUser as isSuperU5_0_6_,
        appuser7_.name as name6_0_6_,
        appuser7_.password as password7_0_6_,
        appuser7_.username as username8_0_6_,
        appuser7_.webpage as webpage9_0_6_,
        appuser8_.id as id1_0_7_,
        appuser8_.affiliation as affiliat2_0_7_,
        appuser8_.email as email3_0_7_,
        appuser8_.isCometeeMember as isComete4_0_7_,
        appuser8_.isSuperUser as isSuperU5_0_7_,
        appuser8_.name as name6_0_7_,
        appuser8_.password as password7_0_7_,
        appuser8_.username as username8_0_7_,
        appuser8_.webpage as webpage9_0_7_ 
    from
        SessionSchedule sessionsch0_ 
    left outer join
        Paper paper1_ 
            on sessionsch0_.PaperID=paper1_.id 
    left outer join
        UploadedFile uploadedfi2_ 
            on paper1_.id=uploadedfi2_.PaperID_Presentation 
    left outer join
        Paper paper3_ 
            on uploadedfi2_.PaperID_Abstract=paper3_.id 
    left outer join
        Paper paper4_ 
            on uploadedfi2_.PaperID_FullPaper=paper4_.id 
    inner join
        Sesion session5_ 
            on sessionsch0_.sesionID=session5_.id 
    left outer join
        Conference conference6_ 
            on session5_.conf_ID=conference6_.conf_id 
    left outer join
        AppUser appuser7_ 
            on session5_.sessionChairID=appuser7_.id 
    inner join
        AppUser appuser8_ 
            on sessionsch0_.speakerID=appuser8_.id 
    where
        sessionsch0_.PaperID=?
2017-06-04 16:54:26.337 TRACE 1012 --- [    Test worker] o.h.type.descriptor.sql.BasicBinder      : binding parameter [1] as [INTEGER] - [1]
2017-06-04 16:54:26.339 DEBUG 1012 --- [    Test worker] org.hibernate.SQL                        : 
    select
        sessionsch0_.id as id1_9_8_,
        sessionsch0_.PaperID as PaperID3_9_8_,
        sessionsch0_.presentationTime as presenta2_9_8_,
        sessionsch0_.sesionID as sesionID4_9_8_,
        sessionsch0_.speakerID as speakerI5_9_8_,
        paper1_.id as id1_5_0_,
        paper1_.nume as nume2_5_0_,
        paper1_.status as status3_5_0_,
        uploadedfi2_.id as id1_11_1_,
        uploadedfi2_.dateUploaded as dateUplo2_11_1_,
        uploadedfi2_.filePath as filePath3_11_1_,
        uploadedfi2_.nume as nume4_11_1_,
        uploadedfi2_.PaperID_Abstract as PaperID_5_11_1_,
        uploadedfi2_.PaperID_FullPaper as PaperID_6_11_1_,
        uploadedfi2_.PaperID_Presentation as PaperID_7_11_1_,
        paper3_.id as id1_5_2_,
        paper3_.nume as nume2_5_2_,
        paper3_.status as status3_5_2_,
        paper4_.id as id1_5_3_,
        paper4_.nume as nume2_5_3_,
        paper4_.status as status3_5_3_,
        session5_.id as id1_8_4_,
        session5_.conf_ID as conf_ID3_8_4_,
        session5_.name as name2_8_4_,
        session5_.sessionChairID as sessionC4_8_4_,
        conference6_.conf_id as conf_id1_3_5_,
        conference6_.biddingDeadline as biddingD2_3_5_,
        conference6_.callForAbstractDeadline as callForA3_3_5_,
        conference6_.callForProposalsDeadline as callForP4_3_5_,
        conference6_.eventEndDate as eventEnd5_3_5_,
        conference6_.eventStartDate as eventSta6_3_5_,
        conference6_.name as name7_3_5_,
        appuser7_.id as id1_0_6_,
        appuser7_.affiliation as affiliat2_0_6_,
        appuser7_.email as email3_0_6_,
        appuser7_.isCometeeMember as isComete4_0_6_,
        appuser7_.isSuperUser as isSuperU5_0_6_,
        appuser7_.name as name6_0_6_,
        appuser7_.password as password7_0_6_,
        appuser7_.username as username8_0_6_,
        appuser7_.webpage as webpage9_0_6_,
        appuser8_.id as id1_0_7_,
        appuser8_.affiliation as affiliat2_0_7_,
        appuser8_.email as email3_0_7_,
        appuser8_.isCometeeMember as isComete4_0_7_,
        appuser8_.isSuperUser as isSuperU5_0_7_,
        appuser8_.name as name6_0_7_,
        appuser8_.password as password7_0_7_,
        appuser8_.username as username8_0_7_,
        appuser8_.webpage as webpage9_0_7_ 
    from
        SessionSchedule sessionsch0_ 
    left outer join
        Paper paper1_ 
            on sessionsch0_.PaperID=paper1_.id 
    left outer join
        UploadedFile uploadedfi2_ 
            on paper1_.id=uploadedfi2_.PaperID_Presentation 
    left outer join
        Paper paper3_ 
            on uploadedfi2_.PaperID_Abstract=paper3_.id 
    left outer join
        Paper paper4_ 
            on uploadedfi2_.PaperID_FullPaper=paper4_.id 
    inner join
        Sesion session5_ 
            on sessionsch0_.sesionID=session5_.id 
    left outer join
        Conference conference6_ 
            on session5_.conf_ID=conference6_.conf_id 
    left outer join
        AppUser appuser7_ 
            on session5_.sessionChairID=appuser7_.id 
    inner join
        AppUser appuser8_ 
            on sessionsch0_.speakerID=appuser8_.id 
    where
        sessionsch0_.PaperID=?
2017-06-04 16:54:26.340 TRACE 1012 --- [    Test worker] o.h.type.descriptor.sql.BasicBinder      : binding parameter [1] as [INTEGER] - [3]
2017-06-04 16:54:26.359  WARN 1012 --- [    Test worker] o.dbunit.dataset.AbstractTableMetaData   : Potential problem found: The configured data type factory 'class org.dbunit.dataset.datatype.DefaultDataTypeFactory' might cause problems with the current database 'Microsoft SQL Server' (e.g. some datatypes may not be supported properly). In rare cases you might see this message because the list of supported database products is incomplete (list=[derby]). If so please request a java-class update via the forums.If you are using your own IDataTypeFactory extending DefaultDataTypeFactory, ensure that you override getValidDbProducts() to specify the supported database products.
2017-06-04 16:54:26.364  WARN 1012 --- [    Test worker] o.dbunit.dataset.AbstractTableMetaData   : Potential problem found: The configured data type factory 'class org.dbunit.dataset.datatype.DefaultDataTypeFactory' might cause problems with the current database 'Microsoft SQL Server' (e.g. some datatypes may not be supported properly). In rare cases you might see this message because the list of supported database products is incomplete (list=[derby]). If so please request a java-class update via the forums.If you are using your own IDataTypeFactory extending DefaultDataTypeFactory, ensure that you override getValidDbProducts() to specify the supported database products.
2017-06-04 16:54:26.368  WARN 1012 --- [    Test worker] o.dbunit.dataset.AbstractTableMetaData   : Potential problem found: The configured data type factory 'class org.dbunit.dataset.datatype.DefaultDataTypeFactory' might cause problems with the current database 'Microsoft SQL Server' (e.g. some datatypes may not be supported properly). In rare cases you might see this message because the list of supported database products is incomplete (list=[derby]). If so please request a java-class update via the forums.If you are using your own IDataTypeFactory extending DefaultDataTypeFactory, ensure that you override getValidDbProducts() to specify the supported database products.
2017-06-04 16:54:26.372  WARN 1012 --- [    Test worker] o.dbunit.dataset.AbstractTableMetaData   : Potential problem found: The configured data type factory 'class org.dbunit.dataset.datatype.DefaultDataTypeFactory' might cause problems with the current database 'Microsoft SQL Server' (e.g. some datatypes may not be supported properly). In rare cases you might see this message because the list of supported database products is incomplete (list=[derby]). If so please request a java-class update via the forums.If you are using your own IDataTypeFactory extending DefaultDataTypeFactory, ensure that you override getValidDbProducts() to specify the supported database products.
2017-06-04 16:54:26.377  WARN 1012 --- [    Test worker] o.dbunit.dataset.AbstractTableMetaData   : Potential problem found: The configured data type factory 'class org.dbunit.dataset.datatype.DefaultDataTypeFactory' might cause problems with the current database 'Microsoft SQL Server' (e.g. some datatypes may not be supported properly). In rare cases you might see this message because the list of supported database products is incomplete (list=[derby]). If so please request a java-class update via the forums.If you are using your own IDataTypeFactory extending DefaultDataTypeFactory, ensure that you override getValidDbProducts() to specify the supported database products.
2017-06-04 16:54:26.380  WARN 1012 --- [    Test worker] o.dbunit.dataset.AbstractTableMetaData   : Potential problem found: The configured data type factory 'class org.dbunit.dataset.datatype.DefaultDataTypeFactory' might cause problems with the current database 'Microsoft SQL Server' (e.g. some datatypes may not be supported properly). In rare cases you might see this message because the list of supported database products is incomplete (list=[derby]). If so please request a java-class update via the forums.If you are using your own IDataTypeFactory extending DefaultDataTypeFactory, ensure that you override getValidDbProducts() to specify the supported database products.
2017-06-04 16:54:26.383  WARN 1012 --- [    Test worker] o.dbunit.dataset.AbstractTableMetaData   : Potential problem found: The configured data type factory 'class org.dbunit.dataset.datatype.DefaultDataTypeFactory' might cause problems with the current database 'Microsoft SQL Server' (e.g. some datatypes may not be supported properly). In rare cases you might see this message because the list of supported database products is incomplete (list=[derby]). If so please request a java-class update via the forums.If you are using your own IDataTypeFactory extending DefaultDataTypeFactory, ensure that you override getValidDbProducts() to specify the supported database products.
2017-06-04 16:54:26.387  WARN 1012 --- [    Test worker] o.dbunit.dataset.AbstractTableMetaData   : Potential problem found: The configured data type factory 'class org.dbunit.dataset.datatype.DefaultDataTypeFactory' might cause problems with the current database 'Microsoft SQL Server' (e.g. some datatypes may not be supported properly). In rare cases you might see this message because the list of supported database products is incomplete (list=[derby]). If so please request a java-class update via the forums.If you are using your own IDataTypeFactory extending DefaultDataTypeFactory, ensure that you override getValidDbProducts() to specify the supported database products.
2017-06-04 16:54:26.390 DEBUG 1012 --- [    Test worker] org.hibernate.SQL                        : 
    select
        appuser0_.id as id1_0_,
        appuser0_.affiliation as affiliat2_0_,
        appuser0_.email as email3_0_,
        appuser0_.isCometeeMember as isComete4_0_,
        appuser0_.isSuperUser as isSuperU5_0_,
        appuser0_.name as name6_0_,
        appuser0_.password as password7_0_,
        appuser0_.username as username8_0_,
        appuser0_.webpage as webpage9_0_ 
    from
        AppUser appuser0_ 
    where
        appuser0_.username=?
2017-06-04 16:54:26.390 TRACE 1012 --- [    Test worker] o.h.type.descriptor.sql.BasicBinder      : binding parameter [1] as [VARCHAR] - [Alex-D-TC]
2017-06-04 16:54:26.391 DEBUG 1012 --- [    Test worker] org.hibernate.SQL                        : 
    select
        session0_.id as id1_8_2_,
        session0_.conf_ID as conf_ID3_8_2_,
        session0_.name as name2_8_2_,
        session0_.sessionChairID as sessionC4_8_2_,
        conference1_.conf_id as conf_id1_3_0_,
        conference1_.biddingDeadline as biddingD2_3_0_,
        conference1_.callForAbstractDeadline as callForA3_3_0_,
        conference1_.callForProposalsDeadline as callForP4_3_0_,
        conference1_.eventEndDate as eventEnd5_3_0_,
        conference1_.eventStartDate as eventSta6_3_0_,
        conference1_.name as name7_3_0_,
        appuser2_.id as id1_0_1_,
        appuser2_.affiliation as affiliat2_0_1_,
        appuser2_.email as email3_0_1_,
        appuser2_.isCometeeMember as isComete4_0_1_,
        appuser2_.isSuperUser as isSuperU5_0_1_,
        appuser2_.name as name6_0_1_,
        appuser2_.password as password7_0_1_,
        appuser2_.username as username8_0_1_,
        appuser2_.webpage as webpage9_0_1_ 
    from
        Sesion session0_ 
    inner join
        Conference conference1_ 
            on session0_.conf_ID=conference1_.conf_id 
    left outer join
        AppUser appuser2_ 
            on session0_.sessionChairID=appuser2_.id 
    where
        session0_.sessionChairID=?
2017-06-04 16:54:26.391 TRACE 1012 --- [    Test worker] o.h.type.descriptor.sql.BasicBinder      : binding parameter [1] as [INTEGER] - [1]
2017-06-04 16:54:26.398 DEBUG 1012 --- [    Test worker] org.hibernate.SQL                        : 
    select
        appuser0_.id as id1_0_1_,
        appuser0_.affiliation as affiliat2_0_1_,
        appuser0_.email as email3_0_1_,
        appuser0_.isCometeeMember as isComete4_0_1_,
        appuser0_.isSuperUser as isSuperU5_0_1_,
        appuser0_.name as name6_0_1_,
        appuser0_.password as password7_0_1_,
        appuser0_.username as username8_0_1_,
        appuser0_.webpage as webpage9_0_1_,
        bids1_.BidderID as BidderID3_2_3_,
        bids1_.id as id1_2_3_,
        bids1_.id as id1_2_0_,
        bids1_.BidderID as BidderID3_2_0_,
        bids1_.PaperID as PaperID4_2_0_,
        bids1_.status as status2_2_0_ 
    from
        AppUser appuser0_ 
    left outer join
        Bid bids1_ 
            on appuser0_.id=bids1_.BidderID 
    where
        appuser0_.id=?
2017-06-04 16:54:26.398 TRACE 1012 --- [    Test worker] o.h.type.descriptor.sql.BasicBinder      : binding parameter [1] as [INTEGER] - [1]
2017-06-04 16:54:26.401 DEBUG 1012 --- [    Test worker] org.hibernate.SQL                        : 
    select
        paper0_.id as id1_5_0_,
        paper0_.nume as nume2_5_0_,
        paper0_.status as status3_5_0_ 
    from
        Paper paper0_ 
    where
        paper0_.id=?
2017-06-04 16:54:26.401 TRACE 1012 --- [    Test worker] o.h.type.descriptor.sql.BasicBinder      : binding parameter [1] as [INTEGER] - [2]
2017-06-04 16:54:26.403 DEBUG 1012 --- [    Test worker] org.hibernate.SQL                        : 
    select
        uploadedfi0_.id as id1_11_8_,
        uploadedfi0_.dateUploaded as dateUplo2_11_8_,
        uploadedfi0_.filePath as filePath3_11_8_,
        uploadedfi0_.nume as nume4_11_8_,
        uploadedfi0_.PaperID_Abstract as PaperID_5_11_8_,
        uploadedfi0_.PaperID_FullPaper as PaperID_6_11_8_,
        uploadedfi0_.PaperID_Presentation as PaperID_7_11_8_,
        paper1_.id as id1_5_0_,
        paper1_.nume as nume2_5_0_,
        paper1_.status as status3_5_0_,
        uploadedfi2_.id as id1_11_1_,
        uploadedfi2_.dateUploaded as dateUplo2_11_1_,
        uploadedfi2_.filePath as filePath3_11_1_,
        uploadedfi2_.nume as nume4_11_1_,
        uploadedfi2_.PaperID_Abstract as PaperID_5_11_1_,
        uploadedfi2_.PaperID_FullPaper as PaperID_6_11_1_,
        uploadedfi2_.PaperID_Presentation as PaperID_7_11_1_,
        paper3_.id as id1_5_2_,
        paper3_.nume as nume2_5_2_,
        paper3_.status as status3_5_2_,
        sessionsch4_.id as id1_9_3_,
        sessionsch4_.PaperID as PaperID3_9_3_,
        sessionsch4_.presentationTime as presenta2_9_3_,
        sessionsch4_.sesionID as sesionID4_9_3_,
        sessionsch4_.speakerID as speakerI5_9_3_,
        session5_.id as id1_8_4_,
        session5_.conf_ID as conf_ID3_8_4_,
        session5_.name as name2_8_4_,
        session5_.sessionChairID as sessionC4_8_4_,
        conference6_.conf_id as conf_id1_3_5_,
        conference6_.biddingDeadline as biddingD2_3_5_,
        conference6_.callForAbstractDeadline as callForA3_3_5_,
        conference6_.callForProposalsDeadline as callForP4_3_5_,
        conference6_.eventEndDate as eventEnd5_3_5_,
        conference6_.eventStartDate as eventSta6_3_5_,
        conference6_.name as name7_3_5_,
        appuser7_.id as id1_0_6_,
        appuser7_.affiliation as affiliat2_0_6_,
        appuser7_.email as email3_0_6_,
        appuser7_.isCometeeMember as isComete4_0_6_,
        appuser7_.isSuperUser as isSuperU5_0_6_,
        appuser7_.name as name6_0_6_,
        appuser7_.password as password7_0_6_,
        appuser7_.username as username8_0_6_,
        appuser7_.webpage as webpage9_0_6_,
        appuser8_.id as id1_0_7_,
        appuser8_.affiliation as affiliat2_0_7_,
        appuser8_.email as email3_0_7_,
        appuser8_.isCometeeMember as isComete4_0_7_,
        appuser8_.isSuperUser as isSuperU5_0_7_,
        appuser8_.name as name6_0_7_,
        appuser8_.password as password7_0_7_,
        appuser8_.username as username8_0_7_,
        appuser8_.webpage as webpage9_0_7_ 
    from
        UploadedFile uploadedfi0_ 
    left outer join
        Paper paper1_ 
            on uploadedfi0_.PaperID_Abstract=paper1_.id 
    left outer join
        UploadedFile uploadedfi2_ 
            on paper1_.id=uploadedfi2_.PaperID_Presentation 
    left outer join
        Paper paper3_ 
            on uploadedfi2_.PaperID_FullPaper=paper3_.id 
    left outer join
        SessionSchedule sessionsch4_ 
            on paper3_.id=sessionsch4_.PaperID 
    left outer join
        Sesion session5_ 
            on sessionsch4_.sesionID=session5_.id 
    left outer join
        Conference conference6_ 
            on session5_.conf_ID=conference6_.conf_id 
    left outer join
        AppUser appuser7_ 
            on session5_.sessionChairID=appuser7_.id 
    left outer join
        AppUser appuser8_ 
            on sessionsch4_.speakerID=appuser8_.id 
    where
        uploadedfi0_.PaperID_Presentation=?
2017-06-04 16:54:26.404 TRACE 1012 --- [    Test worker] o.h.type.descriptor.sql.BasicBinder      : binding parameter [1] as [INTEGER] - [2]
2017-06-04 16:54:26.405 DEBUG 1012 --- [    Test worker] org.hibernate.SQL                        : 
    select
        sessionsch0_.id as id1_9_8_,
        sessionsch0_.PaperID as PaperID3_9_8_,
        sessionsch0_.presentationTime as presenta2_9_8_,
        sessionsch0_.sesionID as sesionID4_9_8_,
        sessionsch0_.speakerID as speakerI5_9_8_,
        paper1_.id as id1_5_0_,
        paper1_.nume as nume2_5_0_,
        paper1_.status as status3_5_0_,
        uploadedfi2_.id as id1_11_1_,
        uploadedfi2_.dateUploaded as dateUplo2_11_1_,
        uploadedfi2_.filePath as filePath3_11_1_,
        uploadedfi2_.nume as nume4_11_1_,
        uploadedfi2_.PaperID_Abstract as PaperID_5_11_1_,
        uploadedfi2_.PaperID_FullPaper as PaperID_6_11_1_,
        uploadedfi2_.PaperID_Presentation as PaperID_7_11_1_,
        paper3_.id as id1_5_2_,
        paper3_.nume as nume2_5_2_,
        paper3_.status as status3_5_2_,
        paper4_.id as id1_5_3_,
        paper4_.nume as nume2_5_3_,
        paper4_.status as status3_5_3_,
        session5_.id as id1_8_4_,
        session5_.conf_ID as conf_ID3_8_4_,
        session5_.name as name2_8_4_,
        session5_.sessionChairID as sessionC4_8_4_,
        conference6_.conf_id as conf_id1_3_5_,
        conference6_.biddingDeadline as biddingD2_3_5_,
        conference6_.callForAbstractDeadline as callForA3_3_5_,
        conference6_.callForProposalsDeadline as callForP4_3_5_,
        conference6_.eventEndDate as eventEnd5_3_5_,
        conference6_.eventStartDate as eventSta6_3_5_,
        conference6_.name as name7_3_5_,
        appuser7_.id as id1_0_6_,
        appuser7_.affiliation as affiliat2_0_6_,
        appuser7_.email as email3_0_6_,
        appuser7_.isCometeeMember as isComete4_0_6_,
        appuser7_.isSuperUser as isSuperU5_0_6_,
        appuser7_.name as name6_0_6_,
        appuser7_.password as password7_0_6_,
        appuser7_.username as username8_0_6_,
        appuser7_.webpage as webpage9_0_6_,
        appuser8_.id as id1_0_7_,
        appuser8_.affiliation as affiliat2_0_7_,
        appuser8_.email as email3_0_7_,
        appuser8_.isCometeeMember as isComete4_0_7_,
        appuser8_.isSuperUser as isSuperU5_0_7_,
        appuser8_.name as name6_0_7_,
        appuser8_.password as password7_0_7_,
        appuser8_.username as username8_0_7_,
        appuser8_.webpage as webpage9_0_7_ 
    from
        SessionSchedule sessionsch0_ 
    left outer join
        Paper paper1_ 
            on sessionsch0_.PaperID=paper1_.id 
    left outer join
        UploadedFile uploadedfi2_ 
            on paper1_.id=uploadedfi2_.PaperID_Presentation 
    left outer join
        Paper paper3_ 
            on uploadedfi2_.PaperID_Abstract=paper3_.id 
    left outer join
        Paper paper4_ 
            on uploadedfi2_.PaperID_FullPaper=paper4_.id 
    inner join
        Sesion session5_ 
            on sessionsch0_.sesionID=session5_.id 
    left outer join
        Conference conference6_ 
            on session5_.conf_ID=conference6_.conf_id 
    left outer join
        AppUser appuser7_ 
            on session5_.sessionChairID=appuser7_.id 
    inner join
        AppUser appuser8_ 
            on sessionsch0_.speakerID=appuser8_.id 
    where
        sessionsch0_.PaperID=?
2017-06-04 16:54:26.406 TRACE 1012 --- [    Test worker] o.h.type.descriptor.sql.BasicBinder      : binding parameter [1] as [INTEGER] - [2]
2017-06-04 16:54:26.407 DEBUG 1012 --- [    Test worker] org.hibernate.SQL                        : 
    select
        session0_.id as id1_8_2_,
        session0_.conf_ID as conf_ID3_8_2_,
        session0_.name as name2_8_2_,
        session0_.sessionChairID as sessionC4_8_2_,
        conference1_.conf_id as conf_id1_3_0_,
        conference1_.biddingDeadline as biddingD2_3_0_,
        conference1_.callForAbstractDeadline as callForA3_3_0_,
        conference1_.callForProposalsDeadline as callForP4_3_0_,
        conference1_.eventEndDate as eventEnd5_3_0_,
        conference1_.eventStartDate as eventSta6_3_0_,
        conference1_.name as name7_3_0_,
        appuser2_.id as id1_0_1_,
        appuser2_.affiliation as affiliat2_0_1_,
        appuser2_.email as email3_0_1_,
        appuser2_.isCometeeMember as isComete4_0_1_,
        appuser2_.isSuperUser as isSuperU5_0_1_,
        appuser2_.name as name6_0_1_,
        appuser2_.password as password7_0_1_,
        appuser2_.username as username8_0_1_,
        appuser2_.webpage as webpage9_0_1_ 
    from
        Sesion session0_ 
    inner join
        Conference conference1_ 
            on session0_.conf_ID=conference1_.conf_id 
    left outer join
        AppUser appuser2_ 
            on session0_.sessionChairID=appuser2_.id 
    where
        session0_.sessionChairID=?
2017-06-04 16:54:26.408 TRACE 1012 --- [    Test worker] o.h.type.descriptor.sql.BasicBinder      : binding parameter [1] as [INTEGER] - [1]
2017-06-04 16:54:26.410 DEBUG 1012 --- [    Test worker] org.hibernate.SQL                        : 
    select
        assignedfo0_.reviewers_id as reviewer1_1_0_,
        assignedfo0_.assignedForReview_id as assigned2_1_0_,
        paper1_.id as id1_5_1_,
        paper1_.nume as nume2_5_1_,
        paper1_.status as status3_5_1_,
        uploadedfi2_.id as id1_11_2_,
        uploadedfi2_.dateUploaded as dateUplo2_11_2_,
        uploadedfi2_.filePath as filePath3_11_2_,
        uploadedfi2_.nume as nume4_11_2_,
        uploadedfi2_.PaperID_Abstract as PaperID_5_11_2_,
        uploadedfi2_.PaperID_FullPaper as PaperID_6_11_2_,
        uploadedfi2_.PaperID_Presentation as PaperID_7_11_2_,
        paper3_.id as id1_5_3_,
        paper3_.nume as nume2_5_3_,
        paper3_.status as status3_5_3_,
        sessionsch4_.id as id1_9_4_,
        sessionsch4_.PaperID as PaperID3_9_4_,
        sessionsch4_.presentationTime as presenta2_9_4_,
        sessionsch4_.sesionID as sesionID4_9_4_,
        sessionsch4_.speakerID as speakerI5_9_4_,
        session5_.id as id1_8_5_,
        session5_.conf_ID as conf_ID3_8_5_,
        session5_.name as name2_8_5_,
        session5_.sessionChairID as sessionC4_8_5_,
        conference6_.conf_id as conf_id1_3_6_,
        conference6_.biddingDeadline as biddingD2_3_6_,
        conference6_.callForAbstractDeadline as callForA3_3_6_,
        conference6_.callForProposalsDeadline as callForP4_3_6_,
        conference6_.eventEndDate as eventEnd5_3_6_,
        conference6_.eventStartDate as eventSta6_3_6_,
        conference6_.name as name7_3_6_,
        appuser7_.id as id1_0_7_,
        appuser7_.affiliation as affiliat2_0_7_,
        appuser7_.email as email3_0_7_,
        appuser7_.isCometeeMember as isComete4_0_7_,
        appuser7_.isSuperUser as isSuperU5_0_7_,
        appuser7_.name as name6_0_7_,
        appuser7_.password as password7_0_7_,
        appuser7_.username as username8_0_7_,
        appuser7_.webpage as webpage9_0_7_,
        appuser8_.id as id1_0_8_,
        appuser8_.affiliation as affiliat2_0_8_,
        appuser8_.email as email3_0_8_,
        appuser8_.isCometeeMember as isComete4_0_8_,
        appuser8_.isSuperUser as isSuperU5_0_8_,
        appuser8_.name as name6_0_8_,
        appuser8_.password as password7_0_8_,
        appuser8_.username as username8_0_8_,
        appuser8_.webpage as webpage9_0_8_,
        paper9_.id as id1_5_9_,
        paper9_.nume as nume2_5_9_,
        paper9_.status as status3_5_9_ 
    from
        AssignedForReview assignedfo0_ 
    inner join
        Paper paper1_ 
            on assignedfo0_.assignedForReview_id=paper1_.id 
    left outer join
        UploadedFile uploadedfi2_ 
            on paper1_.id=uploadedfi2_.PaperID_Presentation 
    left outer join
        Paper paper3_ 
            on uploadedfi2_.PaperID_Abstract=paper3_.id 
    left outer join
        SessionSchedule sessionsch4_ 
            on paper3_.id=sessionsch4_.PaperID 
    left outer join
        Sesion session5_ 
            on sessionsch4_.sesionID=session5_.id 
    left outer join
        Conference conference6_ 
            on session5_.conf_ID=conference6_.conf_id 
    left outer join
        AppUser appuser7_ 
            on session5_.sessionChairID=appuser7_.id 
    left outer join
        AppUser appuser8_ 
            on sessionsch4_.speakerID=appuser8_.id 
    left outer join
        Paper paper9_ 
            on uploadedfi2_.PaperID_FullPaper=paper9_.id 
    where
        assignedfo0_.reviewers_id=?
2017-06-04 16:54:26.410 TRACE 1012 --- [    Test worker] o.h.type.descriptor.sql.BasicBinder      : binding parameter [1] as [INTEGER] - [1]
2017-06-04 16:54:26.420 DEBUG 1012 --- [    Test worker] org.hibernate.SQL                        : 
    select
        submittedp0_.authors_id as authors_1_10_0_,
        submittedp0_.submittedPapers_id as submitte2_10_0_,
        paper1_.id as id1_5_1_,
        paper1_.nume as nume2_5_1_,
        paper1_.status as status3_5_1_,
        uploadedfi2_.id as id1_11_2_,
        uploadedfi2_.dateUploaded as dateUplo2_11_2_,
        uploadedfi2_.filePath as filePath3_11_2_,
        uploadedfi2_.nume as nume4_11_2_,
        uploadedfi2_.PaperID_Abstract as PaperID_5_11_2_,
        uploadedfi2_.PaperID_FullPaper as PaperID_6_11_2_,
        uploadedfi2_.PaperID_Presentation as PaperID_7_11_2_,
        paper3_.id as id1_5_3_,
        paper3_.nume as nume2_5_3_,
        paper3_.status as status3_5_3_,
        sessionsch4_.id as id1_9_4_,
        sessionsch4_.PaperID as PaperID3_9_4_,
        sessionsch4_.presentationTime as presenta2_9_4_,
        sessionsch4_.sesionID as sesionID4_9_4_,
        sessionsch4_.speakerID as speakerI5_9_4_,
        session5_.id as id1_8_5_,
        session5_.conf_ID as conf_ID3_8_5_,
        session5_.name as name2_8_5_,
        session5_.sessionChairID as sessionC4_8_5_,
        conference6_.conf_id as conf_id1_3_6_,
        conference6_.biddingDeadline as biddingD2_3_6_,
        conference6_.callForAbstractDeadline as callForA3_3_6_,
        conference6_.callForProposalsDeadline as callForP4_3_6_,
        conference6_.eventEndDate as eventEnd5_3_6_,
        conference6_.eventStartDate as eventSta6_3_6_,
        conference6_.name as name7_3_6_,
        appuser7_.id as id1_0_7_,
        appuser7_.affiliation as affiliat2_0_7_,
        appuser7_.email as email3_0_7_,
        appuser7_.isCometeeMember as isComete4_0_7_,
        appuser7_.isSuperUser as isSuperU5_0_7_,
        appuser7_.name as name6_0_7_,
        appuser7_.password as password7_0_7_,
        appuser7_.username as username8_0_7_,
        appuser7_.webpage as webpage9_0_7_,
        appuser8_.id as id1_0_8_,
        appuser8_.affiliation as affiliat2_0_8_,
        appuser8_.email as email3_0_8_,
        appuser8_.isCometeeMember as isComete4_0_8_,
        appuser8_.isSuperUser as isSuperU5_0_8_,
        appuser8_.name as name6_0_8_,
        appuser8_.password as password7_0_8_,
        appuser8_.username as username8_0_8_,
        appuser8_.webpage as webpage9_0_8_,
        paper9_.id as id1_5_9_,
        paper9_.nume as nume2_5_9_,
        paper9_.status as status3_5_9_ 
    from
        SubmittedPapers submittedp0_ 
    inner join
        Paper paper1_ 
            on submittedp0_.submittedPapers_id=paper1_.id 
    left outer join
        UploadedFile uploadedfi2_ 
            on paper1_.id=uploadedfi2_.PaperID_Presentation 
    left outer join
        Paper paper3_ 
            on uploadedfi2_.PaperID_Abstract=paper3_.id 
    left outer join
        SessionSchedule sessionsch4_ 
            on paper3_.id=sessionsch4_.PaperID 
    left outer join
        Sesion session5_ 
            on sessionsch4_.sesionID=session5_.id 
    left outer join
        Conference conference6_ 
            on session5_.conf_ID=conference6_.conf_id 
    left outer join
        AppUser appuser7_ 
            on session5_.sessionChairID=appuser7_.id 
    left outer join
        AppUser appuser8_ 
            on sessionsch4_.speakerID=appuser8_.id 
    left outer join
        Paper paper9_ 
            on uploadedfi2_.PaperID_FullPaper=paper9_.id 
    where
        submittedp0_.authors_id=?
2017-06-04 16:54:26.421 TRACE 1012 --- [    Test worker] o.h.type.descriptor.sql.BasicBinder      : binding parameter [1] as [INTEGER] - [1]
2017-06-04 16:54:26.423 DEBUG 1012 --- [    Test worker] org.hibernate.SQL                        : 
    select
        sessionsch0_.id as id1_9_8_,
        sessionsch0_.PaperID as PaperID3_9_8_,
        sessionsch0_.presentationTime as presenta2_9_8_,
        sessionsch0_.sesionID as sesionID4_9_8_,
        sessionsch0_.speakerID as speakerI5_9_8_,
        paper1_.id as id1_5_0_,
        paper1_.nume as nume2_5_0_,
        paper1_.status as status3_5_0_,
        uploadedfi2_.id as id1_11_1_,
        uploadedfi2_.dateUploaded as dateUplo2_11_1_,
        uploadedfi2_.filePath as filePath3_11_1_,
        uploadedfi2_.nume as nume4_11_1_,
        uploadedfi2_.PaperID_Abstract as PaperID_5_11_1_,
        uploadedfi2_.PaperID_FullPaper as PaperID_6_11_1_,
        uploadedfi2_.PaperID_Presentation as PaperID_7_11_1_,
        paper3_.id as id1_5_2_,
        paper3_.nume as nume2_5_2_,
        paper3_.status as status3_5_2_,
        paper4_.id as id1_5_3_,
        paper4_.nume as nume2_5_3_,
        paper4_.status as status3_5_3_,
        session5_.id as id1_8_4_,
        session5_.conf_ID as conf_ID3_8_4_,
        session5_.name as name2_8_4_,
        session5_.sessionChairID as sessionC4_8_4_,
        conference6_.conf_id as conf_id1_3_5_,
        conference6_.biddingDeadline as biddingD2_3_5_,
        conference6_.callForAbstractDeadline as callForA3_3_5_,
        conference6_.callForProposalsDeadline as callForP4_3_5_,
        conference6_.eventEndDate as eventEnd5_3_5_,
        conference6_.eventStartDate as eventSta6_3_5_,
        conference6_.name as name7_3_5_,
        appuser7_.id as id1_0_6_,
        appuser7_.affiliation as affiliat2_0_6_,
        appuser7_.email as email3_0_6_,
        appuser7_.isCometeeMember as isComete4_0_6_,
        appuser7_.isSuperUser as isSuperU5_0_6_,
        appuser7_.name as name6_0_6_,
        appuser7_.password as password7_0_6_,
        appuser7_.username as username8_0_6_,
        appuser7_.webpage as webpage9_0_6_,
        appuser8_.id as id1_0_7_,
        appuser8_.affiliation as affiliat2_0_7_,
        appuser8_.email as email3_0_7_,
        appuser8_.isCometeeMember as isComete4_0_7_,
        appuser8_.isSuperUser as isSuperU5_0_7_,
        appuser8_.name as name6_0_7_,
        appuser8_.password as password7_0_7_,
        appuser8_.username as username8_0_7_,
        appuser8_.webpage as webpage9_0_7_ 
    from
        SessionSchedule sessionsch0_ 
    left outer join
        Paper paper1_ 
            on sessionsch0_.PaperID=paper1_.id 
    left outer join
        UploadedFile uploadedfi2_ 
            on paper1_.id=uploadedfi2_.PaperID_Presentation 
    left outer join
        Paper paper3_ 
            on uploadedfi2_.PaperID_Abstract=paper3_.id 
    left outer join
        Paper paper4_ 
            on uploadedfi2_.PaperID_FullPaper=paper4_.id 
    inner join
        Sesion session5_ 
            on sessionsch0_.sesionID=session5_.id 
    left outer join
        Conference conference6_ 
            on session5_.conf_ID=conference6_.conf_id 
    left outer join
        AppUser appuser7_ 
            on session5_.sessionChairID=appuser7_.id 
    inner join
        AppUser appuser8_ 
            on sessionsch0_.speakerID=appuser8_.id 
    where
        sessionsch0_.PaperID=?
2017-06-04 16:54:26.423 TRACE 1012 --- [    Test worker] o.h.type.descriptor.sql.BasicBinder      : binding parameter [1] as [INTEGER] - [1]
2017-06-04 16:54:26.424 DEBUG 1012 --- [    Test worker] org.hibernate.SQL                        : 
    select
        sessionsch0_.id as id1_9_8_,
        sessionsch0_.PaperID as PaperID3_9_8_,
        sessionsch0_.presentationTime as presenta2_9_8_,
        sessionsch0_.sesionID as sesionID4_9_8_,
        sessionsch0_.speakerID as speakerI5_9_8_,
        paper1_.id as id1_5_0_,
        paper1_.nume as nume2_5_0_,
        paper1_.status as status3_5_0_,
        uploadedfi2_.id as id1_11_1_,
        uploadedfi2_.dateUploaded as dateUplo2_11_1_,
        uploadedfi2_.filePath as filePath3_11_1_,
        uploadedfi2_.nume as nume4_11_1_,
        uploadedfi2_.PaperID_Abstract as PaperID_5_11_1_,
        uploadedfi2_.PaperID_FullPaper as PaperID_6_11_1_,
        uploadedfi2_.PaperID_Presentation as PaperID_7_11_1_,
        paper3_.id as id1_5_2_,
        paper3_.nume as nume2_5_2_,
        paper3_.status as status3_5_2_,
        paper4_.id as id1_5_3_,
        paper4_.nume as nume2_5_3_,
        paper4_.status as status3_5_3_,
        session5_.id as id1_8_4_,
        session5_.conf_ID as conf_ID3_8_4_,
        session5_.name as name2_8_4_,
        session5_.sessionChairID as sessionC4_8_4_,
        conference6_.conf_id as conf_id1_3_5_,
        conference6_.biddingDeadline as biddingD2_3_5_,
        conference6_.callForAbstractDeadline as callForA3_3_5_,
        conference6_.callForProposalsDeadline as callForP4_3_5_,
        conference6_.eventEndDate as eventEnd5_3_5_,
        conference6_.eventStartDate as eventSta6_3_5_,
        conference6_.name as name7_3_5_,
        appuser7_.id as id1_0_6_,
        appuser7_.affiliation as affiliat2_0_6_,
        appuser7_.email as email3_0_6_,
        appuser7_.isCometeeMember as isComete4_0_6_,
        appuser7_.isSuperUser as isSuperU5_0_6_,
        appuser7_.name as name6_0_6_,
        appuser7_.password as password7_0_6_,
        appuser7_.username as username8_0_6_,
        appuser7_.webpage as webpage9_0_6_,
        appuser8_.id as id1_0_7_,
        appuser8_.affiliation as affiliat2_0_7_,
        appuser8_.email as email3_0_7_,
        appuser8_.isCometeeMember as isComete4_0_7_,
        appuser8_.isSuperUser as isSuperU5_0_7_,
        appuser8_.name as name6_0_7_,
        appuser8_.password as password7_0_7_,
        appuser8_.username as username8_0_7_,
        appuser8_.webpage as webpage9_0_7_ 
    from
        SessionSchedule sessionsch0_ 
    left outer join
        Paper paper1_ 
            on sessionsch0_.PaperID=paper1_.id 
    left outer join
        UploadedFile uploadedfi2_ 
            on paper1_.id=uploadedfi2_.PaperID_Presentation 
    left outer join
        Paper paper3_ 
            on uploadedfi2_.PaperID_Abstract=paper3_.id 
    left outer join
        Paper paper4_ 
            on uploadedfi2_.PaperID_FullPaper=paper4_.id 
    inner join
        Sesion session5_ 
            on sessionsch0_.sesionID=session5_.id 
    left outer join
        Conference conference6_ 
            on session5_.conf_ID=conference6_.conf_id 
    left outer join
        AppUser appuser7_ 
            on session5_.sessionChairID=appuser7_.id 
    inner join
        AppUser appuser8_ 
            on sessionsch0_.speakerID=appuser8_.id 
    where
        sessionsch0_.PaperID=?
2017-06-04 16:54:26.425 TRACE 1012 --- [    Test worker] o.h.type.descriptor.sql.BasicBinder      : binding parameter [1] as [INTEGER] - [3]
2017-06-04 16:54:26.428 DEBUG 1012 --- [    Test worker] org.hibernate.SQL                        : 
    update
        AppUser 
    set
        affiliation=?,
        email=?,
        isCometeeMember=?,
        isSuperUser=?,
        name=?,
        password=?,
        username=?,
        webpage=? 
    where
        id=?
2017-06-04 16:54:26.428 TRACE 1012 --- [    Test worker] o.h.type.descriptor.sql.BasicBinder      : binding parameter [1] as [VARCHAR] - [LOL]
2017-06-04 16:54:26.428 TRACE 1012 --- [    Test worker] o.h.type.descriptor.sql.BasicBinder      : binding parameter [2] as [VARCHAR] - [alexandru.d.thcr@gmail.com]
2017-06-04 16:54:26.429 TRACE 1012 --- [    Test worker] o.h.type.descriptor.sql.BasicBinder      : binding parameter [3] as [BOOLEAN] - [true]
2017-06-04 16:54:26.429 TRACE 1012 --- [    Test worker] o.h.type.descriptor.sql.BasicBinder      : binding parameter [4] as [BOOLEAN] - [true]
2017-06-04 16:54:26.429 TRACE 1012 --- [    Test worker] o.h.type.descriptor.sql.BasicBinder      : binding parameter [5] as [VARCHAR] - [Alexandru Duma]
2017-06-04 16:54:26.429 TRACE 1012 --- [    Test worker] o.h.type.descriptor.sql.BasicBinder      : binding parameter [6] as [VARCHAR] - [pass]
2017-06-04 16:54:26.429 TRACE 1012 --- [    Test worker] o.h.type.descriptor.sql.BasicBinder      : binding parameter [7] as [VARCHAR] - [Alex-D-TC]
2017-06-04 16:54:26.429 TRACE 1012 --- [    Test worker] o.h.type.descriptor.sql.BasicBinder      : binding parameter [8] as [VARCHAR] - [null]
2017-06-04 16:54:26.429 TRACE 1012 --- [    Test worker] o.h.type.descriptor.sql.BasicBinder      : binding parameter [9] as [INTEGER] - [1]
2017-06-04 16:54:26.433 DEBUG 1012 --- [    Test worker] org.hibernate.SQL                        : 
    delete 
    from
        AssignedForReview 
    where
        reviewers_id=?
2017-06-04 16:54:26.433 TRACE 1012 --- [    Test worker] o.h.type.descriptor.sql.BasicBinder      : binding parameter [1] as [INTEGER] - [1]
2017-06-04 16:54:26.435 DEBUG 1012 --- [    Test worker] org.hibernate.SQL                        : 
    delete 
    from
        SubmittedPapers 
    where
        authors_id=?
2017-06-04 16:54:26.435 TRACE 1012 --- [    Test worker] o.h.type.descriptor.sql.BasicBinder      : binding parameter [1] as [INTEGER] - [1]
2017-06-04 16:54:26.438 DEBUG 1012 --- [    Test worker] org.hibernate.SQL                        : 
    select
        appuser0_.id as id1_0_,
        appuser0_.affiliation as affiliat2_0_,
        appuser0_.email as email3_0_,
        appuser0_.isCometeeMember as isComete4_0_,
        appuser0_.isSuperUser as isSuperU5_0_,
        appuser0_.name as name6_0_,
        appuser0_.password as password7_0_,
        appuser0_.username as username8_0_,
        appuser0_.webpage as webpage9_0_ 
    from
        AppUser appuser0_ 
    where
        appuser0_.username=?
2017-06-04 16:54:26.438 TRACE 1012 --- [    Test worker] o.h.type.descriptor.sql.BasicBinder      : binding parameter [1] as [VARCHAR] - [Alex-D-TC]
2017-06-04 16:54:26.439 DEBUG 1012 --- [    Test worker] org.hibernate.SQL                        : 
    select
        session0_.id as id1_8_2_,
        session0_.conf_ID as conf_ID3_8_2_,
        session0_.name as name2_8_2_,
        session0_.sessionChairID as sessionC4_8_2_,
        conference1_.conf_id as conf_id1_3_0_,
        conference1_.biddingDeadline as biddingD2_3_0_,
        conference1_.callForAbstractDeadline as callForA3_3_0_,
        conference1_.callForProposalsDeadline as callForP4_3_0_,
        conference1_.eventEndDate as eventEnd5_3_0_,
        conference1_.eventStartDate as eventSta6_3_0_,
        conference1_.name as name7_3_0_,
        appuser2_.id as id1_0_1_,
        appuser2_.affiliation as affiliat2_0_1_,
        appuser2_.email as email3_0_1_,
        appuser2_.isCometeeMember as isComete4_0_1_,
        appuser2_.isSuperUser as isSuperU5_0_1_,
        appuser2_.name as name6_0_1_,
        appuser2_.password as password7_0_1_,
        appuser2_.username as username8_0_1_,
        appuser2_.webpage as webpage9_0_1_ 
    from
        Sesion session0_ 
    inner join
        Conference conference1_ 
            on session0_.conf_ID=conference1_.conf_id 
    left outer join
        AppUser appuser2_ 
            on session0_.sessionChairID=appuser2_.id 
    where
        session0_.sessionChairID=?
2017-06-04 16:54:26.440 TRACE 1012 --- [    Test worker] o.h.type.descriptor.sql.BasicBinder      : binding parameter [1] as [INTEGER] - [1]
2017-06-04 16:54:26.460  WARN 1012 --- [    Test worker] o.dbunit.dataset.AbstractTableMetaData   : Potential problem found: The configured data type factory 'class org.dbunit.dataset.datatype.DefaultDataTypeFactory' might cause problems with the current database 'Microsoft SQL Server' (e.g. some datatypes may not be supported properly). In rare cases you might see this message because the list of supported database products is incomplete (list=[derby]). If so please request a java-class update via the forums.If you are using your own IDataTypeFactory extending DefaultDataTypeFactory, ensure that you override getValidDbProducts() to specify the supported database products.
2017-06-04 16:54:26.465  WARN 1012 --- [    Test worker] o.dbunit.dataset.AbstractTableMetaData   : Potential problem found: The configured data type factory 'class org.dbunit.dataset.datatype.DefaultDataTypeFactory' might cause problems with the current database 'Microsoft SQL Server' (e.g. some datatypes may not be supported properly). In rare cases you might see this message because the list of supported database products is incomplete (list=[derby]). If so please request a java-class update via the forums.If you are using your own IDataTypeFactory extending DefaultDataTypeFactory, ensure that you override getValidDbProducts() to specify the supported database products.
2017-06-04 16:54:26.470  WARN 1012 --- [    Test worker] o.dbunit.dataset.AbstractTableMetaData   : Potential problem found: The configured data type factory 'class org.dbunit.dataset.datatype.DefaultDataTypeFactory' might cause problems with the current database 'Microsoft SQL Server' (e.g. some datatypes may not be supported properly). In rare cases you might see this message because the list of supported database products is incomplete (list=[derby]). If so please request a java-class update via the forums.If you are using your own IDataTypeFactory extending DefaultDataTypeFactory, ensure that you override getValidDbProducts() to specify the supported database products.
2017-06-04 16:54:26.476  WARN 1012 --- [    Test worker] o.dbunit.dataset.AbstractTableMetaData   : Potential problem found: The configured data type factory 'class org.dbunit.dataset.datatype.DefaultDataTypeFactory' might cause problems with the current database 'Microsoft SQL Server' (e.g. some datatypes may not be supported properly). In rare cases you might see this message because the list of supported database products is incomplete (list=[derby]). If so please request a java-class update via the forums.If you are using your own IDataTypeFactory extending DefaultDataTypeFactory, ensure that you override getValidDbProducts() to specify the supported database products.
2017-06-04 16:54:26.481  WARN 1012 --- [    Test worker] o.dbunit.dataset.AbstractTableMetaData   : Potential problem found: The configured data type factory 'class org.dbunit.dataset.datatype.DefaultDataTypeFactory' might cause problems with the current database 'Microsoft SQL Server' (e.g. some datatypes may not be supported properly). In rare cases you might see this message because the list of supported database products is incomplete (list=[derby]). If so please request a java-class update via the forums.If you are using your own IDataTypeFactory extending DefaultDataTypeFactory, ensure that you override getValidDbProducts() to specify the supported database products.
2017-06-04 16:54:26.485  WARN 1012 --- [    Test worker] o.dbunit.dataset.AbstractTableMetaData   : Potential problem found: The configured data type factory 'class org.dbunit.dataset.datatype.DefaultDataTypeFactory' might cause problems with the current database 'Microsoft SQL Server' (e.g. some datatypes may not be supported properly). In rare cases you might see this message because the list of supported database products is incomplete (list=[derby]). If so please request a java-class update via the forums.If you are using your own IDataTypeFactory extending DefaultDataTypeFactory, ensure that you override getValidDbProducts() to specify the supported database products.
2017-06-04 16:54:26.489  WARN 1012 --- [    Test worker] o.dbunit.dataset.AbstractTableMetaData   : Potential problem found: The configured data type factory 'class org.dbunit.dataset.datatype.DefaultDataTypeFactory' might cause problems with the current database 'Microsoft SQL Server' (e.g. some datatypes may not be supported properly). In rare cases you might see this message because the list of supported database products is incomplete (list=[derby]). If so please request a java-class update via the forums.If you are using your own IDataTypeFactory extending DefaultDataTypeFactory, ensure that you override getValidDbProducts() to specify the supported database products.
2017-06-04 16:54:26.492  WARN 1012 --- [    Test worker] o.dbunit.dataset.AbstractTableMetaData   : Potential problem found: The configured data type factory 'class org.dbunit.dataset.datatype.DefaultDataTypeFactory' might cause problems with the current database 'Microsoft SQL Server' (e.g. some datatypes may not be supported properly). In rare cases you might see this message because the list of supported database products is incomplete (list=[derby]). If so please request a java-class update via the forums.If you are using your own IDataTypeFactory extending DefaultDataTypeFactory, ensure that you override getValidDbProducts() to specify the supported database products.
2017-06-04 16:54:26.496 DEBUG 1012 --- [    Test worker] org.hibernate.SQL                        : 
    select
        paper0_.id as id1_5_0_,
        paper0_.nume as nume2_5_0_,
        paper0_.status as status3_5_0_,
        uploadedfi1_.id as id1_11_1_,
        uploadedfi1_.dateUploaded as dateUplo2_11_1_,
        uploadedfi1_.filePath as filePath3_11_1_,
        uploadedfi1_.nume as nume4_11_1_,
        uploadedfi1_.PaperID_Abstract as PaperID_5_11_1_,
        uploadedfi1_.PaperID_FullPaper as PaperID_6_11_1_,
        uploadedfi1_.PaperID_Presentation as PaperID_7_11_1_,
        paper2_.id as id1_5_2_,
        paper2_.nume as nume2_5_2_,
        paper2_.status as status3_5_2_,
        sessionsch3_.id as id1_9_3_,
        sessionsch3_.PaperID as PaperID3_9_3_,
        sessionsch3_.presentationTime as presenta2_9_3_,
        sessionsch3_.sesionID as sesionID4_9_3_,
        sessionsch3_.speakerID as speakerI5_9_3_,
        session4_.id as id1_8_4_,
        session4_.conf_ID as conf_ID3_8_4_,
        session4_.name as name2_8_4_,
        session4_.sessionChairID as sessionC4_8_4_,
        conference5_.conf_id as conf_id1_3_5_,
        conference5_.biddingDeadline as biddingD2_3_5_,
        conference5_.callForAbstractDeadline as callForA3_3_5_,
        conference5_.callForProposalsDeadline as callForP4_3_5_,
        conference5_.eventEndDate as eventEnd5_3_5_,
        conference5_.eventStartDate as eventSta6_3_5_,
        conference5_.name as name7_3_5_,
        appuser6_.id as id1_0_6_,
        appuser6_.affiliation as affiliat2_0_6_,
        appuser6_.email as email3_0_6_,
        appuser6_.isCometeeMember as isComete4_0_6_,
        appuser6_.isSuperUser as isSuperU5_0_6_,
        appuser6_.name as name6_0_6_,
        appuser6_.password as password7_0_6_,
        appuser6_.username as username8_0_6_,
        appuser6_.webpage as webpage9_0_6_,
        appuser7_.id as id1_0_7_,
        appuser7_.affiliation as affiliat2_0_7_,
        appuser7_.email as email3_0_7_,
        appuser7_.isCometeeMember as isComete4_0_7_,
        appuser7_.isSuperUser as isSuperU5_0_7_,
        appuser7_.name as name6_0_7_,
        appuser7_.password as password7_0_7_,
        appuser7_.username as username8_0_7_,
        appuser7_.webpage as webpage9_0_7_,
        paper8_.id as id1_5_8_,
        paper8_.nume as nume2_5_8_,
        paper8_.status as status3_5_8_ 
    from
        Paper paper0_ 
    left outer join
        UploadedFile uploadedfi1_ 
            on paper0_.id=uploadedfi1_.PaperID_Presentation 
    left outer join
        Paper paper2_ 
            on uploadedfi1_.PaperID_Abstract=paper2_.id 
    left outer join
        SessionSchedule sessionsch3_ 
            on paper2_.id=sessionsch3_.PaperID 
    left outer join
        Sesion session4_ 
            on sessionsch3_.sesionID=session4_.id 
    left outer join
        Conference conference5_ 
            on session4_.conf_ID=conference5_.conf_id 
    left outer join
        AppUser appuser6_ 
            on session4_.sessionChairID=appuser6_.id 
    left outer join
        AppUser appuser7_ 
            on sessionsch3_.speakerID=appuser7_.id 
    left outer join
        Paper paper8_ 
            on uploadedfi1_.PaperID_FullPaper=paper8_.id 
    where
        paper0_.id=?
2017-06-04 16:54:26.497 TRACE 1012 --- [    Test worker] o.h.type.descriptor.sql.BasicBinder      : binding parameter [1] as [INTEGER] - [2]
2017-06-04 16:54:26.498 DEBUG 1012 --- [    Test worker] org.hibernate.SQL                        : 
    select
        sessionsch0_.id as id1_9_8_,
        sessionsch0_.PaperID as PaperID3_9_8_,
        sessionsch0_.presentationTime as presenta2_9_8_,
        sessionsch0_.sesionID as sesionID4_9_8_,
        sessionsch0_.speakerID as speakerI5_9_8_,
        paper1_.id as id1_5_0_,
        paper1_.nume as nume2_5_0_,
        paper1_.status as status3_5_0_,
        uploadedfi2_.id as id1_11_1_,
        uploadedfi2_.dateUploaded as dateUplo2_11_1_,
        uploadedfi2_.filePath as filePath3_11_1_,
        uploadedfi2_.nume as nume4_11_1_,
        uploadedfi2_.PaperID_Abstract as PaperID_5_11_1_,
        uploadedfi2_.PaperID_FullPaper as PaperID_6_11_1_,
        uploadedfi2_.PaperID_Presentation as PaperID_7_11_1_,
        paper3_.id as id1_5_2_,
        paper3_.nume as nume2_5_2_,
        paper3_.status as status3_5_2_,
        paper4_.id as id1_5_3_,
        paper4_.nume as nume2_5_3_,
        paper4_.status as status3_5_3_,
        session5_.id as id1_8_4_,
        session5_.conf_ID as conf_ID3_8_4_,
        session5_.name as name2_8_4_,
        session5_.sessionChairID as sessionC4_8_4_,
        conference6_.conf_id as conf_id1_3_5_,
        conference6_.biddingDeadline as biddingD2_3_5_,
        conference6_.callForAbstractDeadline as callForA3_3_5_,
        conference6_.callForProposalsDeadline as callForP4_3_5_,
        conference6_.eventEndDate as eventEnd5_3_5_,
        conference6_.eventStartDate as eventSta6_3_5_,
        conference6_.name as name7_3_5_,
        appuser7_.id as id1_0_6_,
        appuser7_.affiliation as affiliat2_0_6_,
        appuser7_.email as email3_0_6_,
        appuser7_.isCometeeMember as isComete4_0_6_,
        appuser7_.isSuperUser as isSuperU5_0_6_,
        appuser7_.name as name6_0_6_,
        appuser7_.password as password7_0_6_,
        appuser7_.username as username8_0_6_,
        appuser7_.webpage as webpage9_0_6_,
        appuser8_.id as id1_0_7_,
        appuser8_.affiliation as affiliat2_0_7_,
        appuser8_.email as email3_0_7_,
        appuser8_.isCometeeMember as isComete4_0_7_,
        appuser8_.isSuperUser as isSuperU5_0_7_,
        appuser8_.name as name6_0_7_,
        appuser8_.password as password7_0_7_,
        appuser8_.username as username8_0_7_,
        appuser8_.webpage as webpage9_0_7_ 
    from
        SessionSchedule sessionsch0_ 
    left outer join
        Paper paper1_ 
            on sessionsch0_.PaperID=paper1_.id 
    left outer join
        UploadedFile uploadedfi2_ 
            on paper1_.id=uploadedfi2_.PaperID_Presentation 
    left outer join
        Paper paper3_ 
            on uploadedfi2_.PaperID_Abstract=paper3_.id 
    left outer join
        Paper paper4_ 
            on uploadedfi2_.PaperID_FullPaper=paper4_.id 
    inner join
        Sesion session5_ 
            on sessionsch0_.sesionID=session5_.id 
    left outer join
        Conference conference6_ 
            on session5_.conf_ID=conference6_.conf_id 
    left outer join
        AppUser appuser7_ 
            on session5_.sessionChairID=appuser7_.id 
    inner join
        AppUser appuser8_ 
            on sessionsch0_.speakerID=appuser8_.id 
    where
        sessionsch0_.PaperID=?
2017-06-04 16:54:26.499 TRACE 1012 --- [    Test worker] o.h.type.descriptor.sql.BasicBinder      : binding parameter [1] as [INTEGER] - [2]
2017-06-04 16:54:26.500 DEBUG 1012 --- [    Test worker] org.hibernate.SQL                        : 
    select
        appuser0_.id as id1_0_,
        appuser0_.affiliation as affiliat2_0_,
        appuser0_.email as email3_0_,
        appuser0_.isCometeeMember as isComete4_0_,
        appuser0_.isSuperUser as isSuperU5_0_,
        appuser0_.name as name6_0_,
        appuser0_.password as password7_0_,
        appuser0_.username as username8_0_,
        appuser0_.webpage as webpage9_0_ 
    from
        AppUser appuser0_ 
    where
        appuser0_.username=?
2017-06-04 16:54:26.501 TRACE 1012 --- [    Test worker] o.h.type.descriptor.sql.BasicBinder      : binding parameter [1] as [VARCHAR] - [Alex-D-TC]
2017-06-04 16:54:26.502 DEBUG 1012 --- [    Test worker] org.hibernate.SQL                        : 
    select
        session0_.id as id1_8_2_,
        session0_.conf_ID as conf_ID3_8_2_,
        session0_.name as name2_8_2_,
        session0_.sessionChairID as sessionC4_8_2_,
        conference1_.conf_id as conf_id1_3_0_,
        conference1_.biddingDeadline as biddingD2_3_0_,
        conference1_.callForAbstractDeadline as callForA3_3_0_,
        conference1_.callForProposalsDeadline as callForP4_3_0_,
        conference1_.eventEndDate as eventEnd5_3_0_,
        conference1_.eventStartDate as eventSta6_3_0_,
        conference1_.name as name7_3_0_,
        appuser2_.id as id1_0_1_,
        appuser2_.affiliation as affiliat2_0_1_,
        appuser2_.email as email3_0_1_,
        appuser2_.isCometeeMember as isComete4_0_1_,
        appuser2_.isSuperUser as isSuperU5_0_1_,
        appuser2_.name as name6_0_1_,
        appuser2_.password as password7_0_1_,
        appuser2_.username as username8_0_1_,
        appuser2_.webpage as webpage9_0_1_ 
    from
        Sesion session0_ 
    inner join
        Conference conference1_ 
            on session0_.conf_ID=conference1_.conf_id 
    left outer join
        AppUser appuser2_ 
            on session0_.sessionChairID=appuser2_.id 
    where
        session0_.sessionChairID=?
2017-06-04 16:54:26.502 TRACE 1012 --- [    Test worker] o.h.type.descriptor.sql.BasicBinder      : binding parameter [1] as [INTEGER] - [1]
2017-06-04 16:54:26.506 DEBUG 1012 --- [    Test worker] org.hibernate.SQL                        : 
    select
        bids0_.BidderID as BidderID3_2_0_,
        bids0_.id as id1_2_0_,
        bids0_.id as id1_2_1_,
        bids0_.BidderID as BidderID3_2_1_,
        bids0_.PaperID as PaperID4_2_1_,
        bids0_.status as status2_2_1_,
        paper1_.id as id1_5_2_,
        paper1_.nume as nume2_5_2_,
        paper1_.status as status3_5_2_,
        uploadedfi2_.id as id1_11_3_,
        uploadedfi2_.dateUploaded as dateUplo2_11_3_,
        uploadedfi2_.filePath as filePath3_11_3_,
        uploadedfi2_.nume as nume4_11_3_,
        uploadedfi2_.PaperID_Abstract as PaperID_5_11_3_,
        uploadedfi2_.PaperID_FullPaper as PaperID_6_11_3_,
        uploadedfi2_.PaperID_Presentation as PaperID_7_11_3_,
        paper3_.id as id1_5_4_,
        paper3_.nume as nume2_5_4_,
        paper3_.status as status3_5_4_,
        sessionsch4_.id as id1_9_5_,
        sessionsch4_.PaperID as PaperID3_9_5_,
        sessionsch4_.presentationTime as presenta2_9_5_,
        sessionsch4_.sesionID as sesionID4_9_5_,
        sessionsch4_.speakerID as speakerI5_9_5_,
        session5_.id as id1_8_6_,
        session5_.conf_ID as conf_ID3_8_6_,
        session5_.name as name2_8_6_,
        session5_.sessionChairID as sessionC4_8_6_,
        conference6_.conf_id as conf_id1_3_7_,
        conference6_.biddingDeadline as biddingD2_3_7_,
        conference6_.callForAbstractDeadline as callForA3_3_7_,
        conference6_.callForProposalsDeadline as callForP4_3_7_,
        conference6_.eventEndDate as eventEnd5_3_7_,
        conference6_.eventStartDate as eventSta6_3_7_,
        conference6_.name as name7_3_7_,
        appuser7_.id as id1_0_8_,
        appuser7_.affiliation as affiliat2_0_8_,
        appuser7_.email as email3_0_8_,
        appuser7_.isCometeeMember as isComete4_0_8_,
        appuser7_.isSuperUser as isSuperU5_0_8_,
        appuser7_.name as name6_0_8_,
        appuser7_.password as password7_0_8_,
        appuser7_.username as username8_0_8_,
        appuser7_.webpage as webpage9_0_8_,
        appuser8_.id as id1_0_9_,
        appuser8_.affiliation as affiliat2_0_9_,
        appuser8_.email as email3_0_9_,
        appuser8_.isCometeeMember as isComete4_0_9_,
        appuser8_.isSuperUser as isSuperU5_0_9_,
        appuser8_.name as name6_0_9_,
        appuser8_.password as password7_0_9_,
        appuser8_.username as username8_0_9_,
        appuser8_.webpage as webpage9_0_9_,
        paper9_.id as id1_5_10_,
        paper9_.nume as nume2_5_10_,
        paper9_.status as status3_5_10_ 
    from
        Bid bids0_ 
    inner join
        Paper paper1_ 
            on bids0_.PaperID=paper1_.id 
    left outer join
        UploadedFile uploadedfi2_ 
            on paper1_.id=uploadedfi2_.PaperID_Presentation 
    left outer join
        Paper paper3_ 
            on uploadedfi2_.PaperID_Abstract=paper3_.id 
    left outer join
        SessionSchedule sessionsch4_ 
            on paper3_.id=sessionsch4_.PaperID 
    left outer join
        Sesion session5_ 
            on sessionsch4_.sesionID=session5_.id 
    left outer join
        Conference conference6_ 
            on session5_.conf_ID=conference6_.conf_id 
    left outer join
        AppUser appuser7_ 
            on session5_.sessionChairID=appuser7_.id 
    left outer join
        AppUser appuser8_ 
            on sessionsch4_.speakerID=appuser8_.id 
    left outer join
        Paper paper9_ 
            on uploadedfi2_.PaperID_FullPaper=paper9_.id 
    where
        bids0_.BidderID=?
2017-06-04 16:54:26.507 TRACE 1012 --- [    Test worker] o.h.type.descriptor.sql.BasicBinder      : binding parameter [1] as [INTEGER] - [1]
2017-06-04 16:54:26.518 DEBUG 1012 --- [    Test worker] org.hibernate.SQL                        : 
    update
        Bid 
    set
        BidderID=?,
        PaperID=?,
        status=? 
    where
        id=?
2017-06-04 16:54:26.518 TRACE 1012 --- [    Test worker] o.h.type.descriptor.sql.BasicBinder      : binding parameter [1] as [INTEGER] - [1]
2017-06-04 16:54:26.518 TRACE 1012 --- [    Test worker] o.h.type.descriptor.sql.BasicBinder      : binding parameter [2] as [INTEGER] - [2]
2017-06-04 16:54:26.521 TRACE 1012 --- [    Test worker] o.h.type.descriptor.sql.BasicBinder      : binding parameter [4] as [INTEGER] - [1]
2017-06-04 16:54:26.526 DEBUG 1012 --- [    Test worker] org.hibernate.SQL                        : 
    select
        bids1_.id as id1_2_,
        bids1_.BidderID as BidderID3_2_,
        bids1_.PaperID as PaperID4_2_,
        bids1_.status as status2_2_ 
    from
        AppUser appuser0_ 
    inner join
        Bid bids1_ 
            on appuser0_.id=bids1_.BidderID 
    where
        appuser0_.username=? 
        and bids1_.PaperID=?
2017-06-04 16:54:26.526 TRACE 1012 --- [    Test worker] o.h.type.descriptor.sql.BasicBinder      : binding parameter [1] as [VARCHAR] - [Alex-D-TC]
2017-06-04 16:54:26.527 TRACE 1012 --- [    Test worker] o.h.type.descriptor.sql.BasicBinder      : binding parameter [2] as [INTEGER] - [2]
2017-06-04 16:54:26.528 DEBUG 1012 --- [    Test worker] org.hibernate.SQL                        : 
    select
        appuser0_.id as id1_0_0_,
        appuser0_.affiliation as affiliat2_0_0_,
        appuser0_.email as email3_0_0_,
        appuser0_.isCometeeMember as isComete4_0_0_,
        appuser0_.isSuperUser as isSuperU5_0_0_,
        appuser0_.name as name6_0_0_,
        appuser0_.password as password7_0_0_,
        appuser0_.username as username8_0_0_,
        appuser0_.webpage as webpage9_0_0_,
        session1_.id as id1_8_1_,
        session1_.conf_ID as conf_ID3_8_1_,
        session1_.name as name2_8_1_,
        session1_.sessionChairID as sessionC4_8_1_,
        conference2_.conf_id as conf_id1_3_2_,
        conference2_.biddingDeadline as biddingD2_3_2_,
        conference2_.callForAbstractDeadline as callForA3_3_2_,
        conference2_.callForProposalsDeadline as callForP4_3_2_,
        conference2_.eventEndDate as eventEnd5_3_2_,
        conference2_.eventStartDate as eventSta6_3_2_,
        conference2_.name as name7_3_2_ 
    from
        AppUser appuser0_ 
    left outer join
        Sesion session1_ 
            on appuser0_.id=session1_.sessionChairID 
    left outer join
        Conference conference2_ 
            on session1_.conf_ID=conference2_.conf_id 
    where
        appuser0_.id=?
2017-06-04 16:54:26.528 TRACE 1012 --- [    Test worker] o.h.type.descriptor.sql.BasicBinder      : binding parameter [1] as [INTEGER] - [1]
2017-06-04 16:54:26.530 DEBUG 1012 --- [    Test worker] org.hibernate.SQL                        : 
    select
        paper0_.id as id1_5_0_,
        paper0_.nume as nume2_5_0_,
        paper0_.status as status3_5_0_,
        uploadedfi1_.id as id1_11_1_,
        uploadedfi1_.dateUploaded as dateUplo2_11_1_,
        uploadedfi1_.filePath as filePath3_11_1_,
        uploadedfi1_.nume as nume4_11_1_,
        uploadedfi1_.PaperID_Abstract as PaperID_5_11_1_,
        uploadedfi1_.PaperID_FullPaper as PaperID_6_11_1_,
        uploadedfi1_.PaperID_Presentation as PaperID_7_11_1_,
        paper2_.id as id1_5_2_,
        paper2_.nume as nume2_5_2_,
        paper2_.status as status3_5_2_,
        sessionsch3_.id as id1_9_3_,
        sessionsch3_.PaperID as PaperID3_9_3_,
        sessionsch3_.presentationTime as presenta2_9_3_,
        sessionsch3_.sesionID as sesionID4_9_3_,
        sessionsch3_.speakerID as speakerI5_9_3_,
        session4_.id as id1_8_4_,
        session4_.conf_ID as conf_ID3_8_4_,
        session4_.name as name2_8_4_,
        session4_.sessionChairID as sessionC4_8_4_,
        conference5_.conf_id as conf_id1_3_5_,
        conference5_.biddingDeadline as biddingD2_3_5_,
        conference5_.callForAbstractDeadline as callForA3_3_5_,
        conference5_.callForProposalsDeadline as callForP4_3_5_,
        conference5_.eventEndDate as eventEnd5_3_5_,
        conference5_.eventStartDate as eventSta6_3_5_,
        conference5_.name as name7_3_5_,
        appuser6_.id as id1_0_6_,
        appuser6_.affiliation as affiliat2_0_6_,
        appuser6_.email as email3_0_6_,
        appuser6_.isCometeeMember as isComete4_0_6_,
        appuser6_.isSuperUser as isSuperU5_0_6_,
        appuser6_.name as name6_0_6_,
        appuser6_.password as password7_0_6_,
        appuser6_.username as username8_0_6_,
        appuser6_.webpage as webpage9_0_6_,
        appuser7_.id as id1_0_7_,
        appuser7_.affiliation as affiliat2_0_7_,
        appuser7_.email as email3_0_7_,
        appuser7_.isCometeeMember as isComete4_0_7_,
        appuser7_.isSuperUser as isSuperU5_0_7_,
        appuser7_.name as name6_0_7_,
        appuser7_.password as password7_0_7_,
        appuser7_.username as username8_0_7_,
        appuser7_.webpage as webpage9_0_7_,
        paper8_.id as id1_5_8_,
        paper8_.nume as nume2_5_8_,
        paper8_.status as status3_5_8_ 
    from
        Paper paper0_ 
    left outer join
        UploadedFile uploadedfi1_ 
            on paper0_.id=uploadedfi1_.PaperID_Presentation 
    left outer join
        Paper paper2_ 
            on uploadedfi1_.PaperID_Abstract=paper2_.id 
    left outer join
        SessionSchedule sessionsch3_ 
            on paper2_.id=sessionsch3_.PaperID 
    left outer join
        Sesion session4_ 
            on sessionsch3_.sesionID=session4_.id 
    left outer join
        Conference conference5_ 
            on session4_.conf_ID=conference5_.conf_id 
    left outer join
        AppUser appuser6_ 
            on session4_.sessionChairID=appuser6_.id 
    left outer join
        AppUser appuser7_ 
            on sessionsch3_.speakerID=appuser7_.id 
    left outer join
        Paper paper8_ 
            on uploadedfi1_.PaperID_FullPaper=paper8_.id 
    where
        paper0_.id=?
2017-06-04 16:54:26.530 TRACE 1012 --- [    Test worker] o.h.type.descriptor.sql.BasicBinder      : binding parameter [1] as [INTEGER] - [2]
2017-06-04 16:54:26.532 DEBUG 1012 --- [    Test worker] org.hibernate.SQL                        : 
    select
        sessionsch0_.id as id1_9_8_,
        sessionsch0_.PaperID as PaperID3_9_8_,
        sessionsch0_.presentationTime as presenta2_9_8_,
        sessionsch0_.sesionID as sesionID4_9_8_,
        sessionsch0_.speakerID as speakerI5_9_8_,
        paper1_.id as id1_5_0_,
        paper1_.nume as nume2_5_0_,
        paper1_.status as status3_5_0_,
        uploadedfi2_.id as id1_11_1_,
        uploadedfi2_.dateUploaded as dateUplo2_11_1_,
        uploadedfi2_.filePath as filePath3_11_1_,
        uploadedfi2_.nume as nume4_11_1_,
        uploadedfi2_.PaperID_Abstract as PaperID_5_11_1_,
        uploadedfi2_.PaperID_FullPaper as PaperID_6_11_1_,
        uploadedfi2_.PaperID_Presentation as PaperID_7_11_1_,
        paper3_.id as id1_5_2_,
        paper3_.nume as nume2_5_2_,
        paper3_.status as status3_5_2_,
        paper4_.id as id1_5_3_,
        paper4_.nume as nume2_5_3_,
        paper4_.status as status3_5_3_,
        session5_.id as id1_8_4_,
        session5_.conf_ID as conf_ID3_8_4_,
        session5_.name as name2_8_4_,
        session5_.sessionChairID as sessionC4_8_4_,
        conference6_.conf_id as conf_id1_3_5_,
        conference6_.biddingDeadline as biddingD2_3_5_,
        conference6_.callForAbstractDeadline as callForA3_3_5_,
        conference6_.callForProposalsDeadline as callForP4_3_5_,
        conference6_.eventEndDate as eventEnd5_3_5_,
        conference6_.eventStartDate as eventSta6_3_5_,
        conference6_.name as name7_3_5_,
        appuser7_.id as id1_0_6_,
        appuser7_.affiliation as affiliat2_0_6_,
        appuser7_.email as email3_0_6_,
        appuser7_.isCometeeMember as isComete4_0_6_,
        appuser7_.isSuperUser as isSuperU5_0_6_,
        appuser7_.name as name6_0_6_,
        appuser7_.password as password7_0_6_,
        appuser7_.username as username8_0_6_,
        appuser7_.webpage as webpage9_0_6_,
        appuser8_.id as id1_0_7_,
        appuser8_.affiliation as affiliat2_0_7_,
        appuser8_.email as email3_0_7_,
        appuser8_.isCometeeMember as isComete4_0_7_,
        appuser8_.isSuperUser as isSuperU5_0_7_,
        appuser8_.name as name6_0_7_,
        appuser8_.password as password7_0_7_,
        appuser8_.username as username8_0_7_,
        appuser8_.webpage as webpage9_0_7_ 
    from
        SessionSchedule sessionsch0_ 
    left outer join
        Paper paper1_ 
            on sessionsch0_.PaperID=paper1_.id 
    left outer join
        UploadedFile uploadedfi2_ 
            on paper1_.id=uploadedfi2_.PaperID_Presentation 
    left outer join
        Paper paper3_ 
            on uploadedfi2_.PaperID_Abstract=paper3_.id 
    left outer join
        Paper paper4_ 
            on uploadedfi2_.PaperID_FullPaper=paper4_.id 
    inner join
        Sesion session5_ 
            on sessionsch0_.sesionID=session5_.id 
    left outer join
        Conference conference6_ 
            on session5_.conf_ID=conference6_.conf_id 
    left outer join
        AppUser appuser7_ 
            on session5_.sessionChairID=appuser7_.id 
    inner join
        AppUser appuser8_ 
            on sessionsch0_.speakerID=appuser8_.id 
    where
        sessionsch0_.PaperID=?
2017-06-04 16:54:26.533 TRACE 1012 --- [    Test worker] o.h.type.descriptor.sql.BasicBinder      : binding parameter [1] as [INTEGER] - [2]
2017-06-04 16:54:26.707  WARN 1012 --- [    Test worker] o.dbunit.dataset.AbstractTableMetaData   : Potential problem found: The configured data type factory 'class org.dbunit.dataset.datatype.DefaultDataTypeFactory' might cause problems with the current database 'Microsoft SQL Server' (e.g. some datatypes may not be supported properly). In rare cases you might see this message because the list of supported database products is incomplete (list=[derby]). If so please request a java-class update via the forums.If you are using your own IDataTypeFactory extending DefaultDataTypeFactory, ensure that you override getValidDbProducts() to specify the supported database products.
2017-06-04 16:54:26.724  WARN 1012 --- [    Test worker] o.dbunit.dataset.AbstractTableMetaData   : Potential problem found: The configured data type factory 'class org.dbunit.dataset.datatype.DefaultDataTypeFactory' might cause problems with the current database 'Microsoft SQL Server' (e.g. some datatypes may not be supported properly). In rare cases you might see this message because the list of supported database products is incomplete (list=[derby]). If so please request a java-class update via the forums.If you are using your own IDataTypeFactory extending DefaultDataTypeFactory, ensure that you override getValidDbProducts() to specify the supported database products.
2017-06-04 16:54:26.728  WARN 1012 --- [    Test worker] o.dbunit.dataset.AbstractTableMetaData   : Potential problem found: The configured data type factory 'class org.dbunit.dataset.datatype.DefaultDataTypeFactory' might cause problems with the current database 'Microsoft SQL Server' (e.g. some datatypes may not be supported properly). In rare cases you might see this message because the list of supported database products is incomplete (list=[derby]). If so please request a java-class update via the forums.If you are using your own IDataTypeFactory extending DefaultDataTypeFactory, ensure that you override getValidDbProducts() to specify the supported database products.
2017-06-04 16:54:26.733  WARN 1012 --- [    Test worker] o.dbunit.dataset.AbstractTableMetaData   : Potential problem found: The configured data type factory 'class org.dbunit.dataset.datatype.DefaultDataTypeFactory' might cause problems with the current database 'Microsoft SQL Server' (e.g. some datatypes may not be supported properly). In rare cases you might see this message because the list of supported database products is incomplete (list=[derby]). If so please request a java-class update via the forums.If you are using your own IDataTypeFactory extending DefaultDataTypeFactory, ensure that you override getValidDbProducts() to specify the supported database products.
2017-06-04 16:54:26.737  WARN 1012 --- [    Test worker] o.dbunit.dataset.AbstractTableMetaData   : Potential problem found: The configured data type factory 'class org.dbunit.dataset.datatype.DefaultDataTypeFactory' might cause problems with the current database 'Microsoft SQL Server' (e.g. some datatypes may not be supported properly). In rare cases you might see this message because the list of supported database products is incomplete (list=[derby]). If so please request a java-class update via the forums.If you are using your own IDataTypeFactory extending DefaultDataTypeFactory, ensure that you override getValidDbProducts() to specify the supported database products.
2017-06-04 16:54:26.742  WARN 1012 --- [    Test worker] o.dbunit.dataset.AbstractTableMetaData   : Potential problem found: The configured data type factory 'class org.dbunit.dataset.datatype.DefaultDataTypeFactory' might cause problems with the current database 'Microsoft SQL Server' (e.g. some datatypes may not be supported properly). In rare cases you might see this message because the list of supported database products is incomplete (list=[derby]). If so please request a java-class update via the forums.If you are using your own IDataTypeFactory extending DefaultDataTypeFactory, ensure that you override getValidDbProducts() to specify the supported database products.
2017-06-04 16:54:26.745  WARN 1012 --- [    Test worker] o.dbunit.dataset.AbstractTableMetaData   : Potential problem found: The configured data type factory 'class org.dbunit.dataset.datatype.DefaultDataTypeFactory' might cause problems with the current database 'Microsoft SQL Server' (e.g. some datatypes may not be supported properly). In rare cases you might see this message because the list of supported database products is incomplete (list=[derby]). If so please request a java-class update via the forums.If you are using your own IDataTypeFactory extending DefaultDataTypeFactory, ensure that you override getValidDbProducts() to specify the supported database products.
2017-06-04 16:54:26.747  WARN 1012 --- [    Test worker] o.dbunit.dataset.AbstractTableMetaData   : Potential problem found: The configured data type factory 'class org.dbunit.dataset.datatype.DefaultDataTypeFactory' might cause problems with the current database 'Microsoft SQL Server' (e.g. some datatypes may not be supported properly). In rare cases you might see this message because the list of supported database products is incomplete (list=[derby]). If so please request a java-class update via the forums.If you are using your own IDataTypeFactory extending DefaultDataTypeFactory, ensure that you override getValidDbProducts() to specify the supported database products.
2017-06-04 16:54:26.749 DEBUG 1012 --- [    Test worker] org.hibernate.SQL                        : 
    select
        appuser0_.id as id1_0_,
        appuser0_.affiliation as affiliat2_0_,
        appuser0_.email as email3_0_,
        appuser0_.isCometeeMember as isComete4_0_,
        appuser0_.isSuperUser as isSuperU5_0_,
        appuser0_.name as name6_0_,
        appuser0_.password as password7_0_,
        appuser0_.username as username8_0_,
        appuser0_.webpage as webpage9_0_ 
    from
        AppUser appuser0_ 
    where
        appuser0_.username=?
2017-06-04 16:54:26.749 TRACE 1012 --- [    Test worker] o.h.type.descriptor.sql.BasicBinder      : binding parameter [1] as [VARCHAR] - [Alex-D-TC]
2017-06-04 16:54:26.750 DEBUG 1012 --- [    Test worker] org.hibernate.SQL                        : 
    select
        session0_.id as id1_8_2_,
        session0_.conf_ID as conf_ID3_8_2_,
        session0_.name as name2_8_2_,
        session0_.sessionChairID as sessionC4_8_2_,
        conference1_.conf_id as conf_id1_3_0_,
        conference1_.biddingDeadline as biddingD2_3_0_,
        conference1_.callForAbstractDeadline as callForA3_3_0_,
        conference1_.callForProposalsDeadline as callForP4_3_0_,
        conference1_.eventEndDate as eventEnd5_3_0_,
        conference1_.eventStartDate as eventSta6_3_0_,
        conference1_.name as name7_3_0_,
        appuser2_.id as id1_0_1_,
        appuser2_.affiliation as affiliat2_0_1_,
        appuser2_.email as email3_0_1_,
        appuser2_.isCometeeMember as isComete4_0_1_,
        appuser2_.isSuperUser as isSuperU5_0_1_,
        appuser2_.name as name6_0_1_,
        appuser2_.password as password7_0_1_,
        appuser2_.username as username8_0_1_,
        appuser2_.webpage as webpage9_0_1_ 
    from
        Sesion session0_ 
    inner join
        Conference conference1_ 
            on session0_.conf_ID=conference1_.conf_id 
    left outer join
        AppUser appuser2_ 
            on session0_.sessionChairID=appuser2_.id 
    where
        session0_.sessionChairID=?
2017-06-04 16:54:26.750 TRACE 1012 --- [    Test worker] o.h.type.descriptor.sql.BasicBinder      : binding parameter [1] as [INTEGER] - [1]
2017-06-04 16:54:26.752 DEBUG 1012 --- [    Test worker] org.hibernate.SQL                        : 
    select
        submittedp0_.authors_id as authors_1_10_0_,
        submittedp0_.submittedPapers_id as submitte2_10_0_,
        paper1_.id as id1_5_1_,
        paper1_.nume as nume2_5_1_,
        paper1_.status as status3_5_1_,
        uploadedfi2_.id as id1_11_2_,
        uploadedfi2_.dateUploaded as dateUplo2_11_2_,
        uploadedfi2_.filePath as filePath3_11_2_,
        uploadedfi2_.nume as nume4_11_2_,
        uploadedfi2_.PaperID_Abstract as PaperID_5_11_2_,
        uploadedfi2_.PaperID_FullPaper as PaperID_6_11_2_,
        uploadedfi2_.PaperID_Presentation as PaperID_7_11_2_,
        paper3_.id as id1_5_3_,
        paper3_.nume as nume2_5_3_,
        paper3_.status as status3_5_3_,
        sessionsch4_.id as id1_9_4_,
        sessionsch4_.PaperID as PaperID3_9_4_,
        sessionsch4_.presentationTime as presenta2_9_4_,
        sessionsch4_.sesionID as sesionID4_9_4_,
        sessionsch4_.speakerID as speakerI5_9_4_,
        session5_.id as id1_8_5_,
        session5_.conf_ID as conf_ID3_8_5_,
        session5_.name as name2_8_5_,
        session5_.sessionChairID as sessionC4_8_5_,
        conference6_.conf_id as conf_id1_3_6_,
        conference6_.biddingDeadline as biddingD2_3_6_,
        conference6_.callForAbstractDeadline as callForA3_3_6_,
        conference6_.callForProposalsDeadline as callForP4_3_6_,
        conference6_.eventEndDate as eventEnd5_3_6_,
        conference6_.eventStartDate as eventSta6_3_6_,
        conference6_.name as name7_3_6_,
        appuser7_.id as id1_0_7_,
        appuser7_.affiliation as affiliat2_0_7_,
        appuser7_.email as email3_0_7_,
        appuser7_.isCometeeMember as isComete4_0_7_,
        appuser7_.isSuperUser as isSuperU5_0_7_,
        appuser7_.name as name6_0_7_,
        appuser7_.password as password7_0_7_,
        appuser7_.username as username8_0_7_,
        appuser7_.webpage as webpage9_0_7_,
        appuser8_.id as id1_0_8_,
        appuser8_.affiliation as affiliat2_0_8_,
        appuser8_.email as email3_0_8_,
        appuser8_.isCometeeMember as isComete4_0_8_,
        appuser8_.isSuperUser as isSuperU5_0_8_,
        appuser8_.name as name6_0_8_,
        appuser8_.password as password7_0_8_,
        appuser8_.username as username8_0_8_,
        appuser8_.webpage as webpage9_0_8_,
        paper9_.id as id1_5_9_,
        paper9_.nume as nume2_5_9_,
        paper9_.status as status3_5_9_ 
    from
        SubmittedPapers submittedp0_ 
    inner join
        Paper paper1_ 
            on submittedp0_.submittedPapers_id=paper1_.id 
    left outer join
        UploadedFile uploadedfi2_ 
            on paper1_.id=uploadedfi2_.PaperID_Presentation 
    left outer join
        Paper paper3_ 
            on uploadedfi2_.PaperID_Abstract=paper3_.id 
    left outer join
        SessionSchedule sessionsch4_ 
            on paper3_.id=sessionsch4_.PaperID 
    left outer join
        Sesion session5_ 
            on sessionsch4_.sesionID=session5_.id 
    left outer join
        Conference conference6_ 
            on session5_.conf_ID=conference6_.conf_id 
    left outer join
        AppUser appuser7_ 
            on session5_.sessionChairID=appuser7_.id 
    left outer join
        AppUser appuser8_ 
            on sessionsch4_.speakerID=appuser8_.id 
    left outer join
        Paper paper9_ 
            on uploadedfi2_.PaperID_FullPaper=paper9_.id 
    where
        submittedp0_.authors_id=?
2017-06-04 16:54:26.752 TRACE 1012 --- [    Test worker] o.h.type.descriptor.sql.BasicBinder      : binding parameter [1] as [INTEGER] - [1]
2017-06-04 16:54:26.754 DEBUG 1012 --- [    Test worker] org.hibernate.SQL                        : 
    select
        sessionsch0_.id as id1_9_8_,
        sessionsch0_.PaperID as PaperID3_9_8_,
        sessionsch0_.presentationTime as presenta2_9_8_,
        sessionsch0_.sesionID as sesionID4_9_8_,
        sessionsch0_.speakerID as speakerI5_9_8_,
        paper1_.id as id1_5_0_,
        paper1_.nume as nume2_5_0_,
        paper1_.status as status3_5_0_,
        uploadedfi2_.id as id1_11_1_,
        uploadedfi2_.dateUploaded as dateUplo2_11_1_,
        uploadedfi2_.filePath as filePath3_11_1_,
        uploadedfi2_.nume as nume4_11_1_,
        uploadedfi2_.PaperID_Abstract as PaperID_5_11_1_,
        uploadedfi2_.PaperID_FullPaper as PaperID_6_11_1_,
        uploadedfi2_.PaperID_Presentation as PaperID_7_11_1_,
        paper3_.id as id1_5_2_,
        paper3_.nume as nume2_5_2_,
        paper3_.status as status3_5_2_,
        paper4_.id as id1_5_3_,
        paper4_.nume as nume2_5_3_,
        paper4_.status as status3_5_3_,
        session5_.id as id1_8_4_,
        session5_.conf_ID as conf_ID3_8_4_,
        session5_.name as name2_8_4_,
        session5_.sessionChairID as sessionC4_8_4_,
        conference6_.conf_id as conf_id1_3_5_,
        conference6_.biddingDeadline as biddingD2_3_5_,
        conference6_.callForAbstractDeadline as callForA3_3_5_,
        conference6_.callForProposalsDeadline as callForP4_3_5_,
        conference6_.eventEndDate as eventEnd5_3_5_,
        conference6_.eventStartDate as eventSta6_3_5_,
        conference6_.name as name7_3_5_,
        appuser7_.id as id1_0_6_,
        appuser7_.affiliation as affiliat2_0_6_,
        appuser7_.email as email3_0_6_,
        appuser7_.isCometeeMember as isComete4_0_6_,
        appuser7_.isSuperUser as isSuperU5_0_6_,
        appuser7_.name as name6_0_6_,
        appuser7_.password as password7_0_6_,
        appuser7_.username as username8_0_6_,
        appuser7_.webpage as webpage9_0_6_,
        appuser8_.id as id1_0_7_,
        appuser8_.affiliation as affiliat2_0_7_,
        appuser8_.email as email3_0_7_,
        appuser8_.isCometeeMember as isComete4_0_7_,
        appuser8_.isSuperUser as isSuperU5_0_7_,
        appuser8_.name as name6_0_7_,
        appuser8_.password as password7_0_7_,
        appuser8_.username as username8_0_7_,
        appuser8_.webpage as webpage9_0_7_ 
    from
        SessionSchedule sessionsch0_ 
    left outer join
        Paper paper1_ 
            on sessionsch0_.PaperID=paper1_.id 
    left outer join
        UploadedFile uploadedfi2_ 
            on paper1_.id=uploadedfi2_.PaperID_Presentation 
    left outer join
        Paper paper3_ 
            on uploadedfi2_.PaperID_Abstract=paper3_.id 
    left outer join
        Paper paper4_ 
            on uploadedfi2_.PaperID_FullPaper=paper4_.id 
    inner join
        Sesion session5_ 
            on sessionsch0_.sesionID=session5_.id 
    left outer join
        Conference conference6_ 
            on session5_.conf_ID=conference6_.conf_id 
    left outer join
        AppUser appuser7_ 
            on session5_.sessionChairID=appuser7_.id 
    inner join
        AppUser appuser8_ 
            on sessionsch0_.speakerID=appuser8_.id 
    where
        sessionsch0_.PaperID=?
2017-06-04 16:54:26.754 TRACE 1012 --- [    Test worker] o.h.type.descriptor.sql.BasicBinder      : binding parameter [1] as [INTEGER] - [1]
2017-06-04 16:54:26.755 DEBUG 1012 --- [    Test worker] org.hibernate.SQL                        : 
    select
        sessionsch0_.id as id1_9_8_,
        sessionsch0_.PaperID as PaperID3_9_8_,
        sessionsch0_.presentationTime as presenta2_9_8_,
        sessionsch0_.sesionID as sesionID4_9_8_,
        sessionsch0_.speakerID as speakerI5_9_8_,
        paper1_.id as id1_5_0_,
        paper1_.nume as nume2_5_0_,
        paper1_.status as status3_5_0_,
        uploadedfi2_.id as id1_11_1_,
        uploadedfi2_.dateUploaded as dateUplo2_11_1_,
        uploadedfi2_.filePath as filePath3_11_1_,
        uploadedfi2_.nume as nume4_11_1_,
        uploadedfi2_.PaperID_Abstract as PaperID_5_11_1_,
        uploadedfi2_.PaperID_FullPaper as PaperID_6_11_1_,
        uploadedfi2_.PaperID_Presentation as PaperID_7_11_1_,
        paper3_.id as id1_5_2_,
        paper3_.nume as nume2_5_2_,
        paper3_.status as status3_5_2_,
        paper4_.id as id1_5_3_,
        paper4_.nume as nume2_5_3_,
        paper4_.status as status3_5_3_,
        session5_.id as id1_8_4_,
        session5_.conf_ID as conf_ID3_8_4_,
        session5_.name as name2_8_4_,
        session5_.sessionChairID as sessionC4_8_4_,
        conference6_.conf_id as conf_id1_3_5_,
        conference6_.biddingDeadline as biddingD2_3_5_,
        conference6_.callForAbstractDeadline as callForA3_3_5_,
        conference6_.callForProposalsDeadline as callForP4_3_5_,
        conference6_.eventEndDate as eventEnd5_3_5_,
        conference6_.eventStartDate as eventSta6_3_5_,
        conference6_.name as name7_3_5_,
        appuser7_.id as id1_0_6_,
        appuser7_.affiliation as affiliat2_0_6_,
        appuser7_.email as email3_0_6_,
        appuser7_.isCometeeMember as isComete4_0_6_,
        appuser7_.isSuperUser as isSuperU5_0_6_,
        appuser7_.name as name6_0_6_,
        appuser7_.password as password7_0_6_,
        appuser7_.username as username8_0_6_,
        appuser7_.webpage as webpage9_0_6_,
        appuser8_.id as id1_0_7_,
        appuser8_.affiliation as affiliat2_0_7_,
        appuser8_.email as email3_0_7_,
        appuser8_.isCometeeMember as isComete4_0_7_,
        appuser8_.isSuperUser as isSuperU5_0_7_,
        appuser8_.name as name6_0_7_,
        appuser8_.password as password7_0_7_,
        appuser8_.username as username8_0_7_,
        appuser8_.webpage as webpage9_0_7_ 
    from
        SessionSchedule sessionsch0_ 
    left outer join
        Paper paper1_ 
            on sessionsch0_.PaperID=paper1_.id 
    left outer join
        UploadedFile uploadedfi2_ 
            on paper1_.id=uploadedfi2_.PaperID_Presentation 
    left outer join
        Paper paper3_ 
            on uploadedfi2_.PaperID_Abstract=paper3_.id 
    left outer join
        Paper paper4_ 
            on uploadedfi2_.PaperID_FullPaper=paper4_.id 
    inner join
        Sesion session5_ 
            on sessionsch0_.sesionID=session5_.id 
    left outer join
        Conference conference6_ 
            on session5_.conf_ID=conference6_.conf_id 
    left outer join
        AppUser appuser7_ 
            on session5_.sessionChairID=appuser7_.id 
    inner join
        AppUser appuser8_ 
            on sessionsch0_.speakerID=appuser8_.id 
    where
        sessionsch0_.PaperID=?
2017-06-04 16:54:26.756 TRACE 1012 --- [    Test worker] o.h.type.descriptor.sql.BasicBinder      : binding parameter [1] as [INTEGER] - [3]
2017-06-04 16:54:26.773  WARN 1012 --- [    Test worker] o.dbunit.dataset.AbstractTableMetaData   : Potential problem found: The configured data type factory 'class org.dbunit.dataset.datatype.DefaultDataTypeFactory' might cause problems with the current database 'Microsoft SQL Server' (e.g. some datatypes may not be supported properly). In rare cases you might see this message because the list of supported database products is incomplete (list=[derby]). If so please request a java-class update via the forums.If you are using your own IDataTypeFactory extending DefaultDataTypeFactory, ensure that you override getValidDbProducts() to specify the supported database products.
2017-06-04 16:54:26.777  WARN 1012 --- [    Test worker] o.dbunit.dataset.AbstractTableMetaData   : Potential problem found: The configured data type factory 'class org.dbunit.dataset.datatype.DefaultDataTypeFactory' might cause problems with the current database 'Microsoft SQL Server' (e.g. some datatypes may not be supported properly). In rare cases you might see this message because the list of supported database products is incomplete (list=[derby]). If so please request a java-class update via the forums.If you are using your own IDataTypeFactory extending DefaultDataTypeFactory, ensure that you override getValidDbProducts() to specify the supported database products.
2017-06-04 16:54:26.779  WARN 1012 --- [    Test worker] o.dbunit.dataset.AbstractTableMetaData   : Potential problem found: The configured data type factory 'class org.dbunit.dataset.datatype.DefaultDataTypeFactory' might cause problems with the current database 'Microsoft SQL Server' (e.g. some datatypes may not be supported properly). In rare cases you might see this message because the list of supported database products is incomplete (list=[derby]). If so please request a java-class update via the forums.If you are using your own IDataTypeFactory extending DefaultDataTypeFactory, ensure that you override getValidDbProducts() to specify the supported database products.
2017-06-04 16:54:26.783  WARN 1012 --- [    Test worker] o.dbunit.dataset.AbstractTableMetaData   : Potential problem found: The configured data type factory 'class org.dbunit.dataset.datatype.DefaultDataTypeFactory' might cause problems with the current database 'Microsoft SQL Server' (e.g. some datatypes may not be supported properly). In rare cases you might see this message because the list of supported database products is incomplete (list=[derby]). If so please request a java-class update via the forums.If you are using your own IDataTypeFactory extending DefaultDataTypeFactory, ensure that you override getValidDbProducts() to specify the supported database products.
2017-06-04 16:54:26.786  WARN 1012 --- [    Test worker] o.dbunit.dataset.AbstractTableMetaData   : Potential problem found: The configured data type factory 'class org.dbunit.dataset.datatype.DefaultDataTypeFactory' might cause problems with the current database 'Microsoft SQL Server' (e.g. some datatypes may not be supported properly). In rare cases you might see this message because the list of supported database products is incomplete (list=[derby]). If so please request a java-class update via the forums.If you are using your own IDataTypeFactory extending DefaultDataTypeFactory, ensure that you override getValidDbProducts() to specify the supported database products.
2017-06-04 16:54:26.789  WARN 1012 --- [    Test worker] o.dbunit.dataset.AbstractTableMetaData   : Potential problem found: The configured data type factory 'class org.dbunit.dataset.datatype.DefaultDataTypeFactory' might cause problems with the current database 'Microsoft SQL Server' (e.g. some datatypes may not be supported properly). In rare cases you might see this message because the list of supported database products is incomplete (list=[derby]). If so please request a java-class update via the forums.If you are using your own IDataTypeFactory extending DefaultDataTypeFactory, ensure that you override getValidDbProducts() to specify the supported database products.
2017-06-04 16:54:26.792  WARN 1012 --- [    Test worker] o.dbunit.dataset.AbstractTableMetaData   : Potential problem found: The configured data type factory 'class org.dbunit.dataset.datatype.DefaultDataTypeFactory' might cause problems with the current database 'Microsoft SQL Server' (e.g. some datatypes may not be supported properly). In rare cases you might see this message because the list of supported database products is incomplete (list=[derby]). If so please request a java-class update via the forums.If you are using your own IDataTypeFactory extending DefaultDataTypeFactory, ensure that you override getValidDbProducts() to specify the supported database products.
2017-06-04 16:54:26.795  WARN 1012 --- [    Test worker] o.dbunit.dataset.AbstractTableMetaData   : Potential problem found: The configured data type factory 'class org.dbunit.dataset.datatype.DefaultDataTypeFactory' might cause problems with the current database 'Microsoft SQL Server' (e.g. some datatypes may not be supported properly). In rare cases you might see this message because the list of supported database products is incomplete (list=[derby]). If so please request a java-class update via the forums.If you are using your own IDataTypeFactory extending DefaultDataTypeFactory, ensure that you override getValidDbProducts() to specify the supported database products.
2017-06-04 16:54:26.798 DEBUG 1012 --- [    Test worker] org.hibernate.SQL                        : 
    select
        paper2_.id as id1_5_,
        paper2_.nume as nume2_5_,
        paper2_.status as status3_5_ 
    from
        AppUser appuser0_ 
    inner join
        SubmittedPapers submittedp1_ 
            on appuser0_.id=submittedp1_.authors_id 
    inner join
        Paper paper2_ 
            on submittedp1_.submittedPapers_id=paper2_.id 
    where
        appuser0_.username=?
2017-06-04 16:54:26.798 TRACE 1012 --- [    Test worker] o.h.type.descriptor.sql.BasicBinder      : binding parameter [1] as [VARCHAR] - [RANDOM]
2017-06-04 16:54:26.799 DEBUG 1012 --- [    Test worker] org.hibernate.SQL                        : 
    select
        case 
            when count(*)>0 then 1 
            else 0 
        end as col_0_0_ 
    from
        AppUser appuser0_ 
    where
        appuser0_.username=?
2017-06-04 16:54:26.799 TRACE 1012 --- [    Test worker] o.h.type.descriptor.sql.BasicBinder      : binding parameter [1] as [VARCHAR] - [RANDOM]
2017-06-04 16:54:26.817  WARN 1012 --- [    Test worker] o.dbunit.dataset.AbstractTableMetaData   : Potential problem found: The configured data type factory 'class org.dbunit.dataset.datatype.DefaultDataTypeFactory' might cause problems with the current database 'Microsoft SQL Server' (e.g. some datatypes may not be supported properly). In rare cases you might see this message because the list of supported database products is incomplete (list=[derby]). If so please request a java-class update via the forums.If you are using your own IDataTypeFactory extending DefaultDataTypeFactory, ensure that you override getValidDbProducts() to specify the supported database products.
2017-06-04 16:54:26.821  WARN 1012 --- [    Test worker] o.dbunit.dataset.AbstractTableMetaData   : Potential problem found: The configured data type factory 'class org.dbunit.dataset.datatype.DefaultDataTypeFactory' might cause problems with the current database 'Microsoft SQL Server' (e.g. some datatypes may not be supported properly). In rare cases you might see this message because the list of supported database products is incomplete (list=[derby]). If so please request a java-class update via the forums.If you are using your own IDataTypeFactory extending DefaultDataTypeFactory, ensure that you override getValidDbProducts() to specify the supported database products.
2017-06-04 16:54:26.824  WARN 1012 --- [    Test worker] o.dbunit.dataset.AbstractTableMetaData   : Potential problem found: The configured data type factory 'class org.dbunit.dataset.datatype.DefaultDataTypeFactory' might cause problems with the current database 'Microsoft SQL Server' (e.g. some datatypes may not be supported properly). In rare cases you might see this message because the list of supported database products is incomplete (list=[derby]). If so please request a java-class update via the forums.If you are using your own IDataTypeFactory extending DefaultDataTypeFactory, ensure that you override getValidDbProducts() to specify the supported database products.
2017-06-04 16:54:26.826  WARN 1012 --- [    Test worker] o.dbunit.dataset.AbstractTableMetaData   : Potential problem found: The configured data type factory 'class org.dbunit.dataset.datatype.DefaultDataTypeFactory' might cause problems with the current database 'Microsoft SQL Server' (e.g. some datatypes may not be supported properly). In rare cases you might see this message because the list of supported database products is incomplete (list=[derby]). If so please request a java-class update via the forums.If you are using your own IDataTypeFactory extending DefaultDataTypeFactory, ensure that you override getValidDbProducts() to specify the supported database products.
2017-06-04 16:54:26.829  WARN 1012 --- [    Test worker] o.dbunit.dataset.AbstractTableMetaData   : Potential problem found: The configured data type factory 'class org.dbunit.dataset.datatype.DefaultDataTypeFactory' might cause problems with the current database 'Microsoft SQL Server' (e.g. some datatypes may not be supported properly). In rare cases you might see this message because the list of supported database products is incomplete (list=[derby]). If so please request a java-class update via the forums.If you are using your own IDataTypeFactory extending DefaultDataTypeFactory, ensure that you override getValidDbProducts() to specify the supported database products.
2017-06-04 16:54:26.833  WARN 1012 --- [    Test worker] o.dbunit.dataset.AbstractTableMetaData   : Potential problem found: The configured data type factory 'class org.dbunit.dataset.datatype.DefaultDataTypeFactory' might cause problems with the current database 'Microsoft SQL Server' (e.g. some datatypes may not be supported properly). In rare cases you might see this message because the list of supported database products is incomplete (list=[derby]). If so please request a java-class update via the forums.If you are using your own IDataTypeFactory extending DefaultDataTypeFactory, ensure that you override getValidDbProducts() to specify the supported database products.
2017-06-04 16:54:26.836  WARN 1012 --- [    Test worker] o.dbunit.dataset.AbstractTableMetaData   : Potential problem found: The configured data type factory 'class org.dbunit.dataset.datatype.DefaultDataTypeFactory' might cause problems with the current database 'Microsoft SQL Server' (e.g. some datatypes may not be supported properly). In rare cases you might see this message because the list of supported database products is incomplete (list=[derby]). If so please request a java-class update via the forums.If you are using your own IDataTypeFactory extending DefaultDataTypeFactory, ensure that you override getValidDbProducts() to specify the supported database products.
2017-06-04 16:54:26.839  WARN 1012 --- [    Test worker] o.dbunit.dataset.AbstractTableMetaData   : Potential problem found: The configured data type factory 'class org.dbunit.dataset.datatype.DefaultDataTypeFactory' might cause problems with the current database 'Microsoft SQL Server' (e.g. some datatypes may not be supported properly). In rare cases you might see this message because the list of supported database products is incomplete (list=[derby]). If so please request a java-class update via the forums.If you are using your own IDataTypeFactory extending DefaultDataTypeFactory, ensure that you override getValidDbProducts() to specify the supported database products.
2017-06-04 16:54:26.842 DEBUG 1012 --- [    Test worker] org.hibernate.SQL                        : 
    select
        appuser0_.id as id1_0_,
        appuser0_.affiliation as affiliat2_0_,
        appuser0_.email as email3_0_,
        appuser0_.isCometeeMember as isComete4_0_,
        appuser0_.isSuperUser as isSuperU5_0_,
        appuser0_.name as name6_0_,
        appuser0_.password as password7_0_,
        appuser0_.username as username8_0_,
        appuser0_.webpage as webpage9_0_ 
    from
        AppUser appuser0_ 
    where
        appuser0_.username=?
2017-06-04 16:54:26.842 TRACE 1012 --- [    Test worker] o.h.type.descriptor.sql.BasicBinder      : binding parameter [1] as [VARCHAR] - [Alex-D-TC]
2017-06-04 16:54:26.843 DEBUG 1012 --- [    Test worker] org.hibernate.SQL                        : 
    select
        session0_.id as id1_8_2_,
        session0_.conf_ID as conf_ID3_8_2_,
        session0_.name as name2_8_2_,
        session0_.sessionChairID as sessionC4_8_2_,
        conference1_.conf_id as conf_id1_3_0_,
        conference1_.biddingDeadline as biddingD2_3_0_,
        conference1_.callForAbstractDeadline as callForA3_3_0_,
        conference1_.callForProposalsDeadline as callForP4_3_0_,
        conference1_.eventEndDate as eventEnd5_3_0_,
        conference1_.eventStartDate as eventSta6_3_0_,
        conference1_.name as name7_3_0_,
        appuser2_.id as id1_0_1_,
        appuser2_.affiliation as affiliat2_0_1_,
        appuser2_.email as email3_0_1_,
        appuser2_.isCometeeMember as isComete4_0_1_,
        appuser2_.isSuperUser as isSuperU5_0_1_,
        appuser2_.name as name6_0_1_,
        appuser2_.password as password7_0_1_,
        appuser2_.username as username8_0_1_,
        appuser2_.webpage as webpage9_0_1_ 
    from
        Sesion session0_ 
    inner join
        Conference conference1_ 
            on session0_.conf_ID=conference1_.conf_id 
    left outer join
        AppUser appuser2_ 
            on session0_.sessionChairID=appuser2_.id 
    where
        session0_.sessionChairID=?
2017-06-04 16:54:26.843 TRACE 1012 --- [    Test worker] o.h.type.descriptor.sql.BasicBinder      : binding parameter [1] as [INTEGER] - [1]
2017-06-04 16:54:26.846 DEBUG 1012 --- [    Test worker] org.hibernate.SQL                        : 
    select
        privileges0_.userID as userID7_6_0_,
        privileges0_.id as id1_6_0_,
        privileges0_.id as id1_6_1_,
        privileges0_.conferenceID as conferen6_6_1_,
        privileges0_.isAuthor as isAuthor2_6_1_,
        privileges0_.isChair as isChair3_6_1_,
        privileges0_.isCoChair as isCoChai4_6_1_,
        privileges0_.isPCMember as isPCMemb5_6_1_,
        privileges0_.userID as userID7_6_1_,
        conference1_.conf_id as conf_id1_3_2_,
        conference1_.biddingDeadline as biddingD2_3_2_,
        conference1_.callForAbstractDeadline as callForA3_3_2_,
        conference1_.callForProposalsDeadline as callForP4_3_2_,
        conference1_.eventEndDate as eventEnd5_3_2_,
        conference1_.eventStartDate as eventSta6_3_2_,
        conference1_.name as name7_3_2_ 
    from
        Privileges privileges0_ 
    inner join
        Conference conference1_ 
            on privileges0_.conferenceID=conference1_.conf_id 
    where
        privileges0_.userID=?
2017-06-04 16:54:26.847 TRACE 1012 --- [    Test worker] o.h.type.descriptor.sql.BasicBinder      : binding parameter [1] as [INTEGER] - [1]
2017-06-04 16:54:26.851 DEBUG 1012 --- [    Test worker] org.hibernate.SQL                        : 
    update
        Privileges 
    set
        conferenceID=?,
        isAuthor=?,
        isChair=?,
        isCoChair=?,
        isPCMember=?,
        userID=? 
    where
        id=?
2017-06-04 16:54:26.852 TRACE 1012 --- [    Test worker] o.h.type.descriptor.sql.BasicBinder      : binding parameter [1] as [INTEGER] - [1]
2017-06-04 16:54:26.852 TRACE 1012 --- [    Test worker] o.h.type.descriptor.sql.BasicBinder      : binding parameter [2] as [BOOLEAN] - [false]
2017-06-04 16:54:26.852 TRACE 1012 --- [    Test worker] o.h.type.descriptor.sql.BasicBinder      : binding parameter [3] as [BOOLEAN] - [true]
2017-06-04 16:54:26.852 TRACE 1012 --- [    Test worker] o.h.type.descriptor.sql.BasicBinder      : binding parameter [4] as [BOOLEAN] - [false]
2017-06-04 16:54:26.852 TRACE 1012 --- [    Test worker] o.h.type.descriptor.sql.BasicBinder      : binding parameter [5] as [BOOLEAN] - [true]
2017-06-04 16:54:26.852 TRACE 1012 --- [    Test worker] o.h.type.descriptor.sql.BasicBinder      : binding parameter [6] as [INTEGER] - [1]
2017-06-04 16:54:26.852 TRACE 1012 --- [    Test worker] o.h.type.descriptor.sql.BasicBinder      : binding parameter [7] as [INTEGER] - [1]
2017-06-04 16:54:26.856 DEBUG 1012 --- [    Test worker] org.hibernate.SQL                        : 
    select
        appuser0_.id as id1_0_,
        appuser0_.affiliation as affiliat2_0_,
        appuser0_.email as email3_0_,
        appuser0_.isCometeeMember as isComete4_0_,
        appuser0_.isSuperUser as isSuperU5_0_,
        appuser0_.name as name6_0_,
        appuser0_.password as password7_0_,
        appuser0_.username as username8_0_,
        appuser0_.webpage as webpage9_0_ 
    from
        AppUser appuser0_ 
    where
        appuser0_.username=?
2017-06-04 16:54:26.856 TRACE 1012 --- [    Test worker] o.h.type.descriptor.sql.BasicBinder      : binding parameter [1] as [VARCHAR] - [Alex-D-TC]
2017-06-04 16:54:26.857 DEBUG 1012 --- [    Test worker] org.hibernate.SQL                        : 
    select
        session0_.id as id1_8_2_,
        session0_.conf_ID as conf_ID3_8_2_,
        session0_.name as name2_8_2_,
        session0_.sessionChairID as sessionC4_8_2_,
        conference1_.conf_id as conf_id1_3_0_,
        conference1_.biddingDeadline as biddingD2_3_0_,
        conference1_.callForAbstractDeadline as callForA3_3_0_,
        conference1_.callForProposalsDeadline as callForP4_3_0_,
        conference1_.eventEndDate as eventEnd5_3_0_,
        conference1_.eventStartDate as eventSta6_3_0_,
        conference1_.name as name7_3_0_,
        appuser2_.id as id1_0_1_,
        appuser2_.affiliation as affiliat2_0_1_,
        appuser2_.email as email3_0_1_,
        appuser2_.isCometeeMember as isComete4_0_1_,
        appuser2_.isSuperUser as isSuperU5_0_1_,
        appuser2_.name as name6_0_1_,
        appuser2_.password as password7_0_1_,
        appuser2_.username as username8_0_1_,
        appuser2_.webpage as webpage9_0_1_ 
    from
        Sesion session0_ 
    inner join
        Conference conference1_ 
            on session0_.conf_ID=conference1_.conf_id 
    left outer join
        AppUser appuser2_ 
            on session0_.sessionChairID=appuser2_.id 
    where
        session0_.sessionChairID=?
2017-06-04 16:54:26.857 TRACE 1012 --- [    Test worker] o.h.type.descriptor.sql.BasicBinder      : binding parameter [1] as [INTEGER] - [1]
2017-06-04 16:54:26.859 DEBUG 1012 --- [    Test worker] org.hibernate.SQL                        : 
    select
        privileges0_.userID as userID7_6_0_,
        privileges0_.id as id1_6_0_,
        privileges0_.id as id1_6_1_,
        privileges0_.conferenceID as conferen6_6_1_,
        privileges0_.isAuthor as isAuthor2_6_1_,
        privileges0_.isChair as isChair3_6_1_,
        privileges0_.isCoChair as isCoChai4_6_1_,
        privileges0_.isPCMember as isPCMemb5_6_1_,
        privileges0_.userID as userID7_6_1_,
        conference1_.conf_id as conf_id1_3_2_,
        conference1_.biddingDeadline as biddingD2_3_2_,
        conference1_.callForAbstractDeadline as callForA3_3_2_,
        conference1_.callForProposalsDeadline as callForP4_3_2_,
        conference1_.eventEndDate as eventEnd5_3_2_,
        conference1_.eventStartDate as eventSta6_3_2_,
        conference1_.name as name7_3_2_ 
    from
        Privileges privileges0_ 
    inner join
        Conference conference1_ 
            on privileges0_.conferenceID=conference1_.conf_id 
    where
        privileges0_.userID=?
2017-06-04 16:54:26.859 TRACE 1012 --- [    Test worker] o.h.type.descriptor.sql.BasicBinder      : binding parameter [1] as [INTEGER] - [1]
2017-06-04 16:54:26.873  WARN 1012 --- [    Test worker] o.dbunit.dataset.AbstractTableMetaData   : Potential problem found: The configured data type factory 'class org.dbunit.dataset.datatype.DefaultDataTypeFactory' might cause problems with the current database 'Microsoft SQL Server' (e.g. some datatypes may not be supported properly). In rare cases you might see this message because the list of supported database products is incomplete (list=[derby]). If so please request a java-class update via the forums.If you are using your own IDataTypeFactory extending DefaultDataTypeFactory, ensure that you override getValidDbProducts() to specify the supported database products.
2017-06-04 16:54:26.877  WARN 1012 --- [    Test worker] o.dbunit.dataset.AbstractTableMetaData   : Potential problem found: The configured data type factory 'class org.dbunit.dataset.datatype.DefaultDataTypeFactory' might cause problems with the current database 'Microsoft SQL Server' (e.g. some datatypes may not be supported properly). In rare cases you might see this message because the list of supported database products is incomplete (list=[derby]). If so please request a java-class update via the forums.If you are using your own IDataTypeFactory extending DefaultDataTypeFactory, ensure that you override getValidDbProducts() to specify the supported database products.
2017-06-04 16:54:26.880  WARN 1012 --- [    Test worker] o.dbunit.dataset.AbstractTableMetaData   : Potential problem found: The configured data type factory 'class org.dbunit.dataset.datatype.DefaultDataTypeFactory' might cause problems with the current database 'Microsoft SQL Server' (e.g. some datatypes may not be supported properly). In rare cases you might see this message because the list of supported database products is incomplete (list=[derby]). If so please request a java-class update via the forums.If you are using your own IDataTypeFactory extending DefaultDataTypeFactory, ensure that you override getValidDbProducts() to specify the supported database products.
2017-06-04 16:54:26.883  WARN 1012 --- [    Test worker] o.dbunit.dataset.AbstractTableMetaData   : Potential problem found: The configured data type factory 'class org.dbunit.dataset.datatype.DefaultDataTypeFactory' might cause problems with the current database 'Microsoft SQL Server' (e.g. some datatypes may not be supported properly). In rare cases you might see this message because the list of supported database products is incomplete (list=[derby]). If so please request a java-class update via the forums.If you are using your own IDataTypeFactory extending DefaultDataTypeFactory, ensure that you override getValidDbProducts() to specify the supported database products.
2017-06-04 16:54:26.885  WARN 1012 --- [    Test worker] o.dbunit.dataset.AbstractTableMetaData   : Potential problem found: The configured data type factory 'class org.dbunit.dataset.datatype.DefaultDataTypeFactory' might cause problems with the current database 'Microsoft SQL Server' (e.g. some datatypes may not be supported properly). In rare cases you might see this message because the list of supported database products is incomplete (list=[derby]). If so please request a java-class update via the forums.If you are using your own IDataTypeFactory extending DefaultDataTypeFactory, ensure that you override getValidDbProducts() to specify the supported database products.
2017-06-04 16:54:26.889  WARN 1012 --- [    Test worker] o.dbunit.dataset.AbstractTableMetaData   : Potential problem found: The configured data type factory 'class org.dbunit.dataset.datatype.DefaultDataTypeFactory' might cause problems with the current database 'Microsoft SQL Server' (e.g. some datatypes may not be supported properly). In rare cases you might see this message because the list of supported database products is incomplete (list=[derby]). If so please request a java-class update via the forums.If you are using your own IDataTypeFactory extending DefaultDataTypeFactory, ensure that you override getValidDbProducts() to specify the supported database products.
2017-06-04 16:54:26.892  WARN 1012 --- [    Test worker] o.dbunit.dataset.AbstractTableMetaData   : Potential problem found: The configured data type factory 'class org.dbunit.dataset.datatype.DefaultDataTypeFactory' might cause problems with the current database 'Microsoft SQL Server' (e.g. some datatypes may not be supported properly). In rare cases you might see this message because the list of supported database products is incomplete (list=[derby]). If so please request a java-class update via the forums.If you are using your own IDataTypeFactory extending DefaultDataTypeFactory, ensure that you override getValidDbProducts() to specify the supported database products.
2017-06-04 16:54:26.895  WARN 1012 --- [    Test worker] o.dbunit.dataset.AbstractTableMetaData   : Potential problem found: The configured data type factory 'class org.dbunit.dataset.datatype.DefaultDataTypeFactory' might cause problems with the current database 'Microsoft SQL Server' (e.g. some datatypes may not be supported properly). In rare cases you might see this message because the list of supported database products is incomplete (list=[derby]). If so please request a java-class update via the forums.If you are using your own IDataTypeFactory extending DefaultDataTypeFactory, ensure that you override getValidDbProducts() to specify the supported database products.
2017-06-04 16:54:26.898 DEBUG 1012 --- [    Test worker] org.hibernate.SQL                        : 
    select
        appuser0_.id as id1_0_,
        appuser0_.affiliation as affiliat2_0_,
        appuser0_.email as email3_0_,
        appuser0_.isCometeeMember as isComete4_0_,
        appuser0_.isSuperUser as isSuperU5_0_,
        appuser0_.name as name6_0_,
        appuser0_.password as password7_0_,
        appuser0_.username as username8_0_,
        appuser0_.webpage as webpage9_0_ 
    from
        AppUser appuser0_ 
    where
        appuser0_.username=?
2017-06-04 16:54:26.898 TRACE 1012 --- [    Test worker] o.h.type.descriptor.sql.BasicBinder      : binding parameter [1] as [VARCHAR] - [Alex-D-TC]
2017-06-04 16:54:26.899 DEBUG 1012 --- [    Test worker] org.hibernate.SQL                        : 
    select
        session0_.id as id1_8_2_,
        session0_.conf_ID as conf_ID3_8_2_,
        session0_.name as name2_8_2_,
        session0_.sessionChairID as sessionC4_8_2_,
        conference1_.conf_id as conf_id1_3_0_,
        conference1_.biddingDeadline as biddingD2_3_0_,
        conference1_.callForAbstractDeadline as callForA3_3_0_,
        conference1_.callForProposalsDeadline as callForP4_3_0_,
        conference1_.eventEndDate as eventEnd5_3_0_,
        conference1_.eventStartDate as eventSta6_3_0_,
        conference1_.name as name7_3_0_,
        appuser2_.id as id1_0_1_,
        appuser2_.affiliation as affiliat2_0_1_,
        appuser2_.email as email3_0_1_,
        appuser2_.isCometeeMember as isComete4_0_1_,
        appuser2_.isSuperUser as isSuperU5_0_1_,
        appuser2_.name as name6_0_1_,
        appuser2_.password as password7_0_1_,
        appuser2_.username as username8_0_1_,
        appuser2_.webpage as webpage9_0_1_ 
    from
        Sesion session0_ 
    inner join
        Conference conference1_ 
            on session0_.conf_ID=conference1_.conf_id 
    left outer join
        AppUser appuser2_ 
            on session0_.sessionChairID=appuser2_.id 
    where
        session0_.sessionChairID=?
2017-06-04 16:54:26.899 TRACE 1012 --- [    Test worker] o.h.type.descriptor.sql.BasicBinder      : binding parameter [1] as [INTEGER] - [1]
2017-06-04 16:54:26.900 DEBUG 1012 --- [    Test worker] org.hibernate.SQL                        : 
    select
        submittedp0_.authors_id as authors_1_10_0_,
        submittedp0_.submittedPapers_id as submitte2_10_0_,
        paper1_.id as id1_5_1_,
        paper1_.nume as nume2_5_1_,
        paper1_.status as status3_5_1_,
        uploadedfi2_.id as id1_11_2_,
        uploadedfi2_.dateUploaded as dateUplo2_11_2_,
        uploadedfi2_.filePath as filePath3_11_2_,
        uploadedfi2_.nume as nume4_11_2_,
        uploadedfi2_.PaperID_Abstract as PaperID_5_11_2_,
        uploadedfi2_.PaperID_FullPaper as PaperID_6_11_2_,
        uploadedfi2_.PaperID_Presentation as PaperID_7_11_2_,
        paper3_.id as id1_5_3_,
        paper3_.nume as nume2_5_3_,
        paper3_.status as status3_5_3_,
        sessionsch4_.id as id1_9_4_,
        sessionsch4_.PaperID as PaperID3_9_4_,
        sessionsch4_.presentationTime as presenta2_9_4_,
        sessionsch4_.sesionID as sesionID4_9_4_,
        sessionsch4_.speakerID as speakerI5_9_4_,
        session5_.id as id1_8_5_,
        session5_.conf_ID as conf_ID3_8_5_,
        session5_.name as name2_8_5_,
        session5_.sessionChairID as sessionC4_8_5_,
        conference6_.conf_id as conf_id1_3_6_,
        conference6_.biddingDeadline as biddingD2_3_6_,
        conference6_.callForAbstractDeadline as callForA3_3_6_,
        conference6_.callForProposalsDeadline as callForP4_3_6_,
        conference6_.eventEndDate as eventEnd5_3_6_,
        conference6_.eventStartDate as eventSta6_3_6_,
        conference6_.name as name7_3_6_,
        appuser7_.id as id1_0_7_,
        appuser7_.affiliation as affiliat2_0_7_,
        appuser7_.email as email3_0_7_,
        appuser7_.isCometeeMember as isComete4_0_7_,
        appuser7_.isSuperUser as isSuperU5_0_7_,
        appuser7_.name as name6_0_7_,
        appuser7_.password as password7_0_7_,
        appuser7_.username as username8_0_7_,
        appuser7_.webpage as webpage9_0_7_,
        appuser8_.id as id1_0_8_,
        appuser8_.affiliation as affiliat2_0_8_,
        appuser8_.email as email3_0_8_,
        appuser8_.isCometeeMember as isComete4_0_8_,
        appuser8_.isSuperUser as isSuperU5_0_8_,
        appuser8_.name as name6_0_8_,
        appuser8_.password as password7_0_8_,
        appuser8_.username as username8_0_8_,
        appuser8_.webpage as webpage9_0_8_,
        paper9_.id as id1_5_9_,
        paper9_.nume as nume2_5_9_,
        paper9_.status as status3_5_9_ 
    from
        SubmittedPapers submittedp0_ 
    inner join
        Paper paper1_ 
            on submittedp0_.submittedPapers_id=paper1_.id 
    left outer join
        UploadedFile uploadedfi2_ 
            on paper1_.id=uploadedfi2_.PaperID_Presentation 
    left outer join
        Paper paper3_ 
            on uploadedfi2_.PaperID_Abstract=paper3_.id 
    left outer join
        SessionSchedule sessionsch4_ 
            on paper3_.id=sessionsch4_.PaperID 
    left outer join
        Sesion session5_ 
            on sessionsch4_.sesionID=session5_.id 
    left outer join
        Conference conference6_ 
            on session5_.conf_ID=conference6_.conf_id 
    left outer join
        AppUser appuser7_ 
            on session5_.sessionChairID=appuser7_.id 
    left outer join
        AppUser appuser8_ 
            on sessionsch4_.speakerID=appuser8_.id 
    left outer join
        Paper paper9_ 
            on uploadedfi2_.PaperID_FullPaper=paper9_.id 
    where
        submittedp0_.authors_id=?
2017-06-04 16:54:26.900 TRACE 1012 --- [    Test worker] o.h.type.descriptor.sql.BasicBinder      : binding parameter [1] as [INTEGER] - [1]
2017-06-04 16:54:26.901 DEBUG 1012 --- [    Test worker] org.hibernate.SQL                        : 
    select
        sessionsch0_.id as id1_9_8_,
        sessionsch0_.PaperID as PaperID3_9_8_,
        sessionsch0_.presentationTime as presenta2_9_8_,
        sessionsch0_.sesionID as sesionID4_9_8_,
        sessionsch0_.speakerID as speakerI5_9_8_,
        paper1_.id as id1_5_0_,
        paper1_.nume as nume2_5_0_,
        paper1_.status as status3_5_0_,
        uploadedfi2_.id as id1_11_1_,
        uploadedfi2_.dateUploaded as dateUplo2_11_1_,
        uploadedfi2_.filePath as filePath3_11_1_,
        uploadedfi2_.nume as nume4_11_1_,
        uploadedfi2_.PaperID_Abstract as PaperID_5_11_1_,
        uploadedfi2_.PaperID_FullPaper as PaperID_6_11_1_,
        uploadedfi2_.PaperID_Presentation as PaperID_7_11_1_,
        paper3_.id as id1_5_2_,
        paper3_.nume as nume2_5_2_,
        paper3_.status as status3_5_2_,
        paper4_.id as id1_5_3_,
        paper4_.nume as nume2_5_3_,
        paper4_.status as status3_5_3_,
        session5_.id as id1_8_4_,
        session5_.conf_ID as conf_ID3_8_4_,
        session5_.name as name2_8_4_,
        session5_.sessionChairID as sessionC4_8_4_,
        conference6_.conf_id as conf_id1_3_5_,
        conference6_.biddingDeadline as biddingD2_3_5_,
        conference6_.callForAbstractDeadline as callForA3_3_5_,
        conference6_.callForProposalsDeadline as callForP4_3_5_,
        conference6_.eventEndDate as eventEnd5_3_5_,
        conference6_.eventStartDate as eventSta6_3_5_,
        conference6_.name as name7_3_5_,
        appuser7_.id as id1_0_6_,
        appuser7_.affiliation as affiliat2_0_6_,
        appuser7_.email as email3_0_6_,
        appuser7_.isCometeeMember as isComete4_0_6_,
        appuser7_.isSuperUser as isSuperU5_0_6_,
        appuser7_.name as name6_0_6_,
        appuser7_.password as password7_0_6_,
        appuser7_.username as username8_0_6_,
        appuser7_.webpage as webpage9_0_6_,
        appuser8_.id as id1_0_7_,
        appuser8_.affiliation as affiliat2_0_7_,
        appuser8_.email as email3_0_7_,
        appuser8_.isCometeeMember as isComete4_0_7_,
        appuser8_.isSuperUser as isSuperU5_0_7_,
        appuser8_.name as name6_0_7_,
        appuser8_.password as password7_0_7_,
        appuser8_.username as username8_0_7_,
        appuser8_.webpage as webpage9_0_7_ 
    from
        SessionSchedule sessionsch0_ 
    left outer join
        Paper paper1_ 
            on sessionsch0_.PaperID=paper1_.id 
    left outer join
        UploadedFile uploadedfi2_ 
            on paper1_.id=uploadedfi2_.PaperID_Presentation 
    left outer join
        Paper paper3_ 
            on uploadedfi2_.PaperID_Abstract=paper3_.id 
    left outer join
        Paper paper4_ 
            on uploadedfi2_.PaperID_FullPaper=paper4_.id 
    inner join
        Sesion session5_ 
            on sessionsch0_.sesionID=session5_.id 
    left outer join
        Conference conference6_ 
            on session5_.conf_ID=conference6_.conf_id 
    left outer join
        AppUser appuser7_ 
            on session5_.sessionChairID=appuser7_.id 
    inner join
        AppUser appuser8_ 
            on sessionsch0_.speakerID=appuser8_.id 
    where
        sessionsch0_.PaperID=?
2017-06-04 16:54:26.902 TRACE 1012 --- [    Test worker] o.h.type.descriptor.sql.BasicBinder      : binding parameter [1] as [INTEGER] - [1]
2017-06-04 16:54:26.903 DEBUG 1012 --- [    Test worker] org.hibernate.SQL                        : 
    select
        sessionsch0_.id as id1_9_8_,
        sessionsch0_.PaperID as PaperID3_9_8_,
        sessionsch0_.presentationTime as presenta2_9_8_,
        sessionsch0_.sesionID as sesionID4_9_8_,
        sessionsch0_.speakerID as speakerI5_9_8_,
        paper1_.id as id1_5_0_,
        paper1_.nume as nume2_5_0_,
        paper1_.status as status3_5_0_,
        uploadedfi2_.id as id1_11_1_,
        uploadedfi2_.dateUploaded as dateUplo2_11_1_,
        uploadedfi2_.filePath as filePath3_11_1_,
        uploadedfi2_.nume as nume4_11_1_,
        uploadedfi2_.PaperID_Abstract as PaperID_5_11_1_,
        uploadedfi2_.PaperID_FullPaper as PaperID_6_11_1_,
        uploadedfi2_.PaperID_Presentation as PaperID_7_11_1_,
        paper3_.id as id1_5_2_,
        paper3_.nume as nume2_5_2_,
        paper3_.status as status3_5_2_,
        paper4_.id as id1_5_3_,
        paper4_.nume as nume2_5_3_,
        paper4_.status as status3_5_3_,
        session5_.id as id1_8_4_,
        session5_.conf_ID as conf_ID3_8_4_,
        session5_.name as name2_8_4_,
        session5_.sessionChairID as sessionC4_8_4_,
        conference6_.conf_id as conf_id1_3_5_,
        conference6_.biddingDeadline as biddingD2_3_5_,
        conference6_.callForAbstractDeadline as callForA3_3_5_,
        conference6_.callForProposalsDeadline as callForP4_3_5_,
        conference6_.eventEndDate as eventEnd5_3_5_,
        conference6_.eventStartDate as eventSta6_3_5_,
        conference6_.name as name7_3_5_,
        appuser7_.id as id1_0_6_,
        appuser7_.affiliation as affiliat2_0_6_,
        appuser7_.email as email3_0_6_,
        appuser7_.isCometeeMember as isComete4_0_6_,
        appuser7_.isSuperUser as isSuperU5_0_6_,
        appuser7_.name as name6_0_6_,
        appuser7_.password as password7_0_6_,
        appuser7_.username as username8_0_6_,
        appuser7_.webpage as webpage9_0_6_,
        appuser8_.id as id1_0_7_,
        appuser8_.affiliation as affiliat2_0_7_,
        appuser8_.email as email3_0_7_,
        appuser8_.isCometeeMember as isComete4_0_7_,
        appuser8_.isSuperUser as isSuperU5_0_7_,
        appuser8_.name as name6_0_7_,
        appuser8_.password as password7_0_7_,
        appuser8_.username as username8_0_7_,
        appuser8_.webpage as webpage9_0_7_ 
    from
        SessionSchedule sessionsch0_ 
    left outer join
        Paper paper1_ 
            on sessionsch0_.PaperID=paper1_.id 
    left outer join
        UploadedFile uploadedfi2_ 
            on paper1_.id=uploadedfi2_.PaperID_Presentation 
    left outer join
        Paper paper3_ 
            on uploadedfi2_.PaperID_Abstract=paper3_.id 
    left outer join
        Paper paper4_ 
            on uploadedfi2_.PaperID_FullPaper=paper4_.id 
    inner join
        Sesion session5_ 
            on sessionsch0_.sesionID=session5_.id 
    left outer join
        Conference conference6_ 
            on session5_.conf_ID=conference6_.conf_id 
    left outer join
        AppUser appuser7_ 
            on session5_.sessionChairID=appuser7_.id 
    inner join
        AppUser appuser8_ 
            on sessionsch0_.speakerID=appuser8_.id 
    where
        sessionsch0_.PaperID=?
2017-06-04 16:54:26.903 TRACE 1012 --- [    Test worker] o.h.type.descriptor.sql.BasicBinder      : binding parameter [1] as [INTEGER] - [3]
2017-06-04 16:54:26.904 DEBUG 1012 --- [    Test worker] org.hibernate.SQL                        : 
    select
        reviews0_.PaperID as PaperID3_7_0_,
        reviews0_.id as id1_7_0_,
        reviews0_.id as id1_7_1_,
        reviews0_.PaperID as PaperID3_7_1_,
        reviews0_.ReviewerID as Reviewer4_7_1_,
        reviews0_.status as status2_7_1_,
        appuser1_.id as id1_0_2_,
        appuser1_.affiliation as affiliat2_0_2_,
        appuser1_.email as email3_0_2_,
        appuser1_.isCometeeMember as isComete4_0_2_,
        appuser1_.isSuperUser as isSuperU5_0_2_,
        appuser1_.name as name6_0_2_,
        appuser1_.password as password7_0_2_,
        appuser1_.username as username8_0_2_,
        appuser1_.webpage as webpage9_0_2_,
        session2_.id as id1_8_3_,
        session2_.conf_ID as conf_ID3_8_3_,
        session2_.name as name2_8_3_,
        session2_.sessionChairID as sessionC4_8_3_,
        conference3_.conf_id as conf_id1_3_4_,
        conference3_.biddingDeadline as biddingD2_3_4_,
        conference3_.callForAbstractDeadline as callForA3_3_4_,
        conference3_.callForProposalsDeadline as callForP4_3_4_,
        conference3_.eventEndDate as eventEnd5_3_4_,
        conference3_.eventStartDate as eventSta6_3_4_,
        conference3_.name as name7_3_4_ 
    from
        Review reviews0_ 
    inner join
        AppUser appuser1_ 
            on reviews0_.ReviewerID=appuser1_.id 
    left outer join
        Sesion session2_ 
            on appuser1_.id=session2_.sessionChairID 
    left outer join
        Conference conference3_ 
            on session2_.conf_ID=conference3_.conf_id 
    where
        reviews0_.PaperID=?
2017-06-04 16:54:26.904 TRACE 1012 --- [    Test worker] o.h.type.descriptor.sql.BasicBinder      : binding parameter [1] as [INTEGER] - [1]
2017-06-04 16:54:26.921  WARN 1012 --- [    Test worker] o.dbunit.dataset.AbstractTableMetaData   : Potential problem found: The configured data type factory 'class org.dbunit.dataset.datatype.DefaultDataTypeFactory' might cause problems with the current database 'Microsoft SQL Server' (e.g. some datatypes may not be supported properly). In rare cases you might see this message because the list of supported database products is incomplete (list=[derby]). If so please request a java-class update via the forums.If you are using your own IDataTypeFactory extending DefaultDataTypeFactory, ensure that you override getValidDbProducts() to specify the supported database products.
2017-06-04 16:54:26.924  WARN 1012 --- [    Test worker] o.dbunit.dataset.AbstractTableMetaData   : Potential problem found: The configured data type factory 'class org.dbunit.dataset.datatype.DefaultDataTypeFactory' might cause problems with the current database 'Microsoft SQL Server' (e.g. some datatypes may not be supported properly). In rare cases you might see this message because the list of supported database products is incomplete (list=[derby]). If so please request a java-class update via the forums.If you are using your own IDataTypeFactory extending DefaultDataTypeFactory, ensure that you override getValidDbProducts() to specify the supported database products.
2017-06-04 16:54:26.927  WARN 1012 --- [    Test worker] o.dbunit.dataset.AbstractTableMetaData   : Potential problem found: The configured data type factory 'class org.dbunit.dataset.datatype.DefaultDataTypeFactory' might cause problems with the current database 'Microsoft SQL Server' (e.g. some datatypes may not be supported properly). In rare cases you might see this message because the list of supported database products is incomplete (list=[derby]). If so please request a java-class update via the forums.If you are using your own IDataTypeFactory extending DefaultDataTypeFactory, ensure that you override getValidDbProducts() to specify the supported database products.
2017-06-04 16:54:26.929  WARN 1012 --- [    Test worker] o.dbunit.dataset.AbstractTableMetaData   : Potential problem found: The configured data type factory 'class org.dbunit.dataset.datatype.DefaultDataTypeFactory' might cause problems with the current database 'Microsoft SQL Server' (e.g. some datatypes may not be supported properly). In rare cases you might see this message because the list of supported database products is incomplete (list=[derby]). If so please request a java-class update via the forums.If you are using your own IDataTypeFactory extending DefaultDataTypeFactory, ensure that you override getValidDbProducts() to specify the supported database products.
2017-06-04 16:54:26.933  WARN 1012 --- [    Test worker] o.dbunit.dataset.AbstractTableMetaData   : Potential problem found: The configured data type factory 'class org.dbunit.dataset.datatype.DefaultDataTypeFactory' might cause problems with the current database 'Microsoft SQL Server' (e.g. some datatypes may not be supported properly). In rare cases you might see this message because the list of supported database products is incomplete (list=[derby]). If so please request a java-class update via the forums.If you are using your own IDataTypeFactory extending DefaultDataTypeFactory, ensure that you override getValidDbProducts() to specify the supported database products.
2017-06-04 16:54:26.936  WARN 1012 --- [    Test worker] o.dbunit.dataset.AbstractTableMetaData   : Potential problem found: The configured data type factory 'class org.dbunit.dataset.datatype.DefaultDataTypeFactory' might cause problems with the current database 'Microsoft SQL Server' (e.g. some datatypes may not be supported properly). In rare cases you might see this message because the list of supported database products is incomplete (list=[derby]). If so please request a java-class update via the forums.If you are using your own IDataTypeFactory extending DefaultDataTypeFactory, ensure that you override getValidDbProducts() to specify the supported database products.
2017-06-04 16:54:26.938  WARN 1012 --- [    Test worker] o.dbunit.dataset.AbstractTableMetaData   : Potential problem found: The configured data type factory 'class org.dbunit.dataset.datatype.DefaultDataTypeFactory' might cause problems with the current database 'Microsoft SQL Server' (e.g. some datatypes may not be supported properly). In rare cases you might see this message because the list of supported database products is incomplete (list=[derby]). If so please request a java-class update via the forums.If you are using your own IDataTypeFactory extending DefaultDataTypeFactory, ensure that you override getValidDbProducts() to specify the supported database products.
2017-06-04 16:54:26.940  WARN 1012 --- [    Test worker] o.dbunit.dataset.AbstractTableMetaData   : Potential problem found: The configured data type factory 'class org.dbunit.dataset.datatype.DefaultDataTypeFactory' might cause problems with the current database 'Microsoft SQL Server' (e.g. some datatypes may not be supported properly). In rare cases you might see this message because the list of supported database products is incomplete (list=[derby]). If so please request a java-class update via the forums.If you are using your own IDataTypeFactory extending DefaultDataTypeFactory, ensure that you override getValidDbProducts() to specify the supported database products.
2017-06-04 16:54:26.942 DEBUG 1012 --- [    Test worker] org.hibernate.SQL                        : 
    select
        appuser0_.id as id1_0_,
        appuser0_.affiliation as affiliat2_0_,
        appuser0_.email as email3_0_,
        appuser0_.isCometeeMember as isComete4_0_,
        appuser0_.isSuperUser as isSuperU5_0_,
        appuser0_.name as name6_0_,
        appuser0_.password as password7_0_,
        appuser0_.username as username8_0_,
        appuser0_.webpage as webpage9_0_ 
    from
        AppUser appuser0_ 
    where
        appuser0_.username=?
2017-06-04 16:54:26.942 TRACE 1012 --- [    Test worker] o.h.type.descriptor.sql.BasicBinder      : binding parameter [1] as [VARCHAR] - [RANDOM]
2017-06-04 16:54:26.955  WARN 1012 --- [    Test worker] o.dbunit.dataset.AbstractTableMetaData   : Potential problem found: The configured data type factory 'class org.dbunit.dataset.datatype.DefaultDataTypeFactory' might cause problems with the current database 'Microsoft SQL Server' (e.g. some datatypes may not be supported properly). In rare cases you might see this message because the list of supported database products is incomplete (list=[derby]). If so please request a java-class update via the forums.If you are using your own IDataTypeFactory extending DefaultDataTypeFactory, ensure that you override getValidDbProducts() to specify the supported database products.
2017-06-04 16:54:26.959  WARN 1012 --- [    Test worker] o.dbunit.dataset.AbstractTableMetaData   : Potential problem found: The configured data type factory 'class org.dbunit.dataset.datatype.DefaultDataTypeFactory' might cause problems with the current database 'Microsoft SQL Server' (e.g. some datatypes may not be supported properly). In rare cases you might see this message because the list of supported database products is incomplete (list=[derby]). If so please request a java-class update via the forums.If you are using your own IDataTypeFactory extending DefaultDataTypeFactory, ensure that you override getValidDbProducts() to specify the supported database products.
2017-06-04 16:54:26.962  WARN 1012 --- [    Test worker] o.dbunit.dataset.AbstractTableMetaData   : Potential problem found: The configured data type factory 'class org.dbunit.dataset.datatype.DefaultDataTypeFactory' might cause problems with the current database 'Microsoft SQL Server' (e.g. some datatypes may not be supported properly). In rare cases you might see this message because the list of supported database products is incomplete (list=[derby]). If so please request a java-class update via the forums.If you are using your own IDataTypeFactory extending DefaultDataTypeFactory, ensure that you override getValidDbProducts() to specify the supported database products.
2017-06-04 16:54:26.967  WARN 1012 --- [    Test worker] o.dbunit.dataset.AbstractTableMetaData   : Potential problem found: The configured data type factory 'class org.dbunit.dataset.datatype.DefaultDataTypeFactory' might cause problems with the current database 'Microsoft SQL Server' (e.g. some datatypes may not be supported properly). In rare cases you might see this message because the list of supported database products is incomplete (list=[derby]). If so please request a java-class update via the forums.If you are using your own IDataTypeFactory extending DefaultDataTypeFactory, ensure that you override getValidDbProducts() to specify the supported database products.
2017-06-04 16:54:26.971  WARN 1012 --- [    Test worker] o.dbunit.dataset.AbstractTableMetaData   : Potential problem found: The configured data type factory 'class org.dbunit.dataset.datatype.DefaultDataTypeFactory' might cause problems with the current database 'Microsoft SQL Server' (e.g. some datatypes may not be supported properly). In rare cases you might see this message because the list of supported database products is incomplete (list=[derby]). If so please request a java-class update via the forums.If you are using your own IDataTypeFactory extending DefaultDataTypeFactory, ensure that you override getValidDbProducts() to specify the supported database products.
2017-06-04 16:54:26.975  WARN 1012 --- [    Test worker] o.dbunit.dataset.AbstractTableMetaData   : Potential problem found: The configured data type factory 'class org.dbunit.dataset.datatype.DefaultDataTypeFactory' might cause problems with the current database 'Microsoft SQL Server' (e.g. some datatypes may not be supported properly). In rare cases you might see this message because the list of supported database products is incomplete (list=[derby]). If so please request a java-class update via the forums.If you are using your own IDataTypeFactory extending DefaultDataTypeFactory, ensure that you override getValidDbProducts() to specify the supported database products.
2017-06-04 16:54:26.979  WARN 1012 --- [    Test worker] o.dbunit.dataset.AbstractTableMetaData   : Potential problem found: The configured data type factory 'class org.dbunit.dataset.datatype.DefaultDataTypeFactory' might cause problems with the current database 'Microsoft SQL Server' (e.g. some datatypes may not be supported properly). In rare cases you might see this message because the list of supported database products is incomplete (list=[derby]). If so please request a java-class update via the forums.If you are using your own IDataTypeFactory extending DefaultDataTypeFactory, ensure that you override getValidDbProducts() to specify the supported database products.
2017-06-04 16:54:26.981  WARN 1012 --- [    Test worker] o.dbunit.dataset.AbstractTableMetaData   : Potential problem found: The configured data type factory 'class org.dbunit.dataset.datatype.DefaultDataTypeFactory' might cause problems with the current database 'Microsoft SQL Server' (e.g. some datatypes may not be supported properly). In rare cases you might see this message because the list of supported database products is incomplete (list=[derby]). If so please request a java-class update via the forums.If you are using your own IDataTypeFactory extending DefaultDataTypeFactory, ensure that you override getValidDbProducts() to specify the supported database products.
2017-06-04 16:54:26.984 DEBUG 1012 --- [    Test worker] org.hibernate.SQL                        : 
    select
        appuser0_.id as id1_0_,
        appuser0_.affiliation as affiliat2_0_,
        appuser0_.email as email3_0_,
        appuser0_.isCometeeMember as isComete4_0_,
        appuser0_.isSuperUser as isSuperU5_0_,
        appuser0_.name as name6_0_,
        appuser0_.password as password7_0_,
        appuser0_.username as username8_0_,
        appuser0_.webpage as webpage9_0_ 
    from
        AppUser appuser0_ 
    where
        appuser0_.username=?
2017-06-04 16:54:26.984 TRACE 1012 --- [    Test worker] o.h.type.descriptor.sql.BasicBinder      : binding parameter [1] as [VARCHAR] - [alex-trs]
2017-06-04 16:54:26.985 DEBUG 1012 --- [    Test worker] org.hibernate.SQL                        : 
    select
        session0_.id as id1_8_2_,
        session0_.conf_ID as conf_ID3_8_2_,
        session0_.name as name2_8_2_,
        session0_.sessionChairID as sessionC4_8_2_,
        conference1_.conf_id as conf_id1_3_0_,
        conference1_.biddingDeadline as biddingD2_3_0_,
        conference1_.callForAbstractDeadline as callForA3_3_0_,
        conference1_.callForProposalsDeadline as callForP4_3_0_,
        conference1_.eventEndDate as eventEnd5_3_0_,
        conference1_.eventStartDate as eventSta6_3_0_,
        conference1_.name as name7_3_0_,
        appuser2_.id as id1_0_1_,
        appuser2_.affiliation as affiliat2_0_1_,
        appuser2_.email as email3_0_1_,
        appuser2_.isCometeeMember as isComete4_0_1_,
        appuser2_.isSuperUser as isSuperU5_0_1_,
        appuser2_.name as name6_0_1_,
        appuser2_.password as password7_0_1_,
        appuser2_.username as username8_0_1_,
        appuser2_.webpage as webpage9_0_1_ 
    from
        Sesion session0_ 
    inner join
        Conference conference1_ 
            on session0_.conf_ID=conference1_.conf_id 
    left outer join
        AppUser appuser2_ 
            on session0_.sessionChairID=appuser2_.id 
    where
        session0_.sessionChairID=?
2017-06-04 16:54:26.986 TRACE 1012 --- [    Test worker] o.h.type.descriptor.sql.BasicBinder      : binding parameter [1] as [INTEGER] - [2]
2017-06-04 16:54:26.990 DEBUG 1012 --- [    Test worker] org.hibernate.SQL                        : 
    select
        paper0_.id as id1_5_0_,
        paper0_.nume as nume2_5_0_,
        paper0_.status as status3_5_0_,
        uploadedfi1_.id as id1_11_1_,
        uploadedfi1_.dateUploaded as dateUplo2_11_1_,
        uploadedfi1_.filePath as filePath3_11_1_,
        uploadedfi1_.nume as nume4_11_1_,
        uploadedfi1_.PaperID_Abstract as PaperID_5_11_1_,
        uploadedfi1_.PaperID_FullPaper as PaperID_6_11_1_,
        uploadedfi1_.PaperID_Presentation as PaperID_7_11_1_,
        paper2_.id as id1_5_2_,
        paper2_.nume as nume2_5_2_,
        paper2_.status as status3_5_2_,
        sessionsch3_.id as id1_9_3_,
        sessionsch3_.PaperID as PaperID3_9_3_,
        sessionsch3_.presentationTime as presenta2_9_3_,
        sessionsch3_.sesionID as sesionID4_9_3_,
        sessionsch3_.speakerID as speakerI5_9_3_,
        session4_.id as id1_8_4_,
        session4_.conf_ID as conf_ID3_8_4_,
        session4_.name as name2_8_4_,
        session4_.sessionChairID as sessionC4_8_4_,
        conference5_.conf_id as conf_id1_3_5_,
        conference5_.biddingDeadline as biddingD2_3_5_,
        conference5_.callForAbstractDeadline as callForA3_3_5_,
        conference5_.callForProposalsDeadline as callForP4_3_5_,
        conference5_.eventEndDate as eventEnd5_3_5_,
        conference5_.eventStartDate as eventSta6_3_5_,
        conference5_.name as name7_3_5_,
        appuser6_.id as id1_0_6_,
        appuser6_.affiliation as affiliat2_0_6_,
        appuser6_.email as email3_0_6_,
        appuser6_.isCometeeMember as isComete4_0_6_,
        appuser6_.isSuperUser as isSuperU5_0_6_,
        appuser6_.name as name6_0_6_,
        appuser6_.password as password7_0_6_,
        appuser6_.username as username8_0_6_,
        appuser6_.webpage as webpage9_0_6_,
        appuser7_.id as id1_0_7_,
        appuser7_.affiliation as affiliat2_0_7_,
        appuser7_.email as email3_0_7_,
        appuser7_.isCometeeMember as isComete4_0_7_,
        appuser7_.isSuperUser as isSuperU5_0_7_,
        appuser7_.name as name6_0_7_,
        appuser7_.password as password7_0_7_,
        appuser7_.username as username8_0_7_,
        appuser7_.webpage as webpage9_0_7_,
        paper8_.id as id1_5_8_,
        paper8_.nume as nume2_5_8_,
        paper8_.status as status3_5_8_ 
    from
        Paper paper0_ 
    left outer join
        UploadedFile uploadedfi1_ 
            on paper0_.id=uploadedfi1_.PaperID_Presentation 
    left outer join
        Paper paper2_ 
            on uploadedfi1_.PaperID_Abstract=paper2_.id 
    left outer join
        SessionSchedule sessionsch3_ 
            on paper2_.id=sessionsch3_.PaperID 
    left outer join
        Sesion session4_ 
            on sessionsch3_.sesionID=session4_.id 
    left outer join
        Conference conference5_ 
            on session4_.conf_ID=conference5_.conf_id 
    left outer join
        AppUser appuser6_ 
            on session4_.sessionChairID=appuser6_.id 
    left outer join
        AppUser appuser7_ 
            on sessionsch3_.speakerID=appuser7_.id 
    left outer join
        Paper paper8_ 
            on uploadedfi1_.PaperID_FullPaper=paper8_.id 
    where
        paper0_.id=?
2017-06-04 16:54:26.990 TRACE 1012 --- [    Test worker] o.h.type.descriptor.sql.BasicBinder      : binding parameter [1] as [INTEGER] - [2]
2017-06-04 16:54:26.992 DEBUG 1012 --- [    Test worker] org.hibernate.SQL                        : 
    select
        sessionsch0_.id as id1_9_8_,
        sessionsch0_.PaperID as PaperID3_9_8_,
        sessionsch0_.presentationTime as presenta2_9_8_,
        sessionsch0_.sesionID as sesionID4_9_8_,
        sessionsch0_.speakerID as speakerI5_9_8_,
        paper1_.id as id1_5_0_,
        paper1_.nume as nume2_5_0_,
        paper1_.status as status3_5_0_,
        uploadedfi2_.id as id1_11_1_,
        uploadedfi2_.dateUploaded as dateUplo2_11_1_,
        uploadedfi2_.filePath as filePath3_11_1_,
        uploadedfi2_.nume as nume4_11_1_,
        uploadedfi2_.PaperID_Abstract as PaperID_5_11_1_,
        uploadedfi2_.PaperID_FullPaper as PaperID_6_11_1_,
        uploadedfi2_.PaperID_Presentation as PaperID_7_11_1_,
        paper3_.id as id1_5_2_,
        paper3_.nume as nume2_5_2_,
        paper3_.status as status3_5_2_,
        paper4_.id as id1_5_3_,
        paper4_.nume as nume2_5_3_,
        paper4_.status as status3_5_3_,
        session5_.id as id1_8_4_,
        session5_.conf_ID as conf_ID3_8_4_,
        session5_.name as name2_8_4_,
        session5_.sessionChairID as sessionC4_8_4_,
        conference6_.conf_id as conf_id1_3_5_,
        conference6_.biddingDeadline as biddingD2_3_5_,
        conference6_.callForAbstractDeadline as callForA3_3_5_,
        conference6_.callForProposalsDeadline as callForP4_3_5_,
        conference6_.eventEndDate as eventEnd5_3_5_,
        conference6_.eventStartDate as eventSta6_3_5_,
        conference6_.name as name7_3_5_,
        appuser7_.id as id1_0_6_,
        appuser7_.affiliation as affiliat2_0_6_,
        appuser7_.email as email3_0_6_,
        appuser7_.isCometeeMember as isComete4_0_6_,
        appuser7_.isSuperUser as isSuperU5_0_6_,
        appuser7_.name as name6_0_6_,
        appuser7_.password as password7_0_6_,
        appuser7_.username as username8_0_6_,
        appuser7_.webpage as webpage9_0_6_,
        appuser8_.id as id1_0_7_,
        appuser8_.affiliation as affiliat2_0_7_,
        appuser8_.email as email3_0_7_,
        appuser8_.isCometeeMember as isComete4_0_7_,
        appuser8_.isSuperUser as isSuperU5_0_7_,
        appuser8_.name as name6_0_7_,
        appuser8_.password as password7_0_7_,
        appuser8_.username as username8_0_7_,
        appuser8_.webpage as webpage9_0_7_ 
    from
        SessionSchedule sessionsch0_ 
    left outer join
        Paper paper1_ 
            on sessionsch0_.PaperID=paper1_.id 
    left outer join
        UploadedFile uploadedfi2_ 
            on paper1_.id=uploadedfi2_.PaperID_Presentation 
    left outer join
        Paper paper3_ 
            on uploadedfi2_.PaperID_Abstract=paper3_.id 
    left outer join
        Paper paper4_ 
            on uploadedfi2_.PaperID_FullPaper=paper4_.id 
    inner join
        Sesion session5_ 
            on sessionsch0_.sesionID=session5_.id 
    left outer join
        Conference conference6_ 
            on session5_.conf_ID=conference6_.conf_id 
    left outer join
        AppUser appuser7_ 
            on session5_.sessionChairID=appuser7_.id 
    inner join
        AppUser appuser8_ 
            on sessionsch0_.speakerID=appuser8_.id 
    where
        sessionsch0_.PaperID=?
2017-06-04 16:54:26.992 TRACE 1012 --- [    Test worker] o.h.type.descriptor.sql.BasicBinder      : binding parameter [1] as [INTEGER] - [2]
2017-06-04 16:54:26.993 DEBUG 1012 --- [    Test worker] org.hibernate.SQL                        : 
    select
        assignedfo0_.reviewers_id as reviewer1_1_0_,
        assignedfo0_.assignedForReview_id as assigned2_1_0_,
        paper1_.id as id1_5_1_,
        paper1_.nume as nume2_5_1_,
        paper1_.status as status3_5_1_,
        uploadedfi2_.id as id1_11_2_,
        uploadedfi2_.dateUploaded as dateUplo2_11_2_,
        uploadedfi2_.filePath as filePath3_11_2_,
        uploadedfi2_.nume as nume4_11_2_,
        uploadedfi2_.PaperID_Abstract as PaperID_5_11_2_,
        uploadedfi2_.PaperID_FullPaper as PaperID_6_11_2_,
        uploadedfi2_.PaperID_Presentation as PaperID_7_11_2_,
        paper3_.id as id1_5_3_,
        paper3_.nume as nume2_5_3_,
        paper3_.status as status3_5_3_,
        sessionsch4_.id as id1_9_4_,
        sessionsch4_.PaperID as PaperID3_9_4_,
        sessionsch4_.presentationTime as presenta2_9_4_,
        sessionsch4_.sesionID as sesionID4_9_4_,
        sessionsch4_.speakerID as speakerI5_9_4_,
        session5_.id as id1_8_5_,
        session5_.conf_ID as conf_ID3_8_5_,
        session5_.name as name2_8_5_,
        session5_.sessionChairID as sessionC4_8_5_,
        conference6_.conf_id as conf_id1_3_6_,
        conference6_.biddingDeadline as biddingD2_3_6_,
        conference6_.callForAbstractDeadline as callForA3_3_6_,
        conference6_.callForProposalsDeadline as callForP4_3_6_,
        conference6_.eventEndDate as eventEnd5_3_6_,
        conference6_.eventStartDate as eventSta6_3_6_,
        conference6_.name as name7_3_6_,
        appuser7_.id as id1_0_7_,
        appuser7_.affiliation as affiliat2_0_7_,
        appuser7_.email as email3_0_7_,
        appuser7_.isCometeeMember as isComete4_0_7_,
        appuser7_.isSuperUser as isSuperU5_0_7_,
        appuser7_.name as name6_0_7_,
        appuser7_.password as password7_0_7_,
        appuser7_.username as username8_0_7_,
        appuser7_.webpage as webpage9_0_7_,
        appuser8_.id as id1_0_8_,
        appuser8_.affiliation as affiliat2_0_8_,
        appuser8_.email as email3_0_8_,
        appuser8_.isCometeeMember as isComete4_0_8_,
        appuser8_.isSuperUser as isSuperU5_0_8_,
        appuser8_.name as name6_0_8_,
        appuser8_.password as password7_0_8_,
        appuser8_.username as username8_0_8_,
        appuser8_.webpage as webpage9_0_8_,
        paper9_.id as id1_5_9_,
        paper9_.nume as nume2_5_9_,
        paper9_.status as status3_5_9_ 
    from
        AssignedForReview assignedfo0_ 
    inner join
        Paper paper1_ 
            on assignedfo0_.assignedForReview_id=paper1_.id 
    left outer join
        UploadedFile uploadedfi2_ 
            on paper1_.id=uploadedfi2_.PaperID_Presentation 
    left outer join
        Paper paper3_ 
            on uploadedfi2_.PaperID_Abstract=paper3_.id 
    left outer join
        SessionSchedule sessionsch4_ 
            on paper3_.id=sessionsch4_.PaperID 
    left outer join
        Sesion session5_ 
            on sessionsch4_.sesionID=session5_.id 
    left outer join
        Conference conference6_ 
            on session5_.conf_ID=conference6_.conf_id 
    left outer join
        AppUser appuser7_ 
            on session5_.sessionChairID=appuser7_.id 
    left outer join
        AppUser appuser8_ 
            on sessionsch4_.speakerID=appuser8_.id 
    left outer join
        Paper paper9_ 
            on uploadedfi2_.PaperID_FullPaper=paper9_.id 
    where
        assignedfo0_.reviewers_id=?
2017-06-04 16:54:26.994 TRACE 1012 --- [    Test worker] o.h.type.descriptor.sql.BasicBinder      : binding parameter [1] as [INTEGER] - [2]
2017-06-04 16:54:26.997 DEBUG 1012 --- [    Test worker] org.hibernate.SQL                        : 
    insert 
    into
        AssignedForReview
        (reviewers_id, assignedForReview_id) 
    values
        (?, ?)
2017-06-04 16:54:26.997 TRACE 1012 --- [    Test worker] o.h.type.descriptor.sql.BasicBinder      : binding parameter [1] as [INTEGER] - [2]
2017-06-04 16:54:26.997 TRACE 1012 --- [    Test worker] o.h.type.descriptor.sql.BasicBinder      : binding parameter [2] as [INTEGER] - [2]
2017-06-04 16:54:27.000 DEBUG 1012 --- [    Test worker] org.hibernate.SQL                        : 
    select
        paper2_.id as id1_5_,
        paper2_.nume as nume2_5_,
        paper2_.status as status3_5_ 
    from
        AppUser appuser0_ 
    inner join
        AssignedForReview assignedfo1_ 
            on appuser0_.id=assignedfo1_.reviewers_id 
    inner join
        Paper paper2_ 
            on assignedfo1_.assignedForReview_id=paper2_.id 
    where
        appuser0_.username=?
2017-06-04 16:54:27.000 TRACE 1012 --- [    Test worker] o.h.type.descriptor.sql.BasicBinder      : binding parameter [1] as [VARCHAR] - [alex-trs]
2017-06-04 16:54:27.006 DEBUG 1012 --- [    Test worker] org.hibernate.SQL                        : 
    select
        uploadedfi0_.id as id1_11_8_,
        uploadedfi0_.dateUploaded as dateUplo2_11_8_,
        uploadedfi0_.filePath as filePath3_11_8_,
        uploadedfi0_.nume as nume4_11_8_,
        uploadedfi0_.PaperID_Abstract as PaperID_5_11_8_,
        uploadedfi0_.PaperID_FullPaper as PaperID_6_11_8_,
        uploadedfi0_.PaperID_Presentation as PaperID_7_11_8_,
        paper1_.id as id1_5_0_,
        paper1_.nume as nume2_5_0_,
        paper1_.status as status3_5_0_,
        uploadedfi2_.id as id1_11_1_,
        uploadedfi2_.dateUploaded as dateUplo2_11_1_,
        uploadedfi2_.filePath as filePath3_11_1_,
        uploadedfi2_.nume as nume4_11_1_,
        uploadedfi2_.PaperID_Abstract as PaperID_5_11_1_,
        uploadedfi2_.PaperID_FullPaper as PaperID_6_11_1_,
        uploadedfi2_.PaperID_Presentation as PaperID_7_11_1_,
        paper3_.id as id1_5_2_,
        paper3_.nume as nume2_5_2_,
        paper3_.status as status3_5_2_,
        sessionsch4_.id as id1_9_3_,
        sessionsch4_.PaperID as PaperID3_9_3_,
        sessionsch4_.presentationTime as presenta2_9_3_,
        sessionsch4_.sesionID as sesionID4_9_3_,
        sessionsch4_.speakerID as speakerI5_9_3_,
        session5_.id as id1_8_4_,
        session5_.conf_ID as conf_ID3_8_4_,
        session5_.name as name2_8_4_,
        session5_.sessionChairID as sessionC4_8_4_,
        conference6_.conf_id as conf_id1_3_5_,
        conference6_.biddingDeadline as biddingD2_3_5_,
        conference6_.callForAbstractDeadline as callForA3_3_5_,
        conference6_.callForProposalsDeadline as callForP4_3_5_,
        conference6_.eventEndDate as eventEnd5_3_5_,
        conference6_.eventStartDate as eventSta6_3_5_,
        conference6_.name as name7_3_5_,
        appuser7_.id as id1_0_6_,
        appuser7_.affiliation as affiliat2_0_6_,
        appuser7_.email as email3_0_6_,
        appuser7_.isCometeeMember as isComete4_0_6_,
        appuser7_.isSuperUser as isSuperU5_0_6_,
        appuser7_.name as name6_0_6_,
        appuser7_.password as password7_0_6_,
        appuser7_.username as username8_0_6_,
        appuser7_.webpage as webpage9_0_6_,
        appuser8_.id as id1_0_7_,
        appuser8_.affiliation as affiliat2_0_7_,
        appuser8_.email as email3_0_7_,
        appuser8_.isCometeeMember as isComete4_0_7_,
        appuser8_.isSuperUser as isSuperU5_0_7_,
        appuser8_.name as name6_0_7_,
        appuser8_.password as password7_0_7_,
        appuser8_.username as username8_0_7_,
        appuser8_.webpage as webpage9_0_7_ 
    from
        UploadedFile uploadedfi0_ 
    left outer join
        Paper paper1_ 
            on uploadedfi0_.PaperID_Abstract=paper1_.id 
    left outer join
        UploadedFile uploadedfi2_ 
            on paper1_.id=uploadedfi2_.PaperID_Presentation 
    left outer join
        Paper paper3_ 
            on uploadedfi2_.PaperID_FullPaper=paper3_.id 
    left outer join
        SessionSchedule sessionsch4_ 
            on paper3_.id=sessionsch4_.PaperID 
    left outer join
        Sesion session5_ 
            on sessionsch4_.sesionID=session5_.id 
    left outer join
        Conference conference6_ 
            on session5_.conf_ID=conference6_.conf_id 
    left outer join
        AppUser appuser7_ 
            on session5_.sessionChairID=appuser7_.id 
    left outer join
        AppUser appuser8_ 
            on sessionsch4_.speakerID=appuser8_.id 
    where
        uploadedfi0_.PaperID_Presentation=?
2017-06-04 16:54:27.006 TRACE 1012 --- [    Test worker] o.h.type.descriptor.sql.BasicBinder      : binding parameter [1] as [INTEGER] - [2]
2017-06-04 16:54:27.007 DEBUG 1012 --- [    Test worker] org.hibernate.SQL                        : 
    select
        sessionsch0_.id as id1_9_8_,
        sessionsch0_.PaperID as PaperID3_9_8_,
        sessionsch0_.presentationTime as presenta2_9_8_,
        sessionsch0_.sesionID as sesionID4_9_8_,
        sessionsch0_.speakerID as speakerI5_9_8_,
        paper1_.id as id1_5_0_,
        paper1_.nume as nume2_5_0_,
        paper1_.status as status3_5_0_,
        uploadedfi2_.id as id1_11_1_,
        uploadedfi2_.dateUploaded as dateUplo2_11_1_,
        uploadedfi2_.filePath as filePath3_11_1_,
        uploadedfi2_.nume as nume4_11_1_,
        uploadedfi2_.PaperID_Abstract as PaperID_5_11_1_,
        uploadedfi2_.PaperID_FullPaper as PaperID_6_11_1_,
        uploadedfi2_.PaperID_Presentation as PaperID_7_11_1_,
        paper3_.id as id1_5_2_,
        paper3_.nume as nume2_5_2_,
        paper3_.status as status3_5_2_,
        paper4_.id as id1_5_3_,
        paper4_.nume as nume2_5_3_,
        paper4_.status as status3_5_3_,
        session5_.id as id1_8_4_,
        session5_.conf_ID as conf_ID3_8_4_,
        session5_.name as name2_8_4_,
        session5_.sessionChairID as sessionC4_8_4_,
        conference6_.conf_id as conf_id1_3_5_,
        conference6_.biddingDeadline as biddingD2_3_5_,
        conference6_.callForAbstractDeadline as callForA3_3_5_,
        conference6_.callForProposalsDeadline as callForP4_3_5_,
        conference6_.eventEndDate as eventEnd5_3_5_,
        conference6_.eventStartDate as eventSta6_3_5_,
        conference6_.name as name7_3_5_,
        appuser7_.id as id1_0_6_,
        appuser7_.affiliation as affiliat2_0_6_,
        appuser7_.email as email3_0_6_,
        appuser7_.isCometeeMember as isComete4_0_6_,
        appuser7_.isSuperUser as isSuperU5_0_6_,
        appuser7_.name as name6_0_6_,
        appuser7_.password as password7_0_6_,
        appuser7_.username as username8_0_6_,
        appuser7_.webpage as webpage9_0_6_,
        appuser8_.id as id1_0_7_,
        appuser8_.affiliation as affiliat2_0_7_,
        appuser8_.email as email3_0_7_,
        appuser8_.isCometeeMember as isComete4_0_7_,
        appuser8_.isSuperUser as isSuperU5_0_7_,
        appuser8_.name as name6_0_7_,
        appuser8_.password as password7_0_7_,
        appuser8_.username as username8_0_7_,
        appuser8_.webpage as webpage9_0_7_ 
    from
        SessionSchedule sessionsch0_ 
    left outer join
        Paper paper1_ 
            on sessionsch0_.PaperID=paper1_.id 
    left outer join
        UploadedFile uploadedfi2_ 
            on paper1_.id=uploadedfi2_.PaperID_Presentation 
    left outer join
        Paper paper3_ 
            on uploadedfi2_.PaperID_Abstract=paper3_.id 
    left outer join
        Paper paper4_ 
            on uploadedfi2_.PaperID_FullPaper=paper4_.id 
    inner join
        Sesion session5_ 
            on sessionsch0_.sesionID=session5_.id 
    left outer join
        Conference conference6_ 
            on session5_.conf_ID=conference6_.conf_id 
    left outer join
        AppUser appuser7_ 
            on session5_.sessionChairID=appuser7_.id 
    inner join
        AppUser appuser8_ 
            on sessionsch0_.speakerID=appuser8_.id 
    where
        sessionsch0_.PaperID=?
2017-06-04 16:54:27.007 TRACE 1012 --- [    Test worker] o.h.type.descriptor.sql.BasicBinder      : binding parameter [1] as [INTEGER] - [2]
2017-06-04 16:54:27.010 DEBUG 1012 --- [    Test worker] org.hibernate.SQL                        : 
    select
        case 
            when count(*)>0 then 1 
            else 0 
        end as col_0_0_ 
    from
        AppUser appuser0_ 
    where
        appuser0_.username=?
2017-06-04 16:54:27.010 TRACE 1012 --- [    Test worker] o.h.type.descriptor.sql.BasicBinder      : binding parameter [1] as [VARCHAR] - [alex-trs]
2017-06-04 16:54:27.019  INFO 1012 --- [    Test worker] ationConfigEmbeddedWebApplicationContext : Closing org.springframework.boot.context.embedded.AnnotationConfigEmbeddedWebApplicationContext@4d188ef2: startup date [Sun Jun 04 16:54:23 EEST 2017]; root of context hierarchy
2017-06-04 16:54:27.021  INFO 1012 --- [    Test worker] j.LocalContainerEntityManagerFactoryBean : Closing JPA EntityManagerFactory for persistence unit 'default'
2017-06-04 16:54:27.022  INFO 1012 --- [    Test worker] com.zaxxer.hikari.HikariDataSource       : HikariPool-2 - Shutdown initiated...
2017-06-04 16:54:27.026  INFO 1012 --- [    Test worker] com.zaxxer.hikari.HikariDataSource       : HikariPool-2 - Shutdown completed.
]]></system-out>
  <system-err><![CDATA[]]></system-err>
</testsuite>
